#
# There is insufficient memory for the Java Runtime Environment to continue.
# Native memory allocation (malloc) failed to allocate 1312016 bytes for Chunk::new
# Possible reasons:
#   The system is out of physical RAM or swap space
#   The process is running with CompressedOops enabled, and the Java Heap may be blocking the growth of the native heap
# Possible solutions:
#   Reduce memory load on the system
#   Increase physical memory or swap space
#   Check if swap backing store is full
#   Decrease Java heap size (-Xmx/-Xms)
#   Decrease number of Java threads
#   Decrease Java thread stack sizes (-Xss)
#   Set larger code cache with -XX:ReservedCodeCacheSize=
#   JVM is running with Unscaled Compressed Oops mode in which the Java heap is
#     placed in the first 4GB address space. The Java Heap base address is the
#     maximum limit for the native heap growth. Please use -XX:HeapBaseMinAddress
#     to set the Java Heap base and to place the Java Heap above 4GB virtual address.
# This output file may be truncated or incomplete.
#
#  Out of Memory Error (src/hotspot/share/memory/arena.cpp:197), pid=13772, tid=15552
#
# JRE version: OpenJDK Runtime Environment (11.0.15) (build 11.0.15+0-b2043.56-9505619)
# Java VM: OpenJDK 64-Bit Server VM (11.0.15+0-b2043.56-9505619, mixed mode, tiered, compressed oops, g1 gc, windows-amd64)
# No core dump will be written. Minidumps are not enabled by default on client versions of Windows
#

---------------  S U M M A R Y ------------

Command Line: --add-opens=java.base/java.util=ALL-UNNAMED --add-opens=java.base/java.lang=ALL-UNNAMED --add-opens=java.base/java.lang.invoke=ALL-UNNAMED --add-opens=java.base/java.util=ALL-UNNAMED --add-opens=java.prefs/java.util.prefs=ALL-UNNAMED --add-opens=java.prefs/java.util.prefs=ALL-UNNAMED --add-opens=java.base/java.nio.charset=ALL-UNNAMED --add-opens=java.base/java.net=ALL-UNNAMED --add-opens=java.base/java.util.concurrent.atomic=ALL-UNNAMED -Xmx2048m -Dfile.encoding=UTF-8 -Duser.country=UA -Duser.language=uk -Duser.variant org.gradle.launcher.daemon.bootstrap.GradleDaemon 7.5

Host: AMD Ryzen 5 2500U with Radeon Vega Mobile Gfx  , 8 cores, 14G,  Windows 10 , 64 bit Build 19041 (10.0.19041.2546)
Time: Wed Apr  5 15:24:39 2023  Windows 10 , 64 bit Build 19041 (10.0.19041.2546) elapsed time: 12.656910 seconds (0d 0h 0m 12s)

---------------  T H R E A D  ---------------

Current thread (0x0000024b38917000):  JavaThread "C2 CompilerThread1" daemon [_thread_in_native, id=15552, stack(0x000000c802100000,0x000000c802200000)]


Current CompileTask:
C2:  12657 9199       4       org.gradle.cache.internal.btree.CachingBlockStore::read (56 bytes)

Stack: [0x000000c802100000,0x000000c802200000]
Native frames: (J=compiled Java code, j=interpreted, Vv=VM code, C=native code)
V  [jvm.dll+0x64135a]
V  [jvm.dll+0x7d39f9]
V  [jvm.dll+0x7d51b9]
V  [jvm.dll+0x7d58a3]
V  [jvm.dll+0x2691c5]
V  [jvm.dll+0xc1a5c]
V  [jvm.dll+0xc200c]
V  [jvm.dll+0x377462]
V  [jvm.dll+0x342495]
V  [jvm.dll+0x34186a]
V  [jvm.dll+0x2214bd]
V  [jvm.dll+0x220498]
V  [jvm.dll+0x19e851]
V  [jvm.dll+0x230479]
V  [jvm.dll+0x22e5ef]
V  [jvm.dll+0x794de1]
V  [jvm.dll+0x78dc24]
V  [jvm.dll+0x6400f6]
C  [ucrtbase.dll+0x21bb2]
C  [KERNEL32.DLL+0x17614]
C  [ntdll.dll+0x526a1]


---------------  P R O C E S S  ---------------

Threads class SMR info:
_java_thread_list=0x0000024b3d550ec0, length=136, elements={
0x0000024b1b86b000, 0x0000024b35d3e000, 0x0000024b36565000, 0x0000024b365c2000,
0x0000024b365c3000, 0x0000024b365c4800, 0x0000024b365c7800, 0x0000024b365c8800,
0x0000024b3661a800, 0x0000024b3676e000, 0x0000024b3865b800, 0x0000024b37d46800,
0x0000024b3799d000, 0x0000024b3787f000, 0x0000024b3688f800, 0x0000024b37af4000,
0x0000024b389d5000, 0x0000024b38d9e800, 0x0000024b36b27800, 0x0000024b3879a800,
0x0000024b38cfb800, 0x0000024b38cf8000, 0x0000024b38cf9800, 0x0000024b38917000,
0x0000024b38cf7000, 0x0000024b38cf9000, 0x0000024b38cf5800, 0x0000024b38cfa800,
0x0000024b38cfc000, 0x0000024b38cf6800, 0x0000024b3c058800, 0x0000024b3c055000,
0x0000024b3c059000, 0x0000024b3c05a000, 0x0000024b3c056000, 0x0000024b3c060800,
0x0000024b3c05e000, 0x0000024b3c061800, 0x0000024b3c05c800, 0x0000024b3c05f000,
0x0000024b3c062000, 0x0000024b3c063000, 0x0000024b3c05f800, 0x0000024b3c05d800,
0x0000024b3b9a4000, 0x0000024b3b99e800, 0x0000024b3b9a2800, 0x0000024b3b9a1000,
0x0000024b3b9a0000, 0x0000024b3b9a1800, 0x0000024b3b99f000, 0x0000024b3b9a3000,
0x0000024b3b9a5800, 0x0000024b3b9a7800, 0x0000024b3b9a8000, 0x0000024b3b9a9000,
0x0000024b3b9aa000, 0x0000024b3b9aa800, 0x0000024b3b9a5000, 0x0000024b3b9ac000,
0x0000024b3b9ab800, 0x0000024b3b9a6800, 0x0000024b3b9ad000, 0x0000024b3ac9f000,
0x0000024b3ac9d000, 0x0000024b3aca3000, 0x0000024b3aca1800, 0x0000024b3aca3800,
0x0000024b3aca0800, 0x0000024b3ac9f800, 0x0000024b3aca2000, 0x0000024b3ac9e000,
0x0000024b3acaa800, 0x0000024b3aca6000, 0x0000024b3aca5800, 0x0000024b3aca7000,
0x0000024b3aca4800, 0x0000024b3aca8800, 0x0000024b3aca8000, 0x0000024b3aca9800,
0x0000024b3acab000, 0x0000024b3acac000, 0x0000024b36d07000, 0x0000024b36d08800,
0x0000024b36d09000, 0x0000024b36d0a000, 0x0000024b36d0b000, 0x0000024b36d0b800,
0x0000024b36d06000, 0x0000024b36d0c800, 0x0000024b36d0d800, 0x0000024b36d07800,
0x0000024b36d0f000, 0x0000024b36d14000, 0x0000024b36d0f800, 0x0000024b36d12000,
0x0000024b36d10800, 0x0000024b36d11800, 0x0000024b36d13000, 0x0000024b36d0e000,
0x0000024b36d14800, 0x0000024b3adb0000, 0x0000024b3adad800, 0x0000024b3adb2000,
0x0000024b3adb1000, 0x0000024b3adb2800, 0x0000024b3adad000, 0x0000024b3adb3800,
0x0000024b3adae800, 0x0000024b3adb4000, 0x0000024b3adb5000, 0x0000024b3adaf800,
0x0000024b3adbb000, 0x0000024b3adb7800, 0x0000024b3adb6000, 0x0000024b3adbb800,
0x0000024b3adb9000, 0x0000024b3adba000, 0x0000024b3adb6800, 0x0000024b3adb8800,
0x0000024b37b01800, 0x0000024b37b03000, 0x0000024b37b02000, 0x0000024b37b00800,
0x0000024b37afe000, 0x0000024b37b04800, 0x0000024b37aff000, 0x0000024b37b05800,
0x0000024b37aff800, 0x0000024b37b08000, 0x0000024b37b09800, 0x0000024b37b0a000,
0x0000024b37b07000, 0x0000024b37b08800, 0x0000024b3d348800, 0x0000024b37b0b000
}

Java Threads: ( => current thread )
  0x0000024b1b86b000 JavaThread "main" [_thread_blocked, id=1324, stack(0x000000c87fb00000,0x000000c87fc00000)]
  0x0000024b35d3e000 JavaThread "Reference Handler" daemon [_thread_blocked, id=11284, stack(0x000000c800200000,0x000000c800300000)]
  0x0000024b36565000 JavaThread "Finalizer" daemon [_thread_blocked, id=12532, stack(0x000000c800300000,0x000000c800400000)]
  0x0000024b365c2000 JavaThread "Signal Dispatcher" daemon [_thread_blocked, id=11852, stack(0x000000c800400000,0x000000c800500000)]
  0x0000024b365c3000 JavaThread "Attach Listener" daemon [_thread_blocked, id=7232, stack(0x000000c800500000,0x000000c800600000)]
  0x0000024b365c4800 JavaThread "Service Thread" daemon [_thread_blocked, id=9076, stack(0x000000c800600000,0x000000c800700000)]
  0x0000024b365c7800 JavaThread "C2 CompilerThread0" daemon [_thread_in_native, id=13560, stack(0x000000c800700000,0x000000c800800000)]
  0x0000024b365c8800 JavaThread "C1 CompilerThread0" daemon [_thread_blocked, id=12316, stack(0x000000c800800000,0x000000c800900000)]
  0x0000024b3661a800 JavaThread "Sweeper thread" daemon [_thread_blocked, id=13672, stack(0x000000c800900000,0x000000c800a00000)]
  0x0000024b3676e000 JavaThread "Common-Cleaner" daemon [_thread_blocked, id=8900, stack(0x000000c800a00000,0x000000c800b00000)]
  0x0000024b3865b800 JavaThread "Daemon health stats" [_thread_blocked, id=9048, stack(0x000000c801200000,0x000000c801300000)]
  0x0000024b37d46800 JavaThread "Incoming local TCP Connector on port 49442" [_thread_in_native, id=10812, stack(0x000000c800c00000,0x000000c800d00000)]
  0x0000024b3799d000 JavaThread "Daemon periodic checks" [_thread_blocked, id=16172, stack(0x000000c801100000,0x000000c801200000)]
  0x0000024b3787f000 JavaThread "Daemon" [_thread_blocked, id=3976, stack(0x000000c801300000,0x000000c801400000)]
  0x0000024b3688f800 JavaThread "Handler for socket connection from /127.0.0.1:49442 to /127.0.0.1:49443" [_thread_in_native, id=2920, stack(0x000000c801400000,0x000000c801500000)]
  0x0000024b37af4000 JavaThread "Cancel handler" [_thread_blocked, id=3272, stack(0x000000c801500000,0x000000c801600000)]
  0x0000024b389d5000 JavaThread "Daemon worker" [_thread_blocked, id=11176, stack(0x000000c801600000,0x000000c801700000)]
  0x0000024b38d9e800 JavaThread "Asynchronous log dispatcher for DefaultDaemonConnection: socket connection from /127.0.0.1:49442 to /127.0.0.1:49443" [_thread_blocked, id=5760, stack(0x000000c801700000,0x000000c801800000)]
  0x0000024b36b27800 JavaThread "Stdin handler" [_thread_blocked, id=4404, stack(0x000000c801800000,0x000000c801900000)]
  0x0000024b3879a800 JavaThread "Daemon client event forwarder" [_thread_blocked, id=7212, stack(0x000000c801900000,0x000000c801a00000)]
  0x0000024b38cfb800 JavaThread "Cache worker for journal cache (C:\Users\BlackWell\.gradle\caches\journal-1)" [_thread_blocked, id=13236, stack(0x000000c801a00000,0x000000c801b00000)]
  0x0000024b38cf8000 JavaThread "File lock request listener" [_thread_in_native, id=16880, stack(0x000000c801b00000,0x000000c801c00000)]
  0x0000024b38cf9800 JavaThread "Cache worker for file hash cache (C:\Users\BlackWell\.gradle\caches\7.5\fileHashes)" [_thread_blocked, id=2744, stack(0x000000c802000000,0x000000c802100000)]
=>0x0000024b38917000 JavaThread "C2 CompilerThread1" daemon [_thread_in_native, id=15552, stack(0x000000c802100000,0x000000c802200000)]
  0x0000024b38cf7000 JavaThread "File watcher server" daemon [_thread_in_native, id=15372, stack(0x000000c802300000,0x000000c802400000)]
  0x0000024b38cf9000 JavaThread "File watcher consumer" daemon [_thread_blocked, id=1800, stack(0x000000c802400000,0x000000c802500000)]
  0x0000024b38cf5800 JavaThread "Cache worker for checksums cache (C:\Users\BlackWell\Documents\Android\RecyclerView\.gradle\7.5\checksums)" [_thread_blocked, id=13816, stack(0x000000c802500000,0x000000c802600000)]
  0x0000024b38cfa800 JavaThread "Cache worker for cache directory md-rule (C:\Users\BlackWell\.gradle\caches\7.5\md-rule)" [_thread_blocked, id=13172, stack(0x000000c802600000,0x000000c802700000)]
  0x0000024b38cfc000 JavaThread "Cache worker for file content cache (C:\Users\BlackWell\.gradle\caches\7.5\fileContent)" [_thread_blocked, id=12128, stack(0x000000c802700000,0x000000c802800000)]
  0x0000024b38cf6800 JavaThread "Cache worker for file hash cache (C:\Users\BlackWell\Documents\Android\RecyclerView\.gradle\7.5\fileHashes)" [_thread_blocked, id=10320, stack(0x000000c802800000,0x000000c802900000)]
  0x0000024b3c058800 JavaThread "Cache worker for cache directory md-supplier (C:\Users\BlackWell\.gradle\caches\7.5\md-supplier)" [_thread_blocked, id=10668, stack(0x000000c802900000,0x000000c802a00000)]
  0x0000024b3c055000 JavaThread "Cache worker for execution history cache (C:\Users\BlackWell\.gradle\caches\7.5\executionHistory)" [_thread_blocked, id=11240, stack(0x000000c802a00000,0x000000c802b00000)]
  0x0000024b3c059000 JavaThread "jar transforms" [_thread_blocked, id=15456, stack(0x000000c802b00000,0x000000c802c00000)]
  0x0000024b3c05a000 JavaThread "jar transforms Thread 2" [_thread_blocked, id=10952, stack(0x000000c802c00000,0x000000c802d00000)]
  0x0000024b3c056000 JavaThread "jar transforms Thread 3" [_thread_blocked, id=3720, stack(0x000000c802d00000,0x000000c802e00000)]
  0x0000024b3c060800 JavaThread "jar transforms Thread 4" [_thread_blocked, id=13768, stack(0x000000c802e00000,0x000000c802f00000)]
  0x0000024b3c05e000 JavaThread "Cache worker for dependencies-accessors (C:\Users\BlackWell\Documents\Android\RecyclerView\.gradle\7.5\dependencies-accessors)" [_thread_blocked, id=17216, stack(0x000000c802f00000,0x000000c803000000)]
  0x0000024b3c061800 JavaThread "jar transforms Thread 5" [_thread_blocked, id=12028, stack(0x000000c803000000,0x000000c803100000)]
  0x0000024b3c05c800 JavaThread "Cache worker for Build Output Cleanup Cache (C:\Users\BlackWell\Documents\Android\RecyclerView\.gradle\buildOutputCleanup)" [_thread_blocked, id=5524, stack(0x000000c803100000,0x000000c803200000)]
  0x0000024b3c05f000 JavaThread "Unconstrained build operations" [_thread_blocked, id=10036, stack(0x000000c803200000,0x000000c803300000)]
  0x0000024b3c062000 JavaThread "Unconstrained build operations Thread 2" [_thread_blocked, id=2896, stack(0x000000c803300000,0x000000c803400000)]
  0x0000024b3c063000 JavaThread "Unconstrained build operations Thread 3" [_thread_blocked, id=10076, stack(0x000000c803400000,0x000000c803500000)]
  0x0000024b3c05f800 JavaThread "Unconstrained build operations Thread 4" [_thread_blocked, id=16764, stack(0x000000c803500000,0x000000c803600000)]
  0x0000024b3c05d800 JavaThread "Unconstrained build operations Thread 5" [_thread_blocked, id=13880, stack(0x000000c803600000,0x000000c803700000)]
  0x0000024b3b9a4000 JavaThread "Unconstrained build operations Thread 6" [_thread_blocked, id=1044, stack(0x000000c803700000,0x000000c803800000)]
  0x0000024b3b99e800 JavaThread "Unconstrained build operations Thread 7" [_thread_blocked, id=10840, stack(0x000000c803800000,0x000000c803900000)]
  0x0000024b3b9a2800 JavaThread "Unconstrained build operations Thread 8" [_thread_blocked, id=13096, stack(0x000000c803900000,0x000000c803a00000)]
  0x0000024b3b9a1000 JavaThread "Unconstrained build operations Thread 9" [_thread_blocked, id=5880, stack(0x000000c803a00000,0x000000c803b00000)]
  0x0000024b3b9a0000 JavaThread "Unconstrained build operations Thread 10" [_thread_blocked, id=16828, stack(0x000000c803b00000,0x000000c803c00000)]
  0x0000024b3b9a1800 JavaThread "Unconstrained build operations Thread 11" [_thread_blocked, id=16560, stack(0x000000c803c00000,0x000000c803d00000)]
  0x0000024b3b99f000 JavaThread "Unconstrained build operations Thread 12" [_thread_blocked, id=6652, stack(0x000000c803d00000,0x000000c803e00000)]
  0x0000024b3b9a3000 JavaThread "Unconstrained build operations Thread 13" [_thread_blocked, id=2672, stack(0x000000c803e00000,0x000000c803f00000)]
  0x0000024b3b9a5800 JavaThread "Unconstrained build operations Thread 14" [_thread_blocked, id=17080, stack(0x000000c803f00000,0x000000c804000000)]
  0x0000024b3b9a7800 JavaThread "Unconstrained build operations Thread 15" [_thread_blocked, id=7636, stack(0x000000c804000000,0x000000c804100000)]
  0x0000024b3b9a8000 JavaThread "Unconstrained build operations Thread 16" [_thread_blocked, id=5156, stack(0x000000c804100000,0x000000c804200000)]
  0x0000024b3b9a9000 JavaThread "Unconstrained build operations Thread 17" [_thread_blocked, id=14992, stack(0x000000c804200000,0x000000c804300000)]
  0x0000024b3b9aa000 JavaThread "Unconstrained build operations Thread 18" [_thread_blocked, id=8376, stack(0x000000c804300000,0x000000c804400000)]
  0x0000024b3b9aa800 JavaThread "Unconstrained build operations Thread 19" [_thread_blocked, id=14104, stack(0x000000c804400000,0x000000c804500000)]
  0x0000024b3b9a5000 JavaThread "Unconstrained build operations Thread 20" [_thread_blocked, id=7612, stack(0x000000c804500000,0x000000c804600000)]
  0x0000024b3b9ac000 JavaThread "Unconstrained build operations Thread 21" [_thread_blocked, id=6508, stack(0x000000c804600000,0x000000c804700000)]
  0x0000024b3b9ab800 JavaThread "Unconstrained build operations Thread 22" [_thread_blocked, id=7548, stack(0x000000c804700000,0x000000c804800000)]
  0x0000024b3b9a6800 JavaThread "Unconstrained build operations Thread 23" [_thread_blocked, id=16652, stack(0x000000c804800000,0x000000c804900000)]
  0x0000024b3b9ad000 JavaThread "Unconstrained build operations Thread 24" [_thread_blocked, id=1532, stack(0x000000c804900000,0x000000c804a00000)]
  0x0000024b3ac9f000 JavaThread "Unconstrained build operations Thread 25" [_thread_blocked, id=14388, stack(0x000000c804a00000,0x000000c804b00000)]
  0x0000024b3ac9d000 JavaThread "Unconstrained build operations Thread 26" [_thread_blocked, id=1964, stack(0x000000c804b00000,0x000000c804c00000)]
  0x0000024b3aca3000 JavaThread "Unconstrained build operations Thread 27" [_thread_blocked, id=9496, stack(0x000000c804c00000,0x000000c804d00000)]
  0x0000024b3aca1800 JavaThread "Unconstrained build operations Thread 28" [_thread_blocked, id=7428, stack(0x000000c804d00000,0x000000c804e00000)]
  0x0000024b3aca3800 JavaThread "Unconstrained build operations Thread 29" [_thread_blocked, id=10536, stack(0x000000c804e00000,0x000000c804f00000)]
  0x0000024b3aca0800 JavaThread "Unconstrained build operations Thread 30" [_thread_blocked, id=8812, stack(0x000000c804f00000,0x000000c805000000)]
  0x0000024b3ac9f800 JavaThread "Unconstrained build operations Thread 31" [_thread_blocked, id=16596, stack(0x000000c805000000,0x000000c805100000)]
  0x0000024b3aca2000 JavaThread "Unconstrained build operations Thread 32" [_thread_blocked, id=15240, stack(0x000000c805100000,0x000000c805200000)]
  0x0000024b3ac9e000 JavaThread "Unconstrained build operations Thread 33" [_thread_blocked, id=11468, stack(0x000000c805200000,0x000000c805300000)]
  0x0000024b3acaa800 JavaThread "Unconstrained build operations Thread 34" [_thread_in_Java, id=10440, stack(0x000000c805300000,0x000000c805400000)]
  0x0000024b3aca6000 JavaThread "Unconstrained build operations Thread 35" [_thread_blocked, id=13348, stack(0x000000c805400000,0x000000c805500000)]
  0x0000024b3aca5800 JavaThread "Unconstrained build operations Thread 36" [_thread_blocked, id=13800, stack(0x000000c805500000,0x000000c805600000)]
  0x0000024b3aca7000 JavaThread "Unconstrained build operations Thread 37" [_thread_blocked, id=9864, stack(0x000000c805600000,0x000000c805700000)]
  0x0000024b3aca4800 JavaThread "Unconstrained build operations Thread 38" [_thread_blocked, id=976, stack(0x000000c805700000,0x000000c805800000)]
  0x0000024b3aca8800 JavaThread "Unconstrained build operations Thread 39" [_thread_blocked, id=16908, stack(0x000000c805800000,0x000000c805900000)]
  0x0000024b3aca8000 JavaThread "Unconstrained build operations Thread 40" [_thread_blocked, id=12360, stack(0x000000c805900000,0x000000c805a00000)]
  0x0000024b3aca9800 JavaThread "Unconstrained build operations Thread 41" [_thread_blocked, id=7004, stack(0x000000c805a00000,0x000000c805b00000)]
  0x0000024b3acab000 JavaThread "Unconstrained build operations Thread 42" [_thread_blocked, id=9368, stack(0x000000c805b00000,0x000000c805c00000)]
  0x0000024b3acac000 JavaThread "Unconstrained build operations Thread 43" [_thread_blocked, id=16060, stack(0x000000c805c00000,0x000000c805d00000)]
  0x0000024b36d07000 JavaThread "Unconstrained build operations Thread 44" [_thread_blocked, id=10392, stack(0x000000c805d00000,0x000000c805e00000)]
  0x0000024b36d08800 JavaThread "Unconstrained build operations Thread 45" [_thread_blocked, id=11436, stack(0x000000c805e00000,0x000000c805f00000)]
  0x0000024b36d09000 JavaThread "Unconstrained build operations Thread 46" [_thread_blocked, id=7268, stack(0x000000c805f00000,0x000000c806000000)]
  0x0000024b36d0a000 JavaThread "Unconstrained build operations Thread 47" [_thread_blocked, id=10568, stack(0x000000c806000000,0x000000c806100000)]
  0x0000024b36d0b000 JavaThread "Unconstrained build operations Thread 48" [_thread_blocked, id=2804, stack(0x000000c806100000,0x000000c806200000)]
  0x0000024b36d0b800 JavaThread "Unconstrained build operations Thread 49" [_thread_blocked, id=14612, stack(0x000000c806200000,0x000000c806300000)]
  0x0000024b36d06000 JavaThread "Unconstrained build operations Thread 50" [_thread_in_Java, id=12476, stack(0x000000c806300000,0x000000c806400000)]
  0x0000024b36d0c800 JavaThread "Unconstrained build operations Thread 51" [_thread_blocked, id=8728, stack(0x000000c806400000,0x000000c806500000)]
  0x0000024b36d0d800 JavaThread "Unconstrained build operations Thread 52" [_thread_blocked, id=10052, stack(0x000000c806500000,0x000000c806600000)]
  0x0000024b36d07800 JavaThread "Unconstrained build operations Thread 53" [_thread_blocked, id=9404, stack(0x000000c806600000,0x000000c806700000)]
  0x0000024b36d0f000 JavaThread "Unconstrained build operations Thread 54" [_thread_blocked, id=9648, stack(0x000000c806700000,0x000000c806800000)]
  0x0000024b36d14000 JavaThread "Unconstrained build operations Thread 55" [_thread_blocked, id=7280, stack(0x000000c806800000,0x000000c806900000)]
  0x0000024b36d0f800 JavaThread "Unconstrained build operations Thread 56" [_thread_blocked, id=14740, stack(0x000000c806900000,0x000000c806a00000)]
  0x0000024b36d12000 JavaThread "Unconstrained build operations Thread 57" [_thread_blocked, id=7264, stack(0x000000c806a00000,0x000000c806b00000)]
  0x0000024b36d10800 JavaThread "Unconstrained build operations Thread 58" [_thread_blocked, id=13036, stack(0x000000c806b00000,0x000000c806c00000)]
  0x0000024b36d11800 JavaThread "Unconstrained build operations Thread 59" [_thread_blocked, id=10384, stack(0x000000c806c00000,0x000000c806d00000)]
  0x0000024b36d13000 JavaThread "Unconstrained build operations Thread 60" [_thread_blocked, id=10788, stack(0x000000c806d00000,0x000000c806e00000)]
  0x0000024b36d0e000 JavaThread "Unconstrained build operations Thread 61" [_thread_blocked, id=9516, stack(0x000000c806e00000,0x000000c806f00000)]
  0x0000024b36d14800 JavaThread "Unconstrained build operations Thread 62" [_thread_blocked, id=12828, stack(0x000000c806f00000,0x000000c807000000)]
  0x0000024b3adb0000 JavaThread "Unconstrained build operations Thread 63" [_thread_blocked, id=10120, stack(0x000000c807000000,0x000000c807100000)]
  0x0000024b3adad800 JavaThread "Unconstrained build operations Thread 64" [_thread_blocked, id=2604, stack(0x000000c807100000,0x000000c807200000)]
  0x0000024b3adb2000 JavaThread "Unconstrained build operations Thread 65" [_thread_blocked, id=3124, stack(0x000000c807200000,0x000000c807300000)]
  0x0000024b3adb1000 JavaThread "Unconstrained build operations Thread 66" [_thread_blocked, id=4156, stack(0x000000c807300000,0x000000c807400000)]
  0x0000024b3adb2800 JavaThread "Unconstrained build operations Thread 67" [_thread_blocked, id=12840, stack(0x000000c807400000,0x000000c807500000)]
  0x0000024b3adad000 JavaThread "Unconstrained build operations Thread 68" [_thread_blocked, id=11484, stack(0x000000c807500000,0x000000c807600000)]
  0x0000024b3adb3800 JavaThread "Unconstrained build operations Thread 69" [_thread_blocked, id=3656, stack(0x000000c807600000,0x000000c807700000)]
  0x0000024b3adae800 JavaThread "Unconstrained build operations Thread 70" [_thread_blocked, id=17396, stack(0x000000c807700000,0x000000c807800000)]
  0x0000024b3adb4000 JavaThread "Unconstrained build operations Thread 71" [_thread_blocked, id=15844, stack(0x000000c807800000,0x000000c807900000)]
  0x0000024b3adb5000 JavaThread "Unconstrained build operations Thread 72" [_thread_blocked, id=16612, stack(0x000000c807900000,0x000000c807a00000)]
  0x0000024b3adaf800 JavaThread "Unconstrained build operations Thread 73" [_thread_blocked, id=6048, stack(0x000000c807a00000,0x000000c807b00000)]
  0x0000024b3adbb000 JavaThread "Unconstrained build operations Thread 74" [_thread_blocked, id=1864, stack(0x000000c807b00000,0x000000c807c00000)]
  0x0000024b3adb7800 JavaThread "Unconstrained build operations Thread 75" [_thread_blocked, id=7528, stack(0x000000c807c00000,0x000000c807d00000)]
  0x0000024b3adb6000 JavaThread "Unconstrained build operations Thread 76" [_thread_blocked, id=9252, stack(0x000000c807d00000,0x000000c807e00000)]
  0x0000024b3adbb800 JavaThread "Unconstrained build operations Thread 77" [_thread_blocked, id=15244, stack(0x000000c807e00000,0x000000c807f00000)]
  0x0000024b3adb9000 JavaThread "Unconstrained build operations Thread 78" [_thread_blocked, id=4252, stack(0x000000c807f00000,0x000000c808000000)]
  0x0000024b3adba000 JavaThread "Unconstrained build operations Thread 79" [_thread_blocked, id=2208, stack(0x000000c808000000,0x000000c808100000)]
  0x0000024b3adb6800 JavaThread "Unconstrained build operations Thread 80" [_thread_blocked, id=6152, stack(0x000000c808100000,0x000000c808200000)]
  0x0000024b3adb8800 JavaThread "jar transforms Thread 6" [_thread_blocked, id=10032, stack(0x000000c808200000,0x000000c808300000)]
  0x0000024b37b01800 JavaThread "jar transforms Thread 7" [_thread_blocked, id=12916, stack(0x000000c808300000,0x000000c808400000)]
  0x0000024b37b03000 JavaThread "jar transforms Thread 8" [_thread_blocked, id=2932, stack(0x000000c808400000,0x000000c808500000)]
  0x0000024b37b02000 JavaThread "build event listener" [_thread_blocked, id=12260, stack(0x000000c808500000,0x000000c808600000)]
  0x0000024b37b00800 JavaThread "Memory manager" [_thread_blocked, id=5528, stack(0x000000c808600000,0x000000c808700000)]
  0x0000024b37afe000 JavaThread "included builds" [_thread_blocked, id=15908, stack(0x000000c808700000,0x000000c808800000)]
  0x0000024b37b04800 JavaThread "Execution worker" [_thread_blocked, id=7020, stack(0x000000c808800000,0x000000c808900000)]
  0x0000024b37aff000 JavaThread "Execution worker Thread 2" [_thread_blocked, id=13456, stack(0x000000c808900000,0x000000c808a00000)]
  0x0000024b37b05800 JavaThread "Execution worker Thread 3" [_thread_blocked, id=3300, stack(0x000000c808a00000,0x000000c808b00000)]
  0x0000024b37aff800 JavaThread "Execution worker Thread 4" [_thread_in_vm, id=2100, stack(0x000000c808b00000,0x000000c808c00000)]
  0x0000024b37b08000 JavaThread "Execution worker Thread 5" [_thread_blocked, id=7660, stack(0x000000c808c00000,0x000000c808d00000)]
  0x0000024b37b09800 JavaThread "Execution worker Thread 6" [_thread_blocked, id=8048, stack(0x000000c808d00000,0x000000c808e00000)]
  0x0000024b37b0a000 JavaThread "Execution worker Thread 7" [_thread_blocked, id=6260, stack(0x000000c808e00000,0x000000c808f00000)]
  0x0000024b37b07000 JavaThread "Cache worker for execution history cache (C:\Users\BlackWell\Documents\Android\RecyclerView\.gradle\7.5\executionHistory)" [_thread_blocked, id=6432, stack(0x000000c808f00000,0x000000c809000000)]
  0x0000024b37b08800 JavaThread "WorkerExecutor Queue" [_thread_blocked, id=13032, stack(0x000000c802200000,0x000000c802300000)]
  0x0000024b3d348800 JavaThread "C2 CompilerThread2" daemon [_thread_in_native, id=12580, stack(0x000000c809000000,0x000000c809100000)]
  0x0000024b37b0b000 JavaThread "WorkerExecutor Queue Thread 2" [_thread_blocked, id=10904, stack(0x000000c809300000,0x000000c809400000)]

Other Threads:
  0x0000024b35d3a800 VMThread "VM Thread" [stack: 0x000000c800100000,0x000000c800200000] [id=12088]
  0x0000024b3677b000 WatcherThread [stack: 0x000000c800b00000,0x000000c800c00000] [id=6476]
  0x0000024b1b87d800 GCTaskThread "GC Thread#0" [stack: 0x000000c87fc00000,0x000000c87fd00000] [id=5816]
  0x0000024b37371000 GCTaskThread "GC Thread#1" [stack: 0x000000c800d00000,0x000000c800e00000] [id=14516]
  0x0000024b3780b800 GCTaskThread "GC Thread#2" [stack: 0x000000c800e00000,0x000000c800f00000] [id=10156]
  0x0000024b36ee1800 GCTaskThread "GC Thread#3" [stack: 0x000000c800f00000,0x000000c801000000] [id=15388]
  0x0000024b36ee2000 GCTaskThread "GC Thread#4" [stack: 0x000000c801000000,0x000000c801100000] [id=16296]
  0x0000024b37b88000 GCTaskThread "GC Thread#5" [stack: 0x000000c801c00000,0x000000c801d00000] [id=5904]
  0x0000024b38c3d800 GCTaskThread "GC Thread#6" [stack: 0x000000c801d00000,0x000000c801e00000] [id=13592]
  0x0000024b38c3f000 GCTaskThread "GC Thread#7" [stack: 0x000000c801e00000,0x000000c801f00000] [id=8124]
  0x0000024b1b8b0800 ConcurrentGCThread "G1 Main Marker" [stack: 0x000000c87fd00000,0x000000c87fe00000] [id=17404]
  0x0000024b1b8b1800 ConcurrentGCThread "G1 Conc#0" [stack: 0x000000c87fe00000,0x000000c87ff00000] [id=11092]
  0x0000024b38c3f800 ConcurrentGCThread "G1 Conc#1" [stack: 0x000000c801f00000,0x000000c802000000] [id=2408]
  0x0000024b35baa800 ConcurrentGCThread "G1 Refine#0" [stack: 0x000000c87ff00000,0x000000c880000000] [id=12344]
  0x0000024b38c3b800 ConcurrentGCThread "G1 Refine#1" [stack: 0x000000c809100000,0x000000c809200000] [id=9172]
  0x0000024b38c41000 ConcurrentGCThread "G1 Refine#2" [stack: 0x000000c809200000,0x000000c809300000] [id=16472]
  0x0000024b35bab800 ConcurrentGCThread "G1 Young RemSet Sampling" [stack: 0x000000c800000000,0x000000c800100000] [id=10024]

Threads with active compile tasks:
C2 CompilerThread0    12715 9506       4       java.util.regex.Pattern::atom (422 bytes)
C2 CompilerThread1    12715 9199       4       org.gradle.cache.internal.btree.CachingBlockStore::read (56 bytes)
C2 CompilerThread2    12715 9490       4       org.gradle.internal.instantiation.generator.AbstractClassGenerator::inspectType (560 bytes)

VM state:not at safepoint (normal execution)

VM Mutex/Monitor currently owned by a thread: None

Heap address: 0x0000000080000000, size: 2048 MB, Compressed Oops mode: 32-bit
Narrow klass base: 0x0000000000000000, Narrow klass shift: 3
Compressed class space size: 1073741824 Address: 0x0000000100000000

Heap:
 garbage-first heap   total 245760K, used 131483K [0x0000000080000000, 0x0000000100000000)
  region size 1024K, 77 young (78848K), 16 survivors (16384K)
 Metaspace       used 85765K, capacity 88312K, committed 88476K, reserved 1126400K
  class space    used 11247K, capacity 12234K, committed 12268K, reserved 1048576K
Heap Regions: E=young(eden), S=young(survivor), O=old, HS=humongous(starts), HC=humongous(continues), CS=collection set, F=free, A=archive, TAMS=top-at-mark-start (previous, next)
|   0|0x0000000080000000, 0x0000000080100000, 0x0000000080100000|100%| O|  |TAMS 0x0000000080100000, 0x0000000080000000| Untracked 
|   1|0x0000000080100000, 0x0000000080200000, 0x0000000080200000|100%| O|  |TAMS 0x0000000080200000, 0x0000000080100000| Untracked 
|   2|0x0000000080200000, 0x0000000080300000, 0x0000000080300000|100%| O|  |TAMS 0x0000000080300000, 0x0000000080200000| Untracked 
|   3|0x0000000080300000, 0x0000000080400000, 0x0000000080400000|100%|HS|  |TAMS 0x0000000080400000, 0x0000000080300000| Complete 
|   4|0x0000000080400000, 0x0000000080500000, 0x0000000080500000|100%|HC|  |TAMS 0x0000000080500000, 0x0000000080400000| Complete 
|   5|0x0000000080500000, 0x0000000080600000, 0x0000000080600000|100%|HC|  |TAMS 0x0000000080600000, 0x0000000080500000| Complete 
|   6|0x0000000080600000, 0x0000000080700000, 0x0000000080700000|100%| O|  |TAMS 0x0000000080700000, 0x0000000080600000| Untracked 
|   7|0x0000000080700000, 0x0000000080800000, 0x0000000080800000|100%| O|  |TAMS 0x0000000080800000, 0x0000000080700000| Untracked 
|   8|0x0000000080800000, 0x0000000080900000, 0x0000000080900000|100%| O|  |TAMS 0x0000000080900000, 0x0000000080800000| Untracked 
|   9|0x0000000080900000, 0x0000000080a00000, 0x0000000080a00000|100%| O|  |TAMS 0x0000000080a00000, 0x0000000080900000| Untracked 
|  10|0x0000000080a00000, 0x0000000080b00000, 0x0000000080b00000|100%| O|  |TAMS 0x0000000080b00000, 0x0000000080a00000| Untracked 
|  11|0x0000000080b00000, 0x0000000080c00000, 0x0000000080c00000|100%| O|  |TAMS 0x0000000080c00000, 0x0000000080b00000| Untracked 
|  12|0x0000000080c00000, 0x0000000080d00000, 0x0000000080d00000|100%| O|  |TAMS 0x0000000080d00000, 0x0000000080c00000| Untracked 
|  13|0x0000000080d00000, 0x0000000080e00000, 0x0000000080e00000|100%| O|  |TAMS 0x0000000080e00000, 0x0000000080d00000| Untracked 
|  14|0x0000000080e00000, 0x0000000080f00000, 0x0000000080f00000|100%| O|  |TAMS 0x0000000080f00000, 0x0000000080e00000| Untracked 
|  15|0x0000000080f00000, 0x0000000081000000, 0x0000000081000000|100%| O|  |TAMS 0x0000000081000000, 0x0000000080f00000| Untracked 
|  16|0x0000000081000000, 0x0000000081100000, 0x0000000081100000|100%| O|  |TAMS 0x0000000081100000, 0x0000000081000000| Untracked 
|  17|0x0000000081100000, 0x0000000081200000, 0x0000000081200000|100%|HS|  |TAMS 0x0000000081200000, 0x0000000081100000| Complete 
|  18|0x0000000081200000, 0x0000000081300000, 0x0000000081300000|100%|HS|  |TAMS 0x0000000081300000, 0x0000000081200000| Complete 
|  19|0x0000000081300000, 0x0000000081400000, 0x0000000081400000|100%| O|  |TAMS 0x0000000081400000, 0x0000000081300000| Untracked 
|  20|0x0000000081400000, 0x0000000081500000, 0x0000000081500000|100%| O|  |TAMS 0x0000000081500000, 0x0000000081400000| Untracked 
|  21|0x0000000081500000, 0x0000000081600000, 0x0000000081600000|100%| O|  |TAMS 0x0000000081600000, 0x0000000081500000| Untracked 
|  22|0x0000000081600000, 0x0000000081700000, 0x0000000081700000|100%| O|  |TAMS 0x0000000081700000, 0x0000000081600000| Untracked 
|  23|0x0000000081700000, 0x0000000081800000, 0x0000000081800000|100%| O|  |TAMS 0x0000000081800000, 0x0000000081700000| Untracked 
|  24|0x0000000081800000, 0x0000000081900000, 0x0000000081900000|100%| O|  |TAMS 0x0000000081900000, 0x0000000081800000| Untracked 
|  25|0x0000000081900000, 0x0000000081a00000, 0x0000000081a00000|100%| O|  |TAMS 0x0000000081a00000, 0x0000000081900000| Untracked 
|  26|0x0000000081a00000, 0x0000000081b00000, 0x0000000081b00000|100%| O|  |TAMS 0x0000000081b00000, 0x0000000081a00000| Untracked 
|  27|0x0000000081b00000, 0x0000000081c00000, 0x0000000081c00000|100%| O|  |TAMS 0x0000000081c00000, 0x0000000081b00000| Untracked 
|  28|0x0000000081c00000, 0x0000000081d00000, 0x0000000081d00000|100%| O|  |TAMS 0x0000000081d00000, 0x0000000081c00000| Untracked 
|  29|0x0000000081d00000, 0x0000000081e00000, 0x0000000081e00000|100%| O|  |TAMS 0x0000000081e00000, 0x0000000081d00000| Untracked 
|  30|0x0000000081e00000, 0x0000000081f00000, 0x0000000081f00000|100%| O|  |TAMS 0x0000000081f00000, 0x0000000081e00000| Untracked 
|  31|0x0000000081f00000, 0x0000000082000000, 0x0000000082000000|100%| O|  |TAMS 0x0000000082000000, 0x0000000081f00000| Untracked 
|  32|0x0000000082000000, 0x0000000082100000, 0x0000000082100000|100%| O|  |TAMS 0x0000000082100000, 0x0000000082000000| Untracked 
|  33|0x0000000082100000, 0x0000000082200000, 0x0000000082200000|100%| O|  |TAMS 0x0000000082200000, 0x0000000082100000| Untracked 
|  34|0x0000000082200000, 0x0000000082300000, 0x0000000082300000|100%| O|  |TAMS 0x0000000082300000, 0x0000000082200000| Untracked 
|  35|0x0000000082300000, 0x0000000082400000, 0x0000000082400000|100%| O|  |TAMS 0x0000000082400000, 0x0000000082300000| Untracked 
|  36|0x0000000082400000, 0x0000000082500000, 0x0000000082500000|100%| O|  |TAMS 0x0000000082500000, 0x0000000082400000| Untracked 
|  37|0x0000000082500000, 0x0000000082600000, 0x0000000082600000|100%| O|  |TAMS 0x0000000082600000, 0x0000000082500000| Untracked 
|  38|0x0000000082600000, 0x0000000082700000, 0x0000000082700000|100%| O|  |TAMS 0x0000000082700000, 0x0000000082600000| Untracked 
|  39|0x0000000082700000, 0x0000000082800000, 0x0000000082800000|100%| O|  |TAMS 0x0000000082800000, 0x0000000082700000| Untracked 
|  40|0x0000000082800000, 0x0000000082900000, 0x0000000082900000|100%| O|  |TAMS 0x00000000828d0200, 0x0000000082800000| Untracked 
|  41|0x0000000082900000, 0x0000000082a00000, 0x0000000082a00000|100%| O|  |TAMS 0x0000000082900000, 0x0000000082900000| Untracked 
|  42|0x0000000082a00000, 0x0000000082b00000, 0x0000000082b00000|100%| O|  |TAMS 0x0000000082a00000, 0x0000000082a00000| Untracked 
|  43|0x0000000082b00000, 0x0000000082c00000, 0x0000000082c00000|100%| O|  |TAMS 0x0000000082b00000, 0x0000000082b00000| Untracked 
|  44|0x0000000082c00000, 0x0000000082d00000, 0x0000000082d00000|100%| O|  |TAMS 0x0000000082c00000, 0x0000000082c00000| Untracked 
|  45|0x0000000082d00000, 0x0000000082e00000, 0x0000000082e00000|100%| O|  |TAMS 0x0000000082d00000, 0x0000000082d00000| Untracked 
|  46|0x0000000082e00000, 0x0000000082f00000, 0x0000000082f00000|100%| O|  |TAMS 0x0000000082e00000, 0x0000000082e00000| Untracked 
|  47|0x0000000082f00000, 0x0000000083000000, 0x0000000083000000|100%| O|  |TAMS 0x0000000082f00000, 0x0000000082f00000| Untracked 
|  48|0x0000000083000000, 0x0000000083100000, 0x0000000083100000|100%| O|  |TAMS 0x0000000083000000, 0x0000000083000000| Untracked 
|  49|0x0000000083100000, 0x0000000083200000, 0x0000000083200000|100%| O|  |TAMS 0x0000000083100000, 0x0000000083100000| Untracked 
|  50|0x0000000083200000, 0x0000000083300000, 0x0000000083300000|100%| O|  |TAMS 0x0000000083200000, 0x0000000083200000| Untracked 
|  51|0x0000000083300000, 0x0000000083400000, 0x0000000083400000|100%| O|  |TAMS 0x0000000083300000, 0x0000000083300000| Untracked 
|  52|0x0000000083400000, 0x0000000083500000, 0x0000000083500000|100%| O|  |TAMS 0x0000000083400000, 0x0000000083400000| Untracked 
|  53|0x0000000083500000, 0x0000000083566e00, 0x0000000083600000| 40%| O|  |TAMS 0x0000000083500000, 0x0000000083500000| Untracked 
|  54|0x0000000083600000, 0x0000000083600000, 0x0000000083700000|  0%| F|  |TAMS 0x0000000083600000, 0x0000000083600000| Untracked 
|  55|0x0000000083700000, 0x0000000083700000, 0x0000000083800000|  0%| F|  |TAMS 0x0000000083700000, 0x0000000083700000| Untracked 
|  56|0x0000000083800000, 0x0000000083800000, 0x0000000083900000|  0%| F|  |TAMS 0x0000000083800000, 0x0000000083800000| Untracked 
|  57|0x0000000083900000, 0x0000000083900000, 0x0000000083a00000|  0%| F|  |TAMS 0x0000000083900000, 0x0000000083900000| Untracked 
|  58|0x0000000083a00000, 0x0000000083a00000, 0x0000000083b00000|  0%| F|  |TAMS 0x0000000083a00000, 0x0000000083a00000| Untracked 
|  59|0x0000000083b00000, 0x0000000083b00000, 0x0000000083c00000|  0%| F|  |TAMS 0x0000000083b00000, 0x0000000083b00000| Untracked 
|  60|0x0000000083c00000, 0x0000000083c00000, 0x0000000083d00000|  0%| F|  |TAMS 0x0000000083c00000, 0x0000000083c00000| Untracked 
|  61|0x0000000083d00000, 0x0000000083d00000, 0x0000000083e00000|  0%| F|  |TAMS 0x0000000083d00000, 0x0000000083d00000| Untracked 
|  62|0x0000000083e00000, 0x0000000083e00000, 0x0000000083f00000|  0%| F|  |TAMS 0x0000000083e00000, 0x0000000083e00000| Untracked 
|  63|0x0000000083f00000, 0x0000000083f00000, 0x0000000084000000|  0%| F|  |TAMS 0x0000000083f00000, 0x0000000083f00000| Untracked 
|  64|0x0000000084000000, 0x0000000084000000, 0x0000000084100000|  0%| F|  |TAMS 0x0000000084000000, 0x0000000084000000| Untracked 
|  65|0x0000000084100000, 0x0000000084100000, 0x0000000084200000|  0%| F|  |TAMS 0x0000000084100000, 0x0000000084100000| Untracked 
|  66|0x0000000084200000, 0x0000000084200000, 0x0000000084300000|  0%| F|  |TAMS 0x0000000084200000, 0x0000000084200000| Untracked 
|  67|0x0000000084300000, 0x0000000084300000, 0x0000000084400000|  0%| F|  |TAMS 0x0000000084300000, 0x0000000084300000| Untracked 
|  68|0x0000000084400000, 0x0000000084400000, 0x0000000084500000|  0%| F|  |TAMS 0x0000000084400000, 0x0000000084400000| Untracked 
|  69|0x0000000084500000, 0x0000000084500000, 0x0000000084600000|  0%| F|  |TAMS 0x0000000084500000, 0x0000000084500000| Untracked 
|  70|0x0000000084600000, 0x0000000084600000, 0x0000000084700000|  0%| F|  |TAMS 0x0000000084600000, 0x0000000084600000| Untracked 
|  71|0x0000000084700000, 0x0000000084700000, 0x0000000084800000|  0%| F|  |TAMS 0x0000000084700000, 0x0000000084700000| Untracked 
|  72|0x0000000084800000, 0x0000000084800000, 0x0000000084900000|  0%| F|  |TAMS 0x0000000084800000, 0x0000000084800000| Untracked 
|  73|0x0000000084900000, 0x0000000084900000, 0x0000000084a00000|  0%| F|  |TAMS 0x0000000084900000, 0x0000000084900000| Untracked 
|  74|0x0000000084a00000, 0x0000000084a00000, 0x0000000084b00000|  0%| F|  |TAMS 0x0000000084a00000, 0x0000000084a00000| Untracked 
|  75|0x0000000084b00000, 0x0000000084b00000, 0x0000000084c00000|  0%| F|  |TAMS 0x0000000084b00000, 0x0000000084b00000| Untracked 
|  76|0x0000000084c00000, 0x0000000084c00000, 0x0000000084d00000|  0%| F|  |TAMS 0x0000000084c00000, 0x0000000084c00000| Untracked 
|  77|0x0000000084d00000, 0x0000000084d00000, 0x0000000084e00000|  0%| F|  |TAMS 0x0000000084d00000, 0x0000000084d00000| Untracked 
|  78|0x0000000084e00000, 0x0000000084e00000, 0x0000000084f00000|  0%| F|  |TAMS 0x0000000084e00000, 0x0000000084e00000| Untracked 
|  79|0x0000000084f00000, 0x0000000084f00000, 0x0000000085000000|  0%| F|  |TAMS 0x0000000084f00000, 0x0000000084f00000| Untracked 
|  80|0x0000000085000000, 0x0000000085000000, 0x0000000085100000|  0%| F|  |TAMS 0x0000000085000000, 0x0000000085000000| Untracked 
|  81|0x0000000085100000, 0x0000000085100000, 0x0000000085200000|  0%| F|  |TAMS 0x0000000085100000, 0x0000000085100000| Untracked 
|  82|0x0000000085200000, 0x0000000085200000, 0x0000000085300000|  0%| F|  |TAMS 0x0000000085200000, 0x0000000085200000| Untracked 
|  83|0x0000000085300000, 0x0000000085300000, 0x0000000085400000|  0%| F|  |TAMS 0x0000000085300000, 0x0000000085300000| Untracked 
|  84|0x0000000085400000, 0x0000000085400000, 0x0000000085500000|  0%| F|  |TAMS 0x0000000085400000, 0x0000000085400000| Untracked 
|  85|0x0000000085500000, 0x0000000085500000, 0x0000000085600000|  0%| F|  |TAMS 0x0000000085500000, 0x0000000085500000| Untracked 
|  86|0x0000000085600000, 0x0000000085600000, 0x0000000085700000|  0%| F|  |TAMS 0x0000000085600000, 0x0000000085600000| Untracked 
|  87|0x0000000085700000, 0x0000000085700000, 0x0000000085800000|  0%| F|  |TAMS 0x0000000085700000, 0x0000000085700000| Untracked 
|  88|0x0000000085800000, 0x0000000085800000, 0x0000000085900000|  0%| F|  |TAMS 0x0000000085800000, 0x0000000085800000| Untracked 
|  89|0x0000000085900000, 0x0000000085900000, 0x0000000085a00000|  0%| F|  |TAMS 0x0000000085900000, 0x0000000085900000| Untracked 
|  90|0x0000000085a00000, 0x0000000085a00000, 0x0000000085b00000|  0%| F|  |TAMS 0x0000000085a00000, 0x0000000085a00000| Untracked 
|  91|0x0000000085b00000, 0x0000000085b00000, 0x0000000085c00000|  0%| F|  |TAMS 0x0000000085b00000, 0x0000000085b00000| Untracked 
|  92|0x0000000085c00000, 0x0000000085c00000, 0x0000000085d00000|  0%| F|  |TAMS 0x0000000085c00000, 0x0000000085c00000| Untracked 
|  93|0x0000000085d00000, 0x0000000085d00000, 0x0000000085e00000|  0%| F|  |TAMS 0x0000000085d00000, 0x0000000085d00000| Untracked 
|  94|0x0000000085e00000, 0x0000000085e00000, 0x0000000085f00000|  0%| F|  |TAMS 0x0000000085e00000, 0x0000000085e00000| Untracked 
|  95|0x0000000085f00000, 0x0000000085f00000, 0x0000000086000000|  0%| F|  |TAMS 0x0000000085f00000, 0x0000000085f00000| Untracked 
|  96|0x0000000086000000, 0x0000000086000000, 0x0000000086100000|  0%| F|  |TAMS 0x0000000086000000, 0x0000000086000000| Untracked 
|  97|0x0000000086100000, 0x0000000086100000, 0x0000000086200000|  0%| F|  |TAMS 0x0000000086100000, 0x0000000086100000| Untracked 
|  98|0x0000000086200000, 0x0000000086200000, 0x0000000086300000|  0%| F|  |TAMS 0x0000000086200000, 0x0000000086200000| Untracked 
|  99|0x0000000086300000, 0x0000000086300000, 0x0000000086400000|  0%| F|  |TAMS 0x0000000086300000, 0x0000000086300000| Untracked 
| 100|0x0000000086400000, 0x0000000086500000, 0x0000000086500000|100%| S|CS|TAMS 0x0000000086400000, 0x0000000086400000| Complete 
| 101|0x0000000086500000, 0x0000000086600000, 0x0000000086600000|100%| S|CS|TAMS 0x0000000086500000, 0x0000000086500000| Complete 
| 102|0x0000000086600000, 0x0000000086700000, 0x0000000086700000|100%| S|CS|TAMS 0x0000000086600000, 0x0000000086600000| Complete 
| 103|0x0000000086700000, 0x0000000086800000, 0x0000000086800000|100%| S|CS|TAMS 0x0000000086700000, 0x0000000086700000| Complete 
| 104|0x0000000086800000, 0x0000000086900000, 0x0000000086900000|100%| S|CS|TAMS 0x0000000086800000, 0x0000000086800000| Complete 
| 105|0x0000000086900000, 0x0000000086a00000, 0x0000000086a00000|100%| S|CS|TAMS 0x0000000086900000, 0x0000000086900000| Complete 
| 106|0x0000000086a00000, 0x0000000086a00000, 0x0000000086b00000|  0%| F|  |TAMS 0x0000000086a00000, 0x0000000086a00000| Untracked 
| 107|0x0000000086b00000, 0x0000000086b00000, 0x0000000086c00000|  0%| F|  |TAMS 0x0000000086b00000, 0x0000000086b00000| Untracked 
| 108|0x0000000086c00000, 0x0000000086c00000, 0x0000000086d00000|  0%| F|  |TAMS 0x0000000086c00000, 0x0000000086c00000| Untracked 
| 109|0x0000000086d00000, 0x0000000086d00000, 0x0000000086e00000|  0%| F|  |TAMS 0x0000000086d00000, 0x0000000086d00000| Untracked 
| 110|0x0000000086e00000, 0x0000000086f00000, 0x0000000086f00000|100%| S|CS|TAMS 0x0000000086e00000, 0x0000000086e00000| Complete 
| 111|0x0000000086f00000, 0x0000000087000000, 0x0000000087000000|100%| S|CS|TAMS 0x0000000086f00000, 0x0000000086f00000| Complete 
| 112|0x0000000087000000, 0x0000000087100000, 0x0000000087100000|100%| S|CS|TAMS 0x0000000087000000, 0x0000000087000000| Complete 
| 113|0x0000000087100000, 0x0000000087200000, 0x0000000087200000|100%| S|CS|TAMS 0x0000000087100000, 0x0000000087100000| Complete 
| 114|0x0000000087200000, 0x0000000087300000, 0x0000000087300000|100%| S|CS|TAMS 0x0000000087200000, 0x0000000087200000| Complete 
| 115|0x0000000087300000, 0x0000000087400000, 0x0000000087400000|100%| S|CS|TAMS 0x0000000087300000, 0x0000000087300000| Complete 
| 116|0x0000000087400000, 0x0000000087500000, 0x0000000087500000|100%| S|CS|TAMS 0x0000000087400000, 0x0000000087400000| Complete 
| 117|0x0000000087500000, 0x0000000087600000, 0x0000000087600000|100%| S|CS|TAMS 0x0000000087500000, 0x0000000087500000| Complete 
| 118|0x0000000087600000, 0x0000000087700000, 0x0000000087700000|100%| S|CS|TAMS 0x0000000087600000, 0x0000000087600000| Complete 
| 119|0x0000000087700000, 0x0000000087800000, 0x0000000087800000|100%| S|CS|TAMS 0x0000000087700000, 0x0000000087700000| Complete 
| 120|0x0000000087800000, 0x0000000087800000, 0x0000000087900000|  0%| F|  |TAMS 0x0000000087800000, 0x0000000087800000| Untracked 
| 121|0x0000000087900000, 0x0000000087900000, 0x0000000087a00000|  0%| F|  |TAMS 0x0000000087900000, 0x0000000087900000| Untracked 
| 122|0x0000000087a00000, 0x0000000087a00000, 0x0000000087b00000|  0%| F|  |TAMS 0x0000000087a00000, 0x0000000087a00000| Untracked 
| 123|0x0000000087b00000, 0x0000000087b00000, 0x0000000087c00000|  0%| F|  |TAMS 0x0000000087b00000, 0x0000000087b00000| Untracked 
| 124|0x0000000087c00000, 0x0000000087c00000, 0x0000000087d00000|  0%| F|  |TAMS 0x0000000087c00000, 0x0000000087c00000| Untracked 
| 125|0x0000000087d00000, 0x0000000087d00000, 0x0000000087e00000|  0%| F|  |TAMS 0x0000000087d00000, 0x0000000087d00000| Untracked 
| 126|0x0000000087e00000, 0x0000000087e00000, 0x0000000087f00000|  0%| F|  |TAMS 0x0000000087e00000, 0x0000000087e00000| Untracked 
| 127|0x0000000087f00000, 0x0000000087f00000, 0x0000000088000000|  0%| F|  |TAMS 0x0000000087f00000, 0x0000000087f00000| Untracked 
| 128|0x0000000088000000, 0x0000000088000000, 0x0000000088100000|  0%| F|  |TAMS 0x0000000088000000, 0x0000000088000000| Untracked 
| 129|0x0000000088100000, 0x0000000088100000, 0x0000000088200000|  0%| F|  |TAMS 0x0000000088100000, 0x0000000088100000| Untracked 
| 130|0x0000000088200000, 0x0000000088200000, 0x0000000088300000|  0%| F|  |TAMS 0x0000000088200000, 0x0000000088200000| Untracked 
| 131|0x0000000088300000, 0x0000000088300000, 0x0000000088400000|  0%| F|  |TAMS 0x0000000088300000, 0x0000000088300000| Untracked 
| 132|0x0000000088400000, 0x0000000088400000, 0x0000000088500000|  0%| F|  |TAMS 0x0000000088400000, 0x0000000088400000| Untracked 
| 133|0x0000000088500000, 0x0000000088500000, 0x0000000088600000|  0%| F|  |TAMS 0x0000000088500000, 0x0000000088500000| Untracked 
| 134|0x0000000088600000, 0x0000000088600000, 0x0000000088700000|  0%| F|  |TAMS 0x0000000088600000, 0x0000000088600000| Untracked 
| 135|0x0000000088700000, 0x0000000088700000, 0x0000000088800000|  0%| F|  |TAMS 0x0000000088700000, 0x0000000088700000| Untracked 
| 136|0x0000000088800000, 0x0000000088800000, 0x0000000088900000|  0%| F|  |TAMS 0x0000000088800000, 0x0000000088800000| Untracked 
| 137|0x0000000088900000, 0x0000000088900000, 0x0000000088a00000|  0%| F|  |TAMS 0x0000000088900000, 0x0000000088900000| Untracked 
| 138|0x0000000088a00000, 0x0000000088a00000, 0x0000000088b00000|  0%| F|  |TAMS 0x0000000088a00000, 0x0000000088a00000| Untracked 
| 139|0x0000000088b00000, 0x0000000088b00000, 0x0000000088c00000|  0%| F|  |TAMS 0x0000000088b00000, 0x0000000088b00000| Untracked 
| 140|0x0000000088c00000, 0x0000000088c00000, 0x0000000088d00000|  0%| F|  |TAMS 0x0000000088c00000, 0x0000000088c00000| Untracked 
| 141|0x0000000088d00000, 0x0000000088d00000, 0x0000000088e00000|  0%| F|  |TAMS 0x0000000088d00000, 0x0000000088d00000| Untracked 
| 142|0x0000000088e00000, 0x0000000088e00000, 0x0000000088f00000|  0%| F|  |TAMS 0x0000000088e00000, 0x0000000088e00000| Untracked 
| 143|0x0000000088f00000, 0x0000000088f00000, 0x0000000089000000|  0%| F|  |TAMS 0x0000000088f00000, 0x0000000088f00000| Untracked 
| 144|0x0000000089000000, 0x0000000089000000, 0x0000000089100000|  0%| F|  |TAMS 0x0000000089000000, 0x0000000089000000| Untracked 
| 145|0x0000000089100000, 0x0000000089100000, 0x0000000089200000|  0%| F|  |TAMS 0x0000000089100000, 0x0000000089100000| Untracked 
| 146|0x0000000089200000, 0x0000000089200000, 0x0000000089300000|  0%| F|  |TAMS 0x0000000089200000, 0x0000000089200000| Untracked 
| 147|0x0000000089300000, 0x0000000089300000, 0x0000000089400000|  0%| F|  |TAMS 0x0000000089300000, 0x0000000089300000| Untracked 
| 148|0x0000000089400000, 0x0000000089400000, 0x0000000089500000|  0%| F|  |TAMS 0x0000000089400000, 0x0000000089400000| Untracked 
| 149|0x0000000089500000, 0x0000000089500000, 0x0000000089600000|  0%| F|  |TAMS 0x0000000089500000, 0x0000000089500000| Untracked 
| 150|0x0000000089600000, 0x0000000089600000, 0x0000000089700000|  0%| F|  |TAMS 0x0000000089600000, 0x0000000089600000| Untracked 
| 151|0x0000000089700000, 0x0000000089700000, 0x0000000089800000|  0%| F|  |TAMS 0x0000000089700000, 0x0000000089700000| Untracked 
| 152|0x0000000089800000, 0x0000000089800000, 0x0000000089900000|  0%| F|  |TAMS 0x0000000089800000, 0x0000000089800000| Untracked 
| 153|0x0000000089900000, 0x0000000089900000, 0x0000000089a00000|  0%| F|  |TAMS 0x0000000089900000, 0x0000000089900000| Untracked 
| 154|0x0000000089a00000, 0x0000000089a00000, 0x0000000089b00000|  0%| F|  |TAMS 0x0000000089a00000, 0x0000000089a00000| Untracked 
| 155|0x0000000089b00000, 0x0000000089b00000, 0x0000000089c00000|  0%| F|  |TAMS 0x0000000089b00000, 0x0000000089b00000| Untracked 
| 156|0x0000000089c00000, 0x0000000089c00000, 0x0000000089d00000|  0%| F|  |TAMS 0x0000000089c00000, 0x0000000089c00000| Untracked 
| 157|0x0000000089d00000, 0x0000000089d00000, 0x0000000089e00000|  0%| F|  |TAMS 0x0000000089d00000, 0x0000000089d00000| Untracked 
| 158|0x0000000089e00000, 0x0000000089e00000, 0x0000000089f00000|  0%| F|  |TAMS 0x0000000089e00000, 0x0000000089e00000| Untracked 
| 159|0x0000000089f00000, 0x0000000089f00000, 0x000000008a000000|  0%| F|  |TAMS 0x0000000089f00000, 0x0000000089f00000| Untracked 
| 160|0x000000008a000000, 0x000000008a000000, 0x000000008a100000|  0%| F|  |TAMS 0x000000008a000000, 0x000000008a000000| Untracked 
| 161|0x000000008a100000, 0x000000008a100000, 0x000000008a200000|  0%| F|  |TAMS 0x000000008a100000, 0x000000008a100000| Untracked 
| 162|0x000000008a200000, 0x000000008a200000, 0x000000008a300000|  0%| F|  |TAMS 0x000000008a200000, 0x000000008a200000| Untracked 
| 163|0x000000008a300000, 0x000000008a300000, 0x000000008a400000|  0%| F|  |TAMS 0x000000008a300000, 0x000000008a300000| Untracked 
| 164|0x000000008a400000, 0x000000008a400000, 0x000000008a500000|  0%| F|  |TAMS 0x000000008a400000, 0x000000008a400000| Untracked 
| 165|0x000000008a500000, 0x000000008a500000, 0x000000008a600000|  0%| F|  |TAMS 0x000000008a500000, 0x000000008a500000| Untracked 
| 166|0x000000008a600000, 0x000000008a600000, 0x000000008a700000|  0%| F|  |TAMS 0x000000008a600000, 0x000000008a600000| Untracked 
| 167|0x000000008a700000, 0x000000008a700000, 0x000000008a800000|  0%| F|  |TAMS 0x000000008a700000, 0x000000008a700000| Untracked 
| 168|0x000000008a800000, 0x000000008a800000, 0x000000008a900000|  0%| F|  |TAMS 0x000000008a800000, 0x000000008a800000| Untracked 
| 169|0x000000008a900000, 0x000000008a900000, 0x000000008aa00000|  0%| F|  |TAMS 0x000000008a900000, 0x000000008a900000| Untracked 
| 170|0x000000008aa00000, 0x000000008aa00000, 0x000000008ab00000|  0%| F|  |TAMS 0x000000008aa00000, 0x000000008aa00000| Untracked 
| 171|0x000000008ab00000, 0x000000008ab00000, 0x000000008ac00000|  0%| F|  |TAMS 0x000000008ab00000, 0x000000008ab00000| Untracked 
| 172|0x000000008ac00000, 0x000000008ac00000, 0x000000008ad00000|  0%| F|  |TAMS 0x000000008ac00000, 0x000000008ac00000| Untracked 
| 173|0x000000008ad00000, 0x000000008ad00000, 0x000000008ae00000|  0%| F|  |TAMS 0x000000008ad00000, 0x000000008ad00000| Untracked 
| 174|0x000000008ae00000, 0x000000008ae00000, 0x000000008af00000|  0%| F|  |TAMS 0x000000008ae00000, 0x000000008ae00000| Untracked 
| 175|0x000000008af00000, 0x000000008af00000, 0x000000008b000000|  0%| F|  |TAMS 0x000000008af00000, 0x000000008af00000| Untracked 
| 176|0x000000008b000000, 0x000000008b000000, 0x000000008b100000|  0%| F|  |TAMS 0x000000008b000000, 0x000000008b000000| Untracked 
| 177|0x000000008b100000, 0x000000008b100000, 0x000000008b200000|  0%| F|  |TAMS 0x000000008b100000, 0x000000008b100000| Untracked 
| 178|0x000000008b200000, 0x000000008b200000, 0x000000008b300000|  0%| F|  |TAMS 0x000000008b200000, 0x000000008b200000| Untracked 
| 179|0x000000008b300000, 0x000000008b3b09f0, 0x000000008b400000| 68%| E|  |TAMS 0x000000008b300000, 0x000000008b300000| Complete 
| 180|0x000000008b400000, 0x000000008b500000, 0x000000008b500000|100%| E|CS|TAMS 0x000000008b400000, 0x000000008b400000| Complete 
| 181|0x000000008b500000, 0x000000008b600000, 0x000000008b600000|100%| E|  |TAMS 0x000000008b500000, 0x000000008b500000| Complete 
| 182|0x000000008b600000, 0x000000008b700000, 0x000000008b700000|100%| E|CS|TAMS 0x000000008b600000, 0x000000008b600000| Complete 
| 183|0x000000008b700000, 0x000000008b800000, 0x000000008b800000|100%| E|CS|TAMS 0x000000008b700000, 0x000000008b700000| Complete 
| 184|0x000000008b800000, 0x000000008b900000, 0x000000008b900000|100%| E|CS|TAMS 0x000000008b800000, 0x000000008b800000| Complete 
| 185|0x000000008b900000, 0x000000008ba00000, 0x000000008ba00000|100%| E|CS|TAMS 0x000000008b900000, 0x000000008b900000| Complete 
| 186|0x000000008ba00000, 0x000000008bb00000, 0x000000008bb00000|100%| E|CS|TAMS 0x000000008ba00000, 0x000000008ba00000| Complete 
| 187|0x000000008bb00000, 0x000000008bc00000, 0x000000008bc00000|100%| E|CS|TAMS 0x000000008bb00000, 0x000000008bb00000| Complete 
| 188|0x000000008bc00000, 0x000000008bd00000, 0x000000008bd00000|100%| E|CS|TAMS 0x000000008bc00000, 0x000000008bc00000| Complete 
| 189|0x000000008bd00000, 0x000000008be00000, 0x000000008be00000|100%| E|CS|TAMS 0x000000008bd00000, 0x000000008bd00000| Complete 
| 190|0x000000008be00000, 0x000000008bf00000, 0x000000008bf00000|100%| E|CS|TAMS 0x000000008be00000, 0x000000008be00000| Complete 
| 191|0x000000008bf00000, 0x000000008c000000, 0x000000008c000000|100%| E|CS|TAMS 0x000000008bf00000, 0x000000008bf00000| Complete 
| 192|0x000000008c000000, 0x000000008c100000, 0x000000008c100000|100%| E|CS|TAMS 0x000000008c000000, 0x000000008c000000| Complete 
| 193|0x000000008c100000, 0x000000008c200000, 0x000000008c200000|100%| E|CS|TAMS 0x000000008c100000, 0x000000008c100000| Complete 
| 194|0x000000008c200000, 0x000000008c300000, 0x000000008c300000|100%| E|CS|TAMS 0x000000008c200000, 0x000000008c200000| Complete 
| 195|0x000000008c300000, 0x000000008c400000, 0x000000008c400000|100%| E|CS|TAMS 0x000000008c300000, 0x000000008c300000| Complete 
| 196|0x000000008c400000, 0x000000008c500000, 0x000000008c500000|100%| E|CS|TAMS 0x000000008c400000, 0x000000008c400000| Complete 
| 197|0x000000008c500000, 0x000000008c600000, 0x000000008c600000|100%| E|CS|TAMS 0x000000008c500000, 0x000000008c500000| Complete 
| 198|0x000000008c600000, 0x000000008c700000, 0x000000008c700000|100%| E|CS|TAMS 0x000000008c600000, 0x000000008c600000| Complete 
| 199|0x000000008c700000, 0x000000008c800000, 0x000000008c800000|100%| E|CS|TAMS 0x000000008c700000, 0x000000008c700000| Complete 
| 200|0x000000008c800000, 0x000000008c900000, 0x000000008c900000|100%| E|CS|TAMS 0x000000008c800000, 0x000000008c800000| Complete 
| 201|0x000000008c900000, 0x000000008ca00000, 0x000000008ca00000|100%| E|CS|TAMS 0x000000008c900000, 0x000000008c900000| Complete 
| 202|0x000000008ca00000, 0x000000008cb00000, 0x000000008cb00000|100%| E|CS|TAMS 0x000000008ca00000, 0x000000008ca00000| Complete 
| 203|0x000000008cb00000, 0x000000008cc00000, 0x000000008cc00000|100%| E|CS|TAMS 0x000000008cb00000, 0x000000008cb00000| Complete 
| 204|0x000000008cc00000, 0x000000008cd00000, 0x000000008cd00000|100%| E|CS|TAMS 0x000000008cc00000, 0x000000008cc00000| Complete 
| 205|0x000000008cd00000, 0x000000008ce00000, 0x000000008ce00000|100%| E|CS|TAMS 0x000000008cd00000, 0x000000008cd00000| Complete 
| 206|0x000000008ce00000, 0x000000008cf00000, 0x000000008cf00000|100%| E|CS|TAMS 0x000000008ce00000, 0x000000008ce00000| Complete 
| 207|0x000000008cf00000, 0x000000008d000000, 0x000000008d000000|100%| E|CS|TAMS 0x000000008cf00000, 0x000000008cf00000| Complete 
| 208|0x000000008d000000, 0x000000008d100000, 0x000000008d100000|100%| E|CS|TAMS 0x000000008d000000, 0x000000008d000000| Complete 
| 209|0x000000008d100000, 0x000000008d200000, 0x000000008d200000|100%| E|CS|TAMS 0x000000008d100000, 0x000000008d100000| Complete 
| 210|0x000000008d200000, 0x000000008d300000, 0x000000008d300000|100%| E|CS|TAMS 0x000000008d200000, 0x000000008d200000| Complete 
| 211|0x000000008d300000, 0x000000008d400000, 0x000000008d400000|100%| E|CS|TAMS 0x000000008d300000, 0x000000008d300000| Complete 
| 212|0x000000008d400000, 0x000000008d500000, 0x000000008d500000|100%| E|CS|TAMS 0x000000008d400000, 0x000000008d400000| Complete 
| 213|0x000000008d500000, 0x000000008d600000, 0x000000008d600000|100%| E|CS|TAMS 0x000000008d500000, 0x000000008d500000| Complete 
| 214|0x000000008d600000, 0x000000008d700000, 0x000000008d700000|100%| E|CS|TAMS 0x000000008d600000, 0x000000008d600000| Complete 
| 215|0x000000008d700000, 0x000000008d800000, 0x000000008d800000|100%| E|CS|TAMS 0x000000008d700000, 0x000000008d700000| Complete 
| 216|0x000000008d800000, 0x000000008d900000, 0x000000008d900000|100%| E|CS|TAMS 0x000000008d800000, 0x000000008d800000| Complete 
| 217|0x000000008d900000, 0x000000008da00000, 0x000000008da00000|100%| E|CS|TAMS 0x000000008d900000, 0x000000008d900000| Complete 
| 218|0x000000008da00000, 0x000000008db00000, 0x000000008db00000|100%| E|CS|TAMS 0x000000008da00000, 0x000000008da00000| Complete 
| 219|0x000000008db00000, 0x000000008dc00000, 0x000000008dc00000|100%| E|CS|TAMS 0x000000008db00000, 0x000000008db00000| Complete 
| 220|0x000000008dc00000, 0x000000008dd00000, 0x000000008dd00000|100%| E|CS|TAMS 0x000000008dc00000, 0x000000008dc00000| Complete 
| 221|0x000000008dd00000, 0x000000008de00000, 0x000000008de00000|100%| E|CS|TAMS 0x000000008dd00000, 0x000000008dd00000| Complete 
| 222|0x000000008de00000, 0x000000008df00000, 0x000000008df00000|100%| E|CS|TAMS 0x000000008de00000, 0x000000008de00000| Complete 
| 223|0x000000008df00000, 0x000000008e000000, 0x000000008e000000|100%| E|CS|TAMS 0x000000008df00000, 0x000000008df00000| Complete 
| 224|0x000000008e000000, 0x000000008e100000, 0x000000008e100000|100%| E|CS|TAMS 0x000000008e000000, 0x000000008e000000| Complete 
| 225|0x000000008e100000, 0x000000008e200000, 0x000000008e200000|100%| E|CS|TAMS 0x000000008e100000, 0x000000008e100000| Complete 
| 226|0x000000008e200000, 0x000000008e300000, 0x000000008e300000|100%| E|CS|TAMS 0x000000008e200000, 0x000000008e200000| Complete 
| 227|0x000000008e300000, 0x000000008e400000, 0x000000008e400000|100%| E|CS|TAMS 0x000000008e300000, 0x000000008e300000| Complete 
| 228|0x000000008e400000, 0x000000008e500000, 0x000000008e500000|100%| E|CS|TAMS 0x000000008e400000, 0x000000008e400000| Complete 
| 229|0x000000008e500000, 0x000000008e600000, 0x000000008e600000|100%| E|CS|TAMS 0x000000008e500000, 0x000000008e500000| Complete 
| 230|0x000000008e600000, 0x000000008e700000, 0x000000008e700000|100%| E|CS|TAMS 0x000000008e600000, 0x000000008e600000| Complete 
| 231|0x000000008e700000, 0x000000008e800000, 0x000000008e800000|100%| E|CS|TAMS 0x000000008e700000, 0x000000008e700000| Complete 
| 232|0x000000008e800000, 0x000000008e900000, 0x000000008e900000|100%| E|CS|TAMS 0x000000008e800000, 0x000000008e800000| Complete 
| 233|0x000000008e900000, 0x000000008ea00000, 0x000000008ea00000|100%| E|CS|TAMS 0x000000008e900000, 0x000000008e900000| Complete 
| 234|0x000000008ea00000, 0x000000008eb00000, 0x000000008eb00000|100%| E|CS|TAMS 0x000000008ea00000, 0x000000008ea00000| Complete 
| 235|0x000000008eb00000, 0x000000008ec00000, 0x000000008ec00000|100%| E|CS|TAMS 0x000000008eb00000, 0x000000008eb00000| Complete 
| 236|0x000000008ec00000, 0x000000008ed00000, 0x000000008ed00000|100%| E|CS|TAMS 0x000000008ec00000, 0x000000008ec00000| Complete 
| 237|0x000000008ed00000, 0x000000008ee00000, 0x000000008ee00000|100%| E|CS|TAMS 0x000000008ed00000, 0x000000008ed00000| Complete 
| 238|0x000000008ee00000, 0x000000008ef00000, 0x000000008ef00000|100%| E|CS|TAMS 0x000000008ee00000, 0x000000008ee00000| Complete 
| 239|0x000000008ef00000, 0x000000008f000000, 0x000000008f000000|100%| E|CS|TAMS 0x000000008ef00000, 0x000000008ef00000| Complete 

Card table byte_map: [0x0000024b2eac0000,0x0000024b2eec0000] _byte_map_base: 0x0000024b2e6c0000

Marking Bits (Prev, Next): (CMBitMap*) 0x0000024b1b8a7880, (CMBitMap*) 0x0000024b1b8a7848
 Prev Bits: [0x0000024b312c0000, 0x0000024b332c0000)
 Next Bits: [0x0000024b2f2c0000, 0x0000024b312c0000)

Polling page: 0x0000024b19880000

Metaspace:

Usage:
  Non-class:     74.30 MB capacity,    72.78 MB ( 98%) used,     1.23 MB (  2%) free+waste,   290.88 KB ( <1%) overhead. 
      Class:     11.95 MB capacity,    10.98 MB ( 92%) used,   849.30 KB (  7%) free+waste,   136.81 KB (  1%) overhead. 
       Both:     86.25 MB capacity,    83.77 MB ( 97%) used,     2.06 MB (  2%) free+waste,   427.69 KB ( <1%) overhead. 

Virtual space:
  Non-class space:       76.00 MB reserved,      74.42 MB ( 98%) committed 
      Class space:        1.00 GB reserved,      11.98 MB (  1%) committed 
             Both:        1.07 GB reserved,      86.40 MB (  8%) committed 

Chunk freelists:
   Non-Class:  0 bytes
       Class:  22.00 KB
        Both:  22.00 KB

MaxMetaspaceSize: 17179869184.00 GB
CompressedClassSpaceSize: 1.00 GB
Initial GC threshold: 20.80 MB
Current GC threshold: 98.59 MB
CDS: off

CodeHeap 'non-profiled nmethods': size=120000Kb used=5954Kb max_used=5954Kb free=114046Kb
 bounds [0x0000024b26e60000, 0x0000024b27440000, 0x0000024b2e390000]
CodeHeap 'profiled nmethods': size=120000Kb used=20321Kb max_used=20321Kb free=99679Kb
 bounds [0x0000024b1f930000, 0x0000024b20d10000, 0x0000024b26e60000]
CodeHeap 'non-nmethods': size=5760Kb used=2386Kb max_used=2457Kb free=3373Kb
 bounds [0x0000024b1f390000, 0x0000024b1f600000, 0x0000024b1f930000]
 total_blobs=10496 nmethods=9585 adapters=823
 compilation: enabled
              stopped_count=0, restarted_count=0
 full_count=0

Compilation events (20 events):
Event: 12.653 Thread 0x0000024b365c7800 nmethod 9468 0x0000024b2742a410 code [0x0000024b2742a5c0, 0x0000024b2742abd8]
Event: 12.653 Thread 0x0000024b365c7800 9506       4       java.util.regex.Pattern::atom (422 bytes)
Event: 12.653 Thread 0x0000024b365c8800 nmethod 9501 0x0000024b20cc1e10 code [0x0000024b20cc20e0, 0x0000024b20cc3308]
Event: 12.653 Thread 0x0000024b365c8800 9503       3       org.gradle.api.internal.attributes.DefaultCompatibilityRuleChain::execute (50 bytes)
Event: 12.653 Thread 0x0000024b365c8800 nmethod 9503 0x0000024b20cc3a90 code [0x0000024b20cc3ca0, 0x0000024b20cc4318]
Event: 12.654 Thread 0x0000024b365c8800 9508       3       org.gradle.api.internal.artifacts.transform.TransformationStep::requiresDependencies (10 bytes)
Event: 12.654 Thread 0x0000024b365c8800 nmethod 9508 0x0000024b20cc4510 code [0x0000024b20cc46c0, 0x0000024b20cc4888]
Event: 12.654 Thread 0x0000024b365c8800 9500       3       org.gradle.api.internal.attributes.DefaultCompatibilityRuleChain::doesSomething (18 bytes)
Event: 12.654 Thread 0x0000024b365c8800 nmethod 9500 0x0000024b20cc4990 code [0x0000024b20cc4b60, 0x0000024b20cc4d88]
Event: 12.654 Thread 0x0000024b365c8800 9502       3       org.gradle.api.internal.attributes.DefaultCompatibilityRuleChain::execute (9 bytes)
Event: 12.654 Thread 0x0000024b365c8800 nmethod 9502 0x0000024b20cc4e90 code [0x0000024b20cc5060, 0x0000024b20cc5308]
Event: 12.654 Thread 0x0000024b365c8800 9509       3       org.gradle.api.internal.attributes.EmptySchema::compatibilityRules (5 bytes)
Event: 12.654 Thread 0x0000024b365c8800 nmethod 9509 0x0000024b20cc5410 code [0x0000024b20cc55c0, 0x0000024b20cc56b8]
Event: 12.654 Thread 0x0000024b365c8800 9504       1       org.gradle.api.internal.artifacts.transform.ConsumerVariantMatchResult$ConsumerVariant::getTargetAttributes (5 bytes)
Event: 12.654 Thread 0x0000024b365c8800 nmethod 9504 0x0000024b2742b010 code [0x0000024b2742b1c0, 0x0000024b2742b278]
Event: 12.654 Thread 0x0000024b365c8800 9505       1       org.gradle.api.internal.artifacts.transform.ConsumerVariantMatchResult$ConsumerVariant::getTransformation (5 bytes)
Event: 12.654 Thread 0x0000024b365c8800 nmethod 9505 0x0000024b2742b310 code [0x0000024b2742b4c0, 0x0000024b2742b578]
Event: 12.654 Thread 0x0000024b365c8800 9507       1       org.gradle.api.internal.artifacts.transform.ConsumerProvidedVariantFinder$AttributeSpecificCache::access$000 (5 bytes)
Event: 12.654 Thread 0x0000024b365c8800 nmethod 9507 0x0000024b2742b610 code [0x0000024b2742b7c0, 0x0000024b2742b858]
Event: 12.655 Thread 0x0000024b365c8800 9510       1       org.gradle.api.internal.artifacts.transform.SingleMatchConsumerVariantMatchResult::getMatches (5 bytes)

GC Heap History (20 events):
Event: 0.802 GC heap before
{Heap before GC invocations=0 (full 0):
 garbage-first heap   total 245760K, used 29696K [0x0000000080000000, 0x0000000100000000)
  region size 1024K, 24 young (24576K), 0 survivors (0K)
 Metaspace       used 10112K, capacity 10339K, committed 10624K, reserved 1058816K
  class space    used 1030K, capacity 1106K, committed 1152K, reserved 1048576K
}
Event: 0.807 GC heap after
{Heap after GC invocations=1 (full 0):
 garbage-first heap   total 245760K, used 9320K [0x0000000080000000, 0x0000000100000000)
  region size 1024K, 3 young (3072K), 3 survivors (3072K)
 Metaspace       used 10112K, capacity 10339K, committed 10624K, reserved 1058816K
  class space    used 1030K, capacity 1106K, committed 1152K, reserved 1048576K
}
Event: 2.643 GC heap before
{Heap before GC invocations=1 (full 0):
 garbage-first heap   total 245760K, used 108648K [0x0000000080000000, 0x0000000100000000)
  region size 1024K, 101 young (103424K), 3 survivors (3072K)
 Metaspace       used 20783K, capacity 21195K, committed 21296K, reserved 1069056K
  class space    used 2522K, capacity 2685K, committed 2688K, reserved 1048576K
}
Event: 2.653 GC heap after
{Heap after GC invocations=2 (full 0):
 garbage-first heap   total 245760K, used 16825K [0x0000000080000000, 0x0000000100000000)
  region size 1024K, 11 young (11264K), 11 survivors (11264K)
 Metaspace       used 20783K, capacity 21195K, committed 21296K, reserved 1069056K
  class space    used 2522K, capacity 2685K, committed 2688K, reserved 1048576K
}
Event: 2.844 GC heap before
{Heap before GC invocations=3 (full 0):
 garbage-first heap   total 245760K, used 38329K [0x0000000080000000, 0x0000000100000000)
  region size 1024K, 32 young (32768K), 11 survivors (11264K)
 Metaspace       used 22708K, capacity 23244K, committed 23472K, reserved 1069056K
  class space    used 2861K, capacity 3034K, committed 3072K, reserved 1048576K
}
Event: 2.851 GC heap after
{Heap after GC invocations=4 (full 0):
 garbage-first heap   total 245760K, used 17938K [0x0000000080000000, 0x0000000100000000)
  region size 1024K, 1 young (1024K), 1 survivors (1024K)
 Metaspace       used 22708K, capacity 23244K, committed 23472K, reserved 1069056K
  class space    used 2861K, capacity 3034K, committed 3072K, reserved 1048576K
}
Event: 4.228 GC heap before
{Heap before GC invocations=4 (full 0):
 garbage-first heap   total 245760K, used 118290K [0x0000000080000000, 0x0000000100000000)
  region size 1024K, 101 young (103424K), 1 survivors (1024K)
 Metaspace       used 34904K, capacity 35732K, committed 35888K, reserved 1081344K
  class space    used 4559K, capacity 4889K, committed 4992K, reserved 1048576K
}
Event: 4.240 GC heap after
{Heap after GC invocations=5 (full 0):
 garbage-first heap   total 245760K, used 22511K [0x0000000080000000, 0x0000000100000000)
  region size 1024K, 6 young (6144K), 6 survivors (6144K)
 Metaspace       used 34904K, capacity 35732K, committed 35888K, reserved 1081344K
  class space    used 4559K, capacity 4889K, committed 4992K, reserved 1048576K
}
Event: 5.669 GC heap before
{Heap before GC invocations=6 (full 0):
 garbage-first heap   total 245760K, used 144367K [0x0000000080000000, 0x0000000100000000)
  region size 1024K, 122 young (124928K), 6 survivors (6144K)
 Metaspace       used 45818K, capacity 46885K, committed 46896K, reserved 1089536K
  class space    used 5827K, capacity 6264K, committed 6272K, reserved 1048576K
}
Event: 5.683 GC heap after
{Heap after GC invocations=7 (full 0):
 garbage-first heap   total 245760K, used 30797K [0x0000000080000000, 0x0000000100000000)
  region size 1024K, 14 young (14336K), 14 survivors (14336K)
 Metaspace       used 45818K, capacity 46885K, committed 46896K, reserved 1089536K
  class space    used 5827K, capacity 6264K, committed 6272K, reserved 1048576K
}
Event: 7.253 GC heap before
{Heap before GC invocations=7 (full 0):
 garbage-first heap   total 245760K, used 164941K [0x0000000080000000, 0x0000000100000000)
  region size 1024K, 143 young (146432K), 14 survivors (14336K)
 Metaspace       used 55873K, capacity 57220K, committed 57520K, reserved 1099776K
  class space    used 7050K, capacity 7585K, committed 7680K, reserved 1048576K
}
Event: 7.271 GC heap after
{Heap after GC invocations=8 (full 0):
 garbage-first heap   total 245760K, used 42360K [0x0000000080000000, 0x0000000100000000)
  region size 1024K, 18 young (18432K), 18 survivors (18432K)
 Metaspace       used 55873K, capacity 57220K, committed 57520K, reserved 1099776K
  class space    used 7050K, capacity 7585K, committed 7680K, reserved 1048576K
}
Event: 7.636 GC heap before
{Heap before GC invocations=8 (full 0):
 garbage-first heap   total 245760K, used 62840K [0x0000000080000000, 0x0000000100000000)
  region size 1024K, 39 young (39936K), 18 survivors (18432K)
 Metaspace       used 58651K, capacity 60174K, committed 60208K, reserved 1101824K
  class space    used 7448K, capacity 8040K, committed 8064K, reserved 1048576K
}
Event: 7.659 GC heap after
{Heap after GC invocations=9 (full 0):
 garbage-first heap   total 245760K, used 44809K [0x0000000080000000, 0x0000000100000000)
  region size 1024K, 3 young (3072K), 3 survivors (3072K)
 Metaspace       used 58651K, capacity 60174K, committed 60208K, reserved 1101824K
  class space    used 7448K, capacity 8040K, committed 8064K, reserved 1048576K
}
Event: 8.981 GC heap before
{Heap before GC invocations=10 (full 0):
 garbage-first heap   total 245760K, used 171785K [0x0000000080000000, 0x0000000100000000)
  region size 1024K, 119 young (121856K), 3 survivors (3072K)
 Metaspace       used 65473K, capacity 67092K, committed 67356K, reserved 1107968K
  class space    used 8318K, capacity 8980K, committed 9068K, reserved 1048576K
}
Event: 8.991 GC heap after
{Heap after GC invocations=11 (full 0):
 garbage-first heap   total 245760K, used 52629K [0x0000000080000000, 0x0000000100000000)
  region size 1024K, 11 young (11264K), 11 survivors (11264K)
 Metaspace       used 65473K, capacity 67092K, committed 67356K, reserved 1107968K
  class space    used 8318K, capacity 8980K, committed 9068K, reserved 1048576K
}
Event: 10.723 GC heap before
{Heap before GC invocations=11 (full 0):
 garbage-first heap   total 245760K, used 170389K [0x0000000080000000, 0x0000000100000000)
  region size 1024K, 126 young (129024K), 11 survivors (11264K)
 Metaspace       used 78045K, capacity 79913K, committed 80028K, reserved 1118208K
  class space    used 10230K, capacity 10976K, committed 10988K, reserved 1048576K
}
Event: 10.737 GC heap after
{Heap after GC invocations=12 (full 0):
 garbage-first heap   total 245760K, used 59824K [0x0000000080000000, 0x0000000100000000)
  region size 1024K, 8 young (8192K), 8 survivors (8192K)
 Metaspace       used 78045K, capacity 79913K, committed 80028K, reserved 1118208K
  class space    used 10230K, capacity 10976K, committed 10988K, reserved 1048576K
}
Event: 12.007 GC heap before
{Heap before GC invocations=12 (full 0):
 garbage-first heap   total 245760K, used 177584K [0x0000000080000000, 0x0000000100000000)
  region size 1024K, 124 young (126976K), 8 survivors (8192K)
 Metaspace       used 84233K, capacity 86536K, committed 86684K, reserved 1124352K
  class space    used 11026K, capacity 11890K, committed 12012K, reserved 1048576K
}
Event: 12.023 GC heap after
{Heap after GC invocations=13 (full 0):
 garbage-first heap   total 245760K, used 71067K [0x0000000080000000, 0x0000000100000000)
  region size 1024K, 16 young (16384K), 16 survivors (16384K)
 Metaspace       used 84233K, capacity 86536K, committed 86684K, reserved 1124352K
  class space    used 11026K, capacity 11890K, committed 12012K, reserved 1048576K
}

Deoptimization events (20 events):
Event: 12.586 Thread 0x0000024b3b9a1000 DEOPT PACKING pc=0x0000024b2092f6c4 sp=0x000000c803afcd70
Event: 12.586 Thread 0x0000024b3b9a1000 DEOPT UNPACKING pc=0x0000024b1f3da95e sp=0x000000c803afc310 mode 0
Event: 12.619 Thread 0x0000024b37b0a000 Uncommon trap: trap_request=0xffffff4d fr.pc=0x0000024b27402d38 relative=0x0000000000000278
Event: 12.619 Thread 0x0000024b37b0a000 Uncommon trap: reason=unstable_if action=reinterpret pc=0x0000024b27402d38 method=org.gradle.internal.file.FileHierarchySet$Node.isChildOfOrThis(Ljava/lang/String;I)Z @ 72 c2
Event: 12.619 Thread 0x0000024b37b0a000 DEOPT PACKING pc=0x0000024b27402d38 sp=0x000000c808efd2d0
Event: 12.619 Thread 0x0000024b37b0a000 DEOPT UNPACKING pc=0x0000024b1f3da1af sp=0x000000c808efd238 mode 2
Event: 12.637 Thread 0x0000024b37b08800 Uncommon trap: trap_request=0xffffff4d fr.pc=0x0000024b27418814 relative=0x0000000000000594
Event: 12.637 Thread 0x0000024b37b08800 Uncommon trap: reason=unstable_if action=reinterpret pc=0x0000024b27418814 method=org.gradle.tooling.internal.provider.runner.ClientBuildEventGenerator$Disabled.accept(Lorg/gradle/internal/operations/BuildOperationDescriptor;)Lorg/gradle/tooling/internal/
Event: 12.637 Thread 0x0000024b37b08800 DEOPT PACKING pc=0x0000024b27418814 sp=0x000000c8022fe1e0
Event: 12.637 Thread 0x0000024b37b08800 DEOPT UNPACKING pc=0x0000024b1f3da1af sp=0x000000c8022fe130 mode 2
Event: 12.637 Thread 0x0000024b37aff800 Uncommon trap: trap_request=0xffffffc6 fr.pc=0x0000024b26fcf544 relative=0x00000000000002c4
Event: 12.637 Thread 0x0000024b37aff800 Uncommon trap: reason=bimorphic_or_optimized_type_check action=maybe_recompile pc=0x0000024b26fcf544 method=java.util.Spliterators$IteratorSpliterator.tryAdvance(Ljava/util/function/Consumer;)Z @ 50 c2
Event: 12.637 Thread 0x0000024b37aff800 DEOPT PACKING pc=0x0000024b26fcf544 sp=0x000000c808bfe740
Event: 12.637 Thread 0x0000024b37aff800 DEOPT UNPACKING pc=0x0000024b1f3da1af sp=0x000000c808bfe6e0 mode 2
Event: 12.637 Thread 0x0000024b37aff800 Uncommon trap: trap_request=0xffffffc6 fr.pc=0x0000024b26fcf544 relative=0x00000000000002c4
Event: 12.637 Thread 0x0000024b37aff800 Uncommon trap: reason=bimorphic_or_optimized_type_check action=maybe_recompile pc=0x0000024b26fcf544 method=java.util.Spliterators$IteratorSpliterator.tryAdvance(Ljava/util/function/Consumer;)Z @ 50 c2
Event: 12.637 Thread 0x0000024b37aff800 DEOPT PACKING pc=0x0000024b26fcf544 sp=0x000000c808bfe740
Event: 12.637 Thread 0x0000024b37aff800 DEOPT UNPACKING pc=0x0000024b1f3da1af sp=0x000000c808bfe6e0 mode 2
Event: 12.647 Thread 0x0000024b37b08800 DEOPT PACKING pc=0x0000024b204dbfd6 sp=0x000000c8022fd710
Event: 12.647 Thread 0x0000024b37b08800 DEOPT UNPACKING pc=0x0000024b1f3da95e sp=0x000000c8022fccb0 mode 0

Classes redefined (0 events):
No events

Internal exceptions (20 events):
Event: 11.985 Thread 0x0000024b37b0a000 Exception <a 'java/lang/NoSuchMethodError'{0x00000000894826a0}: 'void java.lang.invoke.DirectMethodHandle$Holder.invokeInterface(java.lang.Object, java.lang.Object, java.lang.Object, java.lang.Object)'> (0x00000000894826a0) thrown at [src/hotspot/share/interpreter/linkResolver.cpp, line 773]
Event: 11.999 Thread 0x0000024b37b08800 Exception <a 'sun/nio/fs/WindowsException'{0x00000000878ac628}> (0x00000000878ac628) thrown at [src/hotspot/share/prims/jni.cpp, line 617]
Event: 12.156 Thread 0x0000024b37b0a000 Exception <a 'java/lang/NoSuchMethodError'{0x000000008e9d4250}: 'void java.lang.invoke.DirectMethodHandle$Holder.invokeStatic(java.lang.Object, java.lang.Object, java.lang.Object, java.lang.Object, int, java.lang.Object, java.lang.Object)'> (0x000000008e9d4250) thrown at [src/hotspot/share/interpreter/linkResolver.cpp, line 773]
Event: 12.192 Thread 0x0000024b36d06000 Exception <a 'java/lang/NoSuchMethodError'{0x000000008e1fe988}: 'java.lang.Object java.lang.invoke.DirectMethodHandle$Holder.invokeSpecialIFC(java.lang.Object, java.lang.Object, java.lang.Object)'> (0x000000008e1fe988) thrown at [src/hotspot/share/interpreter/linkResolver.cpp, line 773]
Event: 12.192 Thread 0x0000024b36d0f000 Exception <a 'java/lang/NoSuchMethodError'{0x000000008e1acb50}: 'java.lang.Object java.lang.invoke.DirectMethodHandle$Holder.invokeSpecialIFC(java.lang.Object, java.lang.Object, java.lang.Object)'> (0x000000008e1acb50) thrown at [src/hotspot/share/interpreter/linkResolver.cpp, line 773]
Event: 12.192 Thread 0x0000024b3b9a0000 Exception <a 'java/lang/NoSuchMethodError'{0x000000008e1df400}: 'java.lang.Object java.lang.invoke.DirectMethodHandle$Holder.invokeSpecialIFC(java.lang.Object, java.lang.Object, java.lang.Object)'> (0x000000008e1df400) thrown at [src/hotspot/share/interpreter/linkResolver.cpp, line 773]
Event: 12.192 Thread 0x0000024b3b99e800 Exception <a 'java/lang/NoSuchMethodError'{0x000000008e0549c8}: 'java.lang.Object java.lang.invoke.DirectMethodHandle$Holder.invokeSpecialIFC(java.lang.Object, java.lang.Object, java.lang.Object)'> (0x000000008e0549c8) thrown at [src/hotspot/share/interpreter/linkResolver.cpp, line 773]
Event: 12.192 Thread 0x0000024b3acaa800 Exception <a 'java/lang/NoSuchMethodError'{0x000000008e06ba50}: 'java.lang.Object java.lang.invoke.DirectMethodHandle$Holder.invokeSpecialIFC(java.lang.Object, java.lang.Object, java.lang.Object)'> (0x000000008e06ba50) thrown at [src/hotspot/share/interpreter/linkResolver.cpp, line 773]
Event: 12.192 Thread 0x0000024b3b9a8000 Exception <a 'java/lang/NoSuchMethodError'{0x000000008e037ba0}: 'java.lang.Object java.lang.invoke.DirectMethodHandle$Holder.invokeSpecialIFC(java.lang.Object, java.lang.Object, java.lang.Object)'> (0x000000008e037ba0) thrown at [src/hotspot/share/interpreter/linkResolver.cpp, line 773]
Event: 12.192 Thread 0x0000024b37b0a000 Exception <a 'java/lang/NoSuchMethodError'{0x000000008e012ec8}: 'java.lang.Object java.lang.invoke.DirectMethodHandle$Holder.invokeSpecialIFC(java.lang.Object, java.lang.Object, java.lang.Object)'> (0x000000008e012ec8) thrown at [src/hotspot/share/interpreter/linkResolver.cpp, line 773]
Event: 12.192 Thread 0x0000024b3b9ac000 Exception <a 'java/lang/NoSuchMethodError'{0x000000008e02dcb8}: 'java.lang.Object java.lang.invoke.DirectMethodHandle$Holder.invokeSpecialIFC(java.lang.Object, java.lang.Object, java.lang.Object)'> (0x000000008e02dcb8) thrown at [src/hotspot/share/interpreter/linkResolver.cpp, line 773]
Event: 12.217 Thread 0x0000024b3799d000 Implicit null exception at 0x0000024b271c9f94 to 0x0000024b271ca5fc
Event: 12.217 Thread 0x0000024b3799d000 Implicit null exception at 0x0000024b27192314 to 0x0000024b27192954
Event: 12.226 Thread 0x0000024b37b0a000 Exception <a 'java/lang/NoSuchMethodError'{0x000000008dd9c700}: 'int java.lang.invoke.DirectMethodHandle$Holder.invokeStaticInit(java.lang.Object, java.lang.Object, java.lang.Object, java.lang.Object, java.lang.Object)'> (0x000000008dd9c700) thrown at [src/hotspot/share/interpreter/linkResolver.cpp, line 773]
Event: 12.327 Thread 0x0000024b3aca3800 Implicit null exception at 0x0000024b273f5bc2 to 0x0000024b273f6578
Event: 12.327 Thread 0x0000024b3aca3800 Implicit null exception at 0x0000024b273f5bc2 to 0x0000024b273f6578
Event: 12.336 Thread 0x0000024b3aca2000 Implicit null exception at 0x0000024b273f5bc2 to 0x0000024b273f6578
Event: 12.336 Thread 0x0000024b3aca2000 Implicit null exception at 0x0000024b273f5bc2 to 0x0000024b273f6578
Event: 12.523 Thread 0x0000024b3acab000 Implicit null exception at 0x0000024b2740ff0c to 0x0000024b2741096c
Event: 12.634 Thread 0x0000024b37b0a000 Exception <a 'java/lang/NoSuchMethodError'{0x000000008bc7a470}: <clinit>> (0x000000008bc7a470) thrown at [src/hotspot/share/prims/jni.cpp, line 1367]

Events (20 events):
Event: 12.632 loading class org/gradle/api/artifacts/component/ComponentArtifactIdentifier done
Event: 12.633 loading class org/gradle/api/artifacts/component/LibraryBinaryIdentifier
Event: 12.633 loading class org/gradle/api/artifacts/component/LibraryBinaryIdentifier done
Event: 12.633 loading class org/gradle/api/artifacts/component/LibraryBinaryIdentifier
Event: 12.633 loading class org/gradle/api/artifacts/component/LibraryBinaryIdentifier done
Event: 12.636 Thread 0x0000024b37b0b000 Thread added: 0x0000024b37b0b000
Event: 12.637 loading class java/io/ObjectInputStream$GetFieldImpl
Event: 12.637 loading class java/io/ObjectInputStream$GetField
Event: 12.637 loading class java/io/ObjectInputStream$GetField done
Event: 12.637 loading class java/io/ObjectInputStream$GetFieldImpl done
Event: 12.649 loading class com/android/build/gradle/internal/tasks/AarMetadataReader
Event: 12.649 loading class com/android/build/gradle/internal/tasks/AarMetadataReader done
Event: 12.651 loading class com/android/build/gradle/internal/utils/SdkUtilsKt
Event: 12.651 loading class com/android/build/gradle/internal/utils/SdkUtilsKt done
Event: 12.652 loading class com/android/build/gradle/internal/utils/CompileData
Event: 12.652 loading class com/android/build/gradle/internal/utils/CompileData done
Event: 12.653 loading class com/google/common/base/Verify
Event: 12.653 loading class com/google/common/base/Verify done
Event: 12.654 loading class com/google/common/base/VerifyException
Event: 12.654 loading class com/google/common/base/VerifyException done


Dynamic libraries:
0x00007ff60c9d0000 - 0x00007ff60c9da000 	C:\Program Files\Android\Android Studio\jbr\bin\java.exe
0x00007ff8a0910000 - 0x00007ff8a0b08000 	C:\Windows\SYSTEM32\ntdll.dll
0x00007ff89f060000 - 0x00007ff89f11f000 	C:\Windows\System32\KERNEL32.DLL
0x00007ff89e2f0000 - 0x00007ff89e5c2000 	C:\Windows\System32\KERNELBASE.dll
0x00007ff89e160000 - 0x00007ff89e260000 	C:\Windows\System32\ucrtbase.dll
0x00007ff890900000 - 0x00007ff890917000 	C:\Program Files\Android\Android Studio\jbr\bin\jli.dll
0x00007ff8982d0000 - 0x00007ff8982eb000 	C:\Program Files\Android\Android Studio\jbr\bin\VCRUNTIME140.dll
0x00007ff8a0570000 - 0x00007ff8a0711000 	C:\Windows\System32\USER32.dll
0x00007ff888ff0000 - 0x00007ff88928a000 	C:\Windows\WinSxS\amd64_microsoft.windows.common-controls_6595b64144ccf1df_6.0.19041.1110_none_60b5254171f9507e\COMCTL32.dll
0x00007ff89e010000 - 0x00007ff89e032000 	C:\Windows\System32\win32u.dll
0x00007ff8a0110000 - 0x00007ff8a01ae000 	C:\Windows\System32\msvcrt.dll
0x00007ff89e960000 - 0x00007ff89e98b000 	C:\Windows\System32\GDI32.dll
0x00007ff89e670000 - 0x00007ff89e77f000 	C:\Windows\System32\gdi32full.dll
0x00007ff89e5d0000 - 0x00007ff89e66d000 	C:\Windows\System32\msvcp_win.dll
0x00007ff8a0290000 - 0x00007ff8a02c0000 	C:\Windows\System32\IMM32.DLL
0x00007ff89b530000 - 0x00007ff89b53c000 	C:\Program Files\Android\Android Studio\jbr\bin\vcruntime140_1.dll
0x00007ff88d1b0000 - 0x00007ff88d23d000 	C:\Program Files\Android\Android Studio\jbr\bin\msvcp140.dll
0x00007ff845d00000 - 0x00007ff8468bc000 	C:\Program Files\Android\Android Studio\jbr\bin\server\jvm.dll
0x00007ff89f190000 - 0x00007ff89f23e000 	C:\Windows\System32\ADVAPI32.dll
0x00007ff89ef30000 - 0x00007ff89efcc000 	C:\Windows\System32\sechost.dll
0x00007ff89ee00000 - 0x00007ff89ef24000 	C:\Windows\System32\RPCRT4.dll
0x00007ff89f120000 - 0x00007ff89f128000 	C:\Windows\System32\PSAPI.DLL
0x00007ff8934a0000 - 0x00007ff8934c7000 	C:\Windows\SYSTEM32\WINMM.dll
0x00007ff8934d0000 - 0x00007ff8934da000 	C:\Windows\SYSTEM32\VERSION.dll
0x00007ff891020000 - 0x00007ff891029000 	C:\Windows\SYSTEM32\WSOCK32.dll
0x00007ff8a03d0000 - 0x00007ff8a043b000 	C:\Windows\System32\WS2_32.dll
0x00007ff89bed0000 - 0x00007ff89bee2000 	C:\Windows\SYSTEM32\kernel.appcore.dll
0x00007ff890c90000 - 0x00007ff890ca0000 	C:\Program Files\Android\Android Studio\jbr\bin\verify.dll
0x00007ff894660000 - 0x00007ff894844000 	C:\Windows\SYSTEM32\DBGHELP.DLL
0x00007ff8898c0000 - 0x00007ff8898f5000 	C:\Windows\SYSTEM32\dbgcore.DLL
0x00007ff89e260000 - 0x00007ff89e2e2000 	C:\Windows\System32\bcryptPrimitives.dll
0x00007ff8827d0000 - 0x00007ff8827f8000 	C:\Program Files\Android\Android Studio\jbr\bin\java.dll
0x00007ff88db20000 - 0x00007ff88db2a000 	C:\Program Files\Android\Android Studio\jbr\bin\jimage.dll
0x00007ff883460000 - 0x00007ff883478000 	C:\Program Files\Android\Android Studio\jbr\bin\zip.dll
0x00007ff89f8a0000 - 0x00007ff89ffe5000 	C:\Windows\System32\SHELL32.dll
0x00007ff89c0d0000 - 0x00007ff89c862000 	C:\Windows\SYSTEM32\windows.storage.dll
0x00007ff89f540000 - 0x00007ff89f895000 	C:\Windows\System32\combase.dll
0x00007ff89d990000 - 0x00007ff89d9c0000 	C:\Windows\SYSTEM32\Wldp.dll
0x00007ff8a0320000 - 0x00007ff8a03cd000 	C:\Windows\System32\SHCORE.dll
0x00007ff8a01b0000 - 0x00007ff8a0205000 	C:\Windows\System32\shlwapi.dll
0x00007ff89df50000 - 0x00007ff89df6f000 	C:\Windows\SYSTEM32\profapi.dll
0x00007ff883390000 - 0x00007ff8833a9000 	C:\Program Files\Android\Android Studio\jbr\bin\net.dll
0x00007ff895320000 - 0x00007ff89542a000 	C:\Windows\SYSTEM32\WINHTTP.dll
0x00007ff89d6f0000 - 0x00007ff89d75a000 	C:\Windows\system32\mswsock.dll
0x00007ff883240000 - 0x00007ff883253000 	C:\Program Files\Android\Android Studio\jbr\bin\nio.dll
0x00007ff88d2a0000 - 0x00007ff88d2c7000 	C:\Users\BlackWell\.gradle\native\e1d6ef7f7dcc3fd88c89a11ec53ec762bb8ba0a96d01ffa2cd45eb1d1d8dd5c5\windows-amd64\native-platform.dll
0x00007ff88d060000 - 0x00007ff88d1a4000 	C:\Users\BlackWell\.gradle\native\0d407fdbe67a94daf76414ababcb853783967236a71b16ec16e742cd7a986fd3\windows-amd64\native-platform-file-events.dll
0x00007ff88d790000 - 0x00007ff88d79a000 	C:\Program Files\Android\Android Studio\jbr\bin\management.dll
0x00007ff88d3e0000 - 0x00007ff88d3eb000 	C:\Program Files\Android\Android Studio\jbr\bin\management_ext.dll
0x00007ff89d8e0000 - 0x00007ff89d8f8000 	C:\Windows\SYSTEM32\CRYPTSP.dll
0x00007ff89d010000 - 0x00007ff89d044000 	C:\Windows\system32\rsaenh.dll
0x00007ff89e8e0000 - 0x00007ff89e907000 	C:\Windows\System32\bcrypt.dll
0x00007ff89df10000 - 0x00007ff89df3e000 	C:\Windows\SYSTEM32\USERENV.dll
0x00007ff89d900000 - 0x00007ff89d90c000 	C:\Windows\SYSTEM32\CRYPTBASE.dll
0x00007ff89d3e0000 - 0x00007ff89d41b000 	C:\Windows\SYSTEM32\IPHLPAPI.DLL
0x00007ff89f050000 - 0x00007ff89f058000 	C:\Windows\System32\NSI.dll
0x00007ff895d90000 - 0x00007ff895da7000 	C:\Windows\SYSTEM32\dhcpcsvc6.DLL
0x00007ff896000000 - 0x00007ff89601d000 	C:\Windows\SYSTEM32\dhcpcsvc.DLL
0x00007ff89d420000 - 0x00007ff89d4eb000 	C:\Windows\SYSTEM32\DNSAPI.dll

dbghelp: loaded successfully - version: 4.0.5 - missing functions: none
symbol engine: initialized successfully - sym options: 0x614 - pdb path: .;C:\Program Files\Android\Android Studio\jbr\bin;C:\Windows\SYSTEM32;C:\Windows\WinSxS\amd64_microsoft.windows.common-controls_6595b64144ccf1df_6.0.19041.1110_none_60b5254171f9507e;C:\Program Files\Android\Android Studio\jbr\bin\server;C:\Users\BlackWell\.gradle\native\e1d6ef7f7dcc3fd88c89a11ec53ec762bb8ba0a96d01ffa2cd45eb1d1d8dd5c5\windows-amd64;C:\Users\BlackWell\.gradle\native\0d407fdbe67a94daf76414ababcb853783967236a71b16ec16e742cd7a986fd3\windows-amd64

VM Arguments:
jvm_args: --add-opens=java.base/java.util=ALL-UNNAMED --add-opens=java.base/java.lang=ALL-UNNAMED --add-opens=java.base/java.lang.invoke=ALL-UNNAMED --add-opens=java.base/java.util=ALL-UNNAMED --add-opens=java.prefs/java.util.prefs=ALL-UNNAMED --add-opens=java.prefs/java.util.prefs=ALL-UNNAMED --add-opens=java.base/java.nio.charset=ALL-UNNAMED --add-opens=java.base/java.net=ALL-UNNAMED --add-opens=java.base/java.util.concurrent.atomic=ALL-UNNAMED -Xmx2048m -Dfile.encoding=UTF-8 -Duser.country=UA -Duser.language=uk -Duser.variant 
java_command: org.gradle.launcher.daemon.bootstrap.GradleDaemon 7.5
java_class_path (initial): C:\Users\BlackWell\.gradle\wrapper\dists\gradle-7.5-bin\f1w0cc9nuo0eivz97x2xlu9sv\gradle-7.5\lib\gradle-launcher-7.5.jar
Launcher Type: SUN_STANDARD

[Global flags]
     intx CICompilerCount                          = 4                                         {product} {ergonomic}
     uint ConcGCThreads                            = 2                                         {product} {ergonomic}
     uint G1ConcRefinementThreads                  = 8                                         {product} {ergonomic}
   size_t G1HeapRegionSize                         = 1048576                                   {product} {ergonomic}
    uintx GCDrainStackTargetSize                   = 64                                        {product} {ergonomic}
   size_t InitialHeapSize                          = 251658240                                 {product} {ergonomic}
   size_t MarkStackSize                            = 4194304                                   {product} {ergonomic}
   size_t MaxHeapSize                              = 2147483648                                {product} {command line}
   size_t MaxNewSize                               = 1287651328                                {product} {ergonomic}
   size_t MinHeapDeltaBytes                        = 1048576                                   {product} {ergonomic}
    uintx NonNMethodCodeHeapSize                   = 5836300                                {pd product} {ergonomic}
    uintx NonProfiledCodeHeapSize                  = 122910970                              {pd product} {ergonomic}
    uintx ProfiledCodeHeapSize                     = 122910970                              {pd product} {ergonomic}
    uintx ReservedCodeCacheSize                    = 251658240                              {pd product} {ergonomic}
     bool SegmentedCodeCache                       = true                                      {product} {ergonomic}
     bool UseCompressedClassPointers               = true                                 {lp64_product} {ergonomic}
     bool UseCompressedOops                        = true                                 {lp64_product} {ergonomic}
     bool UseG1GC                                  = true                                      {product} {ergonomic}
     bool UseLargePagesIndividualAllocation        = false                                  {pd product} {ergonomic}

Logging:
Log output configuration:
 #0: stdout all=warning uptime,level,tags
 #1: stderr all=off uptime,level,tags

Environment Variables:
JAVA_HOME=C:\Program Files\Java\jdk-19
PATH=C:\Python311\Scripts\;C:\Python311\;C:\Program Files\Common Files\Oracle\Java\javapath;C:\Windows\system32;C:\Windows;C:\Windows\System32\Wbem;C:\Windows\System32\WindowsPowerShell\v1.0\;C:\Windows\System32\OpenSSH\;C:\Program Files\dotnet\;C:\Program Files\nodejs\;C:\ProgramData\chocolatey\bin;C:\Program Files\Git\cmd;C:\Users\BlackWell\AppData\Local\Microsoft\WindowsApps;C:\Users\BlackWell\.dotnet\tools;C:\Users\BlackWell\AppData\Roaming\npm;C:\Users\BlackWell\AppData\Local\GitHubDesktop\bin;C:\Users\BlackWell\AppData\Local\Programs\Microsoft VS Code\bin
USERNAME=BlackWell
OS=Windows_NT
PROCESSOR_IDENTIFIER=AMD64 Family 23 Model 17 Stepping 0, AuthenticAMD



---------------  S Y S T E M  ---------------

OS: Windows 10 , 64 bit Build 19041 (10.0.19041.2546)
OS uptime: 1 days 17:10 hours

CPU:total 8 (initial active 8) (8 cores per cpu, 2 threads per core) family 23 model 17 stepping 0 microcode 0x0, cmov, cx8, fxsr, mmx, sse, sse2, sse3, ssse3, sse4.1, sse4.2, popcnt, avx, avx2, aes, clmul, mmxext, 3dnowpref, lzcnt, sse4a, ht, tsc, tscinvbit, tscinv, bmi1, bmi2, adx, sha, fma

Memory: 4k page, system-wide physical 15267M (2163M free)
TotalPageFile size 15267M (AvailPageFile size 5M)
current process WorkingSet (physical memory assigned to process): 478M, peak: 478M
current process commit charge ("private bytes"): 543M, peak: 544M

vm_info: OpenJDK 64-Bit Server VM (11.0.15+0-b2043.56-9505619) for windows-amd64 JRE (11.0.15+0-b2043.56-9505619), built on Jan 19 2023 02:48:00 by "builduser" with unknown MS VC++:1929

END.
