#
# There is insufficient memory for the Java Runtime Environment to continue.
# Native memory allocation (malloc) failed to allocate 635216 bytes for Chunk::new
# Possible reasons:
#   The system is out of physical RAM or swap space
#   The process is running with CompressedOops enabled, and the Java Heap may be blocking the growth of the native heap
# Possible solutions:
#   Reduce memory load on the system
#   Increase physical memory or swap space
#   Check if swap backing store is full
#   Decrease Java heap size (-Xmx/-Xms)
#   Decrease number of Java threads
#   Decrease Java thread stack sizes (-Xss)
#   Set larger code cache with -XX:ReservedCodeCacheSize=
#   JVM is running with Unscaled Compressed Oops mode in which the Java heap is
#     placed in the first 4GB address space. The Java Heap base address is the
#     maximum limit for the native heap growth. Please use -XX:HeapBaseMinAddress
#     to set the Java Heap base and to place the Java Heap above 4GB virtual address.
# This output file may be truncated or incomplete.
#
#  Out of Memory Error (src/hotspot/share/memory/arena.cpp:197), pid=15904, tid=14064
#
# JRE version: OpenJDK Runtime Environment (11.0.15) (build 11.0.15+0-b2043.56-9505619)
# Java VM: OpenJDK 64-Bit Server VM (11.0.15+0-b2043.56-9505619, mixed mode, tiered, compressed oops, g1 gc, windows-amd64)
# No core dump will be written. Minidumps are not enabled by default on client versions of Windows
#

---------------  S U M M A R Y ------------

Command Line: --add-opens=java.base/java.util=ALL-UNNAMED --add-opens=java.base/java.lang=ALL-UNNAMED --add-opens=java.base/java.lang.invoke=ALL-UNNAMED --add-opens=java.base/java.util=ALL-UNNAMED --add-opens=java.prefs/java.util.prefs=ALL-UNNAMED --add-opens=java.prefs/java.util.prefs=ALL-UNNAMED --add-opens=java.base/java.nio.charset=ALL-UNNAMED --add-opens=java.base/java.net=ALL-UNNAMED --add-opens=java.base/java.util.concurrent.atomic=ALL-UNNAMED -Xmx2048m -Dfile.encoding=UTF-8 -Duser.country=UA -Duser.language=uk -Duser.variant org.gradle.launcher.daemon.bootstrap.GradleDaemon 7.5

Host: AMD Ryzen 5 2500U with Radeon Vega Mobile Gfx  , 8 cores, 14G,  Windows 10 , 64 bit Build 19041 (10.0.19041.2546)
Time: Wed Apr  5 15:36:15 2023  Windows 10 , 64 bit Build 19041 (10.0.19041.2546) elapsed time: 8.792621 seconds (0d 0h 0m 8s)

---------------  T H R E A D  ---------------

Current thread (0x00000217ecf0a800):  JavaThread "C2 CompilerThread0" daemon [_thread_in_native, id=14064, stack(0x000000ff7c500000,0x000000ff7c600000)]


Current CompileTask:
C2:   8792 5391       4       java.util.zip.ZipFile$Source::initCEN (697 bytes)

Stack: [0x000000ff7c500000,0x000000ff7c600000]
Native frames: (J=compiled Java code, j=interpreted, Vv=VM code, C=native code)
V  [jvm.dll+0x64135a]
V  [jvm.dll+0x7d39f9]
V  [jvm.dll+0x7d51b9]
V  [jvm.dll+0x7d58a3]
V  [jvm.dll+0x2691c5]
V  [jvm.dll+0xc1a5c]
V  [jvm.dll+0xc200c]
V  [jvm.dll+0x377462]
V  [jvm.dll+0x342495]
V  [jvm.dll+0x34186a]
V  [jvm.dll+0x2214bd]
V  [jvm.dll+0x220498]
V  [jvm.dll+0x19e851]
V  [jvm.dll+0x230479]
V  [jvm.dll+0x22e5ef]
V  [jvm.dll+0x794de1]
V  [jvm.dll+0x78dc24]
V  [jvm.dll+0x6400f6]
C  [ucrtbase.dll+0x21bb2]
C  [KERNEL32.DLL+0x17614]
C  [ntdll.dll+0x526a1]


---------------  P R O C E S S  ---------------

Threads class SMR info:
_java_thread_list=0x00000217f3ce6fb0, length=122, elements={
0x00000217d01e5000, 0x00000217ec67e800, 0x00000217ecead800, 0x00000217ecf05800,
0x00000217ecf06800, 0x00000217ecf07800, 0x00000217ecf0a800, 0x00000217ecf0b800,
0x00000217ecf10800, 0x00000217ed082800, 0x00000217f01a8800, 0x00000217ed3c0000,
0x00000217efce0800, 0x00000217efcda800, 0x00000217f0951800, 0x00000217f090e800,
0x00000217f05fe800, 0x00000217ef166800, 0x00000217edbef800, 0x00000217eff9c800,
0x00000217f05b9000, 0x00000217f05bd000, 0x00000217f05ba000, 0x00000217f05bb800,
0x00000217f05ba800, 0x00000217f05be000, 0x00000217f05b8000, 0x00000217f05be800,
0x00000217f05bc000, 0x00000217f2b07000, 0x00000217f2b04800, 0x00000217f2b02000,
0x00000217f2b05800, 0x00000217f2b08800, 0x00000217f2b03000, 0x00000217f2b0d800,
0x00000217f2b0e800, 0x00000217f3918800, 0x00000217f2b0c000, 0x00000217f2b0f000,
0x00000217f2b0b000, 0x00000217f2b09800, 0x00000217f2b0c800, 0x00000217f2b10000,
0x00000217f2b0a800, 0x00000217f2b11000, 0x00000217f2876000, 0x00000217f2877000,
0x00000217f2878000, 0x00000217f2873800, 0x00000217f2872000, 0x00000217f2873000,
0x00000217f2875800, 0x00000217f2878800, 0x00000217f2879800, 0x00000217f287a000,
0x00000217f2874800, 0x00000217f287b000, 0x00000217f2880000, 0x00000217f287f000,
0x00000217f2881000, 0x00000217f287d800, 0x00000217f287c000, 0x00000217f287c800,
0x00000217f287e800, 0x00000217f3af9000, 0x00000217f3af5000, 0x00000217f3af4800,
0x00000217f3af8800, 0x00000217f3af7800, 0x00000217f3afa000, 0x00000217f3afb000,
0x00000217f3afb800, 0x00000217f3af6000, 0x00000217f3afc800, 0x00000217f3af6800,
0x00000217f3b01800, 0x00000217f3afd000, 0x00000217f3b00800, 0x00000217f3afe000,
0x00000217f3aff000, 0x00000217f3b02000, 0x00000217f3aff800, 0x00000217f3b03000,
0x00000217f0ec3800, 0x00000217f0ebe000, 0x00000217f0ec4800, 0x00000217f0ebe800,
0x00000217f0ebf800, 0x00000217f0ec1000, 0x00000217f0ec5000, 0x00000217f0ec2800,
0x00000217f0ec0800, 0x00000217f0ec6000, 0x00000217f0ec7000, 0x00000217f0ec7800,
0x00000217f0ec2000, 0x00000217f0eca000, 0x00000217f0ecb000, 0x00000217f0ec8800,
0x00000217f0ec9000, 0x00000217f0ecb800, 0x00000217f0ecc800, 0x00000217f3e53000,
0x00000217f3e4f800, 0x00000217f3e50800, 0x00000217f3e51800, 0x00000217f3e52000,
0x00000217f3e53800, 0x00000217f3e4f000, 0x00000217f3e57000, 0x00000217f3e55800,
0x00000217f3e56000, 0x00000217f3e59800, 0x00000217f3e58000, 0x00000217f3e58800,
0x00000217f3e5a800, 0x00000217f3e54800, 0x00000217f3e5d800, 0x00000217f3e5b000,
0x00000217f3e5c000, 0x00000217f3e5c800
}

Java Threads: ( => current thread )
  0x00000217d01e5000 JavaThread "main" [_thread_blocked, id=496, stack(0x000000ff7b900000,0x000000ff7ba00000)]
  0x00000217ec67e800 JavaThread "Reference Handler" daemon [_thread_blocked, id=10304, stack(0x000000ff7c000000,0x000000ff7c100000)]
  0x00000217ecead800 JavaThread "Finalizer" daemon [_thread_blocked, id=5624, stack(0x000000ff7c100000,0x000000ff7c200000)]
  0x00000217ecf05800 JavaThread "Signal Dispatcher" daemon [_thread_blocked, id=7768, stack(0x000000ff7c200000,0x000000ff7c300000)]
  0x00000217ecf06800 JavaThread "Attach Listener" daemon [_thread_blocked, id=14540, stack(0x000000ff7c300000,0x000000ff7c400000)]
  0x00000217ecf07800 JavaThread "Service Thread" daemon [_thread_blocked, id=12096, stack(0x000000ff7c400000,0x000000ff7c500000)]
=>0x00000217ecf0a800 JavaThread "C2 CompilerThread0" daemon [_thread_in_native, id=14064, stack(0x000000ff7c500000,0x000000ff7c600000)]
  0x00000217ecf0b800 JavaThread "C1 CompilerThread0" daemon [_thread_blocked, id=3372, stack(0x000000ff7c600000,0x000000ff7c700000)]
  0x00000217ecf10800 JavaThread "Sweeper thread" daemon [_thread_blocked, id=13632, stack(0x000000ff7c700000,0x000000ff7c800000)]
  0x00000217ed082800 JavaThread "Common-Cleaner" daemon [_thread_blocked, id=14152, stack(0x000000ff7c800000,0x000000ff7c900000)]
  0x00000217f01a8800 JavaThread "Daemon health stats" [_thread_blocked, id=7536, stack(0x000000ff7d000000,0x000000ff7d100000)]
  0x00000217ed3c0000 JavaThread "Incoming local TCP Connector on port 49819" [_thread_in_native, id=15796, stack(0x000000ff7ca00000,0x000000ff7cb00000)]
  0x00000217efce0800 JavaThread "Daemon periodic checks" [_thread_blocked, id=12560, stack(0x000000ff7cf00000,0x000000ff7d000000)]
  0x00000217efcda800 JavaThread "Daemon" [_thread_blocked, id=16404, stack(0x000000ff7d100000,0x000000ff7d200000)]
  0x00000217f0951800 JavaThread "Handler for socket connection from /127.0.0.1:49819 to /127.0.0.1:49820" [_thread_in_native, id=10804, stack(0x000000ff7d200000,0x000000ff7d300000)]
  0x00000217f090e800 JavaThread "Cancel handler" [_thread_blocked, id=5972, stack(0x000000ff7d300000,0x000000ff7d400000)]
  0x00000217f05fe800 JavaThread "Daemon worker" [_thread_blocked, id=8996, stack(0x000000ff7d400000,0x000000ff7d500000)]
  0x00000217ef166800 JavaThread "Asynchronous log dispatcher for DefaultDaemonConnection: socket connection from /127.0.0.1:49819 to /127.0.0.1:49820" [_thread_blocked, id=15860, stack(0x000000ff7d500000,0x000000ff7d600000)]
  0x00000217edbef800 JavaThread "Stdin handler" [_thread_blocked, id=5896, stack(0x000000ff7d600000,0x000000ff7d700000)]
  0x00000217eff9c800 JavaThread "Daemon client event forwarder" [_thread_blocked, id=13616, stack(0x000000ff7d700000,0x000000ff7d800000)]
  0x00000217f05b9000 JavaThread "Cache worker for journal cache (C:\Users\BlackWell\.gradle\caches\journal-1)" [_thread_blocked, id=13256, stack(0x000000ff7d800000,0x000000ff7d900000)]
  0x00000217f05bd000 JavaThread "File lock request listener" [_thread_in_native, id=16684, stack(0x000000ff7d900000,0x000000ff7da00000)]
  0x00000217f05ba000 JavaThread "Cache worker for file hash cache (C:\Users\BlackWell\.gradle\caches\7.5\fileHashes)" [_thread_blocked, id=7928, stack(0x000000ff7de00000,0x000000ff7df00000)]
  0x00000217f05bb800 JavaThread "File watcher server" daemon [_thread_in_native, id=13172, stack(0x000000ff7e100000,0x000000ff7e200000)]
  0x00000217f05ba800 JavaThread "File watcher consumer" daemon [_thread_blocked, id=11188, stack(0x000000ff7e200000,0x000000ff7e300000)]
  0x00000217f05be000 JavaThread "Cache worker for checksums cache (C:\Users\BlackWell\Documents\Android\RecyclerView\.gradle\7.5\checksums)" [_thread_blocked, id=16692, stack(0x000000ff7e300000,0x000000ff7e400000)]
  0x00000217f05b8000 JavaThread "Cache worker for cache directory md-rule (C:\Users\BlackWell\.gradle\caches\7.5\md-rule)" [_thread_blocked, id=5156, stack(0x000000ff7e400000,0x000000ff7e500000)]
  0x00000217f05be800 JavaThread "Cache worker for file content cache (C:\Users\BlackWell\.gradle\caches\7.5\fileContent)" [_thread_blocked, id=9060, stack(0x000000ff7e500000,0x000000ff7e600000)]
  0x00000217f05bc000 JavaThread "Cache worker for file hash cache (C:\Users\BlackWell\Documents\Android\RecyclerView\.gradle\7.5\fileHashes)" [_thread_blocked, id=9892, stack(0x000000ff7e600000,0x000000ff7e700000)]
  0x00000217f2b07000 JavaThread "Cache worker for cache directory md-supplier (C:\Users\BlackWell\.gradle\caches\7.5\md-supplier)" [_thread_blocked, id=4308, stack(0x000000ff7e700000,0x000000ff7e800000)]
  0x00000217f2b04800 JavaThread "Cache worker for execution history cache (C:\Users\BlackWell\.gradle\caches\7.5\executionHistory)" [_thread_blocked, id=7636, stack(0x000000ff7e800000,0x000000ff7e900000)]
  0x00000217f2b02000 JavaThread "jar transforms" [_thread_blocked, id=9092, stack(0x000000ff7e000000,0x000000ff7e100000)]
  0x00000217f2b05800 JavaThread "jar transforms Thread 2" [_thread_blocked, id=14896, stack(0x000000ff7e900000,0x000000ff7ea00000)]
  0x00000217f2b08800 JavaThread "jar transforms Thread 3" [_thread_blocked, id=6940, stack(0x000000ff7eb00000,0x000000ff7ec00000)]
  0x00000217f2b03000 JavaThread "jar transforms Thread 4" [_thread_blocked, id=2672, stack(0x000000ff7ec00000,0x000000ff7ed00000)]
  0x00000217f2b0d800 JavaThread "Cache worker for dependencies-accessors (C:\Users\BlackWell\Documents\Android\RecyclerView\.gradle\7.5\dependencies-accessors)" [_thread_blocked, id=7548, stack(0x000000ff7ed00000,0x000000ff7ee00000)]
  0x00000217f2b0e800 JavaThread "jar transforms Thread 5" [_thread_blocked, id=6992, stack(0x000000ff7ee00000,0x000000ff7ef00000)]
  0x00000217f3918800 JavaThread "C2 CompilerThread1" daemon [_thread_blocked, id=4436, stack(0x000000ff7df00000,0x000000ff7e000000)]
  0x00000217f2b0c000 JavaThread "Cache worker for Build Output Cleanup Cache (C:\Users\BlackWell\Documents\Android\RecyclerView\.gradle\buildOutputCleanup)" [_thread_blocked, id=14856, stack(0x000000ff7ea00000,0x000000ff7eb00000)]
  0x00000217f2b0f000 JavaThread "Unconstrained build operations" [_thread_blocked, id=2744, stack(0x000000ff7ef00000,0x000000ff7f000000)]
  0x00000217f2b0b000 JavaThread "Unconstrained build operations Thread 2" [_thread_blocked, id=17080, stack(0x000000ff7f000000,0x000000ff7f100000)]
  0x00000217f2b09800 JavaThread "Unconstrained build operations Thread 3" [_thread_blocked, id=15776, stack(0x000000ff7f100000,0x000000ff7f200000)]
  0x00000217f2b0c800 JavaThread "Unconstrained build operations Thread 4" [_thread_blocked, id=7580, stack(0x000000ff7f200000,0x000000ff7f300000)]
  0x00000217f2b10000 JavaThread "Unconstrained build operations Thread 5" [_thread_blocked, id=4032, stack(0x000000ff7f300000,0x000000ff7f400000)]
  0x00000217f2b0a800 JavaThread "Unconstrained build operations Thread 6" [_thread_blocked, id=12888, stack(0x000000ff7f400000,0x000000ff7f500000)]
  0x00000217f2b11000 JavaThread "Unconstrained build operations Thread 7" [_thread_blocked, id=13108, stack(0x000000ff7f500000,0x000000ff7f600000)]
  0x00000217f2876000 JavaThread "Unconstrained build operations Thread 8" [_thread_blocked, id=11080, stack(0x000000ff7f600000,0x000000ff7f700000)]
  0x00000217f2877000 JavaThread "Unconstrained build operations Thread 9" [_thread_blocked, id=12320, stack(0x000000ff7f700000,0x000000ff7f800000)]
  0x00000217f2878000 JavaThread "Unconstrained build operations Thread 10" [_thread_blocked, id=2660, stack(0x000000ff7f800000,0x000000ff7f900000)]
  0x00000217f2873800 JavaThread "Unconstrained build operations Thread 11" [_thread_blocked, id=10756, stack(0x000000ff7f900000,0x000000ff7fa00000)]
  0x00000217f2872000 JavaThread "Unconstrained build operations Thread 12" [_thread_blocked, id=15728, stack(0x000000ff7fa00000,0x000000ff7fb00000)]
  0x00000217f2873000 JavaThread "Unconstrained build operations Thread 13" [_thread_blocked, id=2020, stack(0x000000ff7fb00000,0x000000ff7fc00000)]
  0x00000217f2875800 JavaThread "Unconstrained build operations Thread 14" [_thread_blocked, id=5096, stack(0x000000ff7fc00000,0x000000ff7fd00000)]
  0x00000217f2878800 JavaThread "Unconstrained build operations Thread 15" [_thread_blocked, id=8376, stack(0x000000ff7fd00000,0x000000ff7fe00000)]
  0x00000217f2879800 JavaThread "Unconstrained build operations Thread 16" [_thread_blocked, id=10316, stack(0x000000ff7fe00000,0x000000ff7ff00000)]
  0x00000217f287a000 JavaThread "Unconstrained build operations Thread 17" [_thread_blocked, id=9108, stack(0x000000ff7ff00000,0x000000ff80000000)]
  0x00000217f2874800 JavaThread "Unconstrained build operations Thread 18" [_thread_blocked, id=15024, stack(0x000000ff00000000,0x000000ff00100000)]
  0x00000217f287b000 JavaThread "Unconstrained build operations Thread 19" [_thread_blocked, id=3720, stack(0x000000ff00100000,0x000000ff00200000)]
  0x00000217f2880000 JavaThread "Unconstrained build operations Thread 20" [_thread_blocked, id=13816, stack(0x000000ff00200000,0x000000ff00300000)]
  0x00000217f287f000 JavaThread "Unconstrained build operations Thread 21" [_thread_blocked, id=6680, stack(0x000000ff00300000,0x000000ff00400000)]
  0x00000217f2881000 JavaThread "Unconstrained build operations Thread 22" [_thread_blocked, id=10436, stack(0x000000ff00400000,0x000000ff00500000)]
  0x00000217f287d800 JavaThread "Unconstrained build operations Thread 23" [_thread_blocked, id=11376, stack(0x000000ff00500000,0x000000ff00600000)]
  0x00000217f287c000 JavaThread "Unconstrained build operations Thread 24" [_thread_blocked, id=13908, stack(0x000000ff00600000,0x000000ff00700000)]
  0x00000217f287c800 JavaThread "Unconstrained build operations Thread 25" [_thread_blocked, id=13732, stack(0x000000ff00700000,0x000000ff00800000)]
  0x00000217f287e800 JavaThread "Unconstrained build operations Thread 26" [_thread_blocked, id=7136, stack(0x000000ff00800000,0x000000ff00900000)]
  0x00000217f3af9000 JavaThread "Unconstrained build operations Thread 27" [_thread_blocked, id=15372, stack(0x000000ff00900000,0x000000ff00a00000)]
  0x00000217f3af5000 JavaThread "Unconstrained build operations Thread 28" [_thread_blocked, id=10320, stack(0x000000ff00a00000,0x000000ff00b00000)]
  0x00000217f3af4800 JavaThread "Unconstrained build operations Thread 29" [_thread_blocked, id=2296, stack(0x000000ff00b00000,0x000000ff00c00000)]
  0x00000217f3af8800 JavaThread "Unconstrained build operations Thread 30" [_thread_blocked, id=14124, stack(0x000000ff00c00000,0x000000ff00d00000)]
  0x00000217f3af7800 JavaThread "Unconstrained build operations Thread 31" [_thread_blocked, id=9152, stack(0x000000ff00d00000,0x000000ff00e00000)]
  0x00000217f3afa000 JavaThread "Unconstrained build operations Thread 32" [_thread_blocked, id=6508, stack(0x000000ff00e00000,0x000000ff00f00000)]
  0x00000217f3afb000 JavaThread "Unconstrained build operations Thread 33" [_thread_blocked, id=15972, stack(0x000000ff00f00000,0x000000ff01000000)]
  0x00000217f3afb800 JavaThread "Unconstrained build operations Thread 34" [_thread_blocked, id=11864, stack(0x000000ff01000000,0x000000ff01100000)]
  0x00000217f3af6000 JavaThread "Unconstrained build operations Thread 35" [_thread_blocked, id=10656, stack(0x000000ff01100000,0x000000ff01200000)]
  0x00000217f3afc800 JavaThread "Unconstrained build operations Thread 36" [_thread_blocked, id=17264, stack(0x000000ff01200000,0x000000ff01300000)]
  0x00000217f3af6800 JavaThread "Unconstrained build operations Thread 37" [_thread_blocked, id=11680, stack(0x000000ff01300000,0x000000ff01400000)]
  0x00000217f3b01800 JavaThread "Unconstrained build operations Thread 38" [_thread_blocked, id=5232, stack(0x000000ff01400000,0x000000ff01500000)]
  0x00000217f3afd000 JavaThread "Unconstrained build operations Thread 39" [_thread_blocked, id=11240, stack(0x000000ff01500000,0x000000ff01600000)]
  0x00000217f3b00800 JavaThread "Unconstrained build operations Thread 40" [_thread_blocked, id=8228, stack(0x000000ff01600000,0x000000ff01700000)]
  0x00000217f3afe000 JavaThread "Unconstrained build operations Thread 41" [_thread_blocked, id=11216, stack(0x000000ff01700000,0x000000ff01800000)]
  0x00000217f3aff000 JavaThread "Unconstrained build operations Thread 42" [_thread_blocked, id=15456, stack(0x000000ff01800000,0x000000ff01900000)]
  0x00000217f3b02000 JavaThread "Unconstrained build operations Thread 43" [_thread_blocked, id=4256, stack(0x000000ff01900000,0x000000ff01a00000)]
  0x00000217f3aff800 JavaThread "Unconstrained build operations Thread 44" [_thread_blocked, id=1216, stack(0x000000ff01a00000,0x000000ff01b00000)]
  0x00000217f3b03000 JavaThread "Unconstrained build operations Thread 45" [_thread_blocked, id=4800, stack(0x000000ff01b00000,0x000000ff01c00000)]
  0x00000217f0ec3800 JavaThread "Unconstrained build operations Thread 46" [_thread_blocked, id=5816, stack(0x000000ff01c00000,0x000000ff01d00000)]
  0x00000217f0ebe000 JavaThread "Unconstrained build operations Thread 47" [_thread_blocked, id=17404, stack(0x000000ff01d00000,0x000000ff01e00000)]
  0x00000217f0ec4800 JavaThread "Unconstrained build operations Thread 48" [_thread_blocked, id=11092, stack(0x000000ff01e00000,0x000000ff01f00000)]
  0x00000217f0ebe800 JavaThread "Unconstrained build operations Thread 49" [_thread_blocked, id=9704, stack(0x000000ff01f00000,0x000000ff02000000)]
  0x00000217f0ebf800 JavaThread "Unconstrained build operations Thread 50" [_thread_blocked, id=15292, stack(0x000000ff02000000,0x000000ff02100000)]
  0x00000217f0ec1000 JavaThread "Unconstrained build operations Thread 51" [_thread_blocked, id=6476, stack(0x000000ff02100000,0x000000ff02200000)]
  0x00000217f0ec5000 JavaThread "Unconstrained build operations Thread 52" [_thread_blocked, id=7612, stack(0x000000ff02200000,0x000000ff02300000)]
  0x00000217f0ec2800 JavaThread "Unconstrained build operations Thread 53" [_thread_blocked, id=5792, stack(0x000000ff02300000,0x000000ff02400000)]
  0x00000217f0ec0800 JavaThread "Unconstrained build operations Thread 54" [_thread_blocked, id=6612, stack(0x000000ff02400000,0x000000ff02500000)]
  0x00000217f0ec6000 JavaThread "Unconstrained build operations Thread 55" [_thread_blocked, id=12128, stack(0x000000ff02500000,0x000000ff02600000)]
  0x00000217f0ec7000 JavaThread "Unconstrained build operations Thread 56" [_thread_blocked, id=9828, stack(0x000000ff02600000,0x000000ff02700000)]
  0x00000217f0ec7800 JavaThread "Unconstrained build operations Thread 57" [_thread_blocked, id=7084, stack(0x000000ff02700000,0x000000ff02800000)]
  0x00000217f0ec2000 JavaThread "Unconstrained build operations Thread 58" [_thread_blocked, id=10536, stack(0x000000ff02800000,0x000000ff02900000)]
  0x00000217f0eca000 JavaThread "Unconstrained build operations Thread 59" [_thread_blocked, id=15196, stack(0x000000ff02900000,0x000000ff02a00000)]
  0x00000217f0ecb000 JavaThread "Unconstrained build operations Thread 60" [_thread_blocked, id=14332, stack(0x000000ff02a00000,0x000000ff02b00000)]
  0x00000217f0ec8800 JavaThread "Unconstrained build operations Thread 61" [_thread_blocked, id=16888, stack(0x000000ff02b00000,0x000000ff02c00000)]
  0x00000217f0ec9000 JavaThread "Unconstrained build operations Thread 62" [_thread_blocked, id=5556, stack(0x000000ff02c00000,0x000000ff02d00000)]
  0x00000217f0ecb800 JavaThread "Unconstrained build operations Thread 63" [_thread_blocked, id=10624, stack(0x000000ff02d00000,0x000000ff02e00000)]
  0x00000217f0ecc800 JavaThread "Unconstrained build operations Thread 64" [_thread_blocked, id=10696, stack(0x000000ff02e00000,0x000000ff02f00000)]
  0x00000217f3e53000 JavaThread "Unconstrained build operations Thread 65" [_thread_blocked, id=9496, stack(0x000000ff02f00000,0x000000ff03000000)]
  0x00000217f3e4f800 JavaThread "Unconstrained build operations Thread 66" [_thread_blocked, id=7284, stack(0x000000ff03000000,0x000000ff03100000)]
  0x00000217f3e50800 JavaThread "Unconstrained build operations Thread 67" [_thread_blocked, id=9980, stack(0x000000ff03100000,0x000000ff03200000)]
  0x00000217f3e51800 JavaThread "Unconstrained build operations Thread 68" [_thread_blocked, id=4752, stack(0x000000ff03200000,0x000000ff03300000)]
  0x00000217f3e52000 JavaThread "Unconstrained build operations Thread 69" [_thread_blocked, id=888, stack(0x000000ff03300000,0x000000ff03400000)]
  0x00000217f3e53800 JavaThread "Unconstrained build operations Thread 70" [_thread_blocked, id=12572, stack(0x000000ff03400000,0x000000ff03500000)]
  0x00000217f3e4f000 JavaThread "Unconstrained build operations Thread 71" [_thread_blocked, id=15624, stack(0x000000ff03500000,0x000000ff03600000)]
  0x00000217f3e57000 JavaThread "Unconstrained build operations Thread 72" [_thread_blocked, id=5880, stack(0x000000ff03600000,0x000000ff03700000)]
  0x00000217f3e55800 JavaThread "Unconstrained build operations Thread 73" [_thread_blocked, id=7556, stack(0x000000ff03700000,0x000000ff03800000)]
  0x00000217f3e56000 JavaThread "Unconstrained build operations Thread 74" [_thread_blocked, id=14024, stack(0x000000ff03800000,0x000000ff03900000)]
  0x00000217f3e59800 JavaThread "Unconstrained build operations Thread 75" [_thread_blocked, id=2316, stack(0x000000ff03900000,0x000000ff03a00000)]
  0x00000217f3e58000 JavaThread "Unconstrained build operations Thread 76" [_thread_blocked, id=1044, stack(0x000000ff03a00000,0x000000ff03b00000)]
  0x00000217f3e58800 JavaThread "Unconstrained build operations Thread 77" [_thread_blocked, id=13096, stack(0x000000ff03b00000,0x000000ff03c00000)]
  0x00000217f3e5a800 JavaThread "Unconstrained build operations Thread 78" [_thread_blocked, id=16828, stack(0x000000ff03c00000,0x000000ff03d00000)]
  0x00000217f3e54800 JavaThread "Unconstrained build operations Thread 79" [_thread_blocked, id=11292, stack(0x000000ff03d00000,0x000000ff03e00000)]
  0x00000217f3e5d800 JavaThread "Unconstrained build operations Thread 80" [_thread_blocked, id=3320, stack(0x000000ff03e00000,0x000000ff03f00000)]
  0x00000217f3e5b000 JavaThread "jar transforms Thread 6" [_thread_blocked, id=8104, stack(0x000000ff03f00000,0x000000ff04000000)]
  0x00000217f3e5c000 JavaThread "jar transforms Thread 7" [_thread_blocked, id=3060, stack(0x000000ff04000000,0x000000ff04100000)]
  0x00000217f3e5c800 JavaThread "jar transforms Thread 8" [_thread_blocked, id=6232, stack(0x000000ff04100000,0x000000ff04200000)]

Other Threads:
  0x00000217ec67d800 VMThread "VM Thread" [stack: 0x000000ff7bf00000,0x000000ff7c000000] [id=10024]
  0x00000217ed087800 WatcherThread [stack: 0x000000ff7c900000,0x000000ff7ca00000] [id=15524]
  0x00000217d01fd800 GCTaskThread "GC Thread#0" [stack: 0x000000ff7ba00000,0x000000ff7bb00000] [id=9856]
  0x00000217ed5b0000 GCTaskThread "GC Thread#1" [stack: 0x000000ff7cb00000,0x000000ff7cc00000] [id=1496]
  0x00000217ed9cd000 GCTaskThread "GC Thread#2" [stack: 0x000000ff7cc00000,0x000000ff7cd00000] [id=5408]
  0x00000217ed6cd800 GCTaskThread "GC Thread#3" [stack: 0x000000ff7cd00000,0x000000ff7ce00000] [id=15536]
  0x00000217ed6ce000 GCTaskThread "GC Thread#4" [stack: 0x000000ff7ce00000,0x000000ff7cf00000] [id=3064]
  0x00000217f0171800 GCTaskThread "GC Thread#5" [stack: 0x000000ff7da00000,0x000000ff7db00000] [id=9772]
  0x00000217ef38a000 GCTaskThread "GC Thread#6" [stack: 0x000000ff7db00000,0x000000ff7dc00000] [id=1612]
  0x00000217f0218000 GCTaskThread "GC Thread#7" [stack: 0x000000ff7dc00000,0x000000ff7dd00000] [id=10952]
  0x00000217d0230000 ConcurrentGCThread "G1 Main Marker" [stack: 0x000000ff7bb00000,0x000000ff7bc00000] [id=17128]
  0x00000217d0231800 ConcurrentGCThread "G1 Conc#0" [stack: 0x000000ff7bc00000,0x000000ff7bd00000] [id=2520]
  0x00000217edb3f000 ConcurrentGCThread "G1 Conc#1" [stack: 0x000000ff7dd00000,0x000000ff7de00000] [id=5684]
  0x00000217ec4ef000 ConcurrentGCThread "G1 Refine#0" [stack: 0x000000ff7bd00000,0x000000ff7be00000] [id=15920]
  0x00000217ec4f0000 ConcurrentGCThread "G1 Young RemSet Sampling" [stack: 0x000000ff7be00000,0x000000ff7bf00000] [id=15500]

Threads with active compile tasks:
C2 CompilerThread0     8822 5391       4       java.util.zip.ZipFile$Source::initCEN (697 bytes)
C2 CompilerThread1     8822 5394       4       jdk.internal.loader.URLClassPath$JarLoader$2::getManifest (26 bytes)

VM state:at safepoint (normal execution)

VM Mutex/Monitor currently owned by a thread:  ([mutex/lock_event])
[0x00000217d01bbbf0] Threads_lock - owner thread: 0x00000217ec67d800
[0x00000217d01bac30] Heap_lock - owner thread: 0x00000217f05fe800

Heap address: 0x0000000080000000, size: 2048 MB, Compressed Oops mode: 32-bit
Narrow klass base: 0x0000000000000000, Narrow klass shift: 3
Compressed class space size: 1073741824 Address: 0x0000000100000000

Heap:
 garbage-first heap   total 245760K, used 114361K [0x0000000080000000, 0x0000000100000000)
  region size 1024K, 92 young (94208K), 13 survivors (13312K)
 Metaspace       used 50100K, capacity 51327K, committed 51376K, reserved 1101824K
  class space    used 6364K, capacity 6881K, committed 6912K, reserved 1048576K
Heap Regions: E=young(eden), S=young(survivor), O=old, HS=humongous(starts), HC=humongous(continues), CS=collection set, F=free, A=archive, TAMS=top-at-mark-start (previous, next)
|   0|0x0000000080000000, 0x0000000080100000, 0x0000000080100000|100%| O|  |TAMS 0x0000000080100000, 0x0000000080100000| Untracked 
|   1|0x0000000080100000, 0x0000000080200000, 0x0000000080200000|100%| O|  |TAMS 0x0000000080200000, 0x0000000080200000| Untracked 
|   2|0x0000000080200000, 0x0000000080300000, 0x0000000080300000|100%| O|  |TAMS 0x0000000080300000, 0x0000000080300000| Untracked 
|   3|0x0000000080300000, 0x0000000080400000, 0x0000000080400000|100%|HS|  |TAMS 0x0000000080400000, 0x0000000080400000| Complete 
|   4|0x0000000080400000, 0x0000000080500000, 0x0000000080500000|100%|HC|  |TAMS 0x0000000080500000, 0x0000000080500000| Complete 
|   5|0x0000000080500000, 0x0000000080600000, 0x0000000080600000|100%|HC|  |TAMS 0x0000000080600000, 0x0000000080600000| Complete 
|   6|0x0000000080600000, 0x0000000080700000, 0x0000000080700000|100%| O|  |TAMS 0x0000000080700000, 0x0000000080700000| Untracked 
|   7|0x0000000080700000, 0x0000000080800000, 0x0000000080800000|100%| O|  |TAMS 0x0000000080800000, 0x0000000080800000| Untracked 
|   8|0x0000000080800000, 0x0000000080900000, 0x0000000080900000|100%| O|  |TAMS 0x0000000080900000, 0x0000000080900000| Untracked 
|   9|0x0000000080900000, 0x0000000080a00000, 0x0000000080a00000|100%| O|  |TAMS 0x0000000080a00000, 0x0000000080a00000| Untracked 
|  10|0x0000000080a00000, 0x0000000080b00000, 0x0000000080b00000|100%| O|  |TAMS 0x0000000080b00000, 0x0000000080b00000| Untracked 
|  11|0x0000000080b00000, 0x0000000080c00000, 0x0000000080c00000|100%| O|  |TAMS 0x0000000080c00000, 0x0000000080c00000| Untracked 
|  12|0x0000000080c00000, 0x0000000080d00000, 0x0000000080d00000|100%| O|  |TAMS 0x0000000080d00000, 0x0000000080d00000| Untracked 
|  13|0x0000000080d00000, 0x0000000080e00000, 0x0000000080e00000|100%| O|  |TAMS 0x0000000080e00000, 0x0000000080e00000| Untracked 
|  14|0x0000000080e00000, 0x0000000080f00000, 0x0000000080f00000|100%| O|  |TAMS 0x0000000080f00000, 0x0000000080f00000| Untracked 
|  15|0x0000000080f00000, 0x0000000081000000, 0x0000000081000000|100%| O|  |TAMS 0x0000000081000000, 0x0000000081000000| Untracked 
|  16|0x0000000081000000, 0x0000000081100000, 0x0000000081100000|100%| O|  |TAMS 0x0000000081038800, 0x0000000081100000| Untracked 
|  17|0x0000000081100000, 0x0000000081200000, 0x0000000081200000|100%|HS|  |TAMS 0x0000000081100000, 0x0000000081200000| Complete 
|  18|0x0000000081200000, 0x0000000081300000, 0x0000000081300000|100%|HS|  |TAMS 0x0000000081200000, 0x0000000081300000| Complete 
|  19|0x0000000081300000, 0x0000000081400000, 0x0000000081400000|100%|HS|  |TAMS 0x0000000081300000, 0x0000000081400000| Complete 
|  20|0x0000000081400000, 0x0000000081500000, 0x0000000081500000|100%| O|  |TAMS 0x0000000081400000, 0x0000000081500000| Untracked 
|  21|0x0000000081500000, 0x00000000815373d8, 0x0000000081600000| 21%| O|  |TAMS 0x0000000081500000, 0x0000000081600000| Untracked 
|  22|0x0000000081600000, 0x0000000081600000, 0x0000000081700000|  0%| F|  |TAMS 0x0000000081600000, 0x0000000081600000| Untracked 
|  23|0x0000000081700000, 0x0000000081700000, 0x0000000081800000|  0%| F|  |TAMS 0x0000000081700000, 0x0000000081700000| Untracked 
|  24|0x0000000081800000, 0x0000000081800000, 0x0000000081900000|  0%| F|  |TAMS 0x0000000081800000, 0x0000000081800000| Untracked 
|  25|0x0000000081900000, 0x0000000081900000, 0x0000000081a00000|  0%| F|  |TAMS 0x0000000081900000, 0x0000000081900000| Untracked 
|  26|0x0000000081a00000, 0x0000000081a00000, 0x0000000081b00000|  0%| F|  |TAMS 0x0000000081a00000, 0x0000000081a00000| Untracked 
|  27|0x0000000081b00000, 0x0000000081b00000, 0x0000000081c00000|  0%| F|  |TAMS 0x0000000081b00000, 0x0000000081b00000| Untracked 
|  28|0x0000000081c00000, 0x0000000081c00000, 0x0000000081d00000|  0%| F|  |TAMS 0x0000000081c00000, 0x0000000081c00000| Untracked 
|  29|0x0000000081d00000, 0x0000000081d00000, 0x0000000081e00000|  0%| F|  |TAMS 0x0000000081d00000, 0x0000000081d00000| Untracked 
|  30|0x0000000081e00000, 0x0000000081e00000, 0x0000000081f00000|  0%| F|  |TAMS 0x0000000081e00000, 0x0000000081e00000| Untracked 
|  31|0x0000000081f00000, 0x0000000081f00000, 0x0000000082000000|  0%| F|  |TAMS 0x0000000081f00000, 0x0000000081f00000| Untracked 
|  32|0x0000000082000000, 0x0000000082000000, 0x0000000082100000|  0%| F|  |TAMS 0x0000000082000000, 0x0000000082000000| Untracked 
|  33|0x0000000082100000, 0x0000000082100000, 0x0000000082200000|  0%| F|  |TAMS 0x0000000082100000, 0x0000000082100000| Untracked 
|  34|0x0000000082200000, 0x0000000082200000, 0x0000000082300000|  0%| F|  |TAMS 0x0000000082200000, 0x0000000082200000| Untracked 
|  35|0x0000000082300000, 0x0000000082300000, 0x0000000082400000|  0%| F|  |TAMS 0x0000000082300000, 0x0000000082300000| Untracked 
|  36|0x0000000082400000, 0x0000000082400000, 0x0000000082500000|  0%| F|  |TAMS 0x0000000082400000, 0x0000000082400000| Untracked 
|  37|0x0000000082500000, 0x0000000082500000, 0x0000000082600000|  0%| F|  |TAMS 0x0000000082500000, 0x0000000082500000| Untracked 
|  38|0x0000000082600000, 0x0000000082600000, 0x0000000082700000|  0%| F|  |TAMS 0x0000000082600000, 0x0000000082600000| Untracked 
|  39|0x0000000082700000, 0x0000000082700000, 0x0000000082800000|  0%| F|  |TAMS 0x0000000082700000, 0x0000000082700000| Untracked 
|  40|0x0000000082800000, 0x0000000082800000, 0x0000000082900000|  0%| F|  |TAMS 0x0000000082800000, 0x0000000082800000| Untracked 
|  41|0x0000000082900000, 0x0000000082900000, 0x0000000082a00000|  0%| F|  |TAMS 0x0000000082900000, 0x0000000082900000| Untracked 
|  42|0x0000000082a00000, 0x0000000082a00000, 0x0000000082b00000|  0%| F|  |TAMS 0x0000000082a00000, 0x0000000082a00000| Untracked 
|  43|0x0000000082b00000, 0x0000000082b00000, 0x0000000082c00000|  0%| F|  |TAMS 0x0000000082b00000, 0x0000000082b00000| Untracked 
|  44|0x0000000082c00000, 0x0000000082c00000, 0x0000000082d00000|  0%| F|  |TAMS 0x0000000082c00000, 0x0000000082c00000| Untracked 
|  45|0x0000000082d00000, 0x0000000082d00000, 0x0000000082e00000|  0%| F|  |TAMS 0x0000000082d00000, 0x0000000082d00000| Untracked 
|  46|0x0000000082e00000, 0x0000000082e00000, 0x0000000082f00000|  0%| F|  |TAMS 0x0000000082e00000, 0x0000000082e00000| Untracked 
|  47|0x0000000082f00000, 0x0000000082f00000, 0x0000000083000000|  0%| F|  |TAMS 0x0000000082f00000, 0x0000000082f00000| Untracked 
|  48|0x0000000083000000, 0x0000000083000000, 0x0000000083100000|  0%| F|  |TAMS 0x0000000083000000, 0x0000000083000000| Untracked 
|  49|0x0000000083100000, 0x0000000083100000, 0x0000000083200000|  0%| F|  |TAMS 0x0000000083100000, 0x0000000083100000| Untracked 
|  50|0x0000000083200000, 0x0000000083200000, 0x0000000083300000|  0%| F|  |TAMS 0x0000000083200000, 0x0000000083200000| Untracked 
|  51|0x0000000083300000, 0x0000000083300000, 0x0000000083400000|  0%| F|  |TAMS 0x0000000083300000, 0x0000000083300000| Untracked 
|  52|0x0000000083400000, 0x0000000083400000, 0x0000000083500000|  0%| F|  |TAMS 0x0000000083400000, 0x0000000083400000| Untracked 
|  53|0x0000000083500000, 0x0000000083500000, 0x0000000083600000|  0%| F|  |TAMS 0x0000000083500000, 0x0000000083500000| Untracked 
|  54|0x0000000083600000, 0x0000000083600000, 0x0000000083700000|  0%| F|  |TAMS 0x0000000083600000, 0x0000000083600000| Untracked 
|  55|0x0000000083700000, 0x0000000083700000, 0x0000000083800000|  0%| F|  |TAMS 0x0000000083700000, 0x0000000083700000| Untracked 
|  56|0x0000000083800000, 0x0000000083800000, 0x0000000083900000|  0%| F|  |TAMS 0x0000000083800000, 0x0000000083800000| Untracked 
|  57|0x0000000083900000, 0x0000000083900000, 0x0000000083a00000|  0%| F|  |TAMS 0x0000000083900000, 0x0000000083900000| Untracked 
|  58|0x0000000083a00000, 0x0000000083a00000, 0x0000000083b00000|  0%| F|  |TAMS 0x0000000083a00000, 0x0000000083a00000| Untracked 
|  59|0x0000000083b00000, 0x0000000083b00000, 0x0000000083c00000|  0%| F|  |TAMS 0x0000000083b00000, 0x0000000083b00000| Untracked 
|  60|0x0000000083c00000, 0x0000000083c00000, 0x0000000083d00000|  0%| F|  |TAMS 0x0000000083c00000, 0x0000000083c00000| Untracked 
|  61|0x0000000083d00000, 0x0000000083d00000, 0x0000000083e00000|  0%| F|  |TAMS 0x0000000083d00000, 0x0000000083d00000| Untracked 
|  62|0x0000000083e00000, 0x0000000083e00000, 0x0000000083f00000|  0%| F|  |TAMS 0x0000000083e00000, 0x0000000083e00000| Untracked 
|  63|0x0000000083f00000, 0x0000000083f00000, 0x0000000084000000|  0%| F|  |TAMS 0x0000000083f00000, 0x0000000083f00000| Untracked 
|  64|0x0000000084000000, 0x0000000084000000, 0x0000000084100000|  0%| F|  |TAMS 0x0000000084000000, 0x0000000084000000| Untracked 
|  65|0x0000000084100000, 0x0000000084100000, 0x0000000084200000|  0%| F|  |TAMS 0x0000000084100000, 0x0000000084100000| Untracked 
|  66|0x0000000084200000, 0x0000000084200000, 0x0000000084300000|  0%| F|  |TAMS 0x0000000084200000, 0x0000000084200000| Untracked 
|  67|0x0000000084300000, 0x0000000084300000, 0x0000000084400000|  0%| F|  |TAMS 0x0000000084300000, 0x0000000084300000| Untracked 
|  68|0x0000000084400000, 0x0000000084400000, 0x0000000084500000|  0%| F|  |TAMS 0x0000000084400000, 0x0000000084400000| Untracked 
|  69|0x0000000084500000, 0x0000000084500000, 0x0000000084600000|  0%| F|  |TAMS 0x0000000084500000, 0x0000000084500000| Untracked 
|  70|0x0000000084600000, 0x0000000084600000, 0x0000000084700000|  0%| F|  |TAMS 0x0000000084600000, 0x0000000084600000| Untracked 
|  71|0x0000000084700000, 0x0000000084700000, 0x0000000084800000|  0%| F|  |TAMS 0x0000000084700000, 0x0000000084700000| Untracked 
|  72|0x0000000084800000, 0x0000000084800000, 0x0000000084900000|  0%| F|  |TAMS 0x0000000084800000, 0x0000000084800000| Untracked 
|  73|0x0000000084900000, 0x0000000084900000, 0x0000000084a00000|  0%| F|  |TAMS 0x0000000084900000, 0x0000000084900000| Untracked 
|  74|0x0000000084a00000, 0x0000000084a00000, 0x0000000084b00000|  0%| F|  |TAMS 0x0000000084a00000, 0x0000000084a00000| Untracked 
|  75|0x0000000084b00000, 0x0000000084b00000, 0x0000000084c00000|  0%| F|  |TAMS 0x0000000084b00000, 0x0000000084b00000| Untracked 
|  76|0x0000000084c00000, 0x0000000084c00000, 0x0000000084d00000|  0%| F|  |TAMS 0x0000000084c00000, 0x0000000084c00000| Untracked 
|  77|0x0000000084d00000, 0x0000000084d00000, 0x0000000084e00000|  0%| F|  |TAMS 0x0000000084d00000, 0x0000000084d00000| Untracked 
|  78|0x0000000084e00000, 0x0000000084e00000, 0x0000000084f00000|  0%| F|  |TAMS 0x0000000084e00000, 0x0000000084e00000| Untracked 
|  79|0x0000000084f00000, 0x0000000084f00000, 0x0000000085000000|  0%| F|  |TAMS 0x0000000084f00000, 0x0000000084f00000| Untracked 
|  80|0x0000000085000000, 0x0000000085000000, 0x0000000085100000|  0%| F|  |TAMS 0x0000000085000000, 0x0000000085000000| Untracked 
|  81|0x0000000085100000, 0x0000000085100000, 0x0000000085200000|  0%| F|  |TAMS 0x0000000085100000, 0x0000000085100000| Untracked 
|  82|0x0000000085200000, 0x0000000085200000, 0x0000000085300000|  0%| F|  |TAMS 0x0000000085200000, 0x0000000085200000| Untracked 
|  83|0x0000000085300000, 0x0000000085300000, 0x0000000085400000|  0%| F|  |TAMS 0x0000000085300000, 0x0000000085300000| Untracked 
|  84|0x0000000085400000, 0x0000000085400000, 0x0000000085500000|  0%| F|  |TAMS 0x0000000085400000, 0x0000000085400000| Untracked 
|  85|0x0000000085500000, 0x0000000085500000, 0x0000000085600000|  0%| F|  |TAMS 0x0000000085500000, 0x0000000085500000| Untracked 
|  86|0x0000000085600000, 0x0000000085600000, 0x0000000085700000|  0%| F|  |TAMS 0x0000000085600000, 0x0000000085600000| Untracked 
|  87|0x0000000085700000, 0x0000000085700000, 0x0000000085800000|  0%| F|  |TAMS 0x0000000085700000, 0x0000000085700000| Untracked 
|  88|0x0000000085800000, 0x0000000085800000, 0x0000000085900000|  0%| F|  |TAMS 0x0000000085800000, 0x0000000085800000| Untracked 
|  89|0x0000000085900000, 0x0000000085900000, 0x0000000085a00000|  0%| F|  |TAMS 0x0000000085900000, 0x0000000085900000| Untracked 
|  90|0x0000000085a00000, 0x0000000085a00000, 0x0000000085b00000|  0%| F|  |TAMS 0x0000000085a00000, 0x0000000085a00000| Untracked 
|  91|0x0000000085b00000, 0x0000000085b00000, 0x0000000085c00000|  0%| F|  |TAMS 0x0000000085b00000, 0x0000000085b00000| Untracked 
|  92|0x0000000085c00000, 0x0000000085c00000, 0x0000000085d00000|  0%| F|  |TAMS 0x0000000085c00000, 0x0000000085c00000| Untracked 
|  93|0x0000000085d00000, 0x0000000085d00000, 0x0000000085e00000|  0%| F|  |TAMS 0x0000000085d00000, 0x0000000085d00000| Untracked 
|  94|0x0000000085e00000, 0x0000000085e00000, 0x0000000085f00000|  0%| F|  |TAMS 0x0000000085e00000, 0x0000000085e00000| Untracked 
|  95|0x0000000085f00000, 0x0000000085f75e28, 0x0000000086000000| 46%| E|CS|TAMS 0x0000000085f00000, 0x0000000085f75e28| Complete 
|  96|0x0000000086000000, 0x0000000086100000, 0x0000000086100000|100%| E|CS|TAMS 0x0000000086000000, 0x0000000086100000| Complete 
|  97|0x0000000086100000, 0x0000000086200000, 0x0000000086200000|100%| E|CS|TAMS 0x0000000086100000, 0x0000000086200000| Complete 
|  98|0x0000000086200000, 0x0000000086300000, 0x0000000086300000|100%| E|CS|TAMS 0x0000000086200000, 0x0000000086300000| Complete 
|  99|0x0000000086300000, 0x0000000086400000, 0x0000000086400000|100%| E|CS|TAMS 0x0000000086300000, 0x0000000086400000| Complete 
| 100|0x0000000086400000, 0x0000000086500000, 0x0000000086500000|100%| E|CS|TAMS 0x0000000086400000, 0x0000000086500000| Complete 
| 101|0x0000000086500000, 0x0000000086600000, 0x0000000086600000|100%| E|CS|TAMS 0x0000000086500000, 0x0000000086600000| Complete 
| 102|0x0000000086600000, 0x0000000086700000, 0x0000000086700000|100%| E|CS|TAMS 0x0000000086600000, 0x0000000086700000| Complete 
| 103|0x0000000086700000, 0x0000000086800000, 0x0000000086800000|100%| E|CS|TAMS 0x0000000086700000, 0x0000000086800000| Complete 
| 104|0x0000000086800000, 0x0000000086900000, 0x0000000086900000|100%| E|CS|TAMS 0x0000000086800000, 0x0000000086900000| Complete 
| 105|0x0000000086900000, 0x0000000086a00000, 0x0000000086a00000|100%| E|CS|TAMS 0x0000000086900000, 0x0000000086a00000| Complete 
| 106|0x0000000086a00000, 0x0000000086b00000, 0x0000000086b00000|100%| E|CS|TAMS 0x0000000086a00000, 0x0000000086b00000| Complete 
| 107|0x0000000086b00000, 0x0000000086c00000, 0x0000000086c00000|100%| E|CS|TAMS 0x0000000086b00000, 0x0000000086c00000| Complete 
| 108|0x0000000086c00000, 0x0000000086d00000, 0x0000000086d00000|100%| E|CS|TAMS 0x0000000086c00000, 0x0000000086d00000| Complete 
| 109|0x0000000086d00000, 0x0000000086d00000, 0x0000000086e00000|  0%| F|  |TAMS 0x0000000086d00000, 0x0000000086d00000| Untracked 
| 110|0x0000000086e00000, 0x0000000086e00000, 0x0000000086f00000|  0%| F|  |TAMS 0x0000000086e00000, 0x0000000086e00000| Untracked 
| 111|0x0000000086f00000, 0x0000000086f00000, 0x0000000087000000|  0%| F|  |TAMS 0x0000000086f00000, 0x0000000086f00000| Untracked 
| 112|0x0000000087000000, 0x0000000087000000, 0x0000000087100000|  0%| F|  |TAMS 0x0000000087000000, 0x0000000087000000| Untracked 
| 113|0x0000000087100000, 0x0000000087100000, 0x0000000087200000|  0%| F|  |TAMS 0x0000000087100000, 0x0000000087100000| Untracked 
| 114|0x0000000087200000, 0x0000000087200000, 0x0000000087300000|  0%| F|  |TAMS 0x0000000087200000, 0x0000000087200000| Untracked 
| 115|0x0000000087300000, 0x0000000087300000, 0x0000000087400000|  0%| F|  |TAMS 0x0000000087300000, 0x0000000087300000| Untracked 
| 116|0x0000000087400000, 0x0000000087400000, 0x0000000087500000|  0%| F|  |TAMS 0x0000000087400000, 0x0000000087400000| Untracked 
| 117|0x0000000087500000, 0x0000000087500000, 0x0000000087600000|  0%| F|  |TAMS 0x0000000087500000, 0x0000000087500000| Untracked 
| 118|0x0000000087600000, 0x0000000087600000, 0x0000000087700000|  0%| F|  |TAMS 0x0000000087600000, 0x0000000087600000| Untracked 
| 119|0x0000000087700000, 0x0000000087700000, 0x0000000087800000|  0%| F|  |TAMS 0x0000000087700000, 0x0000000087700000| Untracked 
| 120|0x0000000087800000, 0x0000000087800000, 0x0000000087900000|  0%| F|  |TAMS 0x0000000087800000, 0x0000000087800000| Untracked 
| 121|0x0000000087900000, 0x0000000087900000, 0x0000000087a00000|  0%| F|  |TAMS 0x0000000087900000, 0x0000000087900000| Untracked 
| 122|0x0000000087a00000, 0x0000000087a00000, 0x0000000087b00000|  0%| F|  |TAMS 0x0000000087a00000, 0x0000000087a00000| Untracked 
| 123|0x0000000087b00000, 0x0000000087b00000, 0x0000000087c00000|  0%| F|  |TAMS 0x0000000087b00000, 0x0000000087b00000| Untracked 
| 124|0x0000000087c00000, 0x0000000087c00000, 0x0000000087d00000|  0%| F|  |TAMS 0x0000000087c00000, 0x0000000087c00000| Untracked 
| 125|0x0000000087d00000, 0x0000000087d00000, 0x0000000087e00000|  0%| F|  |TAMS 0x0000000087d00000, 0x0000000087d00000| Untracked 
| 126|0x0000000087e00000, 0x0000000087e00000, 0x0000000087f00000|  0%| F|  |TAMS 0x0000000087e00000, 0x0000000087e00000| Untracked 
| 127|0x0000000087f00000, 0x0000000087f00000, 0x0000000088000000|  0%| F|  |TAMS 0x0000000087f00000, 0x0000000087f00000| Untracked 
| 128|0x0000000088000000, 0x0000000088000000, 0x0000000088100000|  0%| F|  |TAMS 0x0000000088000000, 0x0000000088000000| Untracked 
| 129|0x0000000088100000, 0x0000000088100000, 0x0000000088200000|  0%| F|  |TAMS 0x0000000088100000, 0x0000000088100000| Untracked 
| 130|0x0000000088200000, 0x0000000088200000, 0x0000000088300000|  0%| F|  |TAMS 0x0000000088200000, 0x0000000088200000| Untracked 
| 131|0x0000000088300000, 0x0000000088300000, 0x0000000088400000|  0%| F|  |TAMS 0x0000000088300000, 0x0000000088300000| Untracked 
| 132|0x0000000088400000, 0x0000000088400000, 0x0000000088500000|  0%| F|  |TAMS 0x0000000088400000, 0x0000000088400000| Untracked 
| 133|0x0000000088500000, 0x0000000088500000, 0x0000000088600000|  0%| F|  |TAMS 0x0000000088500000, 0x0000000088500000| Untracked 
| 134|0x0000000088600000, 0x0000000088600000, 0x0000000088700000|  0%| F|  |TAMS 0x0000000088600000, 0x0000000088600000| Untracked 
| 135|0x0000000088700000, 0x0000000088700000, 0x0000000088800000|  0%| F|  |TAMS 0x0000000088700000, 0x0000000088700000| Untracked 
| 136|0x0000000088800000, 0x0000000088800000, 0x0000000088900000|  0%| F|  |TAMS 0x0000000088800000, 0x0000000088800000| Untracked 
| 137|0x0000000088900000, 0x0000000088900000, 0x0000000088a00000|  0%| F|  |TAMS 0x0000000088900000, 0x0000000088900000| Untracked 
| 138|0x0000000088a00000, 0x0000000088a00000, 0x0000000088b00000|  0%| F|  |TAMS 0x0000000088a00000, 0x0000000088a00000| Untracked 
| 139|0x0000000088b00000, 0x0000000088b00000, 0x0000000088c00000|  0%| F|  |TAMS 0x0000000088b00000, 0x0000000088b00000| Untracked 
| 140|0x0000000088c00000, 0x0000000088c00000, 0x0000000088d00000|  0%| F|  |TAMS 0x0000000088c00000, 0x0000000088c00000| Untracked 
| 141|0x0000000088d00000, 0x0000000088d00000, 0x0000000088e00000|  0%| F|  |TAMS 0x0000000088d00000, 0x0000000088d00000| Untracked 
| 142|0x0000000088e00000, 0x0000000088e00000, 0x0000000088f00000|  0%| F|  |TAMS 0x0000000088e00000, 0x0000000088e00000| Untracked 
| 143|0x0000000088f00000, 0x0000000088f414b0, 0x0000000089000000| 25%| S|  |TAMS 0x0000000088f00000, 0x0000000088f00000| Complete 
| 144|0x0000000089000000, 0x0000000089100000, 0x0000000089100000|100%| S|  |TAMS 0x0000000089000000, 0x0000000089000000| Complete 
| 145|0x0000000089100000, 0x0000000089200000, 0x0000000089200000|100%| S|  |TAMS 0x0000000089100000, 0x0000000089100000| Complete 
| 146|0x0000000089200000, 0x0000000089300000, 0x0000000089300000|100%| S|  |TAMS 0x0000000089200000, 0x0000000089200000| Complete 
| 147|0x0000000089300000, 0x0000000089400000, 0x0000000089400000|100%| S|  |TAMS 0x0000000089300000, 0x0000000089300000| Complete 
| 148|0x0000000089400000, 0x0000000089500000, 0x0000000089500000|100%| S|  |TAMS 0x0000000089400000, 0x0000000089400000| Complete 
| 149|0x0000000089500000, 0x0000000089600000, 0x0000000089600000|100%| S|  |TAMS 0x0000000089500000, 0x0000000089500000| Complete 
| 150|0x0000000089600000, 0x0000000089700000, 0x0000000089700000|100%| S|  |TAMS 0x0000000089600000, 0x0000000089600000| Complete 
| 151|0x0000000089700000, 0x0000000089800000, 0x0000000089800000|100%| S|  |TAMS 0x0000000089700000, 0x0000000089700000| Complete 
| 152|0x0000000089800000, 0x0000000089900000, 0x0000000089900000|100%| S|CS|TAMS 0x0000000089800000, 0x0000000089800000| Complete 
| 153|0x0000000089900000, 0x0000000089a00000, 0x0000000089a00000|100%| S|CS|TAMS 0x0000000089900000, 0x0000000089900000| Complete 
| 154|0x0000000089a00000, 0x0000000089b00000, 0x0000000089b00000|100%| S|CS|TAMS 0x0000000089a00000, 0x0000000089a00000| Complete 
| 155|0x0000000089b00000, 0x0000000089c00000, 0x0000000089c00000|100%| S|CS|TAMS 0x0000000089b00000, 0x0000000089b00000| Complete 
| 156|0x0000000089c00000, 0x0000000089d00000, 0x0000000089d00000|100%| S|CS|TAMS 0x0000000089c00000, 0x0000000089c00000| Complete 
| 157|0x0000000089d00000, 0x0000000089e00000, 0x0000000089e00000|100%| S|CS|TAMS 0x0000000089d00000, 0x0000000089d00000| Complete 
| 158|0x0000000089e00000, 0x0000000089f00000, 0x0000000089f00000|100%| S|CS|TAMS 0x0000000089e00000, 0x0000000089e00000| Complete 
| 159|0x0000000089f00000, 0x000000008a000000, 0x000000008a000000|100%| S|CS|TAMS 0x0000000089f00000, 0x0000000089f00000| Complete 
| 160|0x000000008a000000, 0x000000008a100000, 0x000000008a100000|100%| S|CS|TAMS 0x000000008a000000, 0x000000008a000000| Complete 
| 161|0x000000008a100000, 0x000000008a100000, 0x000000008a200000|  0%| F|  |TAMS 0x000000008a100000, 0x000000008a100000| Untracked 
| 162|0x000000008a200000, 0x000000008a200000, 0x000000008a300000|  0%| F|  |TAMS 0x000000008a200000, 0x000000008a200000| Untracked 
| 163|0x000000008a300000, 0x000000008a300000, 0x000000008a400000|  0%| F|  |TAMS 0x000000008a300000, 0x000000008a300000| Untracked 
| 164|0x000000008a400000, 0x000000008a400000, 0x000000008a500000|  0%| F|  |TAMS 0x000000008a400000, 0x000000008a400000| Untracked 
| 165|0x000000008a500000, 0x000000008a500000, 0x000000008a600000|  0%| F|  |TAMS 0x000000008a500000, 0x000000008a500000| Untracked 
| 166|0x000000008a600000, 0x000000008a600000, 0x000000008a700000|  0%| F|  |TAMS 0x000000008a600000, 0x000000008a600000| Untracked 
| 167|0x000000008a700000, 0x000000008a700000, 0x000000008a800000|  0%| F|  |TAMS 0x000000008a700000, 0x000000008a700000| Untracked 
| 168|0x000000008a800000, 0x000000008a800000, 0x000000008a900000|  0%| F|  |TAMS 0x000000008a800000, 0x000000008a800000| Untracked 
| 169|0x000000008a900000, 0x000000008a900000, 0x000000008aa00000|  0%| F|  |TAMS 0x000000008a900000, 0x000000008a900000| Untracked 
| 170|0x000000008aa00000, 0x000000008aa00000, 0x000000008ab00000|  0%| F|  |TAMS 0x000000008aa00000, 0x000000008aa00000| Untracked 
| 171|0x000000008ab00000, 0x000000008ab00000, 0x000000008ac00000|  0%| F|  |TAMS 0x000000008ab00000, 0x000000008ab00000| Untracked 
| 172|0x000000008ac00000, 0x000000008ac00000, 0x000000008ad00000|  0%| F|  |TAMS 0x000000008ac00000, 0x000000008ac00000| Untracked 
| 173|0x000000008ad00000, 0x000000008ad00000, 0x000000008ae00000|  0%| F|  |TAMS 0x000000008ad00000, 0x000000008ad00000| Untracked 
| 174|0x000000008ae00000, 0x000000008ae00000, 0x000000008af00000|  0%| F|  |TAMS 0x000000008ae00000, 0x000000008ae00000| Untracked 
| 175|0x000000008af00000, 0x000000008af00000, 0x000000008b000000|  0%| F|  |TAMS 0x000000008af00000, 0x000000008af00000| Untracked 
| 176|0x000000008b000000, 0x000000008b000000, 0x000000008b100000|  0%| F|  |TAMS 0x000000008b000000, 0x000000008b000000| Untracked 
| 177|0x000000008b100000, 0x000000008b100000, 0x000000008b200000|  0%| F|  |TAMS 0x000000008b100000, 0x000000008b100000| Untracked 
| 178|0x000000008b200000, 0x000000008b200000, 0x000000008b300000|  0%| F|  |TAMS 0x000000008b200000, 0x000000008b200000| Untracked 
| 179|0x000000008b300000, 0x000000008b300000, 0x000000008b400000|  0%| F|  |TAMS 0x000000008b300000, 0x000000008b300000| Untracked 
| 180|0x000000008b400000, 0x000000008b400000, 0x000000008b500000|  0%| F|  |TAMS 0x000000008b400000, 0x000000008b400000| Untracked 
| 181|0x000000008b500000, 0x000000008b500000, 0x000000008b600000|  0%| F|  |TAMS 0x000000008b500000, 0x000000008b500000| Untracked 
| 182|0x000000008b600000, 0x000000008b600000, 0x000000008b700000|  0%| F|  |TAMS 0x000000008b600000, 0x000000008b600000| Untracked 
| 183|0x000000008b700000, 0x000000008b700000, 0x000000008b800000|  0%| F|  |TAMS 0x000000008b700000, 0x000000008b700000| Untracked 
| 184|0x000000008b800000, 0x000000008b800000, 0x000000008b900000|  0%| F|  |TAMS 0x000000008b800000, 0x000000008b800000| Untracked 
| 185|0x000000008b900000, 0x000000008b900000, 0x000000008ba00000|  0%| F|  |TAMS 0x000000008b900000, 0x000000008b900000| Untracked 
| 186|0x000000008ba00000, 0x000000008ba00000, 0x000000008bb00000|  0%| F|  |TAMS 0x000000008ba00000, 0x000000008ba00000| Untracked 
| 187|0x000000008bb00000, 0x000000008bb00000, 0x000000008bc00000|  0%| F|  |TAMS 0x000000008bb00000, 0x000000008bb00000| Untracked 
| 188|0x000000008bc00000, 0x000000008bc00000, 0x000000008bd00000|  0%| F|  |TAMS 0x000000008bc00000, 0x000000008bc00000| Untracked 
| 189|0x000000008bd00000, 0x000000008bd00000, 0x000000008be00000|  0%| F|  |TAMS 0x000000008bd00000, 0x000000008bd00000| Untracked 
| 190|0x000000008be00000, 0x000000008be00000, 0x000000008bf00000|  0%| F|  |TAMS 0x000000008be00000, 0x000000008be00000| Untracked 
| 191|0x000000008bf00000, 0x000000008bf00000, 0x000000008c000000|  0%| F|  |TAMS 0x000000008bf00000, 0x000000008bf00000| Untracked 
| 192|0x000000008c000000, 0x000000008c000000, 0x000000008c100000|  0%| F|  |TAMS 0x000000008c000000, 0x000000008c000000| Untracked 
| 193|0x000000008c100000, 0x000000008c100000, 0x000000008c200000|  0%| F|  |TAMS 0x000000008c100000, 0x000000008c100000| Untracked 
| 194|0x000000008c200000, 0x000000008c200000, 0x000000008c300000|  0%| F|  |TAMS 0x000000008c200000, 0x000000008c200000| Untracked 
| 195|0x000000008c300000, 0x000000008c300000, 0x000000008c400000|  0%| F|  |TAMS 0x000000008c300000, 0x000000008c300000| Untracked 
| 196|0x000000008c400000, 0x000000008c400000, 0x000000008c500000|  0%| F|  |TAMS 0x000000008c400000, 0x000000008c400000| Untracked 
| 197|0x000000008c500000, 0x000000008c500000, 0x000000008c600000|  0%| F|  |TAMS 0x000000008c500000, 0x000000008c500000| Untracked 
| 198|0x000000008c600000, 0x000000008c600000, 0x000000008c700000|  0%| F|  |TAMS 0x000000008c600000, 0x000000008c600000| Untracked 
| 199|0x000000008c700000, 0x000000008c700000, 0x000000008c800000|  0%| F|  |TAMS 0x000000008c700000, 0x000000008c700000| Untracked 
| 200|0x000000008c800000, 0x000000008c800000, 0x000000008c900000|  0%| F|  |TAMS 0x000000008c800000, 0x000000008c800000| Untracked 
| 201|0x000000008c900000, 0x000000008c900000, 0x000000008ca00000|  0%| F|  |TAMS 0x000000008c900000, 0x000000008c900000| Untracked 
| 202|0x000000008ca00000, 0x000000008ca00000, 0x000000008cb00000|  0%| F|  |TAMS 0x000000008ca00000, 0x000000008ca00000| Untracked 
| 203|0x000000008cb00000, 0x000000008cb00000, 0x000000008cc00000|  0%| F|  |TAMS 0x000000008cb00000, 0x000000008cb00000| Untracked 
| 204|0x000000008cc00000, 0x000000008cc00000, 0x000000008cd00000|  0%| F|  |TAMS 0x000000008cc00000, 0x000000008cc00000| Untracked 
| 205|0x000000008cd00000, 0x000000008cd00000, 0x000000008ce00000|  0%| F|  |TAMS 0x000000008cd00000, 0x000000008cd00000| Untracked 
| 206|0x000000008ce00000, 0x000000008ce00000, 0x000000008cf00000|  0%| F|  |TAMS 0x000000008ce00000, 0x000000008ce00000| Untracked 
| 207|0x000000008cf00000, 0x000000008cf00000, 0x000000008d000000|  0%| F|  |TAMS 0x000000008cf00000, 0x000000008cf00000| Untracked 
| 208|0x000000008d000000, 0x000000008d000000, 0x000000008d100000|  0%| F|  |TAMS 0x000000008d000000, 0x000000008d000000| Untracked 
| 209|0x000000008d100000, 0x000000008d100000, 0x000000008d200000|  0%| F|  |TAMS 0x000000008d100000, 0x000000008d100000| Untracked 
| 210|0x000000008d200000, 0x000000008d200000, 0x000000008d300000|  0%| F|  |TAMS 0x000000008d200000, 0x000000008d200000| Untracked 
| 211|0x000000008d300000, 0x000000008d300000, 0x000000008d400000|  0%| F|  |TAMS 0x000000008d300000, 0x000000008d300000| Untracked 
| 212|0x000000008d400000, 0x000000008d400000, 0x000000008d500000|  0%| F|  |TAMS 0x000000008d400000, 0x000000008d400000| Untracked 
| 213|0x000000008d500000, 0x000000008d500000, 0x000000008d600000|  0%| F|  |TAMS 0x000000008d500000, 0x000000008d500000| Untracked 
| 214|0x000000008d600000, 0x000000008d600000, 0x000000008d700000|  0%| F|  |TAMS 0x000000008d600000, 0x000000008d600000| Untracked 
| 215|0x000000008d700000, 0x000000008d700000, 0x000000008d800000|  0%| F|  |TAMS 0x000000008d700000, 0x000000008d700000| Untracked 
| 216|0x000000008d800000, 0x000000008d800000, 0x000000008d900000|  0%| F|  |TAMS 0x000000008d800000, 0x000000008d800000| Untracked 
| 217|0x000000008d900000, 0x000000008d900000, 0x000000008da00000|  0%| F|  |TAMS 0x000000008d900000, 0x000000008d900000| Untracked 
| 218|0x000000008da00000, 0x000000008da00000, 0x000000008db00000|  0%| F|  |TAMS 0x000000008da00000, 0x000000008da00000| Untracked 
| 219|0x000000008db00000, 0x000000008db00000, 0x000000008dc00000|  0%| F|  |TAMS 0x000000008db00000, 0x000000008db00000| Untracked 
| 220|0x000000008dc00000, 0x000000008dc00000, 0x000000008dd00000|  0%| F|  |TAMS 0x000000008dc00000, 0x000000008dc00000| Untracked 
| 221|0x000000008dd00000, 0x000000008dd00000, 0x000000008de00000|  0%| F|  |TAMS 0x000000008dd00000, 0x000000008dd00000| Untracked 
| 222|0x000000008de00000, 0x000000008de00000, 0x000000008df00000|  0%| F|  |TAMS 0x000000008de00000, 0x000000008de00000| Untracked 
| 223|0x000000008df00000, 0x000000008df00000, 0x000000008e000000|  0%| F|  |TAMS 0x000000008df00000, 0x000000008df00000| Untracked 
| 224|0x000000008e000000, 0x000000008e000000, 0x000000008e100000|  0%| F|  |TAMS 0x000000008e000000, 0x000000008e000000| Untracked 
| 225|0x000000008e100000, 0x000000008e100000, 0x000000008e200000|  0%| F|  |TAMS 0x000000008e100000, 0x000000008e100000| Untracked 
| 226|0x000000008e200000, 0x000000008e200000, 0x000000008e300000|  0%| F|  |TAMS 0x000000008e200000, 0x000000008e200000| Untracked 
| 227|0x000000008e300000, 0x000000008e300000, 0x000000008e400000|  0%| F|  |TAMS 0x000000008e300000, 0x000000008e300000| Untracked 
| 228|0x000000008e400000, 0x000000008e400000, 0x000000008e500000|  0%| F|  |TAMS 0x000000008e400000, 0x000000008e400000| Untracked 
| 229|0x000000008e500000, 0x000000008e500000, 0x000000008e600000|  0%| F|  |TAMS 0x000000008e500000, 0x000000008e500000| Untracked 
| 230|0x000000008e600000, 0x000000008e600000, 0x000000008e700000|  0%| F|  |TAMS 0x000000008e600000, 0x000000008e600000| Untracked 
| 231|0x000000008e700000, 0x000000008e700000, 0x000000008e800000|  0%| F|  |TAMS 0x000000008e700000, 0x000000008e700000| Untracked 
| 232|0x000000008e800000, 0x000000008e800000, 0x000000008e900000|  0%| F|  |TAMS 0x000000008e800000, 0x000000008e800000| Untracked 
| 233|0x000000008e900000, 0x000000008e900000, 0x000000008ea00000|  0%| F|  |TAMS 0x000000008e900000, 0x000000008e900000| Untracked 
| 234|0x000000008ea00000, 0x000000008ea00000, 0x000000008eb00000|  0%| F|  |TAMS 0x000000008ea00000, 0x000000008ea00000| Untracked 
| 235|0x000000008eb00000, 0x000000008eb00000, 0x000000008ec00000|  0%| F|  |TAMS 0x000000008eb00000, 0x000000008eb00000| Untracked 
| 236|0x000000008ec00000, 0x000000008ec00000, 0x000000008ed00000|  0%| F|  |TAMS 0x000000008ec00000, 0x000000008ec00000| Untracked 
| 237|0x000000008ed00000, 0x000000008ed00000, 0x000000008ee00000|  0%| F|  |TAMS 0x000000008ed00000, 0x000000008ed00000| Untracked 
| 238|0x000000008ee00000, 0x000000008ee00000, 0x000000008ef00000|  0%| F|  |TAMS 0x000000008ee00000, 0x000000008ee00000| Untracked 
| 239|0x000000008ef00000, 0x000000008efc20a0, 0x000000008f000000| 75%| E|  |TAMS 0x000000008ef00000, 0x000000008ef00000| Complete 

Card table byte_map: [0x00000217e5370000,0x00000217e5770000] _byte_map_base: 0x00000217e4f70000

Marking Bits (Prev, Next): (CMBitMap*) 0x00000217d0226678, (CMBitMap*) 0x00000217d02266b0
 Prev Bits: [0x00000217e5b70000, 0x00000217e7b70000)
 Next Bits: [0x00000217e7b70000, 0x00000217e9b70000)

Polling page: 0x00000217d0090000

Metaspace:

Usage:
  Non-class:     43.47 MB capacity,    42.74 MB ( 98%) used,   611.12 KB (  1%) free+waste,   137.94 KB ( <1%) overhead. 
      Class:      6.72 MB capacity,     6.22 MB ( 93%) used,   445.93 KB (  6%) free+waste,    66.19 KB ( <1%) overhead. 
       Both:     50.19 MB capacity,    48.95 MB ( 98%) used,     1.03 MB (  2%) free+waste,   204.12 KB ( <1%) overhead. 

Virtual space:
  Non-class space:       52.00 MB reserved,      43.67 MB ( 84%) committed 
      Class space:        1.00 GB reserved,       6.75 MB ( <1%) committed 
             Both:        1.05 GB reserved,      50.42 MB (  5%) committed 

Chunk freelists:
   Non-Class:  18.00 KB
       Class:  31.00 KB
        Both:  49.00 KB

MaxMetaspaceSize: 17179869184.00 GB
CompressedClassSpaceSize: 1.00 GB
Initial GC threshold: 20.80 MB
Current GC threshold: 59.15 MB
CDS: off

CodeHeap 'non-profiled nmethods': size=120000Kb used=3084Kb max_used=3084Kb free=116915Kb
 bounds [0x00000217dcfe0000, 0x00000217dd2f0000, 0x00000217e4510000]
CodeHeap 'profiled nmethods': size=120000Kb used=10901Kb max_used=10901Kb free=109099Kb
 bounds [0x00000217d5ab0000, 0x00000217d6560000, 0x00000217dcfe0000]
CodeHeap 'non-nmethods': size=5760Kb used=2300Kb max_used=2339Kb free=3459Kb
 bounds [0x00000217d5510000, 0x00000217d5780000, 0x00000217d5ab0000]
 total_blobs=6191 nmethods=5388 adapters=715
 compilation: enabled
              stopped_count=0, restarted_count=0
 full_count=0

Compilation events (20 events):
Event: 8.756 Thread 0x00000217f3918800 nmethod 5392 0x00000217dd2e2010 code [0x00000217dd2e21c0, 0x00000217dd2e24d8]
Event: 8.756 Thread 0x00000217f3918800 5393       4       java.lang.Class::getGenericInfo (52 bytes)
Event: 8.758 Thread 0x00000217f3918800 nmethod 5393 0x00000217dd2e2790 code [0x00000217dd2e2940, 0x00000217dd2e2b08]
Event: 8.760 Thread 0x00000217f3918800 5394       4       jdk.internal.loader.URLClassPath$JarLoader$2::getManifest (26 bytes)
Event: 8.761 Thread 0x00000217ecf0b800 5395       1       com.google.common.collect.MapMakerInternalMap$StrongKeyWeakValueSegment::access$100 (5 bytes)
Event: 8.761 Thread 0x00000217ecf0b800 nmethod 5395 0x00000217dd2e2c10 code [0x00000217dd2e2dc0, 0x00000217dd2e2e58]
Event: 8.762 Thread 0x00000217ecf0b800 5396       3       java.util.TreeMap$Values::iterator (19 bytes)
Event: 8.763 Thread 0x00000217ecf0b800 nmethod 5396 0x00000217d6550010 code [0x00000217d6550200, 0x00000217d6550718]
Event: 8.763 Thread 0x00000217ecf0b800 5397       3       java.util.TreeMap$ValueIterator::<init> (12 bytes)
Event: 8.763 Thread 0x00000217ecf0b800 nmethod 5397 0x00000217d6550910 code [0x00000217d6550ae0, 0x00000217d6550df8]
Event: 8.765 Thread 0x00000217ecf0b800 5400       3       com.google.common.collect.MapMakerInternalMap$StrongKeyWeakValueSegment::self (5 bytes)
Event: 8.765 Thread 0x00000217ecf0b800 nmethod 5400 0x00000217d6550f10 code [0x00000217d65510c0, 0x00000217d6551218]
Event: 8.765 Thread 0x00000217ecf0b800 5401       3       com.google.common.collect.MapMakerInternalMap$StrongKeyWeakValueSegment::self (2 bytes)
Event: 8.765 Thread 0x00000217ecf0b800 nmethod 5401 0x00000217d6551310 code [0x00000217d65514c0, 0x00000217d65515b8]
Event: 8.768 Thread 0x00000217ecf0b800 5402       3       com.google.common.collect.MapMakerInternalMap$Segment::getEntry (80 bytes)
Event: 8.770 Thread 0x00000217ecf0b800 nmethod 5402 0x00000217d6551690 code [0x00000217d6551a00, 0x00000217d65531a8]
Event: 8.784 Thread 0x00000217ecf0b800 5404       3       org.gradle.internal.util.Trie::find (135 bytes)
Event: 8.784 Thread 0x00000217ecf0b800 nmethod 5404 0x00000217d6553910 code [0x00000217d6553b40, 0x00000217d6554298]
Event: 8.784 Thread 0x00000217ecf0b800 5403       3       org.gradle.internal.classloader.FilteringClassLoader$TrieSet::find (9 bytes)
Event: 8.785 Thread 0x00000217ecf0b800 nmethod 5403 0x00000217d6554510 code [0x00000217d65546c0, 0x00000217d6554808]

GC Heap History (10 events):
Event: 0.966 GC heap before
{Heap before GC invocations=0 (full 0):
 garbage-first heap   total 245760K, used 29696K [0x0000000080000000, 0x0000000100000000)
  region size 1024K, 24 young (24576K), 0 survivors (0K)
 Metaspace       used 10118K, capacity 10339K, committed 10624K, reserved 1058816K
  class space    used 1031K, capacity 1106K, committed 1152K, reserved 1048576K
}
Event: 0.972 GC heap after
{Heap after GC invocations=1 (full 0):
 garbage-first heap   total 245760K, used 9520K [0x0000000080000000, 0x0000000100000000)
  region size 1024K, 3 young (3072K), 3 survivors (3072K)
 Metaspace       used 10118K, capacity 10339K, committed 10624K, reserved 1058816K
  class space    used 1031K, capacity 1106K, committed 1152K, reserved 1048576K
}
Event: 3.347 GC heap before
{Heap before GC invocations=1 (full 0):
 garbage-first heap   total 245760K, used 107824K [0x0000000080000000, 0x0000000100000000)
  region size 1024K, 99 young (101376K), 3 survivors (3072K)
 Metaspace       used 20783K, capacity 21163K, committed 21296K, reserved 1069056K
  class space    used 2520K, capacity 2653K, committed 2688K, reserved 1048576K
}
Event: 3.360 GC heap after
{Heap after GC invocations=2 (full 0):
 garbage-first heap   total 245760K, used 16866K [0x0000000080000000, 0x0000000100000000)
  region size 1024K, 11 young (11264K), 11 survivors (11264K)
 Metaspace       used 20783K, capacity 21163K, committed 21296K, reserved 1069056K
  class space    used 2520K, capacity 2653K, committed 2688K, reserved 1048576K
}
Event: 3.968 GC heap before
{Heap before GC invocations=3 (full 0):
 garbage-first heap   total 245760K, used 58850K [0x0000000080000000, 0x0000000100000000)
  region size 1024K, 53 young (54272K), 11 survivors (11264K)
 Metaspace       used 25212K, capacity 25789K, committed 25904K, reserved 1071104K
  class space    used 3238K, capacity 3416K, committed 3456K, reserved 1048576K
}
Event: 3.975 GC heap after
{Heap after GC invocations=4 (full 0):
 garbage-first heap   total 245760K, used 18888K [0x0000000080000000, 0x0000000100000000)
  region size 1024K, 3 young (3072K), 3 survivors (3072K)
 Metaspace       used 25212K, capacity 25789K, committed 25904K, reserved 1071104K
  class space    used 3238K, capacity 3416K, committed 3456K, reserved 1048576K
}
Event: 5.276 GC heap before
{Heap before GC invocations=4 (full 0):
 garbage-first heap   total 245760K, used 94664K [0x0000000080000000, 0x0000000100000000)
  region size 1024K, 78 young (79872K), 3 survivors (3072K)
 Metaspace       used 34867K, capacity 35730K, committed 35888K, reserved 1081344K
  class space    used 4555K, capacity 4887K, committed 4992K, reserved 1048576K
}
Event: 5.287 GC heap after
{Heap after GC invocations=5 (full 0):
 garbage-first heap   total 245760K, used 22158K [0x0000000080000000, 0x0000000100000000)
  region size 1024K, 6 young (6144K), 6 survivors (6144K)
 Metaspace       used 34867K, capacity 35730K, committed 35888K, reserved 1081344K
  class space    used 4555K, capacity 4887K, committed 4992K, reserved 1048576K
}
Event: 7.526 GC heap before
{Heap before GC invocations=6 (full 0):
 garbage-first heap   total 245760K, used 153230K [0x0000000080000000, 0x0000000100000000)
  region size 1024K, 131 young (134144K), 6 survivors (6144K)
 Metaspace       used 46434K, capacity 47538K, committed 47792K, reserved 1091584K
  class space    used 5925K, capacity 6333K, committed 6400K, reserved 1048576K
}
Event: 7.537 GC heap after
{Heap after GC invocations=7 (full 0):
 garbage-first heap   total 245760K, used 30393K [0x0000000080000000, 0x0000000100000000)
  region size 1024K, 14 young (14336K), 14 survivors (14336K)
 Metaspace       used 46434K, capacity 47538K, committed 47792K, reserved 1091584K
  class space    used 5925K, capacity 6333K, committed 6400K, reserved 1048576K
}

Deoptimization events (20 events):
Event: 8.641 Thread 0x00000217f05fe800 DEOPT PACKING pc=0x00000217dd03d7b8 sp=0x000000ff7d4f7090
Event: 8.641 Thread 0x00000217f05fe800 DEOPT UNPACKING pc=0x00000217d555a1af sp=0x000000ff7d4f7020 mode 2
Event: 8.673 Thread 0x00000217f05fe800 DEOPT PACKING pc=0x00000217d652c384 sp=0x000000ff7d4f05c0
Event: 8.673 Thread 0x00000217f05fe800 DEOPT UNPACKING pc=0x00000217d555a95e sp=0x000000ff7d4efb98 mode 0
Event: 8.677 Thread 0x00000217f05fe800 DEOPT PACKING pc=0x00000217d5b7755a sp=0x000000ff7d4f0580
Event: 8.677 Thread 0x00000217f05fe800 DEOPT UNPACKING pc=0x00000217d555a95e sp=0x000000ff7d4efa08 mode 0
Event: 8.680 Thread 0x00000217f05fe800 DEOPT PACKING pc=0x00000217d652c384 sp=0x000000ff7d4f05c0
Event: 8.680 Thread 0x00000217f05fe800 DEOPT UNPACKING pc=0x00000217d555a95e sp=0x000000ff7d4efb98 mode 0
Event: 8.680 Thread 0x00000217f05fe800 Uncommon trap: trap_request=0xffffff4d fr.pc=0x00000217dd049350 relative=0x0000000000002cf0
Event: 8.680 Thread 0x00000217f05fe800 Uncommon trap: reason=unstable_if action=reinterpret pc=0x00000217dd049350 method=java.util.jar.JarFile.checkForSpecialAttributes()V @ 53 c2
Event: 8.680 Thread 0x00000217f05fe800 DEOPT PACKING pc=0x00000217dd049350 sp=0x000000ff7d4f0b70
Event: 8.680 Thread 0x00000217f05fe800 DEOPT UNPACKING pc=0x00000217d555a1af sp=0x000000ff7d4f0b70 mode 2
Event: 8.710 Thread 0x00000217f05fe800 DEOPT PACKING pc=0x00000217d652c384 sp=0x000000ff7d4f05c0
Event: 8.711 Thread 0x00000217f05fe800 DEOPT UNPACKING pc=0x00000217d555a95e sp=0x000000ff7d4efb98 mode 0
Event: 8.720 Thread 0x00000217f05fe800 DEOPT PACKING pc=0x00000217d652c384 sp=0x000000ff7d4f0490
Event: 8.721 Thread 0x00000217f05fe800 DEOPT UNPACKING pc=0x00000217d555a95e sp=0x000000ff7d4efa68 mode 0
Event: 8.735 Thread 0x00000217f05fe800 DEOPT PACKING pc=0x00000217d652c384 sp=0x000000ff7d4f0490
Event: 8.735 Thread 0x00000217f05fe800 DEOPT UNPACKING pc=0x00000217d555a95e sp=0x000000ff7d4efa68 mode 0
Event: 8.746 Thread 0x00000217f05fe800 DEOPT PACKING pc=0x00000217d5b6df2e sp=0x000000ff7d4f0aa0
Event: 8.746 Thread 0x00000217f05fe800 DEOPT UNPACKING pc=0x00000217d555a95e sp=0x000000ff7d4eff10 mode 0

Classes redefined (0 events):
No events

Internal exceptions (20 events):
Event: 8.685 Thread 0x00000217f05fe800 Exception <a 'java/security/PrivilegedActionException'{0x000000008aacd158}> (0x000000008aacd158) thrown at [src/hotspot/share/prims/jvm.cpp, line 1306]
Event: 8.685 Thread 0x00000217f05fe800 Exception <a 'java/security/PrivilegedActionException'{0x000000008aace6c0}> (0x000000008aace6c0) thrown at [src/hotspot/share/prims/jvm.cpp, line 1306]
Event: 8.686 Thread 0x00000217f05fe800 Exception <a 'java/security/PrivilegedActionException'{0x000000008aad1610}> (0x000000008aad1610) thrown at [src/hotspot/share/prims/jvm.cpp, line 1306]
Event: 8.686 Thread 0x00000217f05fe800 Exception <a 'java/security/PrivilegedActionException'{0x000000008aad2b78}> (0x000000008aad2b78) thrown at [src/hotspot/share/prims/jvm.cpp, line 1306]
Event: 8.686 Thread 0x00000217f05fe800 Exception <a 'java/security/PrivilegedActionException'{0x000000008aad5a30}> (0x000000008aad5a30) thrown at [src/hotspot/share/prims/jvm.cpp, line 1306]
Event: 8.686 Thread 0x00000217f05fe800 Exception <a 'java/security/PrivilegedActionException'{0x000000008aad6f98}> (0x000000008aad6f98) thrown at [src/hotspot/share/prims/jvm.cpp, line 1306]
Event: 8.704 Thread 0x00000217f05fe800 Exception <a 'java/security/PrivilegedActionException'{0x000000008a9c5e90}> (0x000000008a9c5e90) thrown at [src/hotspot/share/prims/jvm.cpp, line 1306]
Event: 8.704 Thread 0x00000217f05fe800 Exception <a 'java/security/PrivilegedActionException'{0x000000008a9c73f8}> (0x000000008a9c73f8) thrown at [src/hotspot/share/prims/jvm.cpp, line 1306]
Event: 8.704 Thread 0x00000217f05fe800 Exception <a 'java/security/PrivilegedActionException'{0x000000008a9ca2b0}> (0x000000008a9ca2b0) thrown at [src/hotspot/share/prims/jvm.cpp, line 1306]
Event: 8.704 Thread 0x00000217f05fe800 Exception <a 'java/security/PrivilegedActionException'{0x000000008a9cb818}> (0x000000008a9cb818) thrown at [src/hotspot/share/prims/jvm.cpp, line 1306]
Event: 8.705 Thread 0x00000217f05fe800 Exception <a 'java/security/PrivilegedActionException'{0x000000008a9ce7a8}> (0x000000008a9ce7a8) thrown at [src/hotspot/share/prims/jvm.cpp, line 1306]
Event: 8.705 Thread 0x00000217f05fe800 Exception <a 'java/security/PrivilegedActionException'{0x000000008a9cfd10}> (0x000000008a9cfd10) thrown at [src/hotspot/share/prims/jvm.cpp, line 1306]
Event: 8.705 Thread 0x00000217f05fe800 Exception <a 'java/security/PrivilegedActionException'{0x000000008a9d2c08}> (0x000000008a9d2c08) thrown at [src/hotspot/share/prims/jvm.cpp, line 1306]
Event: 8.705 Thread 0x00000217f05fe800 Exception <a 'java/security/PrivilegedActionException'{0x000000008a9d4170}> (0x000000008a9d4170) thrown at [src/hotspot/share/prims/jvm.cpp, line 1306]
Event: 8.705 Thread 0x00000217f05fe800 Exception <a 'java/security/PrivilegedActionException'{0x000000008a9d7080}> (0x000000008a9d7080) thrown at [src/hotspot/share/prims/jvm.cpp, line 1306]
Event: 8.705 Thread 0x00000217f05fe800 Exception <a 'java/security/PrivilegedActionException'{0x000000008a9d85e8}> (0x000000008a9d85e8) thrown at [src/hotspot/share/prims/jvm.cpp, line 1306]
Event: 8.705 Thread 0x00000217f05fe800 Exception <a 'java/security/PrivilegedActionException'{0x000000008a9db578}> (0x000000008a9db578) thrown at [src/hotspot/share/prims/jvm.cpp, line 1306]
Event: 8.705 Thread 0x00000217f05fe800 Exception <a 'java/security/PrivilegedActionException'{0x000000008a9dcae0}> (0x000000008a9dcae0) thrown at [src/hotspot/share/prims/jvm.cpp, line 1306]
Event: 8.754 Thread 0x00000217f05fe800 Exception <a 'java/lang/ClassNotFoundException'{0x000000008a47bd40}: org/gradle/api/internal/plugins/DefaultObjectConfigurationActionBeanInfo> (0x000000008a47bd40) thrown at [src/hotspot/share/classfile/systemDictionary.cpp, line 230]
Event: 8.755 Thread 0x00000217f05fe800 Exception <a 'java/lang/ClassNotFoundException'{0x000000008a4be888}: org/gradle/api/internal/plugins/DefaultObjectConfigurationActionCustomizer> (0x000000008a4be888) thrown at [src/hotspot/share/classfile/systemDictionary.cpp, line 230]

Events (20 events):
Event: 8.783 loading class com/google/common/base/CharMatcher$BitSetMatcher
Event: 8.783 loading class com/google/common/base/CharMatcher$BitSetMatcher done
Event: 8.784 loading class com/google/common/base/CharMatcher$1
Event: 8.784 loading class com/google/common/base/CharMatcher$1 done
Event: 8.784 loading class com/google/common/base/CharMatcher$NegatedFastMatcher
Event: 8.784 loading class com/google/common/base/CharMatcher$NegatedFastMatcher done
Event: 8.786 loading class com/google/common/base/Preconditions
Event: 8.786 loading class com/google/common/base/Preconditions done
Event: 8.787 loading class com/google/common/base/Splitter$1
Event: 8.787 loading class com/google/common/base/Splitter$1 done
Event: 8.788 loading class com/google/common/base/Splitter$SplittingIterator
Event: 8.788 loading class com/google/common/base/Splitter$SplittingIterator done
Event: 8.789 loading class com/google/common/base/AbstractIterator
Event: 8.789 loading class com/google/common/base/AbstractIterator done
Event: 8.789 loading class com/google/common/base/Splitter$1$1
Event: 8.789 loading class com/google/common/base/Splitter$1$1 done
Event: 8.790 loading class com/google/common/base/Splitter$5
Event: 8.790 loading class com/google/common/base/Splitter$5 done
Event: 8.790 loading class com/google/common/collect/Lists
Event: 8.790 loading class com/google/common/collect/Lists done


Dynamic libraries:
0x00007ff60c9d0000 - 0x00007ff60c9da000 	C:\Program Files\Android\Android Studio\jbr\bin\java.exe
0x00007ff8a0910000 - 0x00007ff8a0b08000 	C:\Windows\SYSTEM32\ntdll.dll
0x00007ff89f060000 - 0x00007ff89f11f000 	C:\Windows\System32\KERNEL32.DLL
0x00007ff89e2f0000 - 0x00007ff89e5c2000 	C:\Windows\System32\KERNELBASE.dll
0x00007ff89e160000 - 0x00007ff89e260000 	C:\Windows\System32\ucrtbase.dll
0x00007ff8982d0000 - 0x00007ff8982eb000 	C:\Program Files\Android\Android Studio\jbr\bin\VCRUNTIME140.dll
0x00007ff890900000 - 0x00007ff890917000 	C:\Program Files\Android\Android Studio\jbr\bin\jli.dll
0x00007ff8a0570000 - 0x00007ff8a0711000 	C:\Windows\System32\USER32.dll
0x00007ff888ff0000 - 0x00007ff88928a000 	C:\Windows\WinSxS\amd64_microsoft.windows.common-controls_6595b64144ccf1df_6.0.19041.1110_none_60b5254171f9507e\COMCTL32.dll
0x00007ff8a0110000 - 0x00007ff8a01ae000 	C:\Windows\System32\msvcrt.dll
0x00007ff89e010000 - 0x00007ff89e032000 	C:\Windows\System32\win32u.dll
0x00007ff89e960000 - 0x00007ff89e98b000 	C:\Windows\System32\GDI32.dll
0x00007ff89e670000 - 0x00007ff89e77f000 	C:\Windows\System32\gdi32full.dll
0x00007ff89e5d0000 - 0x00007ff89e66d000 	C:\Windows\System32\msvcp_win.dll
0x00007ff8a0290000 - 0x00007ff8a02c0000 	C:\Windows\System32\IMM32.DLL
0x00007ff89b530000 - 0x00007ff89b53c000 	C:\Program Files\Android\Android Studio\jbr\bin\vcruntime140_1.dll
0x00007ff88d1b0000 - 0x00007ff88d23d000 	C:\Program Files\Android\Android Studio\jbr\bin\msvcp140.dll
0x00007ff845d00000 - 0x00007ff8468bc000 	C:\Program Files\Android\Android Studio\jbr\bin\server\jvm.dll
0x00007ff89f190000 - 0x00007ff89f23e000 	C:\Windows\System32\ADVAPI32.dll
0x00007ff89ef30000 - 0x00007ff89efcc000 	C:\Windows\System32\sechost.dll
0x00007ff89ee00000 - 0x00007ff89ef24000 	C:\Windows\System32\RPCRT4.dll
0x00007ff89f120000 - 0x00007ff89f128000 	C:\Windows\System32\PSAPI.DLL
0x00007ff891020000 - 0x00007ff891029000 	C:\Windows\SYSTEM32\WSOCK32.dll
0x00007ff8934d0000 - 0x00007ff8934da000 	C:\Windows\SYSTEM32\VERSION.dll
0x00007ff8a03d0000 - 0x00007ff8a043b000 	C:\Windows\System32\WS2_32.dll
0x00007ff8934a0000 - 0x00007ff8934c7000 	C:\Windows\SYSTEM32\WINMM.dll
0x00007ff89bed0000 - 0x00007ff89bee2000 	C:\Windows\SYSTEM32\kernel.appcore.dll
0x00007ff890c90000 - 0x00007ff890ca0000 	C:\Program Files\Android\Android Studio\jbr\bin\verify.dll
0x00007ff894660000 - 0x00007ff894844000 	C:\Windows\SYSTEM32\DBGHELP.DLL
0x00007ff8898c0000 - 0x00007ff8898f5000 	C:\Windows\SYSTEM32\dbgcore.DLL
0x00007ff89e260000 - 0x00007ff89e2e2000 	C:\Windows\System32\bcryptPrimitives.dll
0x00007ff8827d0000 - 0x00007ff8827f8000 	C:\Program Files\Android\Android Studio\jbr\bin\java.dll
0x00007ff88db20000 - 0x00007ff88db2a000 	C:\Program Files\Android\Android Studio\jbr\bin\jimage.dll
0x00007ff883460000 - 0x00007ff883478000 	C:\Program Files\Android\Android Studio\jbr\bin\zip.dll
0x00007ff89f8a0000 - 0x00007ff89ffe5000 	C:\Windows\System32\SHELL32.dll
0x00007ff89c0d0000 - 0x00007ff89c862000 	C:\Windows\SYSTEM32\windows.storage.dll
0x00007ff89f540000 - 0x00007ff89f895000 	C:\Windows\System32\combase.dll
0x00007ff89d990000 - 0x00007ff89d9c0000 	C:\Windows\SYSTEM32\Wldp.dll
0x00007ff8a0320000 - 0x00007ff8a03cd000 	C:\Windows\System32\SHCORE.dll
0x00007ff8a01b0000 - 0x00007ff8a0205000 	C:\Windows\System32\shlwapi.dll
0x00007ff89df50000 - 0x00007ff89df6f000 	C:\Windows\SYSTEM32\profapi.dll
0x00007ff883390000 - 0x00007ff8833a9000 	C:\Program Files\Android\Android Studio\jbr\bin\net.dll
0x00007ff895320000 - 0x00007ff89542a000 	C:\Windows\SYSTEM32\WINHTTP.dll
0x00007ff89d6f0000 - 0x00007ff89d75a000 	C:\Windows\system32\mswsock.dll
0x00007ff883240000 - 0x00007ff883253000 	C:\Program Files\Android\Android Studio\jbr\bin\nio.dll
0x00007ff88d2a0000 - 0x00007ff88d2c7000 	C:\Users\BlackWell\.gradle\native\e1d6ef7f7dcc3fd88c89a11ec53ec762bb8ba0a96d01ffa2cd45eb1d1d8dd5c5\windows-amd64\native-platform.dll
0x00007ff88d060000 - 0x00007ff88d1a4000 	C:\Users\BlackWell\.gradle\native\0d407fdbe67a94daf76414ababcb853783967236a71b16ec16e742cd7a986fd3\windows-amd64\native-platform-file-events.dll
0x00007ff88d790000 - 0x00007ff88d79a000 	C:\Program Files\Android\Android Studio\jbr\bin\management.dll
0x00007ff88d3e0000 - 0x00007ff88d3eb000 	C:\Program Files\Android\Android Studio\jbr\bin\management_ext.dll
0x00007ff89d8e0000 - 0x00007ff89d8f8000 	C:\Windows\SYSTEM32\CRYPTSP.dll
0x00007ff89d010000 - 0x00007ff89d044000 	C:\Windows\system32\rsaenh.dll
0x00007ff89e8e0000 - 0x00007ff89e907000 	C:\Windows\System32\bcrypt.dll
0x00007ff89df10000 - 0x00007ff89df3e000 	C:\Windows\SYSTEM32\USERENV.dll
0x00007ff89d900000 - 0x00007ff89d90c000 	C:\Windows\SYSTEM32\CRYPTBASE.dll
0x00007ff89d3e0000 - 0x00007ff89d41b000 	C:\Windows\SYSTEM32\IPHLPAPI.DLL
0x00007ff89f050000 - 0x00007ff89f058000 	C:\Windows\System32\NSI.dll
0x00007ff895d90000 - 0x00007ff895da7000 	C:\Windows\SYSTEM32\dhcpcsvc6.DLL
0x00007ff896000000 - 0x00007ff89601d000 	C:\Windows\SYSTEM32\dhcpcsvc.DLL
0x00007ff89d420000 - 0x00007ff89d4eb000 	C:\Windows\SYSTEM32\DNSAPI.dll

dbghelp: loaded successfully - version: 4.0.5 - missing functions: none
symbol engine: initialized successfully - sym options: 0x614 - pdb path: .;C:\Program Files\Android\Android Studio\jbr\bin;C:\Windows\SYSTEM32;C:\Windows\WinSxS\amd64_microsoft.windows.common-controls_6595b64144ccf1df_6.0.19041.1110_none_60b5254171f9507e;C:\Program Files\Android\Android Studio\jbr\bin\server;C:\Users\BlackWell\.gradle\native\e1d6ef7f7dcc3fd88c89a11ec53ec762bb8ba0a96d01ffa2cd45eb1d1d8dd5c5\windows-amd64;C:\Users\BlackWell\.gradle\native\0d407fdbe67a94daf76414ababcb853783967236a71b16ec16e742cd7a986fd3\windows-amd64

VM Arguments:
jvm_args: --add-opens=java.base/java.util=ALL-UNNAMED --add-opens=java.base/java.lang=ALL-UNNAMED --add-opens=java.base/java.lang.invoke=ALL-UNNAMED --add-opens=java.base/java.util=ALL-UNNAMED --add-opens=java.prefs/java.util.prefs=ALL-UNNAMED --add-opens=java.prefs/java.util.prefs=ALL-UNNAMED --add-opens=java.base/java.nio.charset=ALL-UNNAMED --add-opens=java.base/java.net=ALL-UNNAMED --add-opens=java.base/java.util.concurrent.atomic=ALL-UNNAMED -Xmx2048m -Dfile.encoding=UTF-8 -Duser.country=UA -Duser.language=uk -Duser.variant 
java_command: org.gradle.launcher.daemon.bootstrap.GradleDaemon 7.5
java_class_path (initial): C:\Users\BlackWell\.gradle\wrapper\dists\gradle-7.5-bin\f1w0cc9nuo0eivz97x2xlu9sv\gradle-7.5\lib\gradle-launcher-7.5.jar
Launcher Type: SUN_STANDARD

[Global flags]
     intx CICompilerCount                          = 4                                         {product} {ergonomic}
     uint ConcGCThreads                            = 2                                         {product} {ergonomic}
     uint G1ConcRefinementThreads                  = 8                                         {product} {ergonomic}
   size_t G1HeapRegionSize                         = 1048576                                   {product} {ergonomic}
    uintx GCDrainStackTargetSize                   = 64                                        {product} {ergonomic}
   size_t InitialHeapSize                          = 251658240                                 {product} {ergonomic}
   size_t MarkStackSize                            = 4194304                                   {product} {ergonomic}
   size_t MaxHeapSize                              = 2147483648                                {product} {command line}
   size_t MaxNewSize                               = 1287651328                                {product} {ergonomic}
   size_t MinHeapDeltaBytes                        = 1048576                                   {product} {ergonomic}
    uintx NonNMethodCodeHeapSize                   = 5836300                                {pd product} {ergonomic}
    uintx NonProfiledCodeHeapSize                  = 122910970                              {pd product} {ergonomic}
    uintx ProfiledCodeHeapSize                     = 122910970                              {pd product} {ergonomic}
    uintx ReservedCodeCacheSize                    = 251658240                              {pd product} {ergonomic}
     bool SegmentedCodeCache                       = true                                      {product} {ergonomic}
     bool UseCompressedClassPointers               = true                                 {lp64_product} {ergonomic}
     bool UseCompressedOops                        = true                                 {lp64_product} {ergonomic}
     bool UseG1GC                                  = true                                      {product} {ergonomic}
     bool UseLargePagesIndividualAllocation        = false                                  {pd product} {ergonomic}

Logging:
Log output configuration:
 #0: stdout all=warning uptime,level,tags
 #1: stderr all=off uptime,level,tags

Environment Variables:
JAVA_HOME=C:\Program Files\Java\jdk-19
PATH=C:\Python311\Scripts\;C:\Python311\;C:\Program Files\Common Files\Oracle\Java\javapath;C:\Windows\system32;C:\Windows;C:\Windows\System32\Wbem;C:\Windows\System32\WindowsPowerShell\v1.0\;C:\Windows\System32\OpenSSH\;C:\Program Files\dotnet\;C:\Program Files\nodejs\;C:\ProgramData\chocolatey\bin;C:\Program Files\Git\cmd;C:\Users\BlackWell\AppData\Local\Microsoft\WindowsApps;C:\Users\BlackWell\.dotnet\tools;C:\Users\BlackWell\AppData\Roaming\npm;C:\Users\BlackWell\AppData\Local\GitHubDesktop\bin;C:\Users\BlackWell\AppData\Local\Programs\Microsoft VS Code\bin
USERNAME=BlackWell
OS=Windows_NT
PROCESSOR_IDENTIFIER=AMD64 Family 23 Model 17 Stepping 0, AuthenticAMD



---------------  S Y S T E M  ---------------

OS: Windows 10 , 64 bit Build 19041 (10.0.19041.2546)
OS uptime: 1 days 17:21 hours

CPU:total 8 (initial active 8) (8 cores per cpu, 2 threads per core) family 23 model 17 stepping 0 microcode 0x0, cmov, cx8, fxsr, mmx, sse, sse2, sse3, ssse3, sse4.1, sse4.2, popcnt, avx, avx2, aes, clmul, mmxext, 3dnowpref, lzcnt, sse4a, ht, tsc, tscinvbit, tscinv, bmi1, bmi2, adx, sha, fma

Memory: 4k page, system-wide physical 15267M (2238M free)
TotalPageFile size 15267M (AvailPageFile size 0M)
current process WorkingSet (physical memory assigned to process): 360M, peak: 360M
current process commit charge ("private bytes"): 468M, peak: 468M

vm_info: OpenJDK 64-Bit Server VM (11.0.15+0-b2043.56-9505619) for windows-amd64 JRE (11.0.15+0-b2043.56-9505619), built on Jan 19 2023 02:48:00 by "builduser" with unknown MS VC++:1929

END.
