#
# There is insufficient memory for the Java Runtime Environment to continue.
# Native memory allocation (malloc) failed to allocate 1057056 bytes for Chunk::new
# Possible reasons:
#   The system is out of physical RAM or swap space
#   The process is running with CompressedOops enabled, and the Java Heap may be blocking the growth of the native heap
# Possible solutions:
#   Reduce memory load on the system
#   Increase physical memory or swap space
#   Check if swap backing store is full
#   Decrease Java heap size (-Xmx/-Xms)
#   Decrease number of Java threads
#   Decrease Java thread stack sizes (-Xss)
#   Set larger code cache with -XX:ReservedCodeCacheSize=
#   JVM is running with Unscaled Compressed Oops mode in which the Java heap is
#     placed in the first 4GB address space. The Java Heap base address is the
#     maximum limit for the native heap growth. Please use -XX:HeapBaseMinAddress
#     to set the Java Heap base and to place the Java Heap above 4GB virtual address.
# This output file may be truncated or incomplete.
#
#  Out of Memory Error (src/hotspot/share/memory/arena.cpp:197), pid=16784, tid=14848
#
# JRE version: OpenJDK Runtime Environment (11.0.15) (build 11.0.15+0-b2043.56-9505619)
# Java VM: OpenJDK 64-Bit Server VM (11.0.15+0-b2043.56-9505619, mixed mode, tiered, compressed oops, g1 gc, windows-amd64)
# No core dump will be written. Minidumps are not enabled by default on client versions of Windows
#

---------------  S U M M A R Y ------------

Command Line: --add-opens=java.base/java.util=ALL-UNNAMED --add-opens=java.base/java.lang=ALL-UNNAMED --add-opens=java.base/java.lang.invoke=ALL-UNNAMED --add-opens=java.base/java.util=ALL-UNNAMED --add-opens=java.prefs/java.util.prefs=ALL-UNNAMED --add-opens=java.prefs/java.util.prefs=ALL-UNNAMED --add-opens=java.base/java.nio.charset=ALL-UNNAMED --add-opens=java.base/java.net=ALL-UNNAMED --add-opens=java.base/java.util.concurrent.atomic=ALL-UNNAMED -Xmx2048m -Dfile.encoding=UTF-8 -Duser.country=UA -Duser.language=uk -Duser.variant org.gradle.launcher.daemon.bootstrap.GradleDaemon 7.5

Host: AMD Ryzen 5 2500U with Radeon Vega Mobile Gfx  , 8 cores, 14G,  Windows 10 , 64 bit Build 19041 (10.0.19041.2546)
Time: Wed Apr  5 15:32:20 2023  Windows 10 , 64 bit Build 19041 (10.0.19041.2546) elapsed time: 23.428744 seconds (0d 0h 0m 23s)

---------------  T H R E A D  ---------------

Current thread (0x000001fda2beb800):  JavaThread "C2 CompilerThread1" daemon [_thread_in_native, id=14848, stack(0x0000007432b00000,0x0000007432c00000)]


Current CompileTask:
C2:  23428 13586   !   4       java.nio.file.FileTreeWalker::next (144 bytes)

Stack: [0x0000007432b00000,0x0000007432c00000]
Native frames: (J=compiled Java code, j=interpreted, Vv=VM code, C=native code)
V  [jvm.dll+0x64135a]
V  [jvm.dll+0x7d39f9]
V  [jvm.dll+0x7d51b9]
V  [jvm.dll+0x7d58a3]
V  [jvm.dll+0x2691c5]
V  [jvm.dll+0xc1a5c]
V  [jvm.dll+0xc200c]
V  [jvm.dll+0x2da2c2]
V  [jvm.dll+0x54cad9]
V  [jvm.dll+0x22a011]
V  [jvm.dll+0x223809]
V  [jvm.dll+0x220384]
V  [jvm.dll+0x19e851]
V  [jvm.dll+0x230479]
V  [jvm.dll+0x22e5ef]
V  [jvm.dll+0x794de1]
V  [jvm.dll+0x78dc24]
V  [jvm.dll+0x6400f6]
C  [ucrtbase.dll+0x21bb2]
C  [KERNEL32.DLL+0x17614]
C  [ntdll.dll+0x526a1]


---------------  P R O C E S S  ---------------

Threads class SMR info:
_java_thread_list=0x000001fdaf64ad70, length=142, elements={
0x000001fd83a5c800, 0x000001fd9e769000, 0x000001fd9e76c000, 0x000001fd9e7cc000,
0x000001fd9e7cd000, 0x000001fd9e7ce000, 0x000001fd9e7d1000, 0x000001fd9e7d3800,
0x000001fd9e7d8800, 0x000001fd9e944000, 0x000001fd9fb80800, 0x000001fd9ec6a800,
0x000001fda03c9800, 0x000001fda0274800, 0x000001fda0dc3800, 0x000001fda0d97800,
0x000001fda0d98000, 0x000001fda0d95800, 0x000001fda0d96800, 0x000001fda13ce800,
0x000001fda13c9000, 0x000001fda13cf800, 0x000001fda13ce000, 0x000001fda13c9800,
0x000001fda13cd000, 0x000001fda13d0800, 0x000001fda13ca800, 0x000001fda13d1000,
0x000001fda13cc000, 0x000001fda13d4800, 0x000001fda409a800, 0x000001fda409f000,
0x000001fda409c800, 0x000001fda409b000, 0x000001fda409e800, 0x000001fda4099800,
0x000001fda409c000, 0x000001fda409d800, 0x000001fda4098800, 0x000001fda40a3800,
0x000001fda40a5800, 0x000001fda40a0000, 0x000001fda40a6800, 0x000001fda40a1000,
0x000001fda40a4000, 0x000001fda40a2800, 0x000001fda40a7800, 0x000001fda40a1800,
0x000001fda40a5000, 0x000001fda13cb800, 0x000001fda13d7800, 0x000001fda13d7000,
0x000001fda13d6000, 0x000001fda13d2800, 0x000001fda13d2000, 0x000001fda13d3800,
0x000001fda93c1800, 0x000001fda93c2800, 0x000001fda93c0800, 0x000001fda93bc800,
0x000001fda93c0000, 0x000001fda93bd800, 0x000001fda93c4000, 0x000001fda93c3000,
0x000001fda93be000, 0x000001fda93bf000, 0x000001fda93c4800, 0x000001fda93c6800,
0x000001fda93c5800, 0x000001fda93c8000, 0x000001fda93c7000, 0x000001fda93c9000,
0x000001fda93cb800, 0x000001fda93c9800, 0x000001fda93ca800, 0x000001fdab6c8800,
0x000001fdab6c6000, 0x000001fdab6cb800, 0x000001fdab6ca000, 0x000001fdab6cc800,
0x000001fdab6c7800, 0x000001fdab6c9000, 0x000001fdab6ca800, 0x000001fdab6c6800,
0x000001fdab6d0800, 0x000001fdab6d2000, 0x000001fdab6ce000, 0x000001fdab6d1000,
0x000001fdab6d3000, 0x000001fdab6cd000, 0x000001fdab6d3800, 0x000001fdab6cf000,
0x000001fdab6cf800, 0x000001fdab6d4800, 0x000001fda9351000, 0x000001fda9350800,
0x000001fda9352000, 0x000001fda9354800, 0x000001fda9353000, 0x000001fda9353800,
0x000001fda934e800, 0x000001fda9355000, 0x000001fda934f800, 0x000001fda9358800,
0x000001fda935a000, 0x000001fda9357800, 0x000001fda935b000, 0x000001fda935c000,
0x000001fda9356000, 0x000001fda935c800, 0x000001fda9359800, 0x000001fda9357000,
0x000001fda935d800, 0x000001fda2ae2000, 0x000001fda2ae5800, 0x000001fda2ae6000,
0x000001fda2ae0800, 0x000001fda2ae7000, 0x000001fda2ae4800, 0x000001fda2ae4000,
0x000001fda2ae1800, 0x000001fda2ae8000, 0x000001fda2ae8800, 0x000001fda2ae3000,
0x000001fda2aef000, 0x000001fda2aea800, 0x000001fda2aed000, 0x000001fda2aed800,
0x000001fda2aeb000, 0x000001fda2aec000, 0x000001fda2aee800, 0x000001fda2ae9800,
0x000001fda9601000, 0x000001fda9603800, 0x000001fda2beb800, 0x000001fda9602000,
0x000001fda4b58800, 0x000001fda9602800, 0x000001fda95ff800, 0x000001fda9600000,
0x000001fda9606000, 0x000001fda9605000
}

Java Threads: ( => current thread )
  0x000001fd83a5c800 JavaThread "main" [_thread_blocked, id=15412, stack(0x0000007430500000,0x0000007430600000)]
  0x000001fd9e769000 JavaThread "Reference Handler" daemon [_thread_blocked, id=15112, stack(0x0000007430c00000,0x0000007430d00000)]
  0x000001fd9e76c000 JavaThread "Finalizer" daemon [_thread_blocked, id=12212, stack(0x0000007430d00000,0x0000007430e00000)]
  0x000001fd9e7cc000 JavaThread "Signal Dispatcher" daemon [_thread_blocked, id=2132, stack(0x0000007430e00000,0x0000007430f00000)]
  0x000001fd9e7cd000 JavaThread "Attach Listener" daemon [_thread_blocked, id=12444, stack(0x0000007430f00000,0x0000007431000000)]
  0x000001fd9e7ce000 JavaThread "Service Thread" daemon [_thread_blocked, id=6568, stack(0x0000007431000000,0x0000007431100000)]
  0x000001fd9e7d1000 JavaThread "C2 CompilerThread0" daemon [_thread_in_native, id=6472, stack(0x0000007431100000,0x0000007431200000)]
  0x000001fd9e7d3800 JavaThread "C1 CompilerThread0" daemon [_thread_blocked, id=14040, stack(0x0000007431200000,0x0000007431300000)]
  0x000001fd9e7d8800 JavaThread "Sweeper thread" daemon [_thread_blocked, id=16216, stack(0x0000007431300000,0x0000007431400000)]
  0x000001fd9e944000 JavaThread "Common-Cleaner" daemon [_thread_blocked, id=2748, stack(0x0000007431400000,0x0000007431500000)]
  0x000001fd9fb80800 JavaThread "Daemon health stats" [_thread_blocked, id=5900, stack(0x0000007431b00000,0x0000007431c00000)]
  0x000001fd9ec6a800 JavaThread "Incoming local TCP Connector on port 49719" [_thread_in_native, id=1368, stack(0x0000007431600000,0x0000007431700000)]
  0x000001fda03c9800 JavaThread "Daemon periodic checks" [_thread_blocked, id=7348, stack(0x0000007431c00000,0x0000007431d00000)]
  0x000001fda0274800 JavaThread "Daemon" [_thread_blocked, id=7196, stack(0x0000007431d00000,0x0000007431e00000)]
  0x000001fda0dc3800 JavaThread "Daemon worker" [_thread_blocked, id=13716, stack(0x0000007432000000,0x0000007432100000)]
  0x000001fda0d97800 JavaThread "Cache worker for journal cache (C:\Users\BlackWell\.gradle\caches\journal-1)" [_thread_blocked, id=10380, stack(0x0000007432400000,0x0000007432500000)]
  0x000001fda0d98000 JavaThread "File lock request listener" [_thread_in_native, id=7480, stack(0x0000007432500000,0x0000007432600000)]
  0x000001fda0d95800 JavaThread "Cache worker for file hash cache (C:\Users\BlackWell\.gradle\caches\7.5\fileHashes)" [_thread_blocked, id=5676, stack(0x0000007432a00000,0x0000007432b00000)]
  0x000001fda0d96800 JavaThread "File watcher server" daemon [_thread_in_native, id=15716, stack(0x0000007432d00000,0x0000007432e00000)]
  0x000001fda13ce800 JavaThread "File watcher consumer" daemon [_thread_blocked, id=12512, stack(0x0000007432e00000,0x0000007432f00000)]
  0x000001fda13c9000 JavaThread "jar transforms" [_thread_blocked, id=8060, stack(0x0000007432f00000,0x0000007433000000)]
  0x000001fda13cf800 JavaThread "jar transforms Thread 2" [_thread_blocked, id=9904, stack(0x0000007433000000,0x0000007433100000)]
  0x000001fda13ce000 JavaThread "jar transforms Thread 3" [_thread_blocked, id=7456, stack(0x0000007433100000,0x0000007433200000)]
  0x000001fda13c9800 JavaThread "jar transforms Thread 4" [_thread_blocked, id=8964, stack(0x0000007433200000,0x0000007433300000)]
  0x000001fda13cd000 JavaThread "jar transforms Thread 5" [_thread_blocked, id=8364, stack(0x0000007433300000,0x0000007433400000)]
  0x000001fda13d0800 JavaThread "jar transforms Thread 6" [_thread_blocked, id=8508, stack(0x0000007433400000,0x0000007433500000)]
  0x000001fda13ca800 JavaThread "jar transforms Thread 7" [_thread_blocked, id=5892, stack(0x0000007433500000,0x0000007433600000)]
  0x000001fda13d1000 JavaThread "jar transforms Thread 8" [_thread_blocked, id=14580, stack(0x0000007433600000,0x0000007433700000)]
  0x000001fda13cc000 JavaThread "Cache worker for file content cache (C:\Users\BlackWell\.gradle\caches\7.5\fileContent)" [_thread_blocked, id=12268, stack(0x0000007433900000,0x0000007433a00000)]
  0x000001fda13d4800 JavaThread "Cache worker for execution history cache (C:\Users\BlackWell\.gradle\caches\7.5\executionHistory)" [_thread_blocked, id=5540, stack(0x0000007433c00000,0x0000007433d00000)]
  0x000001fda409a800 JavaThread "Memory manager" [_thread_blocked, id=15596, stack(0x0000007439100000,0x0000007439200000)]
  0x000001fda409f000 JavaThread "included builds" [_thread_blocked, id=13572, stack(0x0000007439200000,0x0000007439300000)]
  0x000001fda409c800 JavaThread "Handler for socket connection from /127.0.0.1:49719 to /127.0.0.1:49730" [_thread_in_native, id=13132, stack(0x0000007431e00000,0x0000007431f00000)]
  0x000001fda409b000 JavaThread "Cancel handler" [_thread_blocked, id=10856, stack(0x0000007431f00000,0x0000007432000000)]
  0x000001fda409e800 JavaThread "Asynchronous log dispatcher for DefaultDaemonConnection: socket connection from /127.0.0.1:49719 to /127.0.0.1:49730" [_thread_blocked, id=2072, stack(0x0000007432100000,0x0000007432200000)]
  0x000001fda4099800 JavaThread "Stdin handler" [_thread_blocked, id=13008, stack(0x0000007432200000,0x0000007432300000)]
  0x000001fda409c000 JavaThread "Daemon client event forwarder" [_thread_blocked, id=12608, stack(0x0000007432300000,0x0000007432400000)]
  0x000001fda409d800 JavaThread "Cache worker for checksums cache (C:\Users\BlackWell\Documents\Android\RecyclerView\.gradle\7.5\checksums)" [_thread_blocked, id=11196, stack(0x0000007433700000,0x0000007433800000)]
  0x000001fda4098800 JavaThread "Cache worker for cache directory md-rule (C:\Users\BlackWell\.gradle\caches\7.5\md-rule)" [_thread_blocked, id=9484, stack(0x0000007433800000,0x0000007433900000)]
  0x000001fda40a3800 JavaThread "Cache worker for file hash cache (C:\Users\BlackWell\Documents\Android\RecyclerView\.gradle\7.5\fileHashes)" [_thread_blocked, id=14872, stack(0x0000007433a00000,0x0000007433b00000)]
  0x000001fda40a5800 JavaThread "Cache worker for cache directory md-supplier (C:\Users\BlackWell\.gradle\caches\7.5\md-supplier)" [_thread_blocked, id=4940, stack(0x0000007433b00000,0x0000007433c00000)]
  0x000001fda40a0000 JavaThread "Cache worker for dependencies-accessors (C:\Users\BlackWell\Documents\Android\RecyclerView\.gradle\7.5\dependencies-accessors)" [_thread_blocked, id=7688, stack(0x0000007433e00000,0x0000007433f00000)]
  0x000001fda40a6800 JavaThread "Cache worker for Build Output Cleanup Cache (C:\Users\BlackWell\Documents\Android\RecyclerView\.gradle\buildOutputCleanup)" [_thread_blocked, id=9020, stack(0x0000007433f00000,0x0000007434000000)]
  0x000001fda40a1000 JavaThread "Unconstrained build operations" [_thread_blocked, id=14416, stack(0x0000007434000000,0x0000007434100000)]
  0x000001fda40a4000 JavaThread "Unconstrained build operations Thread 2" [_thread_blocked, id=2268, stack(0x0000007434100000,0x0000007434200000)]
  0x000001fda40a2800 JavaThread "Unconstrained build operations Thread 3" [_thread_blocked, id=6536, stack(0x0000007434200000,0x0000007434300000)]
  0x000001fda40a7800 JavaThread "Unconstrained build operations Thread 4" [_thread_blocked, id=10896, stack(0x0000007434300000,0x0000007434400000)]
  0x000001fda40a1800 JavaThread "Unconstrained build operations Thread 5" [_thread_blocked, id=14972, stack(0x0000007434400000,0x0000007434500000)]
  0x000001fda40a5000 JavaThread "Unconstrained build operations Thread 6" [_thread_blocked, id=16788, stack(0x0000007434500000,0x0000007434600000)]
  0x000001fda13cb800 JavaThread "Unconstrained build operations Thread 7" [_thread_blocked, id=13840, stack(0x0000007434600000,0x0000007434700000)]
  0x000001fda13d7800 JavaThread "Unconstrained build operations Thread 8" [_thread_blocked, id=7216, stack(0x0000007434700000,0x0000007434800000)]
  0x000001fda13d7000 JavaThread "Unconstrained build operations Thread 9" [_thread_blocked, id=12900, stack(0x0000007434800000,0x0000007434900000)]
  0x000001fda13d6000 JavaThread "Unconstrained build operations Thread 10" [_thread_blocked, id=6220, stack(0x0000007434900000,0x0000007434a00000)]
  0x000001fda13d2800 JavaThread "Unconstrained build operations Thread 11" [_thread_blocked, id=14696, stack(0x0000007434a00000,0x0000007434b00000)]
  0x000001fda13d2000 JavaThread "Unconstrained build operations Thread 12" [_thread_blocked, id=10100, stack(0x0000007434b00000,0x0000007434c00000)]
  0x000001fda13d3800 JavaThread "Unconstrained build operations Thread 13" [_thread_blocked, id=5852, stack(0x0000007434c00000,0x0000007434d00000)]
  0x000001fda93c1800 JavaThread "Unconstrained build operations Thread 14" [_thread_blocked, id=12152, stack(0x0000007434d00000,0x0000007434e00000)]
  0x000001fda93c2800 JavaThread "Unconstrained build operations Thread 15" [_thread_blocked, id=5908, stack(0x0000007434e00000,0x0000007434f00000)]
  0x000001fda93c0800 JavaThread "Unconstrained build operations Thread 16" [_thread_blocked, id=17368, stack(0x0000007434f00000,0x0000007435000000)]
  0x000001fda93bc800 JavaThread "Unconstrained build operations Thread 17" [_thread_blocked, id=3480, stack(0x0000007435000000,0x0000007435100000)]
  0x000001fda93c0000 JavaThread "Unconstrained build operations Thread 18" [_thread_blocked, id=15752, stack(0x0000007435100000,0x0000007435200000)]
  0x000001fda93bd800 JavaThread "Unconstrained build operations Thread 19" [_thread_blocked, id=15712, stack(0x0000007435200000,0x0000007435300000)]
  0x000001fda93c4000 JavaThread "Unconstrained build operations Thread 20" [_thread_blocked, id=5808, stack(0x0000007435300000,0x0000007435400000)]
  0x000001fda93c3000 JavaThread "Unconstrained build operations Thread 21" [_thread_blocked, id=12660, stack(0x0000007435400000,0x0000007435500000)]
  0x000001fda93be000 JavaThread "Unconstrained build operations Thread 22" [_thread_blocked, id=3016, stack(0x0000007435500000,0x0000007435600000)]
  0x000001fda93bf000 JavaThread "Unconstrained build operations Thread 23" [_thread_blocked, id=5308, stack(0x0000007435600000,0x0000007435700000)]
  0x000001fda93c4800 JavaThread "Unconstrained build operations Thread 24" [_thread_blocked, id=3240, stack(0x0000007435700000,0x0000007435800000)]
  0x000001fda93c6800 JavaThread "Unconstrained build operations Thread 25" [_thread_blocked, id=12744, stack(0x0000007435800000,0x0000007435900000)]
  0x000001fda93c5800 JavaThread "Unconstrained build operations Thread 26" [_thread_blocked, id=11248, stack(0x0000007435900000,0x0000007435a00000)]
  0x000001fda93c8000 JavaThread "Unconstrained build operations Thread 27" [_thread_blocked, id=14892, stack(0x0000007435a00000,0x0000007435b00000)]
  0x000001fda93c7000 JavaThread "Unconstrained build operations Thread 28" [_thread_blocked, id=10044, stack(0x0000007435b00000,0x0000007435c00000)]
  0x000001fda93c9000 JavaThread "Unconstrained build operations Thread 29" [_thread_blocked, id=13556, stack(0x0000007435c00000,0x0000007435d00000)]
  0x000001fda93cb800 JavaThread "Unconstrained build operations Thread 30" [_thread_blocked, id=9824, stack(0x0000007435d00000,0x0000007435e00000)]
  0x000001fda93c9800 JavaThread "Unconstrained build operations Thread 31" [_thread_blocked, id=10296, stack(0x0000007435e00000,0x0000007435f00000)]
  0x000001fda93ca800 JavaThread "Unconstrained build operations Thread 32" [_thread_blocked, id=16280, stack(0x0000007435f00000,0x0000007436000000)]
  0x000001fdab6c8800 JavaThread "Unconstrained build operations Thread 33" [_thread_blocked, id=13552, stack(0x0000007436000000,0x0000007436100000)]
  0x000001fdab6c6000 JavaThread "Unconstrained build operations Thread 34" [_thread_blocked, id=14364, stack(0x0000007436100000,0x0000007436200000)]
  0x000001fdab6cb800 JavaThread "Unconstrained build operations Thread 35" [_thread_blocked, id=9448, stack(0x0000007436200000,0x0000007436300000)]
  0x000001fdab6ca000 JavaThread "Unconstrained build operations Thread 36" [_thread_blocked, id=6312, stack(0x0000007436300000,0x0000007436400000)]
  0x000001fdab6cc800 JavaThread "Unconstrained build operations Thread 37" [_thread_blocked, id=16272, stack(0x0000007436400000,0x0000007436500000)]
  0x000001fdab6c7800 JavaThread "Unconstrained build operations Thread 38" [_thread_blocked, id=11624, stack(0x0000007436500000,0x0000007436600000)]
  0x000001fdab6c9000 JavaThread "Unconstrained build operations Thread 39" [_thread_blocked, id=10596, stack(0x0000007436600000,0x0000007436700000)]
  0x000001fdab6ca800 JavaThread "Unconstrained build operations Thread 40" [_thread_blocked, id=3752, stack(0x0000007436700000,0x0000007436800000)]
  0x000001fdab6c6800 JavaThread "Unconstrained build operations Thread 41" [_thread_blocked, id=16392, stack(0x0000007436800000,0x0000007436900000)]
  0x000001fdab6d0800 JavaThread "Unconstrained build operations Thread 42" [_thread_blocked, id=11276, stack(0x0000007436900000,0x0000007436a00000)]
  0x000001fdab6d2000 JavaThread "Unconstrained build operations Thread 43" [_thread_blocked, id=13652, stack(0x0000007436a00000,0x0000007436b00000)]
  0x000001fdab6ce000 JavaThread "Unconstrained build operations Thread 44" [_thread_blocked, id=15584, stack(0x0000007436b00000,0x0000007436c00000)]
  0x000001fdab6d1000 JavaThread "Unconstrained build operations Thread 45" [_thread_blocked, id=14544, stack(0x0000007436c00000,0x0000007436d00000)]
  0x000001fdab6d3000 JavaThread "Unconstrained build operations Thread 46" [_thread_blocked, id=5116, stack(0x0000007436d00000,0x0000007436e00000)]
  0x000001fdab6cd000 JavaThread "Unconstrained build operations Thread 47" [_thread_blocked, id=3864, stack(0x0000007436e00000,0x0000007436f00000)]
  0x000001fdab6d3800 JavaThread "Unconstrained build operations Thread 48" [_thread_blocked, id=12892, stack(0x0000007436f00000,0x0000007437000000)]
  0x000001fdab6cf000 JavaThread "Unconstrained build operations Thread 49" [_thread_blocked, id=9988, stack(0x0000007437000000,0x0000007437100000)]
  0x000001fdab6cf800 JavaThread "Unconstrained build operations Thread 50" [_thread_blocked, id=1444, stack(0x0000007437100000,0x0000007437200000)]
  0x000001fdab6d4800 JavaThread "Unconstrained build operations Thread 51" [_thread_blocked, id=13592, stack(0x0000007437200000,0x0000007437300000)]
  0x000001fda9351000 JavaThread "Unconstrained build operations Thread 52" [_thread_blocked, id=13336, stack(0x0000007437300000,0x0000007437400000)]
  0x000001fda9350800 JavaThread "Unconstrained build operations Thread 53" [_thread_blocked, id=12532, stack(0x0000007437400000,0x0000007437500000)]
  0x000001fda9352000 JavaThread "Unconstrained build operations Thread 54" [_thread_blocked, id=10388, stack(0x0000007437500000,0x0000007437600000)]
  0x000001fda9354800 JavaThread "Unconstrained build operations Thread 55" [_thread_blocked, id=15248, stack(0x0000007437600000,0x0000007437700000)]
  0x000001fda9353000 JavaThread "Unconstrained build operations Thread 56" [_thread_blocked, id=16276, stack(0x0000007437700000,0x0000007437800000)]
  0x000001fda9353800 JavaThread "Unconstrained build operations Thread 57" [_thread_blocked, id=17144, stack(0x0000007437800000,0x0000007437900000)]
  0x000001fda934e800 JavaThread "Unconstrained build operations Thread 58" [_thread_blocked, id=15436, stack(0x0000007437900000,0x0000007437a00000)]
  0x000001fda9355000 JavaThread "Unconstrained build operations Thread 59" [_thread_blocked, id=14080, stack(0x0000007437a00000,0x0000007437b00000)]
  0x000001fda934f800 JavaThread "Unconstrained build operations Thread 60" [_thread_blocked, id=1140, stack(0x0000007437b00000,0x0000007437c00000)]
  0x000001fda9358800 JavaThread "Unconstrained build operations Thread 61" [_thread_blocked, id=10264, stack(0x0000007437c00000,0x0000007437d00000)]
  0x000001fda935a000 JavaThread "Unconstrained build operations Thread 62" [_thread_blocked, id=14960, stack(0x0000007437d00000,0x0000007437e00000)]
  0x000001fda9357800 JavaThread "Unconstrained build operations Thread 63" [_thread_blocked, id=10588, stack(0x0000007437f00000,0x0000007438000000)]
  0x000001fda935b000 JavaThread "Unconstrained build operations Thread 64" [_thread_blocked, id=14924, stack(0x0000007438000000,0x0000007438100000)]
  0x000001fda935c000 JavaThread "Unconstrained build operations Thread 65" [_thread_blocked, id=3000, stack(0x0000007438100000,0x0000007438200000)]
  0x000001fda9356000 JavaThread "Unconstrained build operations Thread 66" [_thread_blocked, id=16764, stack(0x0000007438200000,0x0000007438300000)]
  0x000001fda935c800 JavaThread "Unconstrained build operations Thread 67" [_thread_blocked, id=11228, stack(0x0000007438300000,0x0000007438400000)]
  0x000001fda9359800 JavaThread "Unconstrained build operations Thread 68" [_thread_blocked, id=7068, stack(0x0000007438400000,0x0000007438500000)]
  0x000001fda9357000 JavaThread "Unconstrained build operations Thread 69" [_thread_blocked, id=10344, stack(0x0000007438500000,0x0000007438600000)]
  0x000001fda935d800 JavaThread "Unconstrained build operations Thread 70" [_thread_blocked, id=16376, stack(0x0000007438600000,0x0000007438700000)]
  0x000001fda2ae2000 JavaThread "Unconstrained build operations Thread 71" [_thread_blocked, id=12972, stack(0x0000007438700000,0x0000007438800000)]
  0x000001fda2ae5800 JavaThread "Unconstrained build operations Thread 72" [_thread_blocked, id=16680, stack(0x0000007438800000,0x0000007438900000)]
  0x000001fda2ae6000 JavaThread "Unconstrained build operations Thread 73" [_thread_blocked, id=14932, stack(0x0000007438900000,0x0000007438a00000)]
  0x000001fda2ae0800 JavaThread "Unconstrained build operations Thread 74" [_thread_blocked, id=13768, stack(0x0000007438a00000,0x0000007438b00000)]
  0x000001fda2ae7000 JavaThread "Unconstrained build operations Thread 75" [_thread_blocked, id=1276, stack(0x0000007438b00000,0x0000007438c00000)]
  0x000001fda2ae4800 JavaThread "Unconstrained build operations Thread 76" [_thread_blocked, id=5564, stack(0x0000007438c00000,0x0000007438d00000)]
  0x000001fda2ae4000 JavaThread "Unconstrained build operations Thread 77" [_thread_blocked, id=1692, stack(0x0000007438d00000,0x0000007438e00000)]
  0x000001fda2ae1800 JavaThread "Unconstrained build operations Thread 78" [_thread_blocked, id=7092, stack(0x0000007438e00000,0x0000007438f00000)]
  0x000001fda2ae8000 JavaThread "Unconstrained build operations Thread 79" [_thread_blocked, id=6016, stack(0x0000007438f00000,0x0000007439000000)]
  0x000001fda2ae8800 JavaThread "Unconstrained build operations Thread 80" [_thread_blocked, id=14220, stack(0x0000007439000000,0x0000007439100000)]
  0x000001fda2ae3000 JavaThread "build event listener" [_thread_blocked, id=9644, stack(0x0000007439300000,0x0000007439400000)]
  0x000001fda2aef000 JavaThread "included builds" [_thread_blocked, id=12244, stack(0x0000007439400000,0x0000007439500000)]
  0x000001fda2aea800 JavaThread "Execution worker" [_thread_blocked, id=10228, stack(0x0000007439500000,0x0000007439600000)]
  0x000001fda2aed000 JavaThread "Execution worker Thread 2" [_thread_blocked, id=16804, stack(0x0000007439600000,0x0000007439700000)]
  0x000001fda2aed800 JavaThread "Execution worker Thread 3" [_thread_blocked, id=11256, stack(0x0000007439700000,0x0000007439800000)]
  0x000001fda2aeb000 JavaThread "Execution worker Thread 4" [_thread_blocked, id=16292, stack(0x0000007439800000,0x0000007439900000)]
  0x000001fda2aec000 JavaThread "Execution worker Thread 5" [_thread_blocked, id=15460, stack(0x0000007439900000,0x0000007439a00000)]
  0x000001fda2aee800 JavaThread "Execution worker Thread 6" [_thread_in_Java, id=11940, stack(0x0000007439a00000,0x0000007439b00000)]
  0x000001fda2ae9800 JavaThread "Execution worker Thread 7" [_thread_blocked, id=13996, stack(0x0000007439b00000,0x0000007439c00000)]
  0x000001fda9601000 JavaThread "Cache worker for execution history cache (C:\Users\BlackWell\Documents\Android\RecyclerView\.gradle\7.5\executionHistory)" [_thread_blocked, id=12648, stack(0x0000007439c00000,0x0000007439d00000)]
  0x000001fda9603800 JavaThread "WorkerExecutor Queue" [_thread_blocked, id=6268, stack(0x0000007439d00000,0x0000007439e00000)]
=>0x000001fda2beb800 JavaThread "C2 CompilerThread1" daemon [_thread_in_native, id=14848, stack(0x0000007432b00000,0x0000007432c00000)]
  0x000001fda9602000 JavaThread "WorkerExecutor Queue Thread 2" [_thread_blocked, id=16004, stack(0x0000007432c00000,0x0000007432d00000)]
  0x000001fda4b58800 JavaThread "C2 CompilerThread2" daemon [_thread_in_native, id=8552, stack(0x0000007439e00000,0x0000007439f00000)]
  0x000001fda9602800 JavaThread "WorkerExecutor Queue Thread 3" [_thread_blocked, id=6848, stack(0x0000007439f00000,0x000000743a000000)]
  0x000001fda95ff800 JavaThread "WorkerExecutor Queue Thread 4" [_thread_blocked, id=2944, stack(0x000000743a000000,0x000000743a100000)]
  0x000001fda9600000 JavaThread "WorkerExecutor Queue Thread 5" [_thread_in_vm, id=6664, stack(0x000000743a100000,0x000000743a200000)]
  0x000001fda9606000 JavaThread "WorkerExecutor Queue Thread 6" [_thread_blocked, id=16588, stack(0x000000743a200000,0x000000743a300000)]
  0x000001fda9605000 JavaThread "WorkerExecutor Queue Thread 7" [_thread_blocked, id=5632, stack(0x000000743a300000,0x000000743a400000)]

Other Threads:
  0x000001fd9e767000 VMThread "VM Thread" [stack: 0x0000007430b00000,0x0000007430c00000] [id=4472]
  0x000001fd9e959800 WatcherThread [stack: 0x0000007431500000,0x0000007431600000] [id=3088]
  0x000001fd83aac800 GCTaskThread "GC Thread#0" [stack: 0x0000007430600000,0x0000007430700000] [id=1128]
  0x000001fd9f417800 GCTaskThread "GC Thread#1" [stack: 0x0000007431700000,0x0000007431800000] [id=8984]
  0x000001fd9ed35800 GCTaskThread "GC Thread#2" [stack: 0x0000007431800000,0x0000007431900000] [id=9408]
  0x000001fd9f9d2800 GCTaskThread "GC Thread#3" [stack: 0x0000007431900000,0x0000007431a00000] [id=7540]
  0x000001fd9f02f800 GCTaskThread "GC Thread#4" [stack: 0x0000007431a00000,0x0000007431b00000] [id=5228]
  0x000001fda0205800 GCTaskThread "GC Thread#5" [stack: 0x0000007432600000,0x0000007432700000] [id=5276]
  0x000001fda0c60800 GCTaskThread "GC Thread#6" [stack: 0x0000007432700000,0x0000007432800000] [id=1040]
  0x000001fda0c61800 GCTaskThread "GC Thread#7" [stack: 0x0000007432800000,0x0000007432900000] [id=10056]
  0x000001fd83ad1000 ConcurrentGCThread "G1 Main Marker" [stack: 0x0000007430700000,0x0000007430800000] [id=14628]
  0x000001fd83ad2000 ConcurrentGCThread "G1 Conc#0" [stack: 0x0000007430800000,0x0000007430900000] [id=16500]
  0x000001fd9f4d7800 ConcurrentGCThread "G1 Conc#1" [stack: 0x0000007432900000,0x0000007432a00000] [id=13892]
  0x000001fd9ddb0800 ConcurrentGCThread "G1 Refine#0" [stack: 0x0000007430900000,0x0000007430a00000] [id=15336]
  0x000001fda2c13800 ConcurrentGCThread "G1 Refine#1" [stack: 0x0000007433d00000,0x0000007433e00000] [id=16140]
  0x000001fda47bd800 ConcurrentGCThread "G1 Refine#2" [stack: 0x0000007437e00000,0x0000007437f00000] [id=9628]
  0x000001fd9ddb1800 ConcurrentGCThread "G1 Young RemSet Sampling" [stack: 0x0000007430a00000,0x0000007430b00000] [id=1616]

Threads with active compile tasks:
C2 CompilerThread0    23469 13698       4       org.gradle.internal.instantiation.generator.AbstractClassGenerator$PropertyMetadata::hasAnnotation (40 bytes)
C1 CompilerThread0    23469 13747       3       java.lang.StackTraceElement::toString (322 bytes)
C2 CompilerThread1    23469 13586   !   4       java.nio.file.FileTreeWalker::next (144 bytes)
C2 CompilerThread2    23469 13710       4       java.lang.reflect.AccessibleObject::checkCanSetAccessible (386 bytes)

VM state:not at safepoint (normal execution)

VM Mutex/Monitor currently owned by a thread: None

Heap address: 0x0000000080000000, size: 2048 MB, Compressed Oops mode: 32-bit
Narrow klass base: 0x0000000000000000, Narrow klass shift: 3
Compressed class space size: 1073741824 Address: 0x0000000100000000

Heap:
 garbage-first heap   total 294912K, used 228098K [0x0000000080000000, 0x0000000100000000)
  region size 1024K, 19 young (19456K), 1 survivors (1024K)
 Metaspace       used 111600K, capacity 115032K, committed 115280K, reserved 1148928K
  class space    used 14306K, capacity 15579K, committed 15616K, reserved 1048576K
Heap Regions: E=young(eden), S=young(survivor), O=old, HS=humongous(starts), HC=humongous(continues), CS=collection set, F=free, A=archive, TAMS=top-at-mark-start (previous, next)
|   0|0x0000000080000000, 0x0000000080100000, 0x0000000080100000|100%| O|  |TAMS 0x0000000080100000, 0x0000000080000000| Untracked 
|   1|0x0000000080100000, 0x0000000080200000, 0x0000000080200000|100%| O|  |TAMS 0x0000000080200000, 0x0000000080100000| Untracked 
|   2|0x0000000080200000, 0x0000000080300000, 0x0000000080300000|100%| O|  |TAMS 0x0000000080300000, 0x0000000080200000| Untracked 
|   3|0x0000000080300000, 0x0000000080400000, 0x0000000080400000|100%|HS|  |TAMS 0x0000000080400000, 0x0000000080300000| Complete 
|   4|0x0000000080400000, 0x0000000080500000, 0x0000000080500000|100%|HC|  |TAMS 0x0000000080500000, 0x0000000080400000| Complete 
|   5|0x0000000080500000, 0x0000000080600000, 0x0000000080600000|100%|HC|  |TAMS 0x0000000080600000, 0x0000000080500000| Complete 
|   6|0x0000000080600000, 0x0000000080700000, 0x0000000080700000|100%| O|  |TAMS 0x0000000080700000, 0x0000000080600000| Untracked 
|   7|0x0000000080700000, 0x0000000080800000, 0x0000000080800000|100%| O|  |TAMS 0x0000000080800000, 0x0000000080700000| Untracked 
|   8|0x0000000080800000, 0x0000000080900000, 0x0000000080900000|100%| O|  |TAMS 0x0000000080900000, 0x0000000080800000| Untracked 
|   9|0x0000000080900000, 0x0000000080a00000, 0x0000000080a00000|100%| O|  |TAMS 0x0000000080a00000, 0x0000000080900000| Untracked 
|  10|0x0000000080a00000, 0x0000000080b00000, 0x0000000080b00000|100%| O|  |TAMS 0x0000000080b00000, 0x0000000080a00000| Untracked 
|  11|0x0000000080b00000, 0x0000000080c00000, 0x0000000080c00000|100%| O|  |TAMS 0x0000000080c00000, 0x0000000080b00000| Untracked 
|  12|0x0000000080c00000, 0x0000000080d00000, 0x0000000080d00000|100%| O|  |TAMS 0x0000000080d00000, 0x0000000080c00000| Untracked 
|  13|0x0000000080d00000, 0x0000000080e00000, 0x0000000080e00000|100%| O|  |TAMS 0x0000000080e00000, 0x0000000080d00000| Untracked 
|  14|0x0000000080e00000, 0x0000000080f00000, 0x0000000080f00000|100%| O|  |TAMS 0x0000000080f00000, 0x0000000080e00000| Untracked 
|  15|0x0000000080f00000, 0x0000000081000000, 0x0000000081000000|100%| O|  |TAMS 0x0000000081000000, 0x0000000080f00000| Untracked 
|  16|0x0000000081000000, 0x0000000081100000, 0x0000000081100000|100%|HS|  |TAMS 0x0000000081100000, 0x0000000081000000| Complete 
|  17|0x0000000081100000, 0x0000000081200000, 0x0000000081200000|100%|HC|  |TAMS 0x0000000081200000, 0x0000000081100000| Complete 
|  18|0x0000000081200000, 0x0000000081300000, 0x0000000081300000|100%|HS|  |TAMS 0x0000000081300000, 0x0000000081200000| Complete 
|  19|0x0000000081300000, 0x0000000081400000, 0x0000000081400000|100%|HC|  |TAMS 0x0000000081400000, 0x0000000081300000| Complete 
|  20|0x0000000081400000, 0x0000000081500000, 0x0000000081500000|100%|HC|  |TAMS 0x0000000081500000, 0x0000000081400000| Complete 
|  21|0x0000000081500000, 0x0000000081600000, 0x0000000081600000|100%|HS|  |TAMS 0x0000000081600000, 0x0000000081500000| Complete 
|  22|0x0000000081600000, 0x0000000081700000, 0x0000000081700000|100%|HC|  |TAMS 0x0000000081700000, 0x0000000081600000| Complete 
|  23|0x0000000081700000, 0x0000000081800000, 0x0000000081800000|100%|HC|  |TAMS 0x0000000081800000, 0x0000000081700000| Complete 
|  24|0x0000000081800000, 0x0000000081900000, 0x0000000081900000|100%|HS|  |TAMS 0x0000000081900000, 0x0000000081800000| Complete 
|  25|0x0000000081900000, 0x0000000081a00000, 0x0000000081a00000|100%|HC|  |TAMS 0x0000000081a00000, 0x0000000081900000| Complete 
|  26|0x0000000081a00000, 0x0000000081b00000, 0x0000000081b00000|100%|HS|  |TAMS 0x0000000081b00000, 0x0000000081a00000| Complete 
|  27|0x0000000081b00000, 0x0000000081c00000, 0x0000000081c00000|100%|HC|  |TAMS 0x0000000081c00000, 0x0000000081b00000| Complete 
|  28|0x0000000081c00000, 0x0000000081d00000, 0x0000000081d00000|100%|HC|  |TAMS 0x0000000081d00000, 0x0000000081c00000| Complete 
|  29|0x0000000081d00000, 0x0000000081e00000, 0x0000000081e00000|100%|HC|  |TAMS 0x0000000081e00000, 0x0000000081d00000| Complete 
|  30|0x0000000081e00000, 0x0000000081f00000, 0x0000000081f00000|100%|HC|  |TAMS 0x0000000081f00000, 0x0000000081e00000| Complete 
|  31|0x0000000081f00000, 0x0000000082000000, 0x0000000082000000|100%| O|  |TAMS 0x0000000082000000, 0x0000000081f00000| Untracked 
|  32|0x0000000082000000, 0x0000000082100000, 0x0000000082100000|100%| O|  |TAMS 0x0000000082100000, 0x0000000082000000| Untracked 
|  33|0x0000000082100000, 0x0000000082200000, 0x0000000082200000|100%| O|  |TAMS 0x0000000082200000, 0x0000000082100000| Untracked 
|  34|0x0000000082200000, 0x0000000082300000, 0x0000000082300000|100%|HS|  |TAMS 0x0000000082300000, 0x0000000082200000| Complete 
|  35|0x0000000082300000, 0x0000000082400000, 0x0000000082400000|100%|HC|  |TAMS 0x0000000082400000, 0x0000000082400000| Complete 
|  36|0x0000000082400000, 0x0000000082500000, 0x0000000082500000|100%|HC|  |TAMS 0x0000000082500000, 0x0000000082500000| Complete 
|  37|0x0000000082500000, 0x0000000082600000, 0x0000000082600000|100%|HC|  |TAMS 0x0000000082600000, 0x0000000082600000| Complete 
|  38|0x0000000082600000, 0x0000000082700000, 0x0000000082700000|100%|HC|  |TAMS 0x0000000082700000, 0x0000000082700000| Complete 
|  39|0x0000000082700000, 0x0000000082800000, 0x0000000082800000|100%|HC|  |TAMS 0x0000000082800000, 0x0000000082800000| Complete 
|  40|0x0000000082800000, 0x0000000082900000, 0x0000000082900000|100%|HC|  |TAMS 0x0000000082900000, 0x0000000082900000| Complete 
|  41|0x0000000082900000, 0x0000000082a00000, 0x0000000082a00000|100%|HC|  |TAMS 0x0000000082a00000, 0x0000000082a00000| Complete 
|  42|0x0000000082a00000, 0x0000000082b00000, 0x0000000082b00000|100%|HC|  |TAMS 0x0000000082b00000, 0x0000000082b00000| Complete 
|  43|0x0000000082b00000, 0x0000000082c00000, 0x0000000082c00000|100%|HC|  |TAMS 0x0000000082c00000, 0x0000000082c00000| Complete 
|  44|0x0000000082c00000, 0x0000000082d00000, 0x0000000082d00000|100%|HS|  |TAMS 0x0000000082d00000, 0x0000000082d00000| Complete 
|  45|0x0000000082d00000, 0x0000000082e00000, 0x0000000082e00000|100%|HC|  |TAMS 0x0000000082e00000, 0x0000000082e00000| Complete 
|  46|0x0000000082e00000, 0x0000000082f00000, 0x0000000082f00000|100%|HS|  |TAMS 0x0000000082f00000, 0x0000000082f00000| Complete 
|  47|0x0000000082f00000, 0x0000000083000000, 0x0000000083000000|100%|HC|  |TAMS 0x0000000083000000, 0x0000000083000000| Complete 
|  48|0x0000000083000000, 0x0000000083100000, 0x0000000083100000|100%|HC|  |TAMS 0x0000000083100000, 0x0000000083100000| Complete 
|  49|0x0000000083100000, 0x0000000083200000, 0x0000000083200000|100%|HS|  |TAMS 0x0000000083200000, 0x0000000083200000| Complete 
|  50|0x0000000083200000, 0x0000000083300000, 0x0000000083300000|100%|HC|  |TAMS 0x0000000083300000, 0x0000000083300000| Complete 
|  51|0x0000000083300000, 0x0000000083400000, 0x0000000083400000|100%|HS|  |TAMS 0x0000000083400000, 0x0000000083400000| Complete 
|  52|0x0000000083400000, 0x0000000083500000, 0x0000000083500000|100%|HC|  |TAMS 0x0000000083500000, 0x0000000083500000| Complete 
|  53|0x0000000083500000, 0x0000000083600000, 0x0000000083600000|100%|HC|  |TAMS 0x0000000083600000, 0x0000000083600000| Complete 
|  54|0x0000000083600000, 0x0000000083700000, 0x0000000083700000|100%| O|  |TAMS 0x0000000083700000, 0x0000000083700000| Untracked 
|  55|0x0000000083700000, 0x0000000083800000, 0x0000000083800000|100%| O|  |TAMS 0x0000000083800000, 0x0000000083800000| Untracked 
|  56|0x0000000083800000, 0x0000000083900000, 0x0000000083900000|100%| O|  |TAMS 0x0000000083900000, 0x0000000083900000| Untracked 
|  57|0x0000000083900000, 0x0000000083a00000, 0x0000000083a00000|100%| O|  |TAMS 0x0000000083a00000, 0x0000000083a00000| Untracked 
|  58|0x0000000083a00000, 0x0000000083b00000, 0x0000000083b00000|100%| O|  |TAMS 0x0000000083b00000, 0x0000000083b00000| Untracked 
|  59|0x0000000083b00000, 0x0000000083c00000, 0x0000000083c00000|100%|HS|  |TAMS 0x0000000083c00000, 0x0000000083c00000| Complete 
|  60|0x0000000083c00000, 0x0000000083d00000, 0x0000000083d00000|100%|HC|  |TAMS 0x0000000083d00000, 0x0000000083d00000| Complete 
|  61|0x0000000083d00000, 0x0000000083e00000, 0x0000000083e00000|100%|HC|  |TAMS 0x0000000083e00000, 0x0000000083e00000| Complete 
|  62|0x0000000083e00000, 0x0000000083f00000, 0x0000000083f00000|100%|HC|  |TAMS 0x0000000083f00000, 0x0000000083f00000| Complete 
|  63|0x0000000083f00000, 0x0000000084000000, 0x0000000084000000|100%|HC|  |TAMS 0x0000000084000000, 0x0000000084000000| Complete 
|  64|0x0000000084000000, 0x0000000084100000, 0x0000000084100000|100%| O|  |TAMS 0x0000000084100000, 0x0000000084100000| Untracked 
|  65|0x0000000084100000, 0x0000000084200000, 0x0000000084200000|100%| O|  |TAMS 0x0000000084200000, 0x0000000084200000| Untracked 
|  66|0x0000000084200000, 0x0000000084300000, 0x0000000084300000|100%| O|  |TAMS 0x0000000084300000, 0x0000000084300000| Untracked 
|  67|0x0000000084300000, 0x0000000084400000, 0x0000000084400000|100%| O|  |TAMS 0x0000000084400000, 0x0000000084400000| Untracked 
|  68|0x0000000084400000, 0x0000000084500000, 0x0000000084500000|100%|HS|  |TAMS 0x0000000084500000, 0x0000000084500000| Complete 
|  69|0x0000000084500000, 0x0000000084600000, 0x0000000084600000|100%|HS|  |TAMS 0x0000000084600000, 0x0000000084600000| Complete 
|  70|0x0000000084600000, 0x0000000084700000, 0x0000000084700000|100%| O|  |TAMS 0x0000000084700000, 0x0000000084700000| Untracked 
|  71|0x0000000084700000, 0x0000000084800000, 0x0000000084800000|100%| O|  |TAMS 0x0000000084800000, 0x0000000084800000| Untracked 
|  72|0x0000000084800000, 0x0000000084900000, 0x0000000084900000|100%| O|  |TAMS 0x0000000084900000, 0x0000000084900000| Untracked 
|  73|0x0000000084900000, 0x0000000084a00000, 0x0000000084a00000|100%| O|  |TAMS 0x0000000084a00000, 0x0000000084a00000| Untracked 
|  74|0x0000000084a00000, 0x0000000084b00000, 0x0000000084b00000|100%| O|  |TAMS 0x0000000084b00000, 0x0000000084b00000| Untracked 
|  75|0x0000000084b00000, 0x0000000084c00000, 0x0000000084c00000|100%| O|  |TAMS 0x0000000084c00000, 0x0000000084c00000| Untracked 
|  76|0x0000000084c00000, 0x0000000084d00000, 0x0000000084d00000|100%| O|  |TAMS 0x0000000084d00000, 0x0000000084d00000| Untracked 
|  77|0x0000000084d00000, 0x0000000084e00000, 0x0000000084e00000|100%| O|  |TAMS 0x0000000084e00000, 0x0000000084e00000| Untracked 
|  78|0x0000000084e00000, 0x0000000084f00000, 0x0000000084f00000|100%| O|  |TAMS 0x0000000084f00000, 0x0000000084f00000| Untracked 
|  79|0x0000000084f00000, 0x0000000085000000, 0x0000000085000000|100%| O|  |TAMS 0x0000000085000000, 0x0000000085000000| Untracked 
|  80|0x0000000085000000, 0x0000000085100000, 0x0000000085100000|100%| O|  |TAMS 0x0000000085100000, 0x0000000085100000| Untracked 
|  81|0x0000000085100000, 0x0000000085200000, 0x0000000085200000|100%| O|  |TAMS 0x0000000085200000, 0x0000000085200000| Untracked 
|  82|0x0000000085200000, 0x0000000085300000, 0x0000000085300000|100%| O|  |TAMS 0x0000000085300000, 0x0000000085300000| Untracked 
|  83|0x0000000085300000, 0x0000000085400000, 0x0000000085400000|100%| O|  |TAMS 0x0000000085400000, 0x0000000085400000| Untracked 
|  84|0x0000000085400000, 0x0000000085500000, 0x0000000085500000|100%| O|  |TAMS 0x0000000085500000, 0x0000000085500000| Untracked 
|  85|0x0000000085500000, 0x0000000085600000, 0x0000000085600000|100%| O|  |TAMS 0x0000000085600000, 0x0000000085600000| Untracked 
|  86|0x0000000085600000, 0x0000000085700000, 0x0000000085700000|100%| O|  |TAMS 0x0000000085700000, 0x0000000085700000| Untracked 
|  87|0x0000000085700000, 0x0000000085800000, 0x0000000085800000|100%| O|  |TAMS 0x0000000085800000, 0x0000000085800000| Untracked 
|  88|0x0000000085800000, 0x0000000085900000, 0x0000000085900000|100%| O|  |TAMS 0x0000000085900000, 0x0000000085900000| Untracked 
|  89|0x0000000085900000, 0x0000000085a00000, 0x0000000085a00000|100%| O|  |TAMS 0x0000000085a00000, 0x0000000085a00000| Untracked 
|  90|0x0000000085a00000, 0x0000000085b00000, 0x0000000085b00000|100%| O|  |TAMS 0x0000000085b00000, 0x0000000085b00000| Untracked 
|  91|0x0000000085b00000, 0x0000000085c00000, 0x0000000085c00000|100%| O|  |TAMS 0x0000000085c00000, 0x0000000085c00000| Untracked 
|  92|0x0000000085c00000, 0x0000000085d00000, 0x0000000085d00000|100%| O|  |TAMS 0x0000000085d00000, 0x0000000085d00000| Untracked 
|  93|0x0000000085d00000, 0x0000000085e00000, 0x0000000085e00000|100%|HS|  |TAMS 0x0000000085e00000, 0x0000000085e00000| Complete 
|  94|0x0000000085e00000, 0x0000000085f00000, 0x0000000085f00000|100%|HC|  |TAMS 0x0000000085f00000, 0x0000000085f00000| Complete 
|  95|0x0000000085f00000, 0x0000000086000000, 0x0000000086000000|100%|HC|  |TAMS 0x0000000086000000, 0x0000000086000000| Complete 
|  96|0x0000000086000000, 0x0000000086100000, 0x0000000086100000|100%|HC|  |TAMS 0x0000000086100000, 0x0000000086100000| Complete 
|  97|0x0000000086100000, 0x0000000086200000, 0x0000000086200000|100%|HC|  |TAMS 0x0000000086200000, 0x0000000086200000| Complete 
|  98|0x0000000086200000, 0x0000000086300000, 0x0000000086300000|100%|HC|  |TAMS 0x0000000086300000, 0x0000000086300000| Complete 
|  99|0x0000000086300000, 0x0000000086400000, 0x0000000086400000|100%|HC|  |TAMS 0x0000000086400000, 0x0000000086400000| Complete 
| 100|0x0000000086400000, 0x0000000086500000, 0x0000000086500000|100%|HC|  |TAMS 0x0000000086500000, 0x0000000086500000| Complete 
| 101|0x0000000086500000, 0x0000000086600000, 0x0000000086600000|100%|HC|  |TAMS 0x0000000086600000, 0x0000000086600000| Complete 
| 102|0x0000000086600000, 0x0000000086700000, 0x0000000086700000|100%|HC|  |TAMS 0x0000000086700000, 0x0000000086700000| Complete 
| 103|0x0000000086700000, 0x0000000086800000, 0x0000000086800000|100%|HS|  |TAMS 0x0000000086800000, 0x0000000086800000| Complete 
| 104|0x0000000086800000, 0x0000000086900000, 0x0000000086900000|100%|HC|  |TAMS 0x0000000086900000, 0x0000000086900000| Complete 
| 105|0x0000000086900000, 0x0000000086a00000, 0x0000000086a00000|100%|HS|  |TAMS 0x0000000086a00000, 0x0000000086a00000| Complete 
| 106|0x0000000086a00000, 0x0000000086b00000, 0x0000000086b00000|100%|HC|  |TAMS 0x0000000086b00000, 0x0000000086b00000| Complete 
| 107|0x0000000086b00000, 0x0000000086c00000, 0x0000000086c00000|100%| O|  |TAMS 0x0000000086c00000, 0x0000000086c00000| Untracked 
| 108|0x0000000086c00000, 0x0000000086d00000, 0x0000000086d00000|100%| O|  |TAMS 0x0000000086d00000, 0x0000000086d00000| Untracked 
| 109|0x0000000086d00000, 0x0000000086e00000, 0x0000000086e00000|100%| O|  |TAMS 0x0000000086e00000, 0x0000000086e00000| Untracked 
| 110|0x0000000086e00000, 0x0000000086f00000, 0x0000000086f00000|100%| O|  |TAMS 0x0000000086f00000, 0x0000000086f00000| Untracked 
| 111|0x0000000086f00000, 0x0000000087000000, 0x0000000087000000|100%| O|  |TAMS 0x0000000087000000, 0x0000000087000000| Untracked 
| 112|0x0000000087000000, 0x0000000087100000, 0x0000000087100000|100%| O|  |TAMS 0x0000000087100000, 0x0000000087100000| Untracked 
| 113|0x0000000087100000, 0x0000000087200000, 0x0000000087200000|100%| O|  |TAMS 0x0000000087200000, 0x0000000087200000| Untracked 
| 114|0x0000000087200000, 0x0000000087300000, 0x0000000087300000|100%|HS|  |TAMS 0x0000000087300000, 0x0000000087300000| Complete 
| 115|0x0000000087300000, 0x0000000087400000, 0x0000000087400000|100%|HC|  |TAMS 0x0000000087400000, 0x0000000087400000| Complete 
| 116|0x0000000087400000, 0x0000000087500000, 0x0000000087500000|100%|HC|  |TAMS 0x0000000087500000, 0x0000000087500000| Complete 
| 117|0x0000000087500000, 0x0000000087600000, 0x0000000087600000|100%|HS|  |TAMS 0x0000000087600000, 0x0000000087600000| Complete 
| 118|0x0000000087600000, 0x0000000087700000, 0x0000000087700000|100%|HC|  |TAMS 0x0000000087700000, 0x0000000087700000| Complete 
| 119|0x0000000087700000, 0x0000000087800000, 0x0000000087800000|100%|HC|  |TAMS 0x0000000087800000, 0x0000000087800000| Complete 
| 120|0x0000000087800000, 0x0000000087900000, 0x0000000087900000|100%|HS|  |TAMS 0x0000000087900000, 0x0000000087900000| Complete 
| 121|0x0000000087900000, 0x0000000087a00000, 0x0000000087a00000|100%|HC|  |TAMS 0x0000000087a00000, 0x0000000087a00000| Complete 
| 122|0x0000000087a00000, 0x0000000087b00000, 0x0000000087b00000|100%|HS|  |TAMS 0x0000000087b00000, 0x0000000087b00000| Complete 
| 123|0x0000000087b00000, 0x0000000087c00000, 0x0000000087c00000|100%|HC|  |TAMS 0x0000000087c00000, 0x0000000087c00000| Complete 
| 124|0x0000000087c00000, 0x0000000087d00000, 0x0000000087d00000|100%|HC|  |TAMS 0x0000000087d00000, 0x0000000087d00000| Complete 
| 125|0x0000000087d00000, 0x0000000087e00000, 0x0000000087e00000|100%|HC|  |TAMS 0x0000000087e00000, 0x0000000087e00000| Complete 
| 126|0x0000000087e00000, 0x0000000087f00000, 0x0000000087f00000|100%|HC|  |TAMS 0x0000000087f00000, 0x0000000087f00000| Complete 
| 127|0x0000000087f00000, 0x0000000088000000, 0x0000000088000000|100%|HS|  |TAMS 0x0000000088000000, 0x0000000088000000| Complete 
| 128|0x0000000088000000, 0x0000000088100000, 0x0000000088100000|100%|HC|  |TAMS 0x0000000088100000, 0x0000000088100000| Complete 
| 129|0x0000000088100000, 0x0000000088200000, 0x0000000088200000|100%|HC|  |TAMS 0x0000000088200000, 0x0000000088200000| Complete 
| 130|0x0000000088200000, 0x0000000088300000, 0x0000000088300000|100%|HC|  |TAMS 0x0000000088300000, 0x0000000088300000| Complete 
| 131|0x0000000088300000, 0x0000000088400000, 0x0000000088400000|100%|HC|  |TAMS 0x0000000088400000, 0x0000000088400000| Complete 
| 132|0x0000000088400000, 0x0000000088500000, 0x0000000088500000|100%|HC|  |TAMS 0x0000000088500000, 0x0000000088500000| Complete 
| 133|0x0000000088500000, 0x0000000088600000, 0x0000000088600000|100%|HC|  |TAMS 0x0000000088600000, 0x0000000088600000| Complete 
| 134|0x0000000088600000, 0x0000000088700000, 0x0000000088700000|100%|HC|  |TAMS 0x0000000088700000, 0x0000000088700000| Complete 
| 135|0x0000000088700000, 0x0000000088800000, 0x0000000088800000|100%|HC|  |TAMS 0x0000000088800000, 0x0000000088800000| Complete 
| 136|0x0000000088800000, 0x0000000088900000, 0x0000000088900000|100%|HC|  |TAMS 0x0000000088900000, 0x0000000088900000| Complete 
| 137|0x0000000088900000, 0x0000000088a00000, 0x0000000088a00000|100%|HS|  |TAMS 0x0000000088a00000, 0x0000000088a00000| Complete 
| 138|0x0000000088a00000, 0x0000000088b00000, 0x0000000088b00000|100%|HC|  |TAMS 0x0000000088b00000, 0x0000000088b00000| Complete 
| 139|0x0000000088b00000, 0x0000000088c00000, 0x0000000088c00000|100%| O|  |TAMS 0x0000000088c00000, 0x0000000088c00000| Untracked 
| 140|0x0000000088c00000, 0x0000000088d00000, 0x0000000088d00000|100%| O|  |TAMS 0x0000000088d00000, 0x0000000088d00000| Untracked 
| 141|0x0000000088d00000, 0x0000000088e00000, 0x0000000088e00000|100%| O|  |TAMS 0x0000000088e00000, 0x0000000088e00000| Untracked 
| 142|0x0000000088e00000, 0x0000000088f00000, 0x0000000088f00000|100%| O|  |TAMS 0x0000000088f00000, 0x0000000088f00000| Untracked 
| 143|0x0000000088f00000, 0x0000000089000000, 0x0000000089000000|100%| O|  |TAMS 0x0000000089000000, 0x0000000089000000| Untracked 
| 144|0x0000000089000000, 0x0000000089100000, 0x0000000089100000|100%| O|  |TAMS 0x0000000089100000, 0x0000000089100000| Untracked 
| 145|0x0000000089100000, 0x0000000089200000, 0x0000000089200000|100%| O|  |TAMS 0x0000000089200000, 0x0000000089200000| Untracked 
| 146|0x0000000089200000, 0x0000000089300000, 0x0000000089300000|100%| O|  |TAMS 0x0000000089300000, 0x0000000089300000| Untracked 
| 147|0x0000000089300000, 0x0000000089400000, 0x0000000089400000|100%| O|  |TAMS 0x0000000089400000, 0x0000000089400000| Untracked 
| 148|0x0000000089400000, 0x0000000089500000, 0x0000000089500000|100%| O|  |TAMS 0x0000000089500000, 0x0000000089500000| Untracked 
| 149|0x0000000089500000, 0x0000000089600000, 0x0000000089600000|100%| O|  |TAMS 0x0000000089600000, 0x0000000089600000| Untracked 
| 150|0x0000000089600000, 0x0000000089700000, 0x0000000089700000|100%| O|  |TAMS 0x0000000089700000, 0x0000000089700000| Untracked 
| 151|0x0000000089700000, 0x0000000089800000, 0x0000000089800000|100%| O|  |TAMS 0x0000000089800000, 0x0000000089800000| Untracked 
| 152|0x0000000089800000, 0x0000000089900000, 0x0000000089900000|100%| O|  |TAMS 0x0000000089900000, 0x0000000089900000| Untracked 
| 153|0x0000000089900000, 0x0000000089a00000, 0x0000000089a00000|100%| O|  |TAMS 0x0000000089a00000, 0x0000000089a00000| Untracked 
| 154|0x0000000089a00000, 0x0000000089b00000, 0x0000000089b00000|100%| O|  |TAMS 0x0000000089b00000, 0x0000000089b00000| Untracked 
| 155|0x0000000089b00000, 0x0000000089c00000, 0x0000000089c00000|100%| O|  |TAMS 0x0000000089c00000, 0x0000000089c00000| Untracked 
| 156|0x0000000089c00000, 0x0000000089d00000, 0x0000000089d00000|100%| O|  |TAMS 0x0000000089d00000, 0x0000000089d00000| Untracked 
| 157|0x0000000089d00000, 0x0000000089e00000, 0x0000000089e00000|100%| O|  |TAMS 0x0000000089e00000, 0x0000000089e00000| Untracked 
| 158|0x0000000089e00000, 0x0000000089f00000, 0x0000000089f00000|100%| O|  |TAMS 0x0000000089f00000, 0x0000000089f00000| Untracked 
| 159|0x0000000089f00000, 0x000000008a000000, 0x000000008a000000|100%| O|  |TAMS 0x000000008a000000, 0x000000008a000000| Untracked 
| 160|0x000000008a000000, 0x000000008a100000, 0x000000008a100000|100%| O|  |TAMS 0x000000008a100000, 0x000000008a100000| Untracked 
| 161|0x000000008a100000, 0x000000008a200000, 0x000000008a200000|100%| O|  |TAMS 0x000000008a200000, 0x000000008a200000| Untracked 
| 162|0x000000008a200000, 0x000000008a300000, 0x000000008a300000|100%| O|  |TAMS 0x000000008a300000, 0x000000008a300000| Untracked 
| 163|0x000000008a300000, 0x000000008a400000, 0x000000008a400000|100%| O|  |TAMS 0x000000008a400000, 0x000000008a400000| Untracked 
| 164|0x000000008a400000, 0x000000008a500000, 0x000000008a500000|100%| O|  |TAMS 0x000000008a500000, 0x000000008a500000| Untracked 
| 165|0x000000008a500000, 0x000000008a600000, 0x000000008a600000|100%| O|  |TAMS 0x000000008a600000, 0x000000008a600000| Untracked 
| 166|0x000000008a600000, 0x000000008a700000, 0x000000008a700000|100%| O|  |TAMS 0x000000008a700000, 0x000000008a700000| Untracked 
| 167|0x000000008a700000, 0x000000008a800000, 0x000000008a800000|100%| O|  |TAMS 0x000000008a800000, 0x000000008a800000| Untracked 
| 168|0x000000008a800000, 0x000000008a900000, 0x000000008a900000|100%| O|  |TAMS 0x000000008a900000, 0x000000008a900000| Untracked 
| 169|0x000000008a900000, 0x000000008aa00000, 0x000000008aa00000|100%| O|  |TAMS 0x000000008aa00000, 0x000000008aa00000| Untracked 
| 170|0x000000008aa00000, 0x000000008ab00000, 0x000000008ab00000|100%| O|  |TAMS 0x000000008ab00000, 0x000000008ab00000| Untracked 
| 171|0x000000008ab00000, 0x000000008ac00000, 0x000000008ac00000|100%| O|  |TAMS 0x000000008ac00000, 0x000000008ac00000| Untracked 
| 172|0x000000008ac00000, 0x000000008ad00000, 0x000000008ad00000|100%| O|  |TAMS 0x000000008ad00000, 0x000000008ad00000| Untracked 
| 173|0x000000008ad00000, 0x000000008ae00000, 0x000000008ae00000|100%| O|  |TAMS 0x000000008ae00000, 0x000000008ae00000| Untracked 
| 174|0x000000008ae00000, 0x000000008af00000, 0x000000008af00000|100%| O|  |TAMS 0x000000008af00000, 0x000000008af00000| Untracked 
| 175|0x000000008af00000, 0x000000008b000000, 0x000000008b000000|100%| O|  |TAMS 0x000000008b000000, 0x000000008b000000| Untracked 
| 176|0x000000008b000000, 0x000000008b100000, 0x000000008b100000|100%| O|  |TAMS 0x000000008b100000, 0x000000008b100000| Untracked 
| 177|0x000000008b100000, 0x000000008b200000, 0x000000008b200000|100%| O|  |TAMS 0x000000008b200000, 0x000000008b200000| Untracked 
| 178|0x000000008b200000, 0x000000008b300000, 0x000000008b300000|100%| O|  |TAMS 0x000000008b300000, 0x000000008b300000| Untracked 
| 179|0x000000008b300000, 0x000000008b400000, 0x000000008b400000|100%| O|  |TAMS 0x000000008b400000, 0x000000008b400000| Untracked 
| 180|0x000000008b400000, 0x000000008b500000, 0x000000008b500000|100%| O|  |TAMS 0x000000008b500000, 0x000000008b500000| Untracked 
| 181|0x000000008b500000, 0x000000008b600000, 0x000000008b600000|100%| O|  |TAMS 0x000000008b600000, 0x000000008b600000| Untracked 
| 182|0x000000008b600000, 0x000000008b700000, 0x000000008b700000|100%| O|  |TAMS 0x000000008b700000, 0x000000008b700000| Untracked 
| 183|0x000000008b700000, 0x000000008b800000, 0x000000008b800000|100%| O|  |TAMS 0x000000008b800000, 0x000000008b800000| Untracked 
| 184|0x000000008b800000, 0x000000008b900000, 0x000000008b900000|100%| O|  |TAMS 0x000000008b900000, 0x000000008b900000| Untracked 
| 185|0x000000008b900000, 0x000000008ba00000, 0x000000008ba00000|100%| O|  |TAMS 0x000000008ba00000, 0x000000008ba00000| Untracked 
| 186|0x000000008ba00000, 0x000000008bb00000, 0x000000008bb00000|100%| O|  |TAMS 0x000000008bb00000, 0x000000008bb00000| Untracked 
| 187|0x000000008bb00000, 0x000000008bc00000, 0x000000008bc00000|100%| O|  |TAMS 0x000000008bc00000, 0x000000008bc00000| Untracked 
| 188|0x000000008bc00000, 0x000000008bd00000, 0x000000008bd00000|100%| O|  |TAMS 0x000000008bcc1400, 0x000000008bd00000| Untracked 
| 189|0x000000008bd00000, 0x000000008be00000, 0x000000008be00000|100%|HS|  |TAMS 0x000000008bd00000, 0x000000008be00000| Complete 
| 190|0x000000008be00000, 0x000000008bf00000, 0x000000008bf00000|100%|HC|  |TAMS 0x000000008be00000, 0x000000008bf00000| Complete 
| 191|0x000000008bf00000, 0x000000008c000000, 0x000000008c000000|100%|HS|  |TAMS 0x000000008bf00000, 0x000000008c000000| Complete 
| 192|0x000000008c000000, 0x000000008c100000, 0x000000008c100000|100%|HS|  |TAMS 0x000000008c000000, 0x000000008c100000| Complete 
| 193|0x000000008c100000, 0x000000008c200000, 0x000000008c200000|100%|HS|  |TAMS 0x000000008c100000, 0x000000008c200000| Complete 
| 194|0x000000008c200000, 0x000000008c300000, 0x000000008c300000|100%|HC|  |TAMS 0x000000008c200000, 0x000000008c300000| Complete 
| 195|0x000000008c300000, 0x000000008c400000, 0x000000008c400000|100%|HS|  |TAMS 0x000000008c300000, 0x000000008c400000| Complete 
| 196|0x000000008c400000, 0x000000008c500000, 0x000000008c500000|100%|HC|  |TAMS 0x000000008c400000, 0x000000008c500000| Complete 
| 197|0x000000008c500000, 0x000000008c600000, 0x000000008c600000|100%|HS|  |TAMS 0x000000008c500000, 0x000000008c600000| Complete 
| 198|0x000000008c600000, 0x000000008c700000, 0x000000008c700000|100%|HC|  |TAMS 0x000000008c600000, 0x000000008c700000| Complete 
| 199|0x000000008c700000, 0x000000008c800000, 0x000000008c800000|100%|HC|  |TAMS 0x000000008c700000, 0x000000008c800000| Complete 
| 200|0x000000008c800000, 0x000000008c900000, 0x000000008c900000|100%| O|  |TAMS 0x000000008c800000, 0x000000008c900000| Untracked 
| 201|0x000000008c900000, 0x000000008ca00000, 0x000000008ca00000|100%| O|  |TAMS 0x000000008c900000, 0x000000008ca00000| Untracked 
| 202|0x000000008ca00000, 0x000000008cb00000, 0x000000008cb00000|100%| O|  |TAMS 0x000000008ca00000, 0x000000008cb00000| Untracked 
| 203|0x000000008cb00000, 0x000000008cc00000, 0x000000008cc00000|100%| O|  |TAMS 0x000000008cb00000, 0x000000008cc00000| Untracked 
| 204|0x000000008cc00000, 0x000000008cd00000, 0x000000008cd00000|100%| O|  |TAMS 0x000000008cc00000, 0x000000008cd00000| Untracked 
| 205|0x000000008cd00000, 0x000000008cdebc00, 0x000000008ce00000| 92%| O|  |TAMS 0x000000008cd00000, 0x000000008cdebc00| Untracked 
| 206|0x000000008ce00000, 0x000000008cf00000, 0x000000008cf00000|100%|HS|  |TAMS 0x000000008ce00000, 0x000000008ce00000| Complete 
| 207|0x000000008cf00000, 0x000000008d000000, 0x000000008d000000|100%|HS|  |TAMS 0x000000008cf00000, 0x000000008cf00000| Complete 
| 208|0x000000008d000000, 0x000000008d100000, 0x000000008d100000|100%|HC|  |TAMS 0x000000008d000000, 0x000000008d000000| Complete 
| 209|0x000000008d100000, 0x000000008d200000, 0x000000008d200000|100%|HS|  |TAMS 0x000000008d100000, 0x000000008d100000| Complete 
| 210|0x000000008d200000, 0x000000008d300000, 0x000000008d300000|100%|HC|  |TAMS 0x000000008d200000, 0x000000008d200000| Complete 
| 211|0x000000008d300000, 0x000000008d300000, 0x000000008d400000|  0%| F|  |TAMS 0x000000008d300000, 0x000000008d300000| Untracked 
| 212|0x000000008d400000, 0x000000008d400000, 0x000000008d500000|  0%| F|  |TAMS 0x000000008d400000, 0x000000008d400000| Untracked 
| 213|0x000000008d500000, 0x000000008d500000, 0x000000008d600000|  0%| F|  |TAMS 0x000000008d500000, 0x000000008d500000| Untracked 
| 214|0x000000008d600000, 0x000000008d600000, 0x000000008d700000|  0%| F|  |TAMS 0x000000008d600000, 0x000000008d600000| Untracked 
| 215|0x000000008d700000, 0x000000008d700000, 0x000000008d800000|  0%| F|  |TAMS 0x000000008d700000, 0x000000008d700000| Untracked 
| 216|0x000000008d800000, 0x000000008d800000, 0x000000008d900000|  0%| F|  |TAMS 0x000000008d800000, 0x000000008d800000| Untracked 
| 217|0x000000008d900000, 0x000000008d900000, 0x000000008da00000|  0%| F|  |TAMS 0x000000008d900000, 0x000000008d900000| Untracked 
| 218|0x000000008da00000, 0x000000008da00000, 0x000000008db00000|  0%| F|  |TAMS 0x000000008da00000, 0x000000008da00000| Untracked 
| 219|0x000000008db00000, 0x000000008db00000, 0x000000008dc00000|  0%| F|  |TAMS 0x000000008db00000, 0x000000008db00000| Untracked 
| 220|0x000000008dc00000, 0x000000008dc00000, 0x000000008dd00000|  0%| F|  |TAMS 0x000000008dc00000, 0x000000008dc00000| Untracked 
| 221|0x000000008dd00000, 0x000000008dd00000, 0x000000008de00000|  0%| F|  |TAMS 0x000000008dd00000, 0x000000008dd00000| Untracked 
| 222|0x000000008de00000, 0x000000008de00000, 0x000000008df00000|  0%| F|  |TAMS 0x000000008de00000, 0x000000008de00000| Untracked 
| 223|0x000000008df00000, 0x000000008df00000, 0x000000008e000000|  0%| F|  |TAMS 0x000000008df00000, 0x000000008df00000| Untracked 
| 224|0x000000008e000000, 0x000000008e000000, 0x000000008e100000|  0%| F|  |TAMS 0x000000008e000000, 0x000000008e000000| Untracked 
| 225|0x000000008e100000, 0x000000008e100000, 0x000000008e200000|  0%| F|  |TAMS 0x000000008e100000, 0x000000008e100000| Untracked 
| 226|0x000000008e200000, 0x000000008e200000, 0x000000008e300000|  0%| F|  |TAMS 0x000000008e200000, 0x000000008e200000| Untracked 
| 227|0x000000008e300000, 0x000000008e300000, 0x000000008e400000|  0%| F|  |TAMS 0x000000008e300000, 0x000000008e300000| Untracked 
| 228|0x000000008e400000, 0x000000008e400000, 0x000000008e500000|  0%| F|  |TAMS 0x000000008e400000, 0x000000008e400000| Untracked 
| 229|0x000000008e500000, 0x000000008e500000, 0x000000008e600000|  0%| F|  |TAMS 0x000000008e500000, 0x000000008e500000| Untracked 
| 230|0x000000008e600000, 0x000000008e600000, 0x000000008e700000|  0%| F|  |TAMS 0x000000008e600000, 0x000000008e600000| Untracked 
| 231|0x000000008e700000, 0x000000008e700000, 0x000000008e800000|  0%| F|  |TAMS 0x000000008e700000, 0x000000008e700000| Untracked 
| 232|0x000000008e800000, 0x000000008e800000, 0x000000008e900000|  0%| F|  |TAMS 0x000000008e800000, 0x000000008e800000| Untracked 
| 233|0x000000008e900000, 0x000000008e900000, 0x000000008ea00000|  0%| F|  |TAMS 0x000000008e900000, 0x000000008e900000| Untracked 
| 234|0x000000008ea00000, 0x000000008ea00000, 0x000000008eb00000|  0%| F|  |TAMS 0x000000008ea00000, 0x000000008ea00000| Untracked 
| 235|0x000000008eb00000, 0x000000008eb00000, 0x000000008ec00000|  0%| F|  |TAMS 0x000000008eb00000, 0x000000008eb00000| Untracked 
| 236|0x000000008ec00000, 0x000000008ec00000, 0x000000008ed00000|  0%| F|  |TAMS 0x000000008ec00000, 0x000000008ec00000| Untracked 
| 237|0x000000008ed00000, 0x000000008ed00000, 0x000000008ee00000|  0%| F|  |TAMS 0x000000008ed00000, 0x000000008ed00000| Untracked 
| 238|0x000000008ee00000, 0x000000008ee00000, 0x000000008ef00000|  0%| F|  |TAMS 0x000000008ee00000, 0x000000008ee00000| Untracked 
| 239|0x000000008ef00000, 0x000000008ef00000, 0x000000008f000000|  0%| F|  |TAMS 0x000000008ef00000, 0x000000008ef00000| Untracked 
| 240|0x000000008f000000, 0x000000008f000000, 0x000000008f100000|  0%| F|  |TAMS 0x000000008f000000, 0x000000008f000000| Untracked 
| 241|0x000000008f100000, 0x000000008f100000, 0x000000008f200000|  0%| F|  |TAMS 0x000000008f100000, 0x000000008f100000| Untracked 
| 242|0x000000008f200000, 0x000000008f200000, 0x000000008f300000|  0%| F|  |TAMS 0x000000008f200000, 0x000000008f200000| Untracked 
| 243|0x000000008f300000, 0x000000008f300000, 0x000000008f400000|  0%| F|  |TAMS 0x000000008f300000, 0x000000008f300000| Untracked 
| 244|0x000000008f400000, 0x000000008f400000, 0x000000008f500000|  0%| F|  |TAMS 0x000000008f400000, 0x000000008f400000| Untracked 
| 245|0x000000008f500000, 0x000000008f500000, 0x000000008f600000|  0%| F|  |TAMS 0x000000008f500000, 0x000000008f500000| Untracked 
| 246|0x000000008f600000, 0x000000008f600000, 0x000000008f700000|  0%| F|  |TAMS 0x000000008f600000, 0x000000008f600000| Untracked 
| 247|0x000000008f700000, 0x000000008f700000, 0x000000008f800000|  0%| F|  |TAMS 0x000000008f700000, 0x000000008f700000| Untracked 
| 248|0x000000008f800000, 0x000000008f800000, 0x000000008f900000|  0%| F|  |TAMS 0x000000008f800000, 0x000000008f800000| Untracked 
| 249|0x000000008f900000, 0x000000008f900000, 0x000000008fa00000|  0%| F|  |TAMS 0x000000008f900000, 0x000000008f900000| Untracked 
| 250|0x000000008fa00000, 0x000000008fa00000, 0x000000008fb00000|  0%| F|  |TAMS 0x000000008fa00000, 0x000000008fa00000| Untracked 
| 251|0x000000008fb00000, 0x000000008fb00000, 0x000000008fc00000|  0%| F|  |TAMS 0x000000008fb00000, 0x000000008fb00000| Untracked 
| 252|0x000000008fc00000, 0x000000008fc00000, 0x000000008fd00000|  0%| F|  |TAMS 0x000000008fc00000, 0x000000008fc00000| Untracked 
| 253|0x000000008fd00000, 0x000000008fd00000, 0x000000008fe00000|  0%| F|  |TAMS 0x000000008fd00000, 0x000000008fd00000| Untracked 
| 254|0x000000008fe00000, 0x000000008fe00000, 0x000000008ff00000|  0%| F|  |TAMS 0x000000008fe00000, 0x000000008fe00000| Untracked 
| 255|0x000000008ff00000, 0x000000008ff00000, 0x0000000090000000|  0%| F|  |TAMS 0x000000008ff00000, 0x000000008ff00000| Untracked 
| 256|0x0000000090000000, 0x0000000090000000, 0x0000000090100000|  0%| F|  |TAMS 0x0000000090000000, 0x0000000090000000| Untracked 
| 257|0x0000000090100000, 0x0000000090100000, 0x0000000090200000|  0%| F|  |TAMS 0x0000000090100000, 0x0000000090100000| Untracked 
| 258|0x0000000090200000, 0x0000000090200000, 0x0000000090300000|  0%| F|  |TAMS 0x0000000090200000, 0x0000000090200000| Untracked 
| 259|0x0000000090300000, 0x0000000090300000, 0x0000000090400000|  0%| F|  |TAMS 0x0000000090300000, 0x0000000090300000| Untracked 
| 260|0x0000000090400000, 0x0000000090400000, 0x0000000090500000|  0%| F|  |TAMS 0x0000000090400000, 0x0000000090400000| Untracked 
| 261|0x0000000090500000, 0x0000000090500000, 0x0000000090600000|  0%| F|  |TAMS 0x0000000090500000, 0x0000000090500000| Untracked 
| 262|0x0000000090600000, 0x0000000090600000, 0x0000000090700000|  0%| F|  |TAMS 0x0000000090600000, 0x0000000090600000| Untracked 
| 263|0x0000000090700000, 0x0000000090700000, 0x0000000090800000|  0%| F|  |TAMS 0x0000000090700000, 0x0000000090700000| Untracked 
| 264|0x0000000090800000, 0x0000000090800000, 0x0000000090900000|  0%| F|  |TAMS 0x0000000090800000, 0x0000000090800000| Untracked 
| 265|0x0000000090900000, 0x0000000090900000, 0x0000000090a00000|  0%| F|  |TAMS 0x0000000090900000, 0x0000000090900000| Untracked 
| 266|0x0000000090a00000, 0x0000000090a00000, 0x0000000090b00000|  0%| F|  |TAMS 0x0000000090a00000, 0x0000000090a00000| Untracked 
| 267|0x0000000090b00000, 0x0000000090b52730, 0x0000000090c00000| 32%| S|CS|TAMS 0x0000000090b00000, 0x0000000090b00000| Complete 
| 268|0x0000000090c00000, 0x0000000090d00000, 0x0000000090d00000|100%| S|CS|TAMS 0x0000000090c00000, 0x0000000090c00000| Complete 
| 269|0x0000000090d00000, 0x0000000090e00000, 0x0000000090e00000|100%| S|CS|TAMS 0x0000000090d00000, 0x0000000090d00000| Complete 
| 270|0x0000000090e00000, 0x0000000090e00000, 0x0000000090f00000|  0%| F|  |TAMS 0x0000000090e00000, 0x0000000090e00000| Untracked 
| 271|0x0000000090f00000, 0x0000000090f00000, 0x0000000091000000|  0%| F|  |TAMS 0x0000000090f00000, 0x0000000090f00000| Untracked 
| 272|0x0000000091000000, 0x0000000091000000, 0x0000000091100000|  0%| F|  |TAMS 0x0000000091000000, 0x0000000091000000| Untracked 
| 273|0x0000000091100000, 0x0000000091100000, 0x0000000091200000|  0%| F|  |TAMS 0x0000000091100000, 0x0000000091100000| Untracked 
| 274|0x0000000091200000, 0x0000000091200000, 0x0000000091300000|  0%| F|  |TAMS 0x0000000091200000, 0x0000000091200000| Untracked 
| 275|0x0000000091300000, 0x0000000091300000, 0x0000000091400000|  0%| F|  |TAMS 0x0000000091300000, 0x0000000091300000| Untracked 
| 276|0x0000000091400000, 0x0000000091400000, 0x0000000091500000|  0%| F|  |TAMS 0x0000000091400000, 0x0000000091400000| Untracked 
| 277|0x0000000091500000, 0x0000000091500000, 0x0000000091600000|  0%| F|  |TAMS 0x0000000091500000, 0x0000000091500000| Untracked 
| 278|0x0000000091600000, 0x0000000091600000, 0x0000000091700000|  0%| F|  |TAMS 0x0000000091600000, 0x0000000091600000| Untracked 
| 279|0x0000000091700000, 0x0000000091700000, 0x0000000091800000|  0%| F|  |TAMS 0x0000000091700000, 0x0000000091700000| Untracked 
| 280|0x0000000091800000, 0x0000000091800000, 0x0000000091900000|  0%| F|  |TAMS 0x0000000091800000, 0x0000000091800000| Untracked 
| 281|0x0000000091900000, 0x0000000091900000, 0x0000000091a00000|  0%| F|  |TAMS 0x0000000091900000, 0x0000000091900000| Untracked 
| 282|0x0000000091a00000, 0x0000000091a00000, 0x0000000091b00000|  0%| F|  |TAMS 0x0000000091a00000, 0x0000000091a00000| Untracked 
| 283|0x0000000091b00000, 0x0000000091b00000, 0x0000000091c00000|  0%| F|  |TAMS 0x0000000091b00000, 0x0000000091b00000| Untracked 
| 284|0x0000000091c00000, 0x0000000091c00000, 0x0000000091d00000|  0%| F|  |TAMS 0x0000000091c00000, 0x0000000091c00000| Untracked 
| 285|0x0000000091d00000, 0x0000000091d00000, 0x0000000091e00000|  0%| F|  |TAMS 0x0000000091d00000, 0x0000000091d00000| Untracked 
| 286|0x0000000091e00000, 0x0000000091e00000, 0x0000000091f00000|  0%| F|  |TAMS 0x0000000091e00000, 0x0000000091e00000| Untracked 
| 287|0x0000000091f00000, 0x0000000091fa0f40, 0x0000000092000000| 62%| E|  |TAMS 0x0000000091f00000, 0x0000000091f00000| Complete 

Card table byte_map: [0x000001fd96cb0000,0x000001fd970b0000] _byte_map_base: 0x000001fd968b0000

Marking Bits (Prev, Next): (CMBitMap*) 0x000001fd83acf480, (CMBitMap*) 0x000001fd83acf448
 Prev Bits: [0x000001fd994b0000, 0x000001fd9b4b0000)
 Next Bits: [0x000001fd974b0000, 0x000001fd994b0000)

Polling page: 0x000001fd819f0000

Metaspace:

Usage:
  Non-class:     97.20 MB capacity,    95.11 MB ( 98%) used,     1.72 MB (  2%) free+waste,   374.81 KB ( <1%) overhead. 
      Class:     15.22 MB capacity,    13.99 MB ( 92%) used,     1.07 MB (  7%) free+waste,   168.94 KB (  1%) overhead. 
       Both:    112.42 MB capacity,   109.10 MB ( 97%) used,     2.79 MB (  2%) free+waste,   543.75 KB ( <1%) overhead. 

Virtual space:
  Non-class space:       98.00 MB reserved,      97.33 MB (>99%) committed 
      Class space:        1.00 GB reserved,      15.25 MB (  1%) committed 
             Both:        1.10 GB reserved,     112.58 MB ( 10%) committed 

Chunk freelists:
   Non-Class:  5.00 KB
       Class:  1.00 KB
        Both:  6.00 KB

MaxMetaspaceSize: 17179869184.00 GB
CompressedClassSpaceSize: 1.00 GB
Initial GC threshold: 20.80 MB
Current GC threshold: 183.26 MB
CDS: off

CodeHeap 'non-profiled nmethods': size=120000Kb used=8787Kb max_used=8787Kb free=111212Kb
 bounds [0x000001fd8f050000, 0x000001fd8f8f0000, 0x000001fd96580000]
CodeHeap 'profiled nmethods': size=120000Kb used=30747Kb max_used=30747Kb free=89252Kb
 bounds [0x000001fd87b20000, 0x000001fd89930000, 0x000001fd8f050000]
CodeHeap 'non-nmethods': size=5760Kb used=2457Kb max_used=2502Kb free=3302Kb
 bounds [0x000001fd87580000, 0x000001fd87820000, 0x000001fd87b20000]
 total_blobs=14654 nmethods=13668 adapters=897
 compilation: enabled
              stopped_count=0, restarted_count=0
 full_count=0

Compilation events (20 events):
Event: 23.390 Thread 0x000001fd9e7d3800 13712       3       org.gradle.internal.instantiation.generator.AbstractClassGenerator::access$800 (4 bytes)
Event: 23.390 Thread 0x000001fd9e7d3800 nmethod 13712 0x000001fd8990da90 code [0x000001fd8990dc40, 0x000001fd8990dd38]
Event: 23.390 Thread 0x000001fd9e7d3800 13713   !   3       org.gradle.internal.instantiation.generator.AsmBackedClassGenerator$InvokeSerializationConstructorAndInitializeFieldsStrategy::newInstance (86 bytes)
Event: 23.393 Thread 0x000001fd9e7d3800 nmethod 13713 0x000001fd8990de10 code [0x000001fd8990e1e0, 0x000001fd8990ff28]
Event: 23.398 Thread 0x000001fd9e7d3800 13715       3       java.lang.invoke.Invokers$Holder::invoke_MT (26 bytes)
Event: 23.399 Thread 0x000001fd9e7d3800 nmethod 13715 0x000001fd89910a90 code [0x000001fd89910cc0, 0x000001fd89911718]
Event: 23.400 Thread 0x000001fd9e7d3800 13716       2       java.util.zip.InflaterInputStream::close (34 bytes)
Event: 23.400 Thread 0x000001fd9e7d3800 nmethod 13716 0x000001fd89911a10 code [0x000001fd89911be0, 0x000001fd89911d58]
Event: 23.402 Thread 0x000001fda4b58800 nmethod 13583 0x000001fd8f8db690 code [0x000001fd8f8db940, 0x000001fd8f8dd5c0]
Event: 23.402 Thread 0x000001fda4b58800 13700       4       java.security.SecureClassLoader$CodeSourceKey::equals (56 bytes)
Event: 23.405 Thread 0x000001fd9e7d1000 nmethod 13691 0x000001fd8f8de410 code [0x000001fd8f8de5e0, 0x000001fd8f8df078]
Event: 23.405 Thread 0x000001fd9e7d1000 13707       4       java.lang.reflect.Modifier::isFinal (13 bytes)
Event: 23.406 Thread 0x000001fd9e7d1000 nmethod 13707 0x000001fd8f8df710 code [0x000001fd8f8df8a0, 0x000001fd8f8df8f8]
Event: 23.406 Thread 0x000001fd9e7d1000 13698       4       org.gradle.internal.instantiation.generator.AbstractClassGenerator$PropertyMetadata::hasAnnotation (40 bytes)
Event: 23.407 Thread 0x000001fd9e7d3800 13717       3       java.util.Collections$SetFromMap::remove (19 bytes)
Event: 23.407 Thread 0x000001fd9e7d3800 nmethod 13717 0x000001fd89911e90 code [0x000001fd89912060, 0x000001fd89912288]
Event: 23.414 Thread 0x000001fda4b58800 nmethod 13700 0x000001fd8f8dfa10 code [0x000001fd8f8dfbe0, 0x000001fd8f8e00a8]
Event: 23.414 Thread 0x000001fda4b58800 13710       4       java.lang.reflect.AccessibleObject::checkCanSetAccessible (386 bytes)
Event: 23.416 Thread 0x000001fd9e7d3800 13718   !   3       java.util.zip.ZipFile$ZipFileInflaterInputStream::close (67 bytes)
Event: 23.417 Thread 0x000001fd9e7d3800 nmethod 13718 0x000001fd89912390 code [0x000001fd899125a0, 0x000001fd89912c38]

GC Heap History (20 events):
Event: 21.251 GC heap before
{Heap before GC invocations=31 (full 0):
 garbage-first heap   total 245760K, used 212770K [0x0000000080000000, 0x0000000100000000)
  region size 1024K, 26 young (26624K), 1 survivors (1024K)
 Metaspace       used 101777K, capacity 105040K, committed 105296K, reserved 1140736K
  class space    used 13062K, capacity 14267K, committed 14336K, reserved 1048576K
}
Event: 21.258 GC heap after
{Heap after GC invocations=32 (full 0):
 garbage-first heap   total 245760K, used 189319K [0x0000000080000000, 0x0000000100000000)
  region size 1024K, 2 young (2048K), 2 survivors (2048K)
 Metaspace       used 101777K, capacity 105040K, committed 105296K, reserved 1140736K
  class space    used 13062K, capacity 14267K, committed 14336K, reserved 1048576K
}
Event: 21.686 GC heap before
{Heap before GC invocations=33 (full 0):
 garbage-first heap   total 245760K, used 213895K [0x0000000080000000, 0x0000000100000000)
  region size 1024K, 26 young (26624K), 2 survivors (2048K)
 Metaspace       used 104439K, capacity 107750K, committed 107984K, reserved 1142784K
  class space    used 13409K, capacity 14631K, committed 14720K, reserved 1048576K
}
Event: 21.690 GC heap after
{Heap after GC invocations=34 (full 0):
 garbage-first heap   total 245760K, used 189672K [0x0000000080000000, 0x0000000100000000)
  region size 1024K, 3 young (3072K), 3 survivors (3072K)
 Metaspace       used 104439K, capacity 107750K, committed 107984K, reserved 1142784K
  class space    used 13409K, capacity 14631K, committed 14720K, reserved 1048576K
}
Event: 21.794 GC heap before
{Heap before GC invocations=34 (full 0):
 garbage-first heap   total 245760K, used 198888K [0x0000000080000000, 0x0000000100000000)
  region size 1024K, 12 young (12288K), 3 survivors (3072K)
 Metaspace       used 105017K, capacity 108358K, committed 108624K, reserved 1142784K
  class space    used 13492K, capacity 14727K, committed 14848K, reserved 1048576K
}
Event: 21.798 GC heap after
{Heap after GC invocations=35 (full 0):
 garbage-first heap   total 245760K, used 189275K [0x0000000080000000, 0x0000000100000000)
  region size 1024K, 1 young (1024K), 1 survivors (1024K)
 Metaspace       used 105017K, capacity 108358K, committed 108624K, reserved 1142784K
  class space    used 13492K, capacity 14727K, committed 14848K, reserved 1048576K
}
Event: 22.045 GC heap before
{Heap before GC invocations=35 (full 0):
 garbage-first heap   total 245760K, used 213851K [0x0000000080000000, 0x0000000100000000)
  region size 1024K, 25 young (25600K), 1 survivors (1024K)
 Metaspace       used 106861K, capacity 110182K, committed 110288K, reserved 1144832K
  class space    used 13733K, capacity 14951K, committed 14976K, reserved 1048576K
}
Event: 22.049 GC heap after
{Heap after GC invocations=36 (full 0):
 garbage-first heap   total 245760K, used 189403K [0x0000000080000000, 0x0000000100000000)
  region size 1024K, 1 young (1024K), 1 survivors (1024K)
 Metaspace       used 106861K, capacity 110182K, committed 110288K, reserved 1144832K
  class space    used 13733K, capacity 14951K, committed 14976K, reserved 1048576K
}
Event: 22.375 GC heap before
{Heap before GC invocations=37 (full 0):
 garbage-first heap   total 245760K, used 213979K [0x0000000080000000, 0x0000000100000000)
  region size 1024K, 26 young (26624K), 1 survivors (1024K)
 Metaspace       used 107860K, capacity 111141K, committed 111184K, reserved 1144832K
  class space    used 13836K, capacity 15074K, committed 15104K, reserved 1048576K
}
Event: 22.382 GC heap after
{Heap after GC invocations=38 (full 0):
 garbage-first heap   total 245760K, used 192056K [0x0000000080000000, 0x0000000100000000)
  region size 1024K, 4 young (4096K), 4 survivors (4096K)
 Metaspace       used 107860K, capacity 111141K, committed 111184K, reserved 1144832K
  class space    used 13836K, capacity 15074K, committed 15104K, reserved 1048576K
}
Event: 22.573 GC heap before
{Heap before GC invocations=38 (full 0):
 garbage-first heap   total 245760K, used 214584K [0x0000000080000000, 0x0000000100000000)
  region size 1024K, 27 young (27648K), 4 survivors (4096K)
 Metaspace       used 108022K, capacity 111311K, committed 111440K, reserved 1146880K
  class space    used 13838K, capacity 15075K, committed 15104K, reserved 1048576K
}
Event: 22.582 GC heap after
{Heap after GC invocations=39 (full 0):
 garbage-first heap   total 245760K, used 193597K [0x0000000080000000, 0x0000000100000000)
  region size 1024K, 2 young (2048K), 2 survivors (2048K)
 Metaspace       used 108022K, capacity 111311K, committed 111440K, reserved 1146880K
  class space    used 13838K, capacity 15075K, committed 15104K, reserved 1048576K
}
Event: 22.843 GC heap before
{Heap before GC invocations=39 (full 0):
 garbage-first heap   total 245760K, used 214077K [0x0000000080000000, 0x0000000100000000)
  region size 1024K, 23 young (23552K), 2 survivors (2048K)
 Metaspace       used 108274K, capacity 111654K, committed 111824K, reserved 1146880K
  class space    used 13860K, capacity 15115K, committed 15232K, reserved 1048576K
}
Event: 22.848 GC heap after
{Heap after GC invocations=40 (full 0):
 garbage-first heap   total 245760K, used 194492K [0x0000000080000000, 0x0000000100000000)
  region size 1024K, 3 young (3072K), 3 survivors (3072K)
 Metaspace       used 108274K, capacity 111654K, committed 111824K, reserved 1146880K
  class space    used 13860K, capacity 15115K, committed 15232K, reserved 1048576K
}
Event: 22.951 GC heap before
{Heap before GC invocations=41 (full 0):
 garbage-first heap   total 245760K, used 202684K [0x0000000080000000, 0x0000000100000000)
  region size 1024K, 13 young (13312K), 3 survivors (3072K)
 Metaspace       used 108393K, capacity 111745K, committed 112080K, reserved 1146880K
  class space    used 13870K, capacity 15120K, committed 15232K, reserved 1048576K
}
Event: 22.958 GC heap after
{Heap after GC invocations=42 (full 0):
 garbage-first heap   total 245760K, used 194940K [0x0000000080000000, 0x0000000100000000)
  region size 1024K, 2 young (2048K), 2 survivors (2048K)
 Metaspace       used 108393K, capacity 111745K, committed 112080K, reserved 1146880K
  class space    used 13870K, capacity 15120K, committed 15232K, reserved 1048576K
}
Event: 23.165 GC heap before
{Heap before GC invocations=42 (full 0):
 garbage-first heap   total 245760K, used 226684K [0x0000000080000000, 0x0000000100000000)
  region size 1024K, 23 young (23552K), 2 survivors (2048K)
 Metaspace       used 109098K, capacity 112425K, committed 112592K, reserved 1146880K
  class space    used 13969K, capacity 15231K, committed 15232K, reserved 1048576K
}
Event: 23.171 GC heap after
{Heap after GC invocations=43 (full 0):
 garbage-first heap   total 245760K, used 211049K [0x0000000080000000, 0x0000000100000000)
  region size 1024K, 3 young (3072K), 3 survivors (3072K)
 Metaspace       used 109098K, capacity 112425K, committed 112592K, reserved 1146880K
  class space    used 13969K, capacity 15231K, committed 15232K, reserved 1048576K
}
Event: 23.237 GC heap before
{Heap before GC invocations=43 (full 0):
 garbage-first heap   total 245760K, used 219241K [0x0000000080000000, 0x0000000100000000)
  region size 1024K, 12 young (12288K), 3 survivors (3072K)
 Metaspace       used 109531K, capacity 112875K, committed 112976K, reserved 1146880K
  class space    used 14035K, capacity 15296K, committed 15360K, reserved 1048576K
}
Event: 23.245 GC heap after
{Heap after GC invocations=44 (full 0):
 garbage-first heap   total 294912K, used 211714K [0x0000000080000000, 0x0000000100000000)
  region size 1024K, 1 young (1024K), 1 survivors (1024K)
 Metaspace       used 109531K, capacity 112875K, committed 112976K, reserved 1146880K
  class space    used 14035K, capacity 15296K, committed 15360K, reserved 1048576K
}

Deoptimization events (20 events):
Event: 23.342 Thread 0x000001fda9600000 DEOPT PACKING pc=0x000001fd8f7dad48 sp=0x000000743a1fd270
Event: 23.342 Thread 0x000001fda9600000 DEOPT UNPACKING pc=0x000001fd875ca1af sp=0x000000743a1fd0a8 mode 2
Event: 23.343 Thread 0x000001fda9600000 Uncommon trap: trap_request=0xffffff4d fr.pc=0x000001fd8f65094c relative=0x000000000000016c
Event: 23.343 Thread 0x000001fda9600000 Uncommon trap: reason=unstable_if action=reinterpret pc=0x000001fd8f65094c method=com.google.common.collect.MapMakerInternalMap$Segment.getEntry(Ljava/lang/Object;I)Lcom/google/common/collect/MapMakerInternalMap$InternalEntry; @ 63 c2
Event: 23.343 Thread 0x000001fda9600000 DEOPT PACKING pc=0x000001fd8f65094c sp=0x000000743a1fca00
Event: 23.343 Thread 0x000001fda9600000 DEOPT UNPACKING pc=0x000001fd875ca1af sp=0x000000743a1fc9b8 mode 2
Event: 23.359 Thread 0x000001fda2aee800 Uncommon trap: trap_request=0xffffffd6 fr.pc=0x000001fd8f8cf30c relative=0x00000000000006cc
Event: 23.359 Thread 0x000001fda2aee800 Uncommon trap: reason=array_check action=maybe_recompile pc=0x000001fd8f8cf30c method=java.util.TimSort.binarySort([Ljava/lang/Object;IIILjava/util/Comparator;)V @ 215 c2
Event: 23.359 Thread 0x000001fda2aee800 DEOPT PACKING pc=0x000001fd8f8cf30c sp=0x0000007439af7d20
Event: 23.359 Thread 0x000001fda2aee800 DEOPT UNPACKING pc=0x000001fd875ca1af sp=0x0000007439af7cc8 mode 2
Event: 23.359 Thread 0x000001fda2aee800 Uncommon trap: trap_request=0xffffffd6 fr.pc=0x000001fd8f8cf30c relative=0x00000000000006cc
Event: 23.359 Thread 0x000001fda2aee800 Uncommon trap: reason=array_check action=maybe_recompile pc=0x000001fd8f8cf30c method=java.util.TimSort.binarySort([Ljava/lang/Object;IIILjava/util/Comparator;)V @ 215 c2
Event: 23.359 Thread 0x000001fda2aee800 DEOPT PACKING pc=0x000001fd8f8cf30c sp=0x0000007439af7d20
Event: 23.359 Thread 0x000001fda2aee800 DEOPT UNPACKING pc=0x000001fd875ca1af sp=0x0000007439af7cc8 mode 2
Event: 23.391 Thread 0x000001fda9600000 Uncommon trap: trap_request=0xffffff4d fr.pc=0x000001fd8f1b869c relative=0x00000000000010dc
Event: 23.391 Thread 0x000001fda9600000 Uncommon trap: reason=unstable_if action=reinterpret pc=0x000001fd8f1b869c method=java.util.WeakHashMap.remove(Ljava/lang/Object;)Ljava/lang/Object; @ 94 c2
Event: 23.391 Thread 0x000001fda9600000 DEOPT PACKING pc=0x000001fd8f1b869c sp=0x000000743a1fb300
Event: 23.391 Thread 0x000001fda9600000 DEOPT UNPACKING pc=0x000001fd875ca1af sp=0x000000743a1fb1d8 mode 2
Event: 23.399 Thread 0x000001fda9606000 DEOPT PACKING pc=0x000001fd897ca4d5 sp=0x000000743a2fc370
Event: 23.399 Thread 0x000001fda9606000 DEOPT UNPACKING pc=0x000001fd875ca95e sp=0x000000743a2fb890 mode 0

Classes redefined (0 events):
No events

Internal exceptions (20 events):
Event: 21.485 Thread 0x000001fda409c000 Exception <a 'java/lang/NoSuchMethodError'{0x000000008e3ce008}: <clinit>> (0x000000008e3ce008) thrown at [src/hotspot/share/prims/jni.cpp, line 1367]
Event: 22.984 Thread 0x000001fda2aee800 Exception <a 'java/lang/NoSuchMethodError'{0x000000008ec18fc0}: <clinit>> (0x000000008ec18fc0) thrown at [src/hotspot/share/prims/jni.cpp, line 1367]
Event: 22.984 Thread 0x000001fda2aee800 Exception <a 'java/lang/NoSuchMethodError'{0x000000008ec1a760}: <clinit>> (0x000000008ec1a760) thrown at [src/hotspot/share/prims/jni.cpp, line 1367]
Event: 22.985 Thread 0x000001fda2aee800 Exception <a 'java/lang/NoSuchMethodError'{0x000000008ec1d978}: <clinit>> (0x000000008ec1d978) thrown at [src/hotspot/share/prims/jni.cpp, line 1367]
Event: 22.987 Thread 0x000001fda2aee800 Exception <a 'java/lang/NoSuchMethodError'{0x000000008ec3e7f0}: <clinit>> (0x000000008ec3e7f0) thrown at [src/hotspot/share/prims/jni.cpp, line 1367]
Event: 22.987 Thread 0x000001fda2aee800 Exception <a 'java/lang/NoSuchMethodError'{0x000000008ec3fa28}: <clinit>> (0x000000008ec3fa28) thrown at [src/hotspot/share/prims/jni.cpp, line 1367]
Event: 23.104 Thread 0x000001fda9600000 Exception <a 'sun/nio/fs/WindowsException'{0x000000008dfc6d70}> (0x000000008dfc6d70) thrown at [src/hotspot/share/prims/jni.cpp, line 617]
Event: 23.246 Thread 0x000001fda9600000 Exception <a 'java/lang/NoSuchMethodError'{0x0000000091f23ce0}: 'java.lang.Object java.lang.invoke.DirectMethodHandle$Holder.newInvokeSpecial(java.lang.Object, int)'> (0x0000000091f23ce0) thrown at [src/hotspot/share/interpreter/linkResolver.cpp, line 773]
Event: 23.344 Thread 0x000001fda2aee800 Exception <a 'sun/nio/fs/WindowsException'{0x0000000091ad4610}> (0x0000000091ad4610) thrown at [src/hotspot/share/prims/jni.cpp, line 617]
Event: 23.344 Thread 0x000001fda2aee800 Exception <a 'sun/nio/fs/WindowsException'{0x0000000091ad54d0}> (0x0000000091ad54d0) thrown at [src/hotspot/share/prims/jni.cpp, line 617]
Event: 23.345 Thread 0x000001fda2aee800 Exception <a 'sun/nio/fs/WindowsException'{0x0000000091ad5868}> (0x0000000091ad5868) thrown at [src/hotspot/share/prims/jni.cpp, line 617]
Event: 23.345 Thread 0x000001fda2aee800 Exception <a 'sun/nio/fs/WindowsException'{0x0000000091ad6710}> (0x0000000091ad6710) thrown at [src/hotspot/share/prims/jni.cpp, line 617]
Event: 23.345 Thread 0x000001fda2aee800 Exception <a 'sun/nio/fs/WindowsException'{0x0000000091ad6a70}> (0x0000000091ad6a70) thrown at [src/hotspot/share/prims/jni.cpp, line 617]
Event: 23.346 Thread 0x000001fda2aee800 Exception <a 'sun/nio/fs/WindowsException'{0x0000000091ad7930}> (0x0000000091ad7930) thrown at [src/hotspot/share/prims/jni.cpp, line 617]
Event: 23.346 Thread 0x000001fda2aee800 Exception <a 'sun/nio/fs/WindowsException'{0x0000000091ad7c30}> (0x0000000091ad7c30) thrown at [src/hotspot/share/prims/jni.cpp, line 617]
Event: 23.346 Thread 0x000001fda2aee800 Exception <a 'sun/nio/fs/WindowsException'{0x0000000091ad8ac0}> (0x0000000091ad8ac0) thrown at [src/hotspot/share/prims/jni.cpp, line 617]
Event: 23.346 Thread 0x000001fda2aee800 Exception <a 'sun/nio/fs/WindowsException'{0x0000000091ad8dc0}> (0x0000000091ad8dc0) thrown at [src/hotspot/share/prims/jni.cpp, line 617]
Event: 23.359 Thread 0x000001fda2aee800 Exception <a 'java/lang/NoSuchMethodError'{0x0000000091852b18}: <clinit>> (0x0000000091852b18) thrown at [src/hotspot/share/prims/jni.cpp, line 1367]
Event: 23.365 Thread 0x000001fda2aee800 Exception <a 'java/lang/NoSuchMethodError'{0x00000000918da2e0}: <clinit>> (0x00000000918da2e0) thrown at [src/hotspot/share/prims/jni.cpp, line 1367]
Event: 23.366 Thread 0x000001fda2aee800 Exception <a 'java/lang/NoSuchMethodError'{0x00000000918eccf8}: <clinit>> (0x00000000918eccf8) thrown at [src/hotspot/share/prims/jni.cpp, line 1367]

Events (20 events):
Event: 23.423 loading class com/android/tools/r8/shaking/K0
Event: 23.423 loading class com/android/tools/r8/shaking/K0 done
Event: 23.423 loading class com/android/tools/r8/graph/f
Event: 23.423 loading class com/android/tools/r8/graph/f done
Event: 23.423 loading class com/google/common/cache/CacheBuilderSpec$ValueStrengthParser
Event: 23.423 loading class com/google/common/cache/CacheBuilderSpec$ValueStrengthParser done
Event: 23.424 loading class com/google/common/cache/CacheBuilderSpec$RecordStatsParser
Event: 23.424 loading class com/google/common/cache/CacheBuilderSpec$RecordStatsParser done
Event: 23.424 loading class com/google/common/cache/CacheBuilderSpec$AccessDurationParser
Event: 23.424 loading class com/google/common/cache/CacheBuilderSpec$AccessDurationParser done
Event: 23.424 loading class com/android/tools/r8/graph/d
Event: 23.424 loading class com/android/tools/r8/graph/d done
Event: 23.425 loading class com/google/common/cache/CacheBuilderSpec$DurationParser
Event: 23.425 loading class com/google/common/cache/CacheBuilderSpec$DurationParser done
Event: 23.425 loading class com/google/common/cache/CacheBuilderSpec$WriteDurationParser
Event: 23.425 loading class com/google/common/cache/CacheBuilderSpec$WriteDurationParser done
Event: 23.425 loading class com/android/tools/r8/shaking/h
Event: 23.425 loading class com/android/tools/r8/shaking/h done
Event: 23.426 loading class com/google/common/cache/CacheBuilderSpec$RefreshDurationParser
Event: 23.426 loading class com/google/common/cache/CacheBuilderSpec$RefreshDurationParser done


Dynamic libraries:
0x00007ff60c9d0000 - 0x00007ff60c9da000 	C:\Program Files\Android\Android Studio\jbr\bin\java.exe
0x00007ff8a0910000 - 0x00007ff8a0b08000 	C:\Windows\SYSTEM32\ntdll.dll
0x00007ff89f060000 - 0x00007ff89f11f000 	C:\Windows\System32\KERNEL32.DLL
0x00007ff89e2f0000 - 0x00007ff89e5c2000 	C:\Windows\System32\KERNELBASE.dll
0x00007ff89e160000 - 0x00007ff89e260000 	C:\Windows\System32\ucrtbase.dll
0x00007ff8982d0000 - 0x00007ff8982eb000 	C:\Program Files\Android\Android Studio\jbr\bin\VCRUNTIME140.dll
0x00007ff890900000 - 0x00007ff890917000 	C:\Program Files\Android\Android Studio\jbr\bin\jli.dll
0x00007ff8a0570000 - 0x00007ff8a0711000 	C:\Windows\System32\USER32.dll
0x00007ff888ff0000 - 0x00007ff88928a000 	C:\Windows\WinSxS\amd64_microsoft.windows.common-controls_6595b64144ccf1df_6.0.19041.1110_none_60b5254171f9507e\COMCTL32.dll
0x00007ff89e010000 - 0x00007ff89e032000 	C:\Windows\System32\win32u.dll
0x00007ff8a0110000 - 0x00007ff8a01ae000 	C:\Windows\System32\msvcrt.dll
0x00007ff89e960000 - 0x00007ff89e98b000 	C:\Windows\System32\GDI32.dll
0x00007ff89e670000 - 0x00007ff89e77f000 	C:\Windows\System32\gdi32full.dll
0x00007ff89e5d0000 - 0x00007ff89e66d000 	C:\Windows\System32\msvcp_win.dll
0x00007ff8a0290000 - 0x00007ff8a02c0000 	C:\Windows\System32\IMM32.DLL
0x00007ff89b530000 - 0x00007ff89b53c000 	C:\Program Files\Android\Android Studio\jbr\bin\vcruntime140_1.dll
0x00007ff88d1b0000 - 0x00007ff88d23d000 	C:\Program Files\Android\Android Studio\jbr\bin\msvcp140.dll
0x00007ff845d00000 - 0x00007ff8468bc000 	C:\Program Files\Android\Android Studio\jbr\bin\server\jvm.dll
0x00007ff89f190000 - 0x00007ff89f23e000 	C:\Windows\System32\ADVAPI32.dll
0x00007ff89ef30000 - 0x00007ff89efcc000 	C:\Windows\System32\sechost.dll
0x00007ff89ee00000 - 0x00007ff89ef24000 	C:\Windows\System32\RPCRT4.dll
0x00007ff89f120000 - 0x00007ff89f128000 	C:\Windows\System32\PSAPI.DLL
0x00007ff891020000 - 0x00007ff891029000 	C:\Windows\SYSTEM32\WSOCK32.dll
0x00007ff8934d0000 - 0x00007ff8934da000 	C:\Windows\SYSTEM32\VERSION.dll
0x00007ff8934a0000 - 0x00007ff8934c7000 	C:\Windows\SYSTEM32\WINMM.dll
0x00007ff8a03d0000 - 0x00007ff8a043b000 	C:\Windows\System32\WS2_32.dll
0x00007ff89bed0000 - 0x00007ff89bee2000 	C:\Windows\SYSTEM32\kernel.appcore.dll
0x00007ff890c90000 - 0x00007ff890ca0000 	C:\Program Files\Android\Android Studio\jbr\bin\verify.dll
0x00007ff894660000 - 0x00007ff894844000 	C:\Windows\SYSTEM32\DBGHELP.DLL
0x00007ff8898c0000 - 0x00007ff8898f5000 	C:\Windows\SYSTEM32\dbgcore.DLL
0x00007ff89e260000 - 0x00007ff89e2e2000 	C:\Windows\System32\bcryptPrimitives.dll
0x00007ff8827d0000 - 0x00007ff8827f8000 	C:\Program Files\Android\Android Studio\jbr\bin\java.dll
0x00007ff88db20000 - 0x00007ff88db2a000 	C:\Program Files\Android\Android Studio\jbr\bin\jimage.dll
0x00007ff883460000 - 0x00007ff883478000 	C:\Program Files\Android\Android Studio\jbr\bin\zip.dll
0x00007ff89f8a0000 - 0x00007ff89ffe5000 	C:\Windows\System32\SHELL32.dll
0x00007ff89c0d0000 - 0x00007ff89c862000 	C:\Windows\SYSTEM32\windows.storage.dll
0x00007ff89f540000 - 0x00007ff89f895000 	C:\Windows\System32\combase.dll
0x00007ff89d990000 - 0x00007ff89d9c0000 	C:\Windows\SYSTEM32\Wldp.dll
0x00007ff8a0320000 - 0x00007ff8a03cd000 	C:\Windows\System32\SHCORE.dll
0x00007ff8a01b0000 - 0x00007ff8a0205000 	C:\Windows\System32\shlwapi.dll
0x00007ff89df50000 - 0x00007ff89df6f000 	C:\Windows\SYSTEM32\profapi.dll
0x00007ff883390000 - 0x00007ff8833a9000 	C:\Program Files\Android\Android Studio\jbr\bin\net.dll
0x00007ff895320000 - 0x00007ff89542a000 	C:\Windows\SYSTEM32\WINHTTP.dll
0x00007ff89d6f0000 - 0x00007ff89d75a000 	C:\Windows\system32\mswsock.dll
0x00007ff883240000 - 0x00007ff883253000 	C:\Program Files\Android\Android Studio\jbr\bin\nio.dll
0x00007ff88d2a0000 - 0x00007ff88d2c7000 	C:\Users\BlackWell\.gradle\native\e1d6ef7f7dcc3fd88c89a11ec53ec762bb8ba0a96d01ffa2cd45eb1d1d8dd5c5\windows-amd64\native-platform.dll
0x00007ff88d060000 - 0x00007ff88d1a4000 	C:\Users\BlackWell\.gradle\native\0d407fdbe67a94daf76414ababcb853783967236a71b16ec16e742cd7a986fd3\windows-amd64\native-platform-file-events.dll
0x00007ff88d790000 - 0x00007ff88d79a000 	C:\Program Files\Android\Android Studio\jbr\bin\management.dll
0x00007ff88d3e0000 - 0x00007ff88d3eb000 	C:\Program Files\Android\Android Studio\jbr\bin\management_ext.dll
0x00007ff89d8e0000 - 0x00007ff89d8f8000 	C:\Windows\SYSTEM32\CRYPTSP.dll
0x00007ff89d010000 - 0x00007ff89d044000 	C:\Windows\system32\rsaenh.dll
0x00007ff89e8e0000 - 0x00007ff89e907000 	C:\Windows\System32\bcrypt.dll
0x00007ff89df10000 - 0x00007ff89df3e000 	C:\Windows\SYSTEM32\USERENV.dll
0x00007ff89d900000 - 0x00007ff89d90c000 	C:\Windows\SYSTEM32\CRYPTBASE.dll
0x00007ff89d3e0000 - 0x00007ff89d41b000 	C:\Windows\SYSTEM32\IPHLPAPI.DLL
0x00007ff89f050000 - 0x00007ff89f058000 	C:\Windows\System32\NSI.dll
0x00007ff895d90000 - 0x00007ff895da7000 	C:\Windows\SYSTEM32\dhcpcsvc6.DLL
0x00007ff896000000 - 0x00007ff89601d000 	C:\Windows\SYSTEM32\dhcpcsvc.DLL
0x00007ff89d420000 - 0x00007ff89d4eb000 	C:\Windows\SYSTEM32\DNSAPI.dll

dbghelp: loaded successfully - version: 4.0.5 - missing functions: none
symbol engine: initialized successfully - sym options: 0x614 - pdb path: .;C:\Program Files\Android\Android Studio\jbr\bin;C:\Windows\SYSTEM32;C:\Windows\WinSxS\amd64_microsoft.windows.common-controls_6595b64144ccf1df_6.0.19041.1110_none_60b5254171f9507e;C:\Program Files\Android\Android Studio\jbr\bin\server;C:\Users\BlackWell\.gradle\native\e1d6ef7f7dcc3fd88c89a11ec53ec762bb8ba0a96d01ffa2cd45eb1d1d8dd5c5\windows-amd64;C:\Users\BlackWell\.gradle\native\0d407fdbe67a94daf76414ababcb853783967236a71b16ec16e742cd7a986fd3\windows-amd64

VM Arguments:
jvm_args: --add-opens=java.base/java.util=ALL-UNNAMED --add-opens=java.base/java.lang=ALL-UNNAMED --add-opens=java.base/java.lang.invoke=ALL-UNNAMED --add-opens=java.base/java.util=ALL-UNNAMED --add-opens=java.prefs/java.util.prefs=ALL-UNNAMED --add-opens=java.prefs/java.util.prefs=ALL-UNNAMED --add-opens=java.base/java.nio.charset=ALL-UNNAMED --add-opens=java.base/java.net=ALL-UNNAMED --add-opens=java.base/java.util.concurrent.atomic=ALL-UNNAMED -Xmx2048m -Dfile.encoding=UTF-8 -Duser.country=UA -Duser.language=uk -Duser.variant 
java_command: org.gradle.launcher.daemon.bootstrap.GradleDaemon 7.5
java_class_path (initial): C:\Users\BlackWell\.gradle\wrapper\dists\gradle-7.5-bin\f1w0cc9nuo0eivz97x2xlu9sv\gradle-7.5\lib\gradle-launcher-7.5.jar
Launcher Type: SUN_STANDARD

[Global flags]
     intx CICompilerCount                          = 4                                         {product} {ergonomic}
     uint ConcGCThreads                            = 2                                         {product} {ergonomic}
     uint G1ConcRefinementThreads                  = 8                                         {product} {ergonomic}
   size_t G1HeapRegionSize                         = 1048576                                   {product} {ergonomic}
    uintx GCDrainStackTargetSize                   = 64                                        {product} {ergonomic}
   size_t InitialHeapSize                          = 251658240                                 {product} {ergonomic}
   size_t MarkStackSize                            = 4194304                                   {product} {ergonomic}
   size_t MaxHeapSize                              = 2147483648                                {product} {command line}
   size_t MaxNewSize                               = 1287651328                                {product} {ergonomic}
   size_t MinHeapDeltaBytes                        = 1048576                                   {product} {ergonomic}
    uintx NonNMethodCodeHeapSize                   = 5836300                                {pd product} {ergonomic}
    uintx NonProfiledCodeHeapSize                  = 122910970                              {pd product} {ergonomic}
    uintx ProfiledCodeHeapSize                     = 122910970                              {pd product} {ergonomic}
    uintx ReservedCodeCacheSize                    = 251658240                              {pd product} {ergonomic}
     bool SegmentedCodeCache                       = true                                      {product} {ergonomic}
     bool UseCompressedClassPointers               = true                                 {lp64_product} {ergonomic}
     bool UseCompressedOops                        = true                                 {lp64_product} {ergonomic}
     bool UseG1GC                                  = true                                      {product} {ergonomic}
     bool UseLargePagesIndividualAllocation        = false                                  {pd product} {ergonomic}

Logging:
Log output configuration:
 #0: stdout all=warning uptime,level,tags
 #1: stderr all=off uptime,level,tags

Environment Variables:
JAVA_HOME=C:\Program Files\Java\jdk-19
PATH=C:\Python311\Scripts\;C:\Python311\;C:\Program Files\Common Files\Oracle\Java\javapath;C:\Windows\system32;C:\Windows;C:\Windows\System32\Wbem;C:\Windows\System32\WindowsPowerShell\v1.0\;C:\Windows\System32\OpenSSH\;C:\Program Files\dotnet\;C:\Program Files\nodejs\;C:\ProgramData\chocolatey\bin;C:\Program Files\Git\cmd;C:\Users\BlackWell\AppData\Local\Microsoft\WindowsApps;C:\Users\BlackWell\.dotnet\tools;C:\Users\BlackWell\AppData\Roaming\npm;C:\Users\BlackWell\AppData\Local\GitHubDesktop\bin;C:\Users\BlackWell\AppData\Local\Programs\Microsoft VS Code\bin
USERNAME=BlackWell
OS=Windows_NT
PROCESSOR_IDENTIFIER=AMD64 Family 23 Model 17 Stepping 0, AuthenticAMD



---------------  S Y S T E M  ---------------

OS: Windows 10 , 64 bit Build 19041 (10.0.19041.2546)
OS uptime: 1 days 17:17 hours

CPU:total 8 (initial active 8) (8 cores per cpu, 2 threads per core) family 23 model 17 stepping 0 microcode 0x0, cmov, cx8, fxsr, mmx, sse, sse2, sse3, ssse3, sse4.1, sse4.2, popcnt, avx, avx2, aes, clmul, mmxext, 3dnowpref, lzcnt, sse4a, ht, tsc, tscinvbit, tscinv, bmi1, bmi2, adx, sha, fma

Memory: 4k page, system-wide physical 15267M (2191M free)
TotalPageFile size 15267M (AvailPageFile size 5M)
current process WorkingSet (physical memory assigned to process): 587M, peak: 604M
current process commit charge ("private bytes"): 658M, peak: 658M

vm_info: OpenJDK 64-Bit Server VM (11.0.15+0-b2043.56-9505619) for windows-amd64 JRE (11.0.15+0-b2043.56-9505619), built on Jan 19 2023 02:48:00 by "builduser" with unknown MS VC++:1929

END.
