#
# There is insufficient memory for the Java Runtime Environment to continue.
# Native memory allocation (malloc) failed to allocate 1844816 bytes for Chunk::new
# Possible reasons:
#   The system is out of physical RAM or swap space
#   The process is running with CompressedOops enabled, and the Java Heap may be blocking the growth of the native heap
# Possible solutions:
#   Reduce memory load on the system
#   Increase physical memory or swap space
#   Check if swap backing store is full
#   Decrease Java heap size (-Xmx/-Xms)
#   Decrease number of Java threads
#   Decrease Java thread stack sizes (-Xss)
#   Set larger code cache with -XX:ReservedCodeCacheSize=
#   JVM is running with Unscaled Compressed Oops mode in which the Java heap is
#     placed in the first 4GB address space. The Java Heap base address is the
#     maximum limit for the native heap growth. Please use -XX:HeapBaseMinAddress
#     to set the Java Heap base and to place the Java Heap above 4GB virtual address.
# This output file may be truncated or incomplete.
#
#  Out of Memory Error (src/hotspot/share/memory/arena.cpp:197), pid=16392, tid=14308
#
# JRE version: OpenJDK Runtime Environment (11.0.15) (build 11.0.15+0-b2043.56-9505619)
# Java VM: OpenJDK 64-Bit Server VM (11.0.15+0-b2043.56-9505619, mixed mode, tiered, compressed oops, g1 gc, windows-amd64)
# No core dump will be written. Minidumps are not enabled by default on client versions of Windows
#

---------------  S U M M A R Y ------------

Command Line: --add-opens=java.base/java.util=ALL-UNNAMED --add-opens=java.base/java.lang=ALL-UNNAMED --add-opens=java.base/java.lang.invoke=ALL-UNNAMED --add-opens=java.base/java.util=ALL-UNNAMED --add-opens=java.prefs/java.util.prefs=ALL-UNNAMED --add-opens=java.prefs/java.util.prefs=ALL-UNNAMED --add-opens=java.base/java.nio.charset=ALL-UNNAMED --add-opens=java.base/java.net=ALL-UNNAMED --add-opens=java.base/java.util.concurrent.atomic=ALL-UNNAMED -Xmx2048m -Dfile.encoding=UTF-8 -Duser.country=UA -Duser.language=uk -Duser.variant org.gradle.launcher.daemon.bootstrap.GradleDaemon 7.5

Host: AMD Ryzen 5 2500U with Radeon Vega Mobile Gfx  , 8 cores, 14G,  Windows 10 , 64 bit Build 19041 (10.0.19041.2546)
Time: Wed Apr  5 15:26:11 2023  Windows 10 , 64 bit Build 19041 (10.0.19041.2546) elapsed time: 19.300166 seconds (0d 0h 0m 19s)

---------------  T H R E A D  ---------------

Current thread (0x00000278163de800):  JavaThread "C2 CompilerThread0" daemon [_thread_in_native, id=14308, stack(0x000000a543a00000,0x000000a543b00000)]


Current CompileTask:
C2:  19300 13937 %     4       com.android.utils.XmlUtils::append @ 348 (597 bytes)

Stack: [0x000000a543a00000,0x000000a543b00000]
Native frames: (J=compiled Java code, j=interpreted, Vv=VM code, C=native code)
V  [jvm.dll+0x64135a]
V  [jvm.dll+0x7d39f9]
V  [jvm.dll+0x7d51b9]
V  [jvm.dll+0x7d58a3]
V  [jvm.dll+0x2691c5]
V  [jvm.dll+0xc1a5c]
V  [jvm.dll+0xc200c]
V  [jvm.dll+0x3774a7]
V  [jvm.dll+0x342495]
V  [jvm.dll+0x34186a]
V  [jvm.dll+0x2214bd]
V  [jvm.dll+0x220498]
V  [jvm.dll+0x19e851]
V  [jvm.dll+0x230479]
V  [jvm.dll+0x22e5ef]
V  [jvm.dll+0x794de1]
V  [jvm.dll+0x78dc24]
V  [jvm.dll+0x6400f6]
C  [ucrtbase.dll+0x21bb2]
C  [KERNEL32.DLL+0x17614]
C  [ntdll.dll+0x526a1]


---------------  P R O C E S S  ---------------

Threads class SMR info:
_java_thread_list=0x0000027822dd4af0, length=143, elements={
0x000002787b656000, 0x0000027816373800, 0x000002781637f000, 0x00000278163d9000,
0x00000278163da000, 0x00000278163db000, 0x00000278163de800, 0x00000278163eb000,
0x00000278163ee000, 0x0000027816572800, 0x0000027818560000, 0x00000278175b8800,
0x0000027817464000, 0x0000027817bf8000, 0x0000027818441800, 0x0000027818a1c000,
0x000002781662e800, 0x00000278186c7800, 0x0000027818b3c000, 0x0000027818b3d000,
0x0000027818ffa000, 0x0000027818ffe800, 0x0000027818ffc800, 0x0000027818ffd800,
0x0000027818ff8800, 0x0000027818ffb000, 0x0000027818fff000, 0x0000027818ffc000,
0x0000027818ff9800, 0x000002781975a800, 0x000002781975e800, 0x000002781975b800,
0x0000027819761000, 0x0000027819762000, 0x000002781975c800, 0x0000027819766000,
0x0000027819763000, 0x0000027819764800, 0x0000027819765800, 0x0000027819767800,
0x0000027819768800, 0x0000027819769800, 0x0000027819763800, 0x000002781d082000,
0x000002781d080000, 0x000002781d084800, 0x000002781d07e800, 0x000002781d081000,
0x000002781d082800, 0x000002781d083800, 0x000002781d085000, 0x000002781d07f800,
0x0000027817468000, 0x0000027817467800, 0x0000027817469000, 0x000002781746a800,
0x0000027817466800, 0x0000027817465000, 0x0000027817466000, 0x000002781746a000,
0x000002781746b800, 0x0000027817470800, 0x000002781746d000, 0x000002781746e000,
0x0000027817471000, 0x000002781746f000, 0x000002781746f800, 0x0000027817472000,
0x000002781746c800, 0x0000027817473000, 0x0000027817473800, 0x000002781bd65800,
0x000002781bd62000, 0x000002781bd66000, 0x000002781bd63800, 0x000002781bd64800,
0x000002781bd67000, 0x000002781bd61800, 0x000002781bd68000, 0x000002781bd68800,
0x000002781bd63000, 0x000002781bd6e800, 0x000002781bd6f000, 0x000002781bd6b000,
0x000002781bd69800, 0x000002781bd70000, 0x000002781bd6d800, 0x000002781bd6a000,
0x000002781bd6c000, 0x000002781bd6c800, 0x000002781bfe0800, 0x000002781bfe1800,
0x000002781bfe4800, 0x000002781bfdf000, 0x000002781bfe3000, 0x000002781bfe4000,
0x000002781bfe5800, 0x000002781bfdf800, 0x000002781bfe6800, 0x000002781bfe7000,
0x000002781bfe8000, 0x000002781bfe2000, 0x000002781bfea800, 0x000002781bfeb000,
0x000002781bfec000, 0x000002781bfed000, 0x000002781bfed800, 0x000002781bfe8800,
0x000002781bfe9800, 0x0000027819bb8000, 0x0000027819bb9000, 0x0000027819bb7000,
0x0000027819bb9800, 0x0000027819bb5800, 0x0000027819bb6800, 0x0000027819bb4000,
0x0000027819bba800, 0x0000027819bb4800, 0x0000027819bc1000, 0x0000027819bbb000,
0x0000027819bc2000, 0x0000027819bbf800, 0x0000027819bc0000, 0x0000027819bbc000,
0x0000027819bc2800, 0x0000027819bbd800, 0x0000027819bbe800, 0x0000027821816800,
0x0000027821814000, 0x0000027821818000, 0x0000027821817000, 0x0000027821812800,
0x0000027821819000, 0x0000027821814800, 0x0000027821813000, 0x0000027821819800,
0x000002782181a800, 0x000002782181b800, 0x0000027821815800, 0x000002782181d000,
0x000002782181d800, 0x0000027818ea5800, 0x000002781d6f7000
}

Java Threads: ( => current thread )
  0x000002787b656000 JavaThread "main" [_thread_blocked, id=4272, stack(0x000000a542e00000,0x000000a542f00000)]
  0x0000027816373800 JavaThread "Reference Handler" daemon [_thread_blocked, id=14328, stack(0x000000a543500000,0x000000a543600000)]
  0x000002781637f000 JavaThread "Finalizer" daemon [_thread_blocked, id=5304, stack(0x000000a543600000,0x000000a543700000)]
  0x00000278163d9000 JavaThread "Signal Dispatcher" daemon [_thread_blocked, id=8756, stack(0x000000a543700000,0x000000a543800000)]
  0x00000278163da000 JavaThread "Attach Listener" daemon [_thread_blocked, id=15784, stack(0x000000a543800000,0x000000a543900000)]
  0x00000278163db000 JavaThread "Service Thread" daemon [_thread_blocked, id=2348, stack(0x000000a543900000,0x000000a543a00000)]
=>0x00000278163de800 JavaThread "C2 CompilerThread0" daemon [_thread_in_native, id=14308, stack(0x000000a543a00000,0x000000a543b00000)]
  0x00000278163eb000 JavaThread "C1 CompilerThread0" daemon [_thread_blocked, id=17060, stack(0x000000a543b00000,0x000000a543c00000)]
  0x00000278163ee000 JavaThread "Sweeper thread" daemon [_thread_blocked, id=9268, stack(0x000000a543c00000,0x000000a543d00000)]
  0x0000027816572800 JavaThread "Common-Cleaner" daemon [_thread_blocked, id=10416, stack(0x000000a543d00000,0x000000a543e00000)]
  0x0000027818560000 JavaThread "Daemon health stats" [_thread_blocked, id=13496, stack(0x000000a544500000,0x000000a544600000)]
  0x00000278175b8800 JavaThread "Incoming local TCP Connector on port 49477" [_thread_in_native, id=5032, stack(0x000000a543f00000,0x000000a544000000)]
  0x0000027817464000 JavaThread "Daemon periodic checks" [_thread_blocked, id=16012, stack(0x000000a544400000,0x000000a544500000)]
  0x0000027817bf8000 JavaThread "Daemon" [_thread_blocked, id=16712, stack(0x000000a544600000,0x000000a544700000)]
  0x0000027818441800 JavaThread "Handler for socket connection from /127.0.0.1:49477 to /127.0.0.1:49478" [_thread_in_native, id=17248, stack(0x000000a544700000,0x000000a544800000)]
  0x0000027818a1c000 JavaThread "Cancel handler" [_thread_blocked, id=17212, stack(0x000000a544800000,0x000000a544900000)]
  0x000002781662e800 JavaThread "Daemon worker" [_thread_blocked, id=10456, stack(0x000000a544900000,0x000000a544a00000)]
  0x00000278186c7800 JavaThread "Asynchronous log dispatcher for DefaultDaemonConnection: socket connection from /127.0.0.1:49477 to /127.0.0.1:49478" [_thread_blocked, id=10988, stack(0x000000a544a00000,0x000000a544b00000)]
  0x0000027818b3c000 JavaThread "Stdin handler" [_thread_blocked, id=2008, stack(0x000000a544b00000,0x000000a544c00000)]
  0x0000027818b3d000 JavaThread "Daemon client event forwarder" [_thread_blocked, id=16476, stack(0x000000a544c00000,0x000000a544d00000)]
  0x0000027818ffa000 JavaThread "Cache worker for journal cache (C:\Users\BlackWell\.gradle\caches\journal-1)" [_thread_blocked, id=4148, stack(0x000000a544d00000,0x000000a544e00000)]
  0x0000027818ffe800 JavaThread "File lock request listener" [_thread_in_native, id=1624, stack(0x000000a544e00000,0x000000a544f00000)]
  0x0000027818ffc800 JavaThread "Cache worker for file hash cache (C:\Users\BlackWell\.gradle\caches\7.5\fileHashes)" [_thread_in_native, id=9700, stack(0x000000a545300000,0x000000a545400000)]
  0x0000027818ffd800 JavaThread "File watcher server" daemon [_thread_in_native, id=11028, stack(0x000000a545600000,0x000000a545700000)]
  0x0000027818ff8800 JavaThread "File watcher consumer" daemon [_thread_blocked, id=7120, stack(0x000000a545700000,0x000000a545800000)]
  0x0000027818ffb000 JavaThread "Cache worker for checksums cache (C:\Users\BlackWell\Documents\Android\RecyclerView\.gradle\7.5\checksums)" [_thread_blocked, id=16460, stack(0x000000a545800000,0x000000a545900000)]
  0x0000027818fff000 JavaThread "Cache worker for cache directory md-rule (C:\Users\BlackWell\.gradle\caches\7.5\md-rule)" [_thread_blocked, id=8768, stack(0x000000a545900000,0x000000a545a00000)]
  0x0000027818ffc000 JavaThread "Cache worker for file content cache (C:\Users\BlackWell\.gradle\caches\7.5\fileContent)" [_thread_blocked, id=15312, stack(0x000000a545a00000,0x000000a545b00000)]
  0x0000027818ff9800 JavaThread "Cache worker for file hash cache (C:\Users\BlackWell\Documents\Android\RecyclerView\.gradle\7.5\fileHashes)" [_thread_blocked, id=5500, stack(0x000000a545b00000,0x000000a545c00000)]
  0x000002781975a800 JavaThread "Cache worker for cache directory md-supplier (C:\Users\BlackWell\.gradle\caches\7.5\md-supplier)" [_thread_blocked, id=2272, stack(0x000000a545c00000,0x000000a545d00000)]
  0x000002781975e800 JavaThread "Cache worker for execution history cache (C:\Users\BlackWell\.gradle\caches\7.5\executionHistory)" [_thread_blocked, id=1480, stack(0x000000a545d00000,0x000000a545e00000)]
  0x000002781975b800 JavaThread "jar transforms" [_thread_blocked, id=5116, stack(0x000000a545e00000,0x000000a545f00000)]
  0x0000027819761000 JavaThread "jar transforms Thread 2" [_thread_blocked, id=7216, stack(0x000000a545f00000,0x000000a546000000)]
  0x0000027819762000 JavaThread "jar transforms Thread 3" [_thread_blocked, id=6936, stack(0x000000a546000000,0x000000a546100000)]
  0x000002781975c800 JavaThread "jar transforms Thread 4" [_thread_blocked, id=16904, stack(0x000000a546100000,0x000000a546200000)]
  0x0000027819766000 JavaThread "Cache worker for dependencies-accessors (C:\Users\BlackWell\Documents\Android\RecyclerView\.gradle\7.5\dependencies-accessors)" [_thread_blocked, id=13712, stack(0x000000a546200000,0x000000a546300000)]
  0x0000027819763000 JavaThread "jar transforms Thread 5" [_thread_blocked, id=13556, stack(0x000000a546300000,0x000000a546400000)]
  0x0000027819764800 JavaThread "Cache worker for Build Output Cleanup Cache (C:\Users\BlackWell\Documents\Android\RecyclerView\.gradle\buildOutputCleanup)" [_thread_blocked, id=10296, stack(0x000000a546400000,0x000000a546500000)]
  0x0000027819765800 JavaThread "Unconstrained build operations" [_thread_blocked, id=14080, stack(0x000000a546500000,0x000000a546600000)]
  0x0000027819767800 JavaThread "Unconstrained build operations Thread 2" [_thread_blocked, id=1140, stack(0x000000a546600000,0x000000a546700000)]
  0x0000027819768800 JavaThread "Unconstrained build operations Thread 3" [_thread_blocked, id=5908, stack(0x000000a546700000,0x000000a546800000)]
  0x0000027819769800 JavaThread "Unconstrained build operations Thread 4" [_thread_blocked, id=9824, stack(0x000000a546800000,0x000000a546900000)]
  0x0000027819763800 JavaThread "Unconstrained build operations Thread 5" [_thread_blocked, id=10100, stack(0x000000a546900000,0x000000a546a00000)]
  0x000002781d082000 JavaThread "Unconstrained build operations Thread 6" [_thread_blocked, id=12152, stack(0x000000a546a00000,0x000000a546b00000)]
  0x000002781d080000 JavaThread "Unconstrained build operations Thread 7" [_thread_blocked, id=13424, stack(0x000000a546b00000,0x000000a546c00000)]
  0x000002781d084800 JavaThread "Unconstrained build operations Thread 8" [_thread_blocked, id=14636, stack(0x000000a546c00000,0x000000a546d00000)]
  0x000002781d07e800 JavaThread "Unconstrained build operations Thread 9" [_thread_blocked, id=15436, stack(0x000000a546d00000,0x000000a546e00000)]
  0x000002781d081000 JavaThread "Unconstrained build operations Thread 10" [_thread_blocked, id=8680, stack(0x000000a546e00000,0x000000a546f00000)]
  0x000002781d082800 JavaThread "Unconstrained build operations Thread 11" [_thread_blocked, id=12900, stack(0x000000a546f00000,0x000000a547000000)]
  0x000002781d083800 JavaThread "Unconstrained build operations Thread 12" [_thread_blocked, id=6220, stack(0x000000a547000000,0x000000a547100000)]
  0x000002781d085000 JavaThread "Unconstrained build operations Thread 13" [_thread_blocked, id=14696, stack(0x000000a547100000,0x000000a547200000)]
  0x000002781d07f800 JavaThread "Unconstrained build operations Thread 14" [_thread_blocked, id=6656, stack(0x000000a547200000,0x000000a547300000)]
  0x0000027817468000 JavaThread "Unconstrained build operations Thread 15" [_thread_blocked, id=12140, stack(0x000000a547300000,0x000000a547400000)]
  0x0000027817467800 JavaThread "Unconstrained build operations Thread 16" [_thread_blocked, id=6300, stack(0x000000a547400000,0x000000a547500000)]
  0x0000027817469000 JavaThread "Unconstrained build operations Thread 17" [_thread_blocked, id=1436, stack(0x000000a547500000,0x000000a547600000)]
  0x000002781746a800 JavaThread "Unconstrained build operations Thread 18" [_thread_blocked, id=5852, stack(0x000000a547600000,0x000000a547700000)]
  0x0000027817466800 JavaThread "Unconstrained build operations Thread 19" [_thread_blocked, id=15848, stack(0x000000a547700000,0x000000a547800000)]
  0x0000027817465000 JavaThread "Unconstrained build operations Thread 20" [_thread_blocked, id=10900, stack(0x000000a547800000,0x000000a547900000)]
  0x0000027817466000 JavaThread "Unconstrained build operations Thread 21" [_thread_blocked, id=17368, stack(0x000000a547900000,0x000000a547a00000)]
  0x000002781746a000 JavaThread "Unconstrained build operations Thread 22" [_thread_blocked, id=14972, stack(0x000000a547a00000,0x000000a547b00000)]
  0x000002781746b800 JavaThread "Unconstrained build operations Thread 23" [_thread_blocked, id=3128, stack(0x000000a547b00000,0x000000a547c00000)]
  0x0000027817470800 JavaThread "Unconstrained build operations Thread 24" [_thread_blocked, id=3480, stack(0x000000a547c00000,0x000000a547d00000)]
  0x000002781746d000 JavaThread "Unconstrained build operations Thread 25" [_thread_blocked, id=16272, stack(0x000000a547d00000,0x000000a547e00000)]
  0x000002781746e000 JavaThread "Unconstrained build operations Thread 26" [_thread_in_Java, id=10044, stack(0x000000a547e00000,0x000000a547f00000)]
  0x0000027817471000 JavaThread "Unconstrained build operations Thread 27" [_thread_blocked, id=2040, stack(0x000000a547f00000,0x000000a548000000)]
  0x000002781746f000 JavaThread "Unconstrained build operations Thread 28" [_thread_blocked, id=7008, stack(0x000000a548000000,0x000000a548100000)]
  0x000002781746f800 JavaThread "Unconstrained build operations Thread 29" [_thread_blocked, id=15752, stack(0x000000a548100000,0x000000a548200000)]
  0x0000027817472000 JavaThread "Unconstrained build operations Thread 30" [_thread_blocked, id=6544, stack(0x000000a548200000,0x000000a548300000)]
  0x000002781746c800 JavaThread "Unconstrained build operations Thread 31" [_thread_blocked, id=10944, stack(0x000000a548300000,0x000000a548400000)]
  0x0000027817473000 JavaThread "Unconstrained build operations Thread 32" [_thread_blocked, id=4748, stack(0x000000a548400000,0x000000a548500000)]
  0x0000027817473800 JavaThread "Unconstrained build operations Thread 33" [_thread_blocked, id=4840, stack(0x000000a548500000,0x000000a548600000)]
  0x000002781bd65800 JavaThread "Unconstrained build operations Thread 34" [_thread_blocked, id=15404, stack(0x000000a548600000,0x000000a548700000)]
  0x000002781bd62000 JavaThread "Unconstrained build operations Thread 35" [_thread_blocked, id=2160, stack(0x000000a548700000,0x000000a548800000)]
  0x000002781bd66000 JavaThread "Unconstrained build operations Thread 36" [_thread_blocked, id=9900, stack(0x000000a548800000,0x000000a548900000)]
  0x000002781bd63800 JavaThread "Unconstrained build operations Thread 37" [_thread_blocked, id=13764, stack(0x000000a548900000,0x000000a548a00000)]
  0x000002781bd64800 JavaThread "Unconstrained build operations Thread 38" [_thread_blocked, id=11196, stack(0x000000a548a00000,0x000000a548b00000)]
  0x000002781bd67000 JavaThread "Unconstrained build operations Thread 39" [_thread_blocked, id=5308, stack(0x000000a548b00000,0x000000a548c00000)]
  0x000002781bd61800 JavaThread "Unconstrained build operations Thread 40" [_thread_blocked, id=13552, stack(0x000000a548c00000,0x000000a548d00000)]
  0x000002781bd68000 JavaThread "Unconstrained build operations Thread 41" [_thread_blocked, id=5808, stack(0x000000a548d00000,0x000000a548e00000)]
  0x000002781bd68800 JavaThread "Unconstrained build operations Thread 42" [_thread_blocked, id=12660, stack(0x000000a548e00000,0x000000a548f00000)]
  0x000002781bd63000 JavaThread "Unconstrained build operations Thread 43" [_thread_blocked, id=3016, stack(0x000000a548f00000,0x000000a549000000)]
  0x000002781bd6e800 JavaThread "Unconstrained build operations Thread 44" [_thread_blocked, id=14544, stack(0x000000a549000000,0x000000a549100000)]
  0x000002781bd6f000 JavaThread "Unconstrained build operations Thread 45" [_thread_blocked, id=11308, stack(0x000000a549100000,0x000000a549200000)]
  0x000002781bd6b000 JavaThread "Unconstrained build operations Thread 46" [_thread_blocked, id=3240, stack(0x000000a549200000,0x000000a549300000)]
  0x000002781bd69800 JavaThread "Unconstrained build operations Thread 47" [_thread_blocked, id=1172, stack(0x000000a549300000,0x000000a549400000)]
  0x000002781bd70000 JavaThread "Unconstrained build operations Thread 48" [_thread_blocked, id=12744, stack(0x000000a549400000,0x000000a549500000)]
  0x000002781bd6d800 JavaThread "Unconstrained build operations Thread 49" [_thread_in_native, id=11248, stack(0x000000a549500000,0x000000a549600000)]
  0x000002781bd6a000 JavaThread "Unconstrained build operations Thread 50" [_thread_blocked, id=7688, stack(0x000000a549600000,0x000000a549700000)]
  0x000002781bd6c000 JavaThread "Unconstrained build operations Thread 51" [_thread_blocked, id=14892, stack(0x000000a549700000,0x000000a549800000)]
  0x000002781bd6c800 JavaThread "Unconstrained build operations Thread 52" [_thread_blocked, id=16280, stack(0x000000a549800000,0x000000a549900000)]
  0x000002781bfe0800 JavaThread "Unconstrained build operations Thread 53" [_thread_blocked, id=11632, stack(0x000000a549900000,0x000000a549a00000)]
  0x000002781bfe1800 JavaThread "Unconstrained build operations Thread 54" [_thread_blocked, id=15160, stack(0x000000a549a00000,0x000000a549b00000)]
  0x000002781bfe4800 JavaThread "Unconstrained build operations Thread 55" [_thread_blocked, id=13600, stack(0x000000a549b00000,0x000000a549c00000)]
  0x000002781bfdf000 JavaThread "Unconstrained build operations Thread 56" [_thread_blocked, id=5364, stack(0x000000a549c00000,0x000000a549d00000)]
  0x000002781bfe3000 JavaThread "Unconstrained build operations Thread 57" [_thread_in_vm, id=17204, stack(0x000000a549d00000,0x000000a549e00000)]
  0x000002781bfe4000 JavaThread "Unconstrained build operations Thread 58" [_thread_blocked, id=14364, stack(0x000000a549e00000,0x000000a549f00000)]
  0x000002781bfe5800 JavaThread "Unconstrained build operations Thread 59" [_thread_blocked, id=10736, stack(0x000000a549f00000,0x000000a54a000000)]
  0x000002781bfdf800 JavaThread "Unconstrained build operations Thread 60" [_thread_blocked, id=9448, stack(0x000000a54a000000,0x000000a54a100000)]
  0x000002781bfe6800 JavaThread "Unconstrained build operations Thread 61" [_thread_blocked, id=10896, stack(0x000000a54a100000,0x000000a54a200000)]
  0x000002781bfe7000 JavaThread "Unconstrained build operations Thread 62" [_thread_blocked, id=6312, stack(0x000000a54a200000,0x000000a54a300000)]
  0x000002781bfe8000 JavaThread "Unconstrained build operations Thread 63" [_thread_blocked, id=13008, stack(0x000000a54a300000,0x000000a54a400000)]
  0x000002781bfe2000 JavaThread "Unconstrained build operations Thread 64" [_thread_blocked, id=1076, stack(0x000000a54a400000,0x000000a54a500000)]
  0x000002781bfea800 JavaThread "Unconstrained build operations Thread 65" [_thread_blocked, id=480, stack(0x000000a54a500000,0x000000a54a600000)]
  0x000002781bfeb000 JavaThread "Unconstrained build operations Thread 66" [_thread_blocked, id=5348, stack(0x000000a54a600000,0x000000a54a700000)]
  0x000002781bfec000 JavaThread "Unconstrained build operations Thread 67" [_thread_blocked, id=8080, stack(0x000000a54a700000,0x000000a54a800000)]
  0x000002781bfed000 JavaThread "Unconstrained build operations Thread 68" [_thread_blocked, id=9884, stack(0x000000a54a800000,0x000000a54a900000)]
  0x000002781bfed800 JavaThread "Unconstrained build operations Thread 69" [_thread_blocked, id=4940, stack(0x000000a54a900000,0x000000a54aa00000)]
  0x000002781bfe8800 JavaThread "Unconstrained build operations Thread 70" [_thread_blocked, id=9020, stack(0x000000a54aa00000,0x000000a54ab00000)]
  0x000002781bfe9800 JavaThread "Unconstrained build operations Thread 71" [_thread_blocked, id=8828, stack(0x000000a54ab00000,0x000000a54ac00000)]
  0x0000027819bb8000 JavaThread "Unconstrained build operations Thread 72" [_thread_blocked, id=9484, stack(0x000000a54ac00000,0x000000a54ad00000)]
  0x0000027819bb9000 JavaThread "Unconstrained build operations Thread 73" [_thread_blocked, id=2072, stack(0x000000a54ad00000,0x000000a54ae00000)]
  0x0000027819bb7000 JavaThread "Unconstrained build operations Thread 74" [_thread_blocked, id=12608, stack(0x000000a54ae00000,0x000000a54af00000)]
  0x0000027819bb9800 JavaThread "Unconstrained build operations Thread 75" [_thread_blocked, id=2268, stack(0x000000a54af00000,0x000000a54b000000)]
  0x0000027819bb5800 JavaThread "Unconstrained build operations Thread 76" [_thread_blocked, id=9768, stack(0x000000a54b000000,0x000000a54b100000)]
  0x0000027819bb6800 JavaThread "Unconstrained build operations Thread 77" [_thread_blocked, id=1736, stack(0x000000a54b100000,0x000000a54b200000)]
  0x0000027819bb4000 JavaThread "Unconstrained build operations Thread 78" [_thread_blocked, id=6536, stack(0x000000a54b200000,0x000000a54b300000)]
  0x0000027819bba800 JavaThread "Unconstrained build operations Thread 79" [_thread_blocked, id=14872, stack(0x000000a54b300000,0x000000a54b400000)]
  0x0000027819bb4800 JavaThread "Unconstrained build operations Thread 80" [_thread_blocked, id=14416, stack(0x000000a54b400000,0x000000a54b500000)]
  0x0000027819bc1000 JavaThread "jar transforms Thread 6" [_thread_blocked, id=2088, stack(0x000000a54b500000,0x000000a54b600000)]
  0x0000027819bbb000 JavaThread "jar transforms Thread 7" [_thread_blocked, id=10328, stack(0x000000a54b600000,0x000000a54b700000)]
  0x0000027819bc2000 JavaThread "jar transforms Thread 8" [_thread_blocked, id=11800, stack(0x000000a54b700000,0x000000a54b800000)]
  0x0000027819bbf800 JavaThread "build event listener" [_thread_blocked, id=2012, stack(0x000000a54b800000,0x000000a54b900000)]
  0x0000027819bc0000 JavaThread "Memory manager" [_thread_blocked, id=6192, stack(0x000000a54b900000,0x000000a54ba00000)]
  0x0000027819bbc000 JavaThread "included builds" [_thread_blocked, id=9260, stack(0x000000a54ba00000,0x000000a54bb00000)]
  0x0000027819bc2800 JavaThread "Execution worker" [_thread_blocked, id=17164, stack(0x000000a54bb00000,0x000000a54bc00000)]
  0x0000027819bbd800 JavaThread "Execution worker Thread 2" [_thread_blocked, id=16624, stack(0x000000a54bc00000,0x000000a54bd00000)]
  0x0000027819bbe800 JavaThread "Execution worker Thread 3" [_thread_blocked, id=2988, stack(0x000000a54bd00000,0x000000a54be00000)]
  0x0000027821816800 JavaThread "Execution worker Thread 4" [_thread_blocked, id=6588, stack(0x000000a54be00000,0x000000a54bf00000)]
  0x0000027821814000 JavaThread "Execution worker Thread 5" [_thread_blocked, id=15328, stack(0x000000a54bf00000,0x000000a54c000000)]
  0x0000027821818000 JavaThread "Execution worker Thread 6" [_thread_blocked, id=11624, stack(0x000000a54c000000,0x000000a54c100000)]
  0x0000027821817000 JavaThread "Execution worker Thread 7" [_thread_blocked, id=15688, stack(0x000000a54c100000,0x000000a54c200000)]
  0x0000027821812800 JavaThread "Cache worker for execution history cache (C:\Users\BlackWell\Documents\Android\RecyclerView\.gradle\7.5\executionHistory)" [_thread_blocked, id=16584, stack(0x000000a54c200000,0x000000a54c300000)]
  0x0000027821819000 JavaThread "WorkerExecutor Queue" [_thread_in_vm, id=2076, stack(0x000000a54c500000,0x000000a54c600000)]
  0x0000027821814800 JavaThread "WorkerExecutor Queue Thread 2" [_thread_blocked, id=15072, stack(0x000000a54c600000,0x000000a54c700000)]
  0x0000027821813000 JavaThread "WorkerExecutor Queue Thread 3" [_thread_blocked, id=16088, stack(0x000000a54c700000,0x000000a54c800000)]
  0x0000027821819800 JavaThread "WorkerExecutor Queue Thread 4" [_thread_blocked, id=17132, stack(0x000000a54c800000,0x000000a54c900000)]
  0x000002782181a800 JavaThread "WorkerExecutor Queue Thread 5" [_thread_blocked, id=256, stack(0x000000a54c900000,0x000000a54ca00000)]
  0x000002782181b800 JavaThread "WorkerExecutor Queue Thread 6" [_thread_blocked, id=10596, stack(0x000000a54ca00000,0x000000a54cb00000)]
  0x0000027821815800 JavaThread "WorkerExecutor Queue Thread 7" [_thread_blocked, id=14020, stack(0x000000a54cb00000,0x000000a54cc00000)]
  0x000002782181d000 JavaThread "WorkerExecutor Queue Thread 8" [_thread_blocked, id=7224, stack(0x000000a54cc00000,0x000000a54cd00000)]
  0x000002782181d800 JavaThread "Java2D Disposer" daemon [_thread_blocked, id=14956, stack(0x000000a54cd00000,0x000000a54ce00000)]
  0x0000027818ea5800 JavaThread "C2 CompilerThread1" daemon [_thread_in_native, id=7420, stack(0x000000a545400000,0x000000a545500000)]
  0x000002781d6f7000 JavaThread "C2 CompilerThread2" daemon [_thread_in_native, id=3752, stack(0x000000a545500000,0x000000a545600000)]

Other Threads:
  0x0000027815b4d000 VMThread "VM Thread" [stack: 0x000000a543400000,0x000000a543500000] [id=3468]
  0x0000027816586800 WatcherThread [stack: 0x000000a543e00000,0x000000a543f00000] [id=1252]
  0x000002787b66d800 GCTaskThread "GC Thread#0" [stack: 0x000000a542f00000,0x000000a543000000] [id=15080]
  0x00000278172be000 GCTaskThread "GC Thread#1" [stack: 0x000000a544000000,0x000000a544100000] [id=13976]
  0x0000027816bc4000 GCTaskThread "GC Thread#2" [stack: 0x000000a544100000,0x000000a544200000] [id=2004]
  0x0000027816f7b000 GCTaskThread "GC Thread#3" [stack: 0x000000a544200000,0x000000a544300000] [id=17096]
  0x0000027817163800 GCTaskThread "GC Thread#4" [stack: 0x000000a544300000,0x000000a544400000] [id=12692]
  0x0000027817ee0800 GCTaskThread "GC Thread#5" [stack: 0x000000a544f00000,0x000000a545000000] [id=14208]
  0x0000027818fd7800 GCTaskThread "GC Thread#6" [stack: 0x000000a545000000,0x000000a545100000] [id=16524]
  0x00000278188b0800 GCTaskThread "GC Thread#7" [stack: 0x000000a545100000,0x000000a545200000] [id=16884]
  0x000002787b6a0800 ConcurrentGCThread "G1 Main Marker" [stack: 0x000000a543000000,0x000000a543100000] [id=16188]
  0x000002787b6a2800 ConcurrentGCThread "G1 Conc#0" [stack: 0x000000a543100000,0x000000a543200000] [id=6492]
  0x0000027818d51800 ConcurrentGCThread "G1 Conc#1" [stack: 0x000000a545200000,0x000000a545300000] [id=9552]
  0x00000278159c0800 ConcurrentGCThread "G1 Refine#0" [stack: 0x000000a543200000,0x000000a543300000] [id=10808]
  0x0000027821646000 ConcurrentGCThread "G1 Refine#1" [stack: 0x000000a54c300000,0x000000a54c400000] [id=9044]
  0x0000027821647000 ConcurrentGCThread "G1 Refine#2" [stack: 0x000000a54c400000,0x000000a54c500000] [id=10996]
  0x000002781c2a0800 ConcurrentGCThread "G1 Refine#3" [stack: 0x000000a54ce00000,0x000000a54cf00000] [id=12340]
  0x00000278159c1000 ConcurrentGCThread "G1 Young RemSet Sampling" [stack: 0x000000a543300000,0x000000a543400000] [id=17324]

Threads with active compile tasks:
C2 CompilerThread0    19341 13937 %     4       com.android.utils.XmlUtils::append @ 348 (597 bytes)
C1 CompilerThread0    19341 14134       3       org.gradle.internal.execution.history.changes.AbstractFingerprintChanges::accept (21 bytes)
C2 CompilerThread1    19341 13884       4       org.gradle.internal.fingerprint.impl.DefaultFileSystemLocationFingerprint::hashForType (73 bytes)
C2 CompilerThread2    19341 13745       4       java.lang.reflect.Method::invoke (65 bytes)

VM state:not at safepoint (normal execution)

VM Mutex/Monitor currently owned by a thread:  ([mutex/lock_event])
[0x000002787b6543e0] Compile_lock - owner thread: 0x0000000000000000

Heap address: 0x0000000080000000, size: 2048 MB, Compressed Oops mode: 32-bit
Narrow klass base: 0x0000000000000000, Narrow klass shift: 3
Compressed class space size: 1073741824 Address: 0x0000000100000000

Heap:
 garbage-first heap   total 250880K, used 124732K [0x0000000080000000, 0x0000000100000000)
  region size 1024K, 10 young (10240K), 8 survivors (8192K)
 Metaspace       used 102323K, capacity 105235K, committed 105372K, reserved 1140736K
  class space    used 12912K, capacity 14036K, committed 14060K, reserved 1048576K
Heap Regions: E=young(eden), S=young(survivor), O=old, HS=humongous(starts), HC=humongous(continues), CS=collection set, F=free, A=archive, TAMS=top-at-mark-start (previous, next)
|   0|0x0000000080000000, 0x0000000080100000, 0x0000000080100000|100%| O|  |TAMS 0x0000000080100000, 0x0000000080000000| Untracked 
|   1|0x0000000080100000, 0x0000000080200000, 0x0000000080200000|100%| O|  |TAMS 0x0000000080200000, 0x0000000080100000| Untracked 
|   2|0x0000000080200000, 0x0000000080300000, 0x0000000080300000|100%| O|  |TAMS 0x0000000080300000, 0x0000000080200000| Untracked 
|   3|0x0000000080300000, 0x0000000080400000, 0x0000000080400000|100%|HS|  |TAMS 0x0000000080400000, 0x0000000080300000| Complete 
|   4|0x0000000080400000, 0x0000000080500000, 0x0000000080500000|100%|HC|  |TAMS 0x0000000080500000, 0x0000000080400000| Complete 
|   5|0x0000000080500000, 0x0000000080600000, 0x0000000080600000|100%|HC|  |TAMS 0x0000000080600000, 0x0000000080500000| Complete 
|   6|0x0000000080600000, 0x0000000080700000, 0x0000000080700000|100%| O|  |TAMS 0x0000000080700000, 0x0000000080600000| Untracked 
|   7|0x0000000080700000, 0x0000000080800000, 0x0000000080800000|100%| O|  |TAMS 0x0000000080800000, 0x0000000080700000| Untracked 
|   8|0x0000000080800000, 0x0000000080900000, 0x0000000080900000|100%| O|  |TAMS 0x0000000080900000, 0x0000000080800000| Untracked 
|   9|0x0000000080900000, 0x0000000080a00000, 0x0000000080a00000|100%| O|  |TAMS 0x0000000080a00000, 0x0000000080900000| Untracked 
|  10|0x0000000080a00000, 0x0000000080b00000, 0x0000000080b00000|100%| O|  |TAMS 0x0000000080b00000, 0x0000000080a00000| Untracked 
|  11|0x0000000080b00000, 0x0000000080c00000, 0x0000000080c00000|100%| O|  |TAMS 0x0000000080c00000, 0x0000000080b00000| Untracked 
|  12|0x0000000080c00000, 0x0000000080d00000, 0x0000000080d00000|100%| O|  |TAMS 0x0000000080d00000, 0x0000000080c00000| Untracked 
|  13|0x0000000080d00000, 0x0000000080e00000, 0x0000000080e00000|100%| O|  |TAMS 0x0000000080e00000, 0x0000000080d00000| Untracked 
|  14|0x0000000080e00000, 0x0000000080f00000, 0x0000000080f00000|100%| O|  |TAMS 0x0000000080f00000, 0x0000000080e00000| Untracked 
|  15|0x0000000080f00000, 0x0000000081000000, 0x0000000081000000|100%| O|  |TAMS 0x0000000081000000, 0x0000000080f00000| Untracked 
|  16|0x0000000081000000, 0x0000000081100000, 0x0000000081100000|100%| O|  |TAMS 0x0000000081100000, 0x0000000081000000| Untracked 
|  17|0x0000000081100000, 0x0000000081200000, 0x0000000081200000|100%|HS|  |TAMS 0x0000000081200000, 0x0000000081100000| Complete 
|  18|0x0000000081200000, 0x0000000081300000, 0x0000000081300000|100%|HS|  |TAMS 0x0000000081300000, 0x0000000081200000| Complete 
|  19|0x0000000081300000, 0x0000000081400000, 0x0000000081400000|100%| O|  |TAMS 0x0000000081400000, 0x0000000081300000| Untracked 
|  20|0x0000000081400000, 0x0000000081500000, 0x0000000081500000|100%| O|  |TAMS 0x0000000081500000, 0x0000000081400000| Untracked 
|  21|0x0000000081500000, 0x0000000081600000, 0x0000000081600000|100%| O|  |TAMS 0x0000000081600000, 0x0000000081500000| Untracked 
|  22|0x0000000081600000, 0x0000000081700000, 0x0000000081700000|100%| O|  |TAMS 0x0000000081700000, 0x0000000081600000| Untracked 
|  23|0x0000000081700000, 0x0000000081800000, 0x0000000081800000|100%| O|  |TAMS 0x0000000081800000, 0x0000000081700000| Untracked 
|  24|0x0000000081800000, 0x0000000081900000, 0x0000000081900000|100%| O|  |TAMS 0x0000000081900000, 0x0000000081800000| Untracked 
|  25|0x0000000081900000, 0x0000000081a00000, 0x0000000081a00000|100%| O|  |TAMS 0x0000000081a00000, 0x0000000081900000| Untracked 
|  26|0x0000000081a00000, 0x0000000081b00000, 0x0000000081b00000|100%| O|  |TAMS 0x0000000081b00000, 0x0000000081a00000| Untracked 
|  27|0x0000000081b00000, 0x0000000081c00000, 0x0000000081c00000|100%| O|  |TAMS 0x0000000081c00000, 0x0000000081b00000| Untracked 
|  28|0x0000000081c00000, 0x0000000081d00000, 0x0000000081d00000|100%| O|  |TAMS 0x0000000081d00000, 0x0000000081c00000| Untracked 
|  29|0x0000000081d00000, 0x0000000081e00000, 0x0000000081e00000|100%| O|  |TAMS 0x0000000081e00000, 0x0000000081d00000| Untracked 
|  30|0x0000000081e00000, 0x0000000081f00000, 0x0000000081f00000|100%| O|  |TAMS 0x0000000081f00000, 0x0000000081e00000| Untracked 
|  31|0x0000000081f00000, 0x0000000082000000, 0x0000000082000000|100%| O|  |TAMS 0x0000000082000000, 0x0000000081f00000| Untracked 
|  32|0x0000000082000000, 0x0000000082100000, 0x0000000082100000|100%| O|  |TAMS 0x0000000082100000, 0x0000000082000000| Untracked 
|  33|0x0000000082100000, 0x0000000082200000, 0x0000000082200000|100%| O|  |TAMS 0x0000000082200000, 0x0000000082100000| Untracked 
|  34|0x0000000082200000, 0x0000000082300000, 0x0000000082300000|100%| O|  |TAMS 0x0000000082300000, 0x0000000082200000| Untracked 
|  35|0x0000000082300000, 0x0000000082400000, 0x0000000082400000|100%| O|  |TAMS 0x0000000082400000, 0x0000000082300000| Untracked 
|  36|0x0000000082400000, 0x0000000082500000, 0x0000000082500000|100%| O|  |TAMS 0x0000000082500000, 0x0000000082400000| Untracked 
|  37|0x0000000082500000, 0x0000000082600000, 0x0000000082600000|100%| O|  |TAMS 0x0000000082600000, 0x0000000082500000| Untracked 
|  38|0x0000000082600000, 0x0000000082700000, 0x0000000082700000|100%| O|  |TAMS 0x0000000082700000, 0x0000000082600000| Untracked 
|  39|0x0000000082700000, 0x0000000082800000, 0x0000000082800000|100%| O|  |TAMS 0x0000000082800000, 0x0000000082700000| Untracked 
|  40|0x0000000082800000, 0x0000000082900000, 0x0000000082900000|100%| O|  |TAMS 0x00000000828e7000, 0x0000000082800000| Untracked 
|  41|0x0000000082900000, 0x0000000082a00000, 0x0000000082a00000|100%| O|  |TAMS 0x0000000082900000, 0x0000000082900000| Untracked 
|  42|0x0000000082a00000, 0x0000000082b00000, 0x0000000082b00000|100%| O|  |TAMS 0x0000000082a00000, 0x0000000082a00000| Untracked 
|  43|0x0000000082b00000, 0x0000000082c00000, 0x0000000082c00000|100%| O|  |TAMS 0x0000000082b00000, 0x0000000082b00000| Untracked 
|  44|0x0000000082c00000, 0x0000000082d00000, 0x0000000082d00000|100%| O|  |TAMS 0x0000000082c00000, 0x0000000082c00000| Untracked 
|  45|0x0000000082d00000, 0x0000000082e00000, 0x0000000082e00000|100%| O|  |TAMS 0x0000000082d00000, 0x0000000082d00000| Untracked 
|  46|0x0000000082e00000, 0x0000000082f00000, 0x0000000082f00000|100%| O|  |TAMS 0x0000000082e00000, 0x0000000082e00000| Untracked 
|  47|0x0000000082f00000, 0x0000000083000000, 0x0000000083000000|100%| O|  |TAMS 0x0000000082f00000, 0x0000000082f00000| Untracked 
|  48|0x0000000083000000, 0x0000000083100000, 0x0000000083100000|100%| O|  |TAMS 0x0000000083000000, 0x0000000083000000| Untracked 
|  49|0x0000000083100000, 0x0000000083200000, 0x0000000083200000|100%| O|  |TAMS 0x0000000083100000, 0x0000000083100000| Untracked 
|  50|0x0000000083200000, 0x0000000083300000, 0x0000000083300000|100%| O|  |TAMS 0x0000000083200000, 0x0000000083200000| Untracked 
|  51|0x0000000083300000, 0x0000000083400000, 0x0000000083400000|100%| O|  |TAMS 0x0000000083300000, 0x0000000083300000| Untracked 
|  52|0x0000000083400000, 0x0000000083500000, 0x0000000083500000|100%| O|  |TAMS 0x0000000083400000, 0x0000000083400000| Untracked 
|  53|0x0000000083500000, 0x0000000083600000, 0x0000000083600000|100%| O|  |TAMS 0x0000000083500000, 0x0000000083500000| Untracked 
|  54|0x0000000083600000, 0x0000000083700000, 0x0000000083700000|100%| O|  |TAMS 0x0000000083600000, 0x0000000083600000| Untracked 
|  55|0x0000000083700000, 0x0000000083800000, 0x0000000083800000|100%| O|  |TAMS 0x0000000083700000, 0x0000000083700000| Untracked 
|  56|0x0000000083800000, 0x0000000083900000, 0x0000000083900000|100%| O|  |TAMS 0x0000000083800000, 0x0000000083800000| Untracked 
|  57|0x0000000083900000, 0x0000000083a00000, 0x0000000083a00000|100%| O|  |TAMS 0x0000000083900000, 0x0000000083900000| Untracked 
|  58|0x0000000083a00000, 0x0000000083b00000, 0x0000000083b00000|100%| O|  |TAMS 0x0000000083a00000, 0x0000000083a00000| Untracked 
|  59|0x0000000083b00000, 0x0000000083c00000, 0x0000000083c00000|100%| O|  |TAMS 0x0000000083b00000, 0x0000000083b00000| Untracked 
|  60|0x0000000083c00000, 0x0000000083d00000, 0x0000000083d00000|100%| O|  |TAMS 0x0000000083c00000, 0x0000000083c00000| Untracked 
|  61|0x0000000083d00000, 0x0000000083e00000, 0x0000000083e00000|100%| O|  |TAMS 0x0000000083d00000, 0x0000000083d00000| Untracked 
|  62|0x0000000083e00000, 0x0000000083f00000, 0x0000000083f00000|100%| O|  |TAMS 0x0000000083e00000, 0x0000000083e00000| Untracked 
|  63|0x0000000083f00000, 0x0000000084000000, 0x0000000084000000|100%|HS|  |TAMS 0x0000000083f00000, 0x0000000083f00000| Complete 
|  64|0x0000000084000000, 0x0000000084100000, 0x0000000084100000|100%|HC|  |TAMS 0x0000000084000000, 0x0000000084000000| Complete 
|  65|0x0000000084100000, 0x0000000084200000, 0x0000000084200000|100%|HS|  |TAMS 0x0000000084100000, 0x0000000084100000| Complete 
|  66|0x0000000084200000, 0x0000000084300000, 0x0000000084300000|100%| O|  |TAMS 0x0000000084200000, 0x0000000084200000| Untracked 
|  67|0x0000000084300000, 0x0000000084400000, 0x0000000084400000|100%| O|  |TAMS 0x0000000084300000, 0x0000000084300000| Untracked 
|  68|0x0000000084400000, 0x0000000084500000, 0x0000000084500000|100%| O|  |TAMS 0x0000000084400000, 0x0000000084400000| Untracked 
|  69|0x0000000084500000, 0x0000000084600000, 0x0000000084600000|100%| O|  |TAMS 0x0000000084500000, 0x0000000084500000| Untracked 
|  70|0x0000000084600000, 0x0000000084700000, 0x0000000084700000|100%| O|  |TAMS 0x0000000084600000, 0x0000000084600000| Untracked 
|  71|0x0000000084700000, 0x0000000084800000, 0x0000000084800000|100%| O|  |TAMS 0x0000000084700000, 0x0000000084700000| Untracked 
|  72|0x0000000084800000, 0x0000000084900000, 0x0000000084900000|100%| O|  |TAMS 0x0000000084800000, 0x0000000084800000| Untracked 
|  73|0x0000000084900000, 0x0000000084a00000, 0x0000000084a00000|100%| O|  |TAMS 0x0000000084900000, 0x0000000084900000| Untracked 
|  74|0x0000000084a00000, 0x0000000084b00000, 0x0000000084b00000|100%| O|  |TAMS 0x0000000084a00000, 0x0000000084a00000| Untracked 
|  75|0x0000000084b00000, 0x0000000084c00000, 0x0000000084c00000|100%| O|  |TAMS 0x0000000084b00000, 0x0000000084b00000| Untracked 
|  76|0x0000000084c00000, 0x0000000084d00000, 0x0000000084d00000|100%| O|  |TAMS 0x0000000084c00000, 0x0000000084c00000| Untracked 
|  77|0x0000000084d00000, 0x0000000084e00000, 0x0000000084e00000|100%| O|  |TAMS 0x0000000084d00000, 0x0000000084d00000| Untracked 
|  78|0x0000000084e00000, 0x0000000084f00000, 0x0000000084f00000|100%| O|  |TAMS 0x0000000084e00000, 0x0000000084e00000| Untracked 
|  79|0x0000000084f00000, 0x0000000085000000, 0x0000000085000000|100%| O|  |TAMS 0x0000000084f00000, 0x0000000084f00000| Untracked 
|  80|0x0000000085000000, 0x0000000085100000, 0x0000000085100000|100%| O|  |TAMS 0x0000000085000000, 0x0000000085000000| Untracked 
|  81|0x0000000085100000, 0x0000000085200000, 0x0000000085200000|100%| O|  |TAMS 0x0000000085100000, 0x0000000085100000| Untracked 
|  82|0x0000000085200000, 0x0000000085300000, 0x0000000085300000|100%| O|  |TAMS 0x0000000085200000, 0x0000000085200000| Untracked 
|  83|0x0000000085300000, 0x0000000085400000, 0x0000000085400000|100%| O|  |TAMS 0x0000000085300000, 0x0000000085300000| Untracked 
|  84|0x0000000085400000, 0x0000000085500000, 0x0000000085500000|100%| O|  |TAMS 0x0000000085400000, 0x0000000085400000| Untracked 
|  85|0x0000000085500000, 0x0000000085600000, 0x0000000085600000|100%| O|  |TAMS 0x0000000085500000, 0x0000000085500000| Untracked 
|  86|0x0000000085600000, 0x0000000085700000, 0x0000000085700000|100%| O|  |TAMS 0x0000000085600000, 0x0000000085600000| Untracked 
|  87|0x0000000085700000, 0x0000000085800000, 0x0000000085800000|100%| O|  |TAMS 0x0000000085700000, 0x0000000085700000| Untracked 
|  88|0x0000000085800000, 0x0000000085900000, 0x0000000085900000|100%| O|  |TAMS 0x0000000085800000, 0x0000000085800000| Untracked 
|  89|0x0000000085900000, 0x0000000085a00000, 0x0000000085a00000|100%| O|  |TAMS 0x0000000085900000, 0x0000000085900000| Untracked 
|  90|0x0000000085a00000, 0x0000000085b00000, 0x0000000085b00000|100%| O|  |TAMS 0x0000000085a00000, 0x0000000085a00000| Untracked 
|  91|0x0000000085b00000, 0x0000000085b83400, 0x0000000085c00000| 51%| O|  |TAMS 0x0000000085b00000, 0x0000000085b00000| Untracked 
|  92|0x0000000085c00000, 0x0000000085c00000, 0x0000000085d00000|  0%| F|  |TAMS 0x0000000085c00000, 0x0000000085c00000| Untracked 
|  93|0x0000000085d00000, 0x0000000085d00000, 0x0000000085e00000|  0%| F|  |TAMS 0x0000000085d00000, 0x0000000085d00000| Untracked 
|  94|0x0000000085e00000, 0x0000000085e00000, 0x0000000085f00000|  0%| F|  |TAMS 0x0000000085e00000, 0x0000000085e00000| Untracked 
|  95|0x0000000085f00000, 0x0000000085f00000, 0x0000000086000000|  0%| F|  |TAMS 0x0000000085f00000, 0x0000000085f00000| Untracked 
|  96|0x0000000086000000, 0x0000000086000000, 0x0000000086100000|  0%| F|  |TAMS 0x0000000086000000, 0x0000000086000000| Untracked 
|  97|0x0000000086100000, 0x0000000086100000, 0x0000000086200000|  0%| F|  |TAMS 0x0000000086100000, 0x0000000086100000| Untracked 
|  98|0x0000000086200000, 0x0000000086200000, 0x0000000086300000|  0%| F|  |TAMS 0x0000000086200000, 0x0000000086200000| Untracked 
|  99|0x0000000086300000, 0x0000000086300000, 0x0000000086400000|  0%| F|  |TAMS 0x0000000086300000, 0x0000000086300000| Untracked 
| 100|0x0000000086400000, 0x0000000086400000, 0x0000000086500000|  0%| F|  |TAMS 0x0000000086400000, 0x0000000086400000| Untracked 
| 101|0x0000000086500000, 0x0000000086600000, 0x0000000086600000|100%| O|  |TAMS 0x0000000086500000, 0x0000000086500000| Untracked 
| 102|0x0000000086600000, 0x0000000086700000, 0x0000000086700000|100%| O|  |TAMS 0x0000000086600000, 0x0000000086600000| Untracked 
| 103|0x0000000086700000, 0x0000000086700000, 0x0000000086800000|  0%| F|  |TAMS 0x0000000086700000, 0x0000000086700000| Untracked 
| 104|0x0000000086800000, 0x0000000086800000, 0x0000000086900000|  0%| F|  |TAMS 0x0000000086800000, 0x0000000086800000| Untracked 
| 105|0x0000000086900000, 0x0000000086900000, 0x0000000086a00000|  0%| F|  |TAMS 0x0000000086900000, 0x0000000086900000| Untracked 
| 106|0x0000000086a00000, 0x0000000086a00000, 0x0000000086b00000|  0%| F|  |TAMS 0x0000000086a00000, 0x0000000086a00000| Untracked 
| 107|0x0000000086b00000, 0x0000000086b00000, 0x0000000086c00000|  0%| F|  |TAMS 0x0000000086b00000, 0x0000000086b00000| Untracked 
| 108|0x0000000086c00000, 0x0000000086c00000, 0x0000000086d00000|  0%| F|  |TAMS 0x0000000086c00000, 0x0000000086c00000| Untracked 
| 109|0x0000000086d00000, 0x0000000086d00000, 0x0000000086e00000|  0%| F|  |TAMS 0x0000000086d00000, 0x0000000086d00000| Untracked 
| 110|0x0000000086e00000, 0x0000000086e00000, 0x0000000086f00000|  0%| F|  |TAMS 0x0000000086e00000, 0x0000000086e00000| Untracked 
| 111|0x0000000086f00000, 0x0000000086f00000, 0x0000000087000000|  0%| F|  |TAMS 0x0000000086f00000, 0x0000000086f00000| Untracked 
| 112|0x0000000087000000, 0x0000000087000000, 0x0000000087100000|  0%| F|  |TAMS 0x0000000087000000, 0x0000000087000000| Untracked 
| 113|0x0000000087100000, 0x0000000087100000, 0x0000000087200000|  0%| F|  |TAMS 0x0000000087100000, 0x0000000087100000| Untracked 
| 114|0x0000000087200000, 0x0000000087300000, 0x0000000087300000|100%| O|  |TAMS 0x0000000087200000, 0x0000000087200000| Untracked 
| 115|0x0000000087300000, 0x0000000087300000, 0x0000000087400000|  0%| F|  |TAMS 0x0000000087300000, 0x0000000087300000| Untracked 
| 116|0x0000000087400000, 0x0000000087400000, 0x0000000087500000|  0%| F|  |TAMS 0x0000000087400000, 0x0000000087400000| Untracked 
| 117|0x0000000087500000, 0x0000000087500000, 0x0000000087600000|  0%| F|  |TAMS 0x0000000087500000, 0x0000000087500000| Untracked 
| 118|0x0000000087600000, 0x0000000087600000, 0x0000000087700000|  0%| F|  |TAMS 0x0000000087600000, 0x0000000087600000| Untracked 
| 119|0x0000000087700000, 0x0000000087700000, 0x0000000087800000|  0%| F|  |TAMS 0x0000000087700000, 0x0000000087700000| Untracked 
| 120|0x0000000087800000, 0x0000000087800000, 0x0000000087900000|  0%| F|  |TAMS 0x0000000087800000, 0x0000000087800000| Untracked 
| 121|0x0000000087900000, 0x0000000087900000, 0x0000000087a00000|  0%| F|  |TAMS 0x0000000087900000, 0x0000000087900000| Untracked 
| 122|0x0000000087a00000, 0x0000000087a00000, 0x0000000087b00000|  0%| F|  |TAMS 0x0000000087a00000, 0x0000000087a00000| Untracked 
| 123|0x0000000087b00000, 0x0000000087b00000, 0x0000000087c00000|  0%| F|  |TAMS 0x0000000087b00000, 0x0000000087b00000| Untracked 
| 124|0x0000000087c00000, 0x0000000087c00000, 0x0000000087d00000|  0%| F|  |TAMS 0x0000000087c00000, 0x0000000087c00000| Untracked 
| 125|0x0000000087d00000, 0x0000000087e00000, 0x0000000087e00000|100%| O|  |TAMS 0x0000000087d00000, 0x0000000087d00000| Untracked 
| 126|0x0000000087e00000, 0x0000000087f00000, 0x0000000087f00000|100%| O|  |TAMS 0x0000000087e00000, 0x0000000087e00000| Untracked 
| 127|0x0000000087f00000, 0x0000000088000000, 0x0000000088000000|100%| O|  |TAMS 0x0000000087f00000, 0x0000000087f00000| Untracked 
| 128|0x0000000088000000, 0x0000000088100000, 0x0000000088100000|100%| O|  |TAMS 0x0000000088000000, 0x0000000088000000| Untracked 
| 129|0x0000000088100000, 0x0000000088200000, 0x0000000088200000|100%| O|  |TAMS 0x0000000088100000, 0x0000000088100000| Untracked 
| 130|0x0000000088200000, 0x0000000088300000, 0x0000000088300000|100%| O|  |TAMS 0x0000000088200000, 0x0000000088200000| Untracked 
| 131|0x0000000088300000, 0x0000000088400000, 0x0000000088400000|100%| O|  |TAMS 0x0000000088300000, 0x0000000088300000| Untracked 
| 132|0x0000000088400000, 0x0000000088500000, 0x0000000088500000|100%| O|  |TAMS 0x0000000088400000, 0x0000000088400000| Untracked 
| 133|0x0000000088500000, 0x0000000088600000, 0x0000000088600000|100%| O|  |TAMS 0x0000000088500000, 0x0000000088500000| Untracked 
| 134|0x0000000088600000, 0x0000000088700000, 0x0000000088700000|100%| O|  |TAMS 0x0000000088600000, 0x0000000088600000| Untracked 
| 135|0x0000000088700000, 0x0000000088800000, 0x0000000088800000|100%| O|  |TAMS 0x0000000088700000, 0x0000000088700000| Untracked 
| 136|0x0000000088800000, 0x0000000088900000, 0x0000000088900000|100%| O|  |TAMS 0x0000000088800000, 0x0000000088800000| Untracked 
| 137|0x0000000088900000, 0x0000000088a00000, 0x0000000088a00000|100%| O|  |TAMS 0x0000000088900000, 0x0000000088900000| Untracked 
| 138|0x0000000088a00000, 0x0000000088b00000, 0x0000000088b00000|100%| O|  |TAMS 0x0000000088a00000, 0x0000000088a00000| Untracked 
| 139|0x0000000088b00000, 0x0000000088b00000, 0x0000000088c00000|  0%| F|  |TAMS 0x0000000088b00000, 0x0000000088b00000| Untracked 
| 140|0x0000000088c00000, 0x0000000088c00000, 0x0000000088d00000|  0%| F|  |TAMS 0x0000000088c00000, 0x0000000088c00000| Untracked 
| 141|0x0000000088d00000, 0x0000000088d00000, 0x0000000088e00000|  0%| F|  |TAMS 0x0000000088d00000, 0x0000000088d00000| Untracked 
| 142|0x0000000088e00000, 0x0000000088e00000, 0x0000000088f00000|  0%| F|  |TAMS 0x0000000088e00000, 0x0000000088e00000| Untracked 
| 143|0x0000000088f00000, 0x0000000088f00000, 0x0000000089000000|  0%| F|  |TAMS 0x0000000088f00000, 0x0000000088f00000| Untracked 
| 144|0x0000000089000000, 0x0000000089000000, 0x0000000089100000|  0%| F|  |TAMS 0x0000000089000000, 0x0000000089000000| Untracked 
| 145|0x0000000089100000, 0x0000000089100000, 0x0000000089200000|  0%| F|  |TAMS 0x0000000089100000, 0x0000000089100000| Untracked 
| 146|0x0000000089200000, 0x000000008924bc50, 0x0000000089300000| 29%| S|CS|TAMS 0x0000000089200000, 0x0000000089200000| Complete 
| 147|0x0000000089300000, 0x0000000089400000, 0x0000000089400000|100%| S|CS|TAMS 0x0000000089300000, 0x0000000089300000| Complete 
| 148|0x0000000089400000, 0x0000000089500000, 0x0000000089500000|100%| S|CS|TAMS 0x0000000089400000, 0x0000000089400000| Complete 
| 149|0x0000000089500000, 0x0000000089600000, 0x0000000089600000|100%| S|CS|TAMS 0x0000000089500000, 0x0000000089500000| Complete 
| 150|0x0000000089600000, 0x0000000089700000, 0x0000000089700000|100%| S|CS|TAMS 0x0000000089600000, 0x0000000089600000| Complete 
| 151|0x0000000089700000, 0x0000000089700000, 0x0000000089800000|  0%| F|  |TAMS 0x0000000089700000, 0x0000000089700000| Untracked 
| 152|0x0000000089800000, 0x0000000089800000, 0x0000000089900000|  0%| F|  |TAMS 0x0000000089800000, 0x0000000089800000| Untracked 
| 153|0x0000000089900000, 0x0000000089900000, 0x0000000089a00000|  0%| F|  |TAMS 0x0000000089900000, 0x0000000089900000| Untracked 
| 154|0x0000000089a00000, 0x0000000089a00000, 0x0000000089b00000|  0%| F|  |TAMS 0x0000000089a00000, 0x0000000089a00000| Untracked 
| 155|0x0000000089b00000, 0x0000000089b00000, 0x0000000089c00000|  0%| F|  |TAMS 0x0000000089b00000, 0x0000000089b00000| Untracked 
| 156|0x0000000089c00000, 0x0000000089c00000, 0x0000000089d00000|  0%| F|  |TAMS 0x0000000089c00000, 0x0000000089c00000| Untracked 
| 157|0x0000000089d00000, 0x0000000089d00000, 0x0000000089e00000|  0%| F|  |TAMS 0x0000000089d00000, 0x0000000089d00000| Untracked 
| 158|0x0000000089e00000, 0x0000000089f00000, 0x0000000089f00000|100%| S|CS|TAMS 0x0000000089e00000, 0x0000000089e00000| Complete 
| 159|0x0000000089f00000, 0x000000008a000000, 0x000000008a000000|100%| S|CS|TAMS 0x0000000089f00000, 0x0000000089f00000| Complete 
| 160|0x000000008a000000, 0x000000008a100000, 0x000000008a100000|100%| S|CS|TAMS 0x000000008a000000, 0x000000008a000000| Complete 
| 161|0x000000008a100000, 0x000000008a100000, 0x000000008a200000|  0%| F|  |TAMS 0x000000008a100000, 0x000000008a100000| Untracked 
| 162|0x000000008a200000, 0x000000008a200000, 0x000000008a300000|  0%| F|  |TAMS 0x000000008a200000, 0x000000008a200000| Untracked 
| 163|0x000000008a300000, 0x000000008a300000, 0x000000008a400000|  0%| F|  |TAMS 0x000000008a300000, 0x000000008a300000| Untracked 
| 164|0x000000008a400000, 0x000000008a400000, 0x000000008a500000|  0%| F|  |TAMS 0x000000008a400000, 0x000000008a400000| Untracked 
| 165|0x000000008a500000, 0x000000008a500000, 0x000000008a600000|  0%| F|  |TAMS 0x000000008a500000, 0x000000008a500000| Untracked 
| 166|0x000000008a600000, 0x000000008a600000, 0x000000008a700000|  0%| F|  |TAMS 0x000000008a600000, 0x000000008a600000| Untracked 
| 167|0x000000008a700000, 0x000000008a700000, 0x000000008a800000|  0%| F|  |TAMS 0x000000008a700000, 0x000000008a700000| Untracked 
| 168|0x000000008a800000, 0x000000008a800000, 0x000000008a900000|  0%| F|  |TAMS 0x000000008a800000, 0x000000008a800000| Untracked 
| 169|0x000000008a900000, 0x000000008a900000, 0x000000008aa00000|  0%| F|  |TAMS 0x000000008a900000, 0x000000008a900000| Untracked 
| 170|0x000000008aa00000, 0x000000008aa00000, 0x000000008ab00000|  0%| F|  |TAMS 0x000000008aa00000, 0x000000008aa00000| Untracked 
| 171|0x000000008ab00000, 0x000000008ab00000, 0x000000008ac00000|  0%| F|  |TAMS 0x000000008ab00000, 0x000000008ab00000| Untracked 
| 172|0x000000008ac00000, 0x000000008ac00000, 0x000000008ad00000|  0%| F|  |TAMS 0x000000008ac00000, 0x000000008ac00000| Untracked 
| 173|0x000000008ad00000, 0x000000008ad00000, 0x000000008ae00000|  0%| F|  |TAMS 0x000000008ad00000, 0x000000008ad00000| Untracked 
| 174|0x000000008ae00000, 0x000000008ae00000, 0x000000008af00000|  0%| F|  |TAMS 0x000000008ae00000, 0x000000008ae00000| Untracked 
| 175|0x000000008af00000, 0x000000008af00000, 0x000000008b000000|  0%| F|  |TAMS 0x000000008af00000, 0x000000008af00000| Untracked 
| 176|0x000000008b000000, 0x000000008b000000, 0x000000008b100000|  0%| F|  |TAMS 0x000000008b000000, 0x000000008b000000| Untracked 
| 177|0x000000008b100000, 0x000000008b100000, 0x000000008b200000|  0%| F|  |TAMS 0x000000008b100000, 0x000000008b100000| Untracked 
| 178|0x000000008b200000, 0x000000008b200000, 0x000000008b300000|  0%| F|  |TAMS 0x000000008b200000, 0x000000008b200000| Untracked 
| 179|0x000000008b300000, 0x000000008b300000, 0x000000008b400000|  0%| F|  |TAMS 0x000000008b300000, 0x000000008b300000| Untracked 
| 180|0x000000008b400000, 0x000000008b400000, 0x000000008b500000|  0%| F|  |TAMS 0x000000008b400000, 0x000000008b400000| Untracked 
| 181|0x000000008b500000, 0x000000008b500000, 0x000000008b600000|  0%| F|  |TAMS 0x000000008b500000, 0x000000008b500000| Untracked 
| 182|0x000000008b600000, 0x000000008b600000, 0x000000008b700000|  0%| F|  |TAMS 0x000000008b600000, 0x000000008b600000| Untracked 
| 183|0x000000008b700000, 0x000000008b700000, 0x000000008b800000|  0%| F|  |TAMS 0x000000008b700000, 0x000000008b700000| Untracked 
| 184|0x000000008b800000, 0x000000008b800000, 0x000000008b900000|  0%| F|  |TAMS 0x000000008b800000, 0x000000008b800000| Untracked 
| 185|0x000000008b900000, 0x000000008b900000, 0x000000008ba00000|  0%| F|  |TAMS 0x000000008b900000, 0x000000008b900000| Untracked 
| 186|0x000000008ba00000, 0x000000008ba00000, 0x000000008bb00000|  0%| F|  |TAMS 0x000000008ba00000, 0x000000008ba00000| Untracked 
| 187|0x000000008bb00000, 0x000000008bb00000, 0x000000008bc00000|  0%| F|  |TAMS 0x000000008bb00000, 0x000000008bb00000| Untracked 
| 188|0x000000008bc00000, 0x000000008bc00000, 0x000000008bd00000|  0%| F|  |TAMS 0x000000008bc00000, 0x000000008bc00000| Untracked 
| 189|0x000000008bd00000, 0x000000008bd00000, 0x000000008be00000|  0%| F|  |TAMS 0x000000008bd00000, 0x000000008bd00000| Untracked 
| 190|0x000000008be00000, 0x000000008be00000, 0x000000008bf00000|  0%| F|  |TAMS 0x000000008be00000, 0x000000008be00000| Untracked 
| 191|0x000000008bf00000, 0x000000008bf00000, 0x000000008c000000|  0%| F|  |TAMS 0x000000008bf00000, 0x000000008bf00000| Untracked 
| 192|0x000000008c000000, 0x000000008c000000, 0x000000008c100000|  0%| F|  |TAMS 0x000000008c000000, 0x000000008c000000| Untracked 
| 193|0x000000008c100000, 0x000000008c100000, 0x000000008c200000|  0%| F|  |TAMS 0x000000008c100000, 0x000000008c100000| Untracked 
| 194|0x000000008c200000, 0x000000008c200000, 0x000000008c300000|  0%| F|  |TAMS 0x000000008c200000, 0x000000008c200000| Untracked 
| 195|0x000000008c300000, 0x000000008c300000, 0x000000008c400000|  0%| F|  |TAMS 0x000000008c300000, 0x000000008c300000| Untracked 
| 196|0x000000008c400000, 0x000000008c400000, 0x000000008c500000|  0%| F|  |TAMS 0x000000008c400000, 0x000000008c400000| Untracked 
| 197|0x000000008c500000, 0x000000008c500000, 0x000000008c600000|  0%| F|  |TAMS 0x000000008c500000, 0x000000008c500000| Untracked 
| 198|0x000000008c600000, 0x000000008c600000, 0x000000008c700000|  0%| F|  |TAMS 0x000000008c600000, 0x000000008c600000| Untracked 
| 199|0x000000008c700000, 0x000000008c700000, 0x000000008c800000|  0%| F|  |TAMS 0x000000008c700000, 0x000000008c700000| Untracked 
| 200|0x000000008c800000, 0x000000008c800000, 0x000000008c900000|  0%| F|  |TAMS 0x000000008c800000, 0x000000008c800000| Untracked 
| 201|0x000000008c900000, 0x000000008c900000, 0x000000008ca00000|  0%| F|  |TAMS 0x000000008c900000, 0x000000008c900000| Untracked 
| 202|0x000000008ca00000, 0x000000008ca00000, 0x000000008cb00000|  0%| F|  |TAMS 0x000000008ca00000, 0x000000008ca00000| Untracked 
| 203|0x000000008cb00000, 0x000000008cb00000, 0x000000008cc00000|  0%| F|  |TAMS 0x000000008cb00000, 0x000000008cb00000| Untracked 
| 204|0x000000008cc00000, 0x000000008cc00000, 0x000000008cd00000|  0%| F|  |TAMS 0x000000008cc00000, 0x000000008cc00000| Untracked 
| 205|0x000000008cd00000, 0x000000008cd00000, 0x000000008ce00000|  0%| F|  |TAMS 0x000000008cd00000, 0x000000008cd00000| Untracked 
| 206|0x000000008ce00000, 0x000000008ce00000, 0x000000008cf00000|  0%| F|  |TAMS 0x000000008ce00000, 0x000000008ce00000| Untracked 
| 207|0x000000008cf00000, 0x000000008cf00000, 0x000000008d000000|  0%| F|  |TAMS 0x000000008cf00000, 0x000000008cf00000| Untracked 
| 208|0x000000008d000000, 0x000000008d000000, 0x000000008d100000|  0%| F|  |TAMS 0x000000008d000000, 0x000000008d000000| Untracked 
| 209|0x000000008d100000, 0x000000008d100000, 0x000000008d200000|  0%| F|  |TAMS 0x000000008d100000, 0x000000008d100000| Untracked 
| 210|0x000000008d200000, 0x000000008d200000, 0x000000008d300000|  0%| F|  |TAMS 0x000000008d200000, 0x000000008d200000| Untracked 
| 211|0x000000008d300000, 0x000000008d300000, 0x000000008d400000|  0%| F|  |TAMS 0x000000008d300000, 0x000000008d300000| Untracked 
| 212|0x000000008d400000, 0x000000008d400000, 0x000000008d500000|  0%| F|  |TAMS 0x000000008d400000, 0x000000008d400000| Untracked 
| 213|0x000000008d500000, 0x000000008d500000, 0x000000008d600000|  0%| F|  |TAMS 0x000000008d500000, 0x000000008d500000| Untracked 
| 214|0x000000008d600000, 0x000000008d600000, 0x000000008d700000|  0%| F|  |TAMS 0x000000008d600000, 0x000000008d600000| Untracked 
| 215|0x000000008d700000, 0x000000008d700000, 0x000000008d800000|  0%| F|  |TAMS 0x000000008d700000, 0x000000008d700000| Untracked 
| 216|0x000000008d800000, 0x000000008d800000, 0x000000008d900000|  0%| F|  |TAMS 0x000000008d800000, 0x000000008d800000| Untracked 
| 217|0x000000008d900000, 0x000000008d900000, 0x000000008da00000|  0%| F|  |TAMS 0x000000008d900000, 0x000000008d900000| Untracked 
| 218|0x000000008da00000, 0x000000008da00000, 0x000000008db00000|  0%| F|  |TAMS 0x000000008da00000, 0x000000008da00000| Untracked 
| 219|0x000000008db00000, 0x000000008db00000, 0x000000008dc00000|  0%| F|  |TAMS 0x000000008db00000, 0x000000008db00000| Untracked 
| 220|0x000000008dc00000, 0x000000008dc00000, 0x000000008dd00000|  0%| F|  |TAMS 0x000000008dc00000, 0x000000008dc00000| Untracked 
| 221|0x000000008dd00000, 0x000000008dd00000, 0x000000008de00000|  0%| F|  |TAMS 0x000000008dd00000, 0x000000008dd00000| Untracked 
| 222|0x000000008de00000, 0x000000008de00000, 0x000000008df00000|  0%| F|  |TAMS 0x000000008de00000, 0x000000008de00000| Untracked 
| 223|0x000000008df00000, 0x000000008df00000, 0x000000008e000000|  0%| F|  |TAMS 0x000000008df00000, 0x000000008df00000| Untracked 
| 224|0x000000008e000000, 0x000000008e000000, 0x000000008e100000|  0%| F|  |TAMS 0x000000008e000000, 0x000000008e000000| Untracked 
| 225|0x000000008e100000, 0x000000008e100000, 0x000000008e200000|  0%| F|  |TAMS 0x000000008e100000, 0x000000008e100000| Untracked 
| 226|0x000000008e200000, 0x000000008e200000, 0x000000008e300000|  0%| F|  |TAMS 0x000000008e200000, 0x000000008e200000| Untracked 
| 227|0x000000008e300000, 0x000000008e300000, 0x000000008e400000|  0%| F|  |TAMS 0x000000008e300000, 0x000000008e300000| Untracked 
| 228|0x000000008e400000, 0x000000008e400000, 0x000000008e500000|  0%| F|  |TAMS 0x000000008e400000, 0x000000008e400000| Untracked 
| 229|0x000000008e500000, 0x000000008e500000, 0x000000008e600000|  0%| F|  |TAMS 0x000000008e500000, 0x000000008e500000| Untracked 
| 230|0x000000008e600000, 0x000000008e600000, 0x000000008e700000|  0%| F|  |TAMS 0x000000008e600000, 0x000000008e600000| Untracked 
| 231|0x000000008e700000, 0x000000008e700000, 0x000000008e800000|  0%| F|  |TAMS 0x000000008e700000, 0x000000008e700000| Untracked 
| 232|0x000000008e800000, 0x000000008e800000, 0x000000008e900000|  0%| F|  |TAMS 0x000000008e800000, 0x000000008e800000| Untracked 
| 233|0x000000008e900000, 0x000000008e900000, 0x000000008ea00000|  0%| F|  |TAMS 0x000000008e900000, 0x000000008e900000| Untracked 
| 234|0x000000008ea00000, 0x000000008ea00000, 0x000000008eb00000|  0%| F|  |TAMS 0x000000008ea00000, 0x000000008ea00000| Untracked 
| 235|0x000000008eb00000, 0x000000008eb00000, 0x000000008ec00000|  0%| F|  |TAMS 0x000000008eb00000, 0x000000008eb00000| Untracked 
| 236|0x000000008ec00000, 0x000000008ec09c20, 0x000000008ed00000|  3%| E|  |TAMS 0x000000008ec00000, 0x000000008ec00000| Complete 
| 237|0x000000008ed00000, 0x000000008ee00000, 0x000000008ee00000|100%| E|CS|TAMS 0x000000008ed00000, 0x000000008ed00000| Complete 
| 238|0x000000008ee00000, 0x000000008ef00000, 0x000000008ef00000|100%| E|CS|TAMS 0x000000008ee00000, 0x000000008ee00000| Complete 
| 239|0x000000008ef00000, 0x000000008f000000, 0x000000008f000000|100%| E|CS|TAMS 0x000000008ef00000, 0x000000008ef00000| Complete 
| 240|0x000000008f000000, 0x000000008f100000, 0x000000008f100000|100%| O|  |TAMS 0x000000008f000000, 0x000000008f000000| Untracked 
| 241|0x000000008f100000, 0x000000008f200000, 0x000000008f200000|100%| O|  |TAMS 0x000000008f100000, 0x000000008f100000| Untracked 
| 242|0x000000008f200000, 0x000000008f300000, 0x000000008f300000|100%| O|  |TAMS 0x000000008f200000, 0x000000008f200000| Untracked 
| 243|0x000000008f300000, 0x000000008f400000, 0x000000008f400000|100%| O|  |TAMS 0x000000008f300000, 0x000000008f300000| Untracked 
| 244|0x000000008f400000, 0x000000008f500000, 0x000000008f500000|100%| O|  |TAMS 0x000000008f400000, 0x000000008f400000| Untracked 

Card table byte_map: [0x000002787f8b0000,0x000002787fcb0000] _byte_map_base: 0x000002787f4b0000

Marking Bits (Prev, Next): (CMBitMap*) 0x000002787b696978, (CMBitMap*) 0x000002787b6969b0
 Prev Bits: [0x000002780f400000, 0x0000027811400000)
 Next Bits: [0x0000027811400000, 0x0000027813400000)

Polling page: 0x0000027879610000

Metaspace:

Usage:
  Non-class:     89.07 MB capacity,    87.35 MB ( 98%) used,     1.38 MB (  2%) free+waste,   341.81 KB ( <1%) overhead. 
      Class:     13.71 MB capacity,    12.62 MB ( 92%) used,   962.39 KB (  7%) free+waste,   154.75 KB (  1%) overhead. 
       Both:    102.78 MB capacity,    99.97 MB ( 97%) used,     2.32 MB (  2%) free+waste,   496.56 KB ( <1%) overhead. 

Virtual space:
  Non-class space:       90.00 MB reserved,      89.17 MB (>99%) committed 
      Class space:        1.00 GB reserved,      13.73 MB (  1%) committed 
             Both:        1.09 GB reserved,     102.90 MB (  9%) committed 

Chunk freelists:
   Non-Class:  43.00 KB
       Class:  8.00 KB
        Both:  51.00 KB

MaxMetaspaceSize: 17179869184.00 GB
CompressedClassSpaceSize: 1.00 GB
Initial GC threshold: 20.80 MB
Current GC threshold: 113.17 MB
CDS: off

CodeHeap 'non-profiled nmethods': size=120000Kb used=8897Kb max_used=8897Kb free=111102Kb
 bounds [0x0000027807ad0000, 0x0000027808390000, 0x000002780f000000]
CodeHeap 'profiled nmethods': size=120000Kb used=30662Kb max_used=30662Kb free=89338Kb
 bounds [0x00000278005a0000, 0x00000278023a0000, 0x0000027807ad0000]
CodeHeap 'non-nmethods': size=5760Kb used=2498Kb max_used=2559Kb free=3261Kb
 bounds [0x0000027800000000, 0x0000027800290000, 0x00000278005a0000]
 total_blobs=15020 nmethods=13964 adapters=968
 compilation: enabled
              stopped_count=0, restarted_count=0
 full_count=0

Compilation events (20 events):
Event: 19.287 Thread 0x00000278163eb000 nmethod 14085 0x0000027802362e90 code [0x0000027802363080, 0x0000027802363588]
Event: 19.287 Thread 0x00000278163eb000 14086       3       org.gradle.internal.snapshot.impl.FilteredTrackingMerkleDirectorySnapshotBuilder::<init> (41 bytes)
Event: 19.288 Thread 0x00000278163eb000 nmethod 14086 0x0000027802363790 code [0x00000278023639e0, 0x00000278023643c8]
Event: 19.288 Thread 0x00000278163eb000 14087       3       org.gradle.internal.snapshot.MerkleDirectorySnapshotBuilder::sortingRequired (9 bytes)
Event: 19.289 Thread 0x00000278163eb000 nmethod 14087 0x0000027802364690 code [0x0000027802364880, 0x0000027802364d58]
Event: 19.289 Thread 0x00000278163eb000 14088       3       java.nio.file.FileTreeWalker::walk (45 bytes)
Event: 19.289 Thread 0x00000278163eb000 nmethod 14088 0x0000027802364f10 code [0x00000278023650e0, 0x0000027802365338]
Event: 19.289 Thread 0x00000278163eb000 14089       3       org.gradle.internal.vfs.impl.AbstractVirtualFileSystem$$Lambda$311/0x0000000100442c40::accept (16 bytes)
Event: 19.289 Thread 0x00000278163eb000 nmethod 14089 0x0000027802365410 code [0x00000278023655e0, 0x0000027802365968]
Event: 19.290 Thread 0x00000278163eb000 14090       3       org.gradle.internal.vfs.impl.AbstractVirtualFileSystem::lambda$store$0 (13 bytes)
Event: 19.290 Thread 0x00000278163eb000 nmethod 14090 0x0000027802365b10 code [0x0000027802365ce0, 0x0000027802365ee8]
Event: 19.290 Thread 0x0000027818ea5800 nmethod 14028 0x000002780837be90 code [0x000002780837c0c0, 0x000002780837d1d8]
Event: 19.290 Thread 0x0000027818ea5800 14024       4       java.util.TimSort::binarySort (223 bytes)
Event: 19.291 Thread 0x00000278163eb000 14091       3       sun.nio.fs.WindowsSecurityDescriptor::fromAttribute (134 bytes)
Event: 19.293 Thread 0x00000278163eb000 nmethod 14091 0x0000027802366010 code [0x0000027802366360, 0x0000027802367498]
Event: 19.293 Thread 0x00000278163eb000 14092       3       java.nio.HeapByteBuffer::put (175 bytes)
Event: 19.294 Thread 0x00000278163eb000 nmethod 14092 0x0000027802367b90 code [0x0000027802367e60, 0x0000027802368d78]
Event: 19.296 Thread 0x00000278163eb000 14094       3       org.gradle.internal.execution.steps.ResolveChangesStep$2::getChanges (8 bytes)
Event: 19.297 Thread 0x00000278163eb000 nmethod 14094 0x0000027802369190 code [0x00000278023693a0, 0x00000278023698e8]
Event: 19.298 Thread 0x00000278163eb000 14095   !   3       org.gradle.internal.execution.steps.CaptureStateBeforeExecutionStep::lambda$captureExecutionState$1 (92 bytes)

GC Heap History (20 events):
Event: 5.558 GC heap before
{Heap before GC invocations=6 (full 0):
 garbage-first heap   total 245760K, used 141576K [0x0000000080000000, 0x0000000100000000)
  region size 1024K, 119 young (121856K), 6 survivors (6144K)
 Metaspace       used 45624K, capacity 46675K, committed 46896K, reserved 1089536K
  class space    used 5800K, capacity 6194K, committed 6272K, reserved 1048576K
}
Event: 5.569 GC heap after
{Heap after GC invocations=7 (full 0):
 garbage-first heap   total 245760K, used 31002K [0x0000000080000000, 0x0000000100000000)
  region size 1024K, 14 young (14336K), 14 survivors (14336K)
 Metaspace       used 45624K, capacity 46675K, committed 46896K, reserved 1089536K
  class space    used 5800K, capacity 6194K, committed 6272K, reserved 1048576K
}
Event: 7.080 GC heap before
{Heap before GC invocations=7 (full 0):
 garbage-first heap   total 245760K, used 164122K [0x0000000080000000, 0x0000000100000000)
  region size 1024K, 142 young (145408K), 14 survivors (14336K)
 Metaspace       used 54878K, capacity 56316K, committed 56624K, reserved 1097728K
  class space    used 6941K, capacity 7475K, committed 7552K, reserved 1048576K
}
Event: 7.097 GC heap after
{Heap after GC invocations=8 (full 0):
 garbage-first heap   total 245760K, used 42314K [0x0000000080000000, 0x0000000100000000)
  region size 1024K, 18 young (18432K), 18 survivors (18432K)
 Metaspace       used 54878K, capacity 56316K, committed 56624K, reserved 1097728K
  class space    used 6941K, capacity 7475K, committed 7552K, reserved 1048576K
}
Event: 7.554 GC heap before
{Heap before GC invocations=8 (full 0):
 garbage-first heap   total 245760K, used 67914K [0x0000000080000000, 0x0000000100000000)
  region size 1024K, 44 young (45056K), 18 survivors (18432K)
 Metaspace       used 58662K, capacity 60207K, committed 60240K, reserved 1101824K
  class space    used 7459K, capacity 8073K, committed 8096K, reserved 1048576K
}
Event: 7.575 GC heap after
{Heap after GC invocations=9 (full 0):
 garbage-first heap   total 245760K, used 44595K [0x0000000080000000, 0x0000000100000000)
  region size 1024K, 3 young (3072K), 3 survivors (3072K)
 Metaspace       used 58662K, capacity 60207K, committed 60240K, reserved 1101824K
  class space    used 7459K, capacity 8073K, committed 8096K, reserved 1048576K
}
Event: 9.123 GC heap before
{Heap before GC invocations=10 (full 0):
 garbage-first heap   total 245760K, used 192051K [0x0000000080000000, 0x0000000100000000)
  region size 1024K, 139 young (142336K), 3 survivors (3072K)
 Metaspace       used 67286K, capacity 68960K, committed 69148K, reserved 1110016K
  class space    used 8587K, capacity 9261K, committed 9324K, reserved 1048576K
}
Event: 9.145 GC heap after
{Heap after GC invocations=11 (full 0):
 garbage-first heap   total 245760K, used 53780K [0x0000000080000000, 0x0000000100000000)
  region size 1024K, 12 young (12288K), 12 survivors (12288K)
 Metaspace       used 67286K, capacity 68960K, committed 69148K, reserved 1110016K
  class space    used 8587K, capacity 9261K, committed 9324K, reserved 1048576K
}
Event: 11.049 GC heap before
{Heap before GC invocations=12 (full 0):
 garbage-first heap   total 245760K, used 186900K [0x0000000080000000, 0x0000000100000000)
  region size 1024K, 142 young (145408K), 12 survivors (12288K)
 Metaspace       used 79879K, capacity 81853K, committed 82076K, reserved 1120256K
  class space    used 10456K, capacity 11209K, committed 11244K, reserved 1048576K
}
Event: 11.066 GC heap after
{Heap after GC invocations=13 (full 0):
 garbage-first heap   total 245760K, used 62778K [0x0000000080000000, 0x0000000100000000)
  region size 1024K, 9 young (9216K), 9 survivors (9216K)
 Metaspace       used 79879K, capacity 81853K, committed 82076K, reserved 1120256K
  class space    used 10456K, capacity 11209K, committed 11244K, reserved 1048576K
}
Event: 12.368 GC heap before
{Heap before GC invocations=13 (full 0):
 garbage-first heap   total 245760K, used 190778K [0x0000000080000000, 0x0000000100000000)
  region size 1024K, 134 young (137216K), 9 survivors (9216K)
 Metaspace       used 82991K, capacity 85421K, committed 85660K, reserved 1122304K
  class space    used 10970K, capacity 11896K, committed 12012K, reserved 1048576K
}
Event: 12.384 GC heap after
{Heap after GC invocations=14 (full 0):
 garbage-first heap   total 245760K, used 74187K [0x0000000080000000, 0x0000000100000000)
  region size 1024K, 17 young (17408K), 17 survivors (17408K)
 Metaspace       used 82991K, capacity 85421K, committed 85660K, reserved 1122304K
  class space    used 10970K, capacity 11896K, committed 12012K, reserved 1048576K
}
Event: 14.334 GC heap before
{Heap before GC invocations=14 (full 0):
 garbage-first heap   total 245760K, used 204235K [0x0000000080000000, 0x0000000100000000)
  region size 1024K, 132 young (135168K), 17 survivors (17408K)
 Metaspace       used 90519K, capacity 93165K, committed 93340K, reserved 1130496K
  class space    used 11719K, capacity 12718K, committed 12780K, reserved 1048576K
}
Event: 14.363 GC heap after
{Heap after GC invocations=15 (full 0):
 garbage-first heap   total 250880K, used 106701K [0x0000000080000000, 0x0000000100000000)
  region size 1024K, 17 young (17408K), 17 survivors (17408K)
 Metaspace       used 90519K, capacity 93165K, committed 93340K, reserved 1130496K
  class space    used 11719K, capacity 12718K, committed 12780K, reserved 1048576K
}
Event: 15.640 GC heap before
{Heap before GC invocations=15 (full 0):
 garbage-first heap   total 250880K, used 209101K [0x0000000080000000, 0x0000000100000000)
  region size 1024K, 96 young (98304K), 17 survivors (17408K)
 Metaspace       used 92728K, capacity 95547K, committed 95644K, reserved 1132544K
  class space    used 11912K, capacity 12991K, committed 13036K, reserved 1048576K
}
Event: 15.661 GC heap after
{Heap after GC invocations=16 (full 0):
 garbage-first heap   total 250880K, used 116091K [0x0000000080000000, 0x0000000100000000)
  region size 1024K, 11 young (11264K), 11 survivors (11264K)
 Metaspace       used 92728K, capacity 95547K, committed 95644K, reserved 1132544K
  class space    used 11912K, capacity 12991K, committed 13036K, reserved 1048576K
}
Event: 16.652 GC heap before
{Heap before GC invocations=16 (full 0):
 garbage-first heap   total 250880K, used 190843K [0x0000000080000000, 0x0000000100000000)
  region size 1024K, 85 young (87040K), 11 survivors (11264K)
 Metaspace       used 95522K, capacity 98389K, committed 98716K, reserved 1134592K
  class space    used 12127K, capacity 13205K, committed 13292K, reserved 1048576K
}
Event: 16.664 GC heap after
{Heap after GC invocations=17 (full 0):
 garbage-first heap   total 250880K, used 117760K [0x0000000080000000, 0x0000000100000000)
  region size 1024K, 5 young (5120K), 5 survivors (5120K)
 Metaspace       used 95522K, capacity 98389K, committed 98716K, reserved 1134592K
  class space    used 12127K, capacity 13205K, committed 13292K, reserved 1048576K
}
Event: 18.264 GC heap before
{Heap before GC invocations=17 (full 0):
 garbage-first heap   total 250880K, used 195584K [0x0000000080000000, 0x0000000100000000)
  region size 1024K, 82 young (83968K), 5 survivors (5120K)
 Metaspace       used 98444K, capacity 101386K, committed 101660K, reserved 1136640K
  class space    used 12443K, capacity 13587K, committed 13676K, reserved 1048576K
}
Event: 18.273 GC heap after
{Heap after GC invocations=18 (full 0):
 garbage-first heap   total 250880K, used 119498K [0x0000000080000000, 0x0000000100000000)
  region size 1024K, 7 young (7168K), 7 survivors (7168K)
 Metaspace       used 98444K, capacity 101386K, committed 101660K, reserved 1136640K
  class space    used 12443K, capacity 13587K, committed 13676K, reserved 1048576K
}

Deoptimization events (20 events):
Event: 19.027 Thread 0x0000027819bbd800 Uncommon trap: trap_request=0xffffffc6 fr.pc=0x0000027807f42af0 relative=0x00000000000000b0
Event: 19.027 Thread 0x0000027819bbd800 Uncommon trap: reason=bimorphic_or_optimized_type_check action=maybe_recompile pc=0x0000027807f42af0 method=com.google.common.collect.RegularImmutableMap.checkNoConflictInKeyBucket(Ljava/lang/Object;Ljava/util/Map$Entry;Lcom/google/common/collect/Immutabl
Event: 19.027 Thread 0x0000027819bbd800 DEOPT PACKING pc=0x0000027807f42af0 sp=0x000000a54bcfcf50
Event: 19.027 Thread 0x0000027819bbd800 DEOPT UNPACKING pc=0x000002780004a1af sp=0x000000a54bcfcef8 mode 2
Event: 19.068 Thread 0x0000027819bbd800 Uncommon trap: trap_request=0xffffff4d fr.pc=0x000002780830ea34 relative=0x0000000000000654
Event: 19.069 Thread 0x0000027819bbd800 Uncommon trap: reason=unstable_if action=reinterpret pc=0x000002780830ea34 method=java.lang.String.regionMatches(ZILjava/lang/String;II)Z @ 1 c2
Event: 19.069 Thread 0x0000027819bbd800 DEOPT PACKING pc=0x000002780830ea34 sp=0x000000a54bcfa360
Event: 19.069 Thread 0x0000027819bbd800 DEOPT UNPACKING pc=0x000002780004a1af sp=0x000000a54bcfa310 mode 2
Event: 19.072 Thread 0x0000027821817000 Uncommon trap: trap_request=0xffffff4d fr.pc=0x00000278082edfe4 relative=0x0000000000000bc4
Event: 19.073 Thread 0x0000027821817000 Uncommon trap: reason=unstable_if action=reinterpret pc=0x00000278082edfe4 method=org.gradle.internal.snapshot.VfsRelativePath.lengthOfCommonPrefix(Ljava/lang/String;Lorg/gradle/internal/snapshot/CaseSensitivity;)I @ 165 c2
Event: 19.073 Thread 0x0000027821817000 DEOPT PACKING pc=0x00000278082edfe4 sp=0x000000a54c1fab20
Event: 19.073 Thread 0x0000027821817000 DEOPT UNPACKING pc=0x000002780004a1af sp=0x000000a54c1faab0 mode 2
Event: 19.212 Thread 0x0000027818ff8800 Uncommon trap: trap_request=0xffffff4d fr.pc=0x000002780825f9ac relative=0x00000000000016cc
Event: 19.212 Thread 0x0000027818ff8800 Uncommon trap: reason=unstable_if action=reinterpret pc=0x000002780825f9ac method=org.gradle.internal.file.FileHierarchySet$Node.isChildOfOrThis(Ljava/lang/String;I)Z @ 101 c2
Event: 19.212 Thread 0x0000027818ff8800 DEOPT PACKING pc=0x000002780825f9ac sp=0x000000a5457ff250
Event: 19.212 Thread 0x0000027818ff8800 DEOPT UNPACKING pc=0x000002780004a1af sp=0x000000a5457ff108 mode 2
Event: 19.212 Thread 0x0000027818ff8800 Uncommon trap: trap_request=0xffffff4d fr.pc=0x00000278081aca60 relative=0x0000000000000720
Event: 19.212 Thread 0x0000027818ff8800 Uncommon trap: reason=unstable_if action=reinterpret pc=0x00000278081aca60 method=org.gradle.internal.file.FileHierarchySet$Node.isChildOfOrThis(Ljava/lang/String;I)Z @ 101 c2
Event: 19.212 Thread 0x0000027818ff8800 DEOPT PACKING pc=0x00000278081aca60 sp=0x000000a5457ff110
Event: 19.212 Thread 0x0000027818ff8800 DEOPT UNPACKING pc=0x000002780004a1af sp=0x000000a5457ff090 mode 2

Classes redefined (0 events):
No events

Internal exceptions (20 events):
Event: 16.035 Thread 0x0000027821818000 Exception <a 'sun/nio/fs/WindowsException'{0x000000008e2530b8}> (0x000000008e2530b8) thrown at [src/hotspot/share/prims/jni.cpp, line 617]
Event: 16.040 Thread 0x0000027821818000 Exception <a 'sun/nio/fs/WindowsException'{0x000000008e254400}> (0x000000008e254400) thrown at [src/hotspot/share/prims/jni.cpp, line 617]
Event: 16.043 Thread 0x0000027821818000 Exception <a 'sun/nio/fs/WindowsException'{0x000000008e2558a8}> (0x000000008e2558a8) thrown at [src/hotspot/share/prims/jni.cpp, line 617]
Event: 16.626 Thread 0x0000027821818000 Exception <a 'sun/nio/fs/WindowsException'{0x000000008a787570}> (0x000000008a787570) thrown at [src/hotspot/share/prims/jni.cpp, line 617]
Event: 16.626 Thread 0x0000027821818000 Exception <a 'sun/nio/fs/WindowsException'{0x000000008a788408}> (0x000000008a788408) thrown at [src/hotspot/share/prims/jni.cpp, line 617]
Event: 17.260 Thread 0x0000027821818000 Exception <a 'sun/nio/fs/WindowsException'{0x000000008c914480}> (0x000000008c914480) thrown at [src/hotspot/share/prims/jni.cpp, line 617]
Event: 17.260 Thread 0x0000027821818000 Exception <a 'sun/nio/fs/WindowsException'{0x000000008c915570}> (0x000000008c915570) thrown at [src/hotspot/share/prims/jni.cpp, line 617]
Event: 17.751 Thread 0x000002781bd68000 Implicit null exception at 0x0000027808304121 to 0x0000027808304874
Event: 17.804 Thread 0x0000027821818000 Exception <a 'sun/nio/fs/WindowsException'{0x000000008b5c5078}> (0x000000008b5c5078) thrown at [src/hotspot/share/prims/jni.cpp, line 617]
Event: 17.804 Thread 0x0000027821818000 Exception <a 'sun/nio/fs/WindowsException'{0x000000008b5c5f50}> (0x000000008b5c5f50) thrown at [src/hotspot/share/prims/jni.cpp, line 617]
Event: 17.804 Thread 0x0000027821818000 Exception <a 'sun/nio/fs/WindowsException'{0x000000008b5c6270}> (0x000000008b5c6270) thrown at [src/hotspot/share/prims/jni.cpp, line 617]
Event: 17.804 Thread 0x0000027821818000 Exception <a 'sun/nio/fs/WindowsException'{0x000000008b5c7110}> (0x000000008b5c7110) thrown at [src/hotspot/share/prims/jni.cpp, line 617]
Event: 17.804 Thread 0x0000027821818000 Exception <a 'sun/nio/fs/WindowsException'{0x000000008b5c7410}> (0x000000008b5c7410) thrown at [src/hotspot/share/prims/jni.cpp, line 617]
Event: 17.805 Thread 0x0000027821818000 Exception <a 'sun/nio/fs/WindowsException'{0x000000008b5dac90}> (0x000000008b5dac90) thrown at [src/hotspot/share/prims/jni.cpp, line 617]
Event: 17.893 Thread 0x0000027821818000 Implicit null exception at 0x00000278082a0bf8 to 0x00000278082a0d6c
Event: 18.941 Thread 0x0000027821817000 Exception <a 'java/lang/NoSuchMethodError'{0x000000008ba73788}: <clinit>> (0x000000008ba73788) thrown at [src/hotspot/share/prims/jni.cpp, line 1367]
Event: 19.216 Thread 0x0000027821817000 Exception <a 'sun/nio/fs/WindowsException'{0x000000008a887700}> (0x000000008a887700) thrown at [src/hotspot/share/prims/jni.cpp, line 617]
Event: 19.216 Thread 0x0000027821817000 Exception <a 'sun/nio/fs/WindowsException'{0x000000008a888588}> (0x000000008a888588) thrown at [src/hotspot/share/prims/jni.cpp, line 617]
Event: 19.231 Thread 0x0000027821819000 Exception <a 'sun/nio/fs/WindowsException'{0x000000008a783260}> (0x000000008a783260) thrown at [src/hotspot/share/prims/jni.cpp, line 617]
Event: 19.231 Thread 0x0000027821819000 Exception <a 'sun/nio/fs/WindowsException'{0x000000008a783548}> (0x000000008a783548) thrown at [src/hotspot/share/prims/jni.cpp, line 617]

Events (20 events):
Event: 19.281 loading class com/android/build/gradle/internal/matcher/GlobPathMatcherFactory
Event: 19.281 loading class com/android/build/gradle/internal/matcher/GlobPathMatcherFactory done
Event: 19.283 loading class com/android/build/gradle/internal/matcher/GlobPathMatcherFactory$Companion
Event: 19.283 loading class com/android/build/gradle/internal/matcher/GlobPathMatcherFactory$Companion done
Event: 19.283 loading class com/android/build/gradle/internal/matcher/NoWildcardPathMatcher
Event: 19.283 loading class com/android/build/gradle/internal/matcher/NoWildcardPathMatcher done
Event: 19.286 loading class com/android/build/gradle/internal/matcher/NoWildcardPathMatcher$Companion
Event: 19.286 loading class com/android/build/gradle/internal/matcher/NoWildcardPathMatcher$Companion done
Event: 19.289 loading class com/android/build/gradle/internal/matcher/NoWildcardPathMatcher$Companion$factory$1
Event: 19.289 loading class com/android/build/gradle/internal/matcher/NoWildcardPathMatcher$Companion$factory$1 done
Event: 19.292 loading class com/android/build/gradle/internal/matcher/FolderInHierarchyPathMatcher
Event: 19.292 loading class com/android/build/gradle/internal/matcher/FolderInHierarchyPathMatcher done
Event: 19.296 loading class com/android/build/gradle/internal/matcher/FolderInHierarchyPathMatcher$Companion
Event: 19.296 loading class com/android/build/gradle/internal/matcher/FolderInHierarchyPathMatcher$Companion done
Event: 19.296 loading class com/android/build/gradle/internal/matcher/FolderInHierarchyPathMatcher$Companion$factory$1
Event: 19.296 loading class com/android/build/gradle/internal/matcher/FolderInHierarchyPathMatcher$Companion$factory$1 done
Event: 19.297 loading class com/android/build/gradle/internal/matcher/FileExtensionWithPrefixPathMatcher
Event: 19.297 loading class com/android/build/gradle/internal/matcher/FileExtensionWithPrefixPathMatcher done
Event: 19.298 loading class com/android/build/gradle/internal/matcher/FileExtensionWithPrefixPathMatcher$Companion
Event: 19.298 loading class com/android/build/gradle/internal/matcher/FileExtensionWithPrefixPathMatcher$Companion done


Dynamic libraries:
0x00007ff60c9d0000 - 0x00007ff60c9da000 	C:\Program Files\Android\Android Studio\jbr\bin\java.exe
0x00007ff8a0910000 - 0x00007ff8a0b08000 	C:\Windows\SYSTEM32\ntdll.dll
0x00007ff89f060000 - 0x00007ff89f11f000 	C:\Windows\System32\KERNEL32.DLL
0x00007ff89e2f0000 - 0x00007ff89e5c2000 	C:\Windows\System32\KERNELBASE.dll
0x00007ff89e160000 - 0x00007ff89e260000 	C:\Windows\System32\ucrtbase.dll
0x00007ff8982d0000 - 0x00007ff8982eb000 	C:\Program Files\Android\Android Studio\jbr\bin\VCRUNTIME140.dll
0x00007ff890900000 - 0x00007ff890917000 	C:\Program Files\Android\Android Studio\jbr\bin\jli.dll
0x00007ff8a0570000 - 0x00007ff8a0711000 	C:\Windows\System32\USER32.dll
0x00007ff89e010000 - 0x00007ff89e032000 	C:\Windows\System32\win32u.dll
0x00007ff89e960000 - 0x00007ff89e98b000 	C:\Windows\System32\GDI32.dll
0x00007ff888ff0000 - 0x00007ff88928a000 	C:\Windows\WinSxS\amd64_microsoft.windows.common-controls_6595b64144ccf1df_6.0.19041.1110_none_60b5254171f9507e\COMCTL32.dll
0x00007ff89e670000 - 0x00007ff89e77f000 	C:\Windows\System32\gdi32full.dll
0x00007ff8a0110000 - 0x00007ff8a01ae000 	C:\Windows\System32\msvcrt.dll
0x00007ff89e5d0000 - 0x00007ff89e66d000 	C:\Windows\System32\msvcp_win.dll
0x00007ff8a0290000 - 0x00007ff8a02c0000 	C:\Windows\System32\IMM32.DLL
0x00007ff89b530000 - 0x00007ff89b53c000 	C:\Program Files\Android\Android Studio\jbr\bin\vcruntime140_1.dll
0x00007ff88d1b0000 - 0x00007ff88d23d000 	C:\Program Files\Android\Android Studio\jbr\bin\msvcp140.dll
0x00007ff845d00000 - 0x00007ff8468bc000 	C:\Program Files\Android\Android Studio\jbr\bin\server\jvm.dll
0x00007ff89f190000 - 0x00007ff89f23e000 	C:\Windows\System32\ADVAPI32.dll
0x00007ff89ef30000 - 0x00007ff89efcc000 	C:\Windows\System32\sechost.dll
0x00007ff89ee00000 - 0x00007ff89ef24000 	C:\Windows\System32\RPCRT4.dll
0x00007ff89f120000 - 0x00007ff89f128000 	C:\Windows\System32\PSAPI.DLL
0x00007ff891020000 - 0x00007ff891029000 	C:\Windows\SYSTEM32\WSOCK32.dll
0x00007ff8934d0000 - 0x00007ff8934da000 	C:\Windows\SYSTEM32\VERSION.dll
0x00007ff8a03d0000 - 0x00007ff8a043b000 	C:\Windows\System32\WS2_32.dll
0x00007ff8934a0000 - 0x00007ff8934c7000 	C:\Windows\SYSTEM32\WINMM.dll
0x00007ff89bed0000 - 0x00007ff89bee2000 	C:\Windows\SYSTEM32\kernel.appcore.dll
0x00007ff890c90000 - 0x00007ff890ca0000 	C:\Program Files\Android\Android Studio\jbr\bin\verify.dll
0x00007ff894660000 - 0x00007ff894844000 	C:\Windows\SYSTEM32\DBGHELP.DLL
0x00007ff8898c0000 - 0x00007ff8898f5000 	C:\Windows\SYSTEM32\dbgcore.DLL
0x00007ff89e260000 - 0x00007ff89e2e2000 	C:\Windows\System32\bcryptPrimitives.dll
0x00007ff8827d0000 - 0x00007ff8827f8000 	C:\Program Files\Android\Android Studio\jbr\bin\java.dll
0x00007ff88db20000 - 0x00007ff88db2a000 	C:\Program Files\Android\Android Studio\jbr\bin\jimage.dll
0x00007ff883460000 - 0x00007ff883478000 	C:\Program Files\Android\Android Studio\jbr\bin\zip.dll
0x00007ff89f8a0000 - 0x00007ff89ffe5000 	C:\Windows\System32\SHELL32.dll
0x00007ff89c0d0000 - 0x00007ff89c862000 	C:\Windows\SYSTEM32\windows.storage.dll
0x00007ff89f540000 - 0x00007ff89f895000 	C:\Windows\System32\combase.dll
0x00007ff89d990000 - 0x00007ff89d9c0000 	C:\Windows\SYSTEM32\Wldp.dll
0x00007ff8a0320000 - 0x00007ff8a03cd000 	C:\Windows\System32\SHCORE.dll
0x00007ff8a01b0000 - 0x00007ff8a0205000 	C:\Windows\System32\shlwapi.dll
0x00007ff89df50000 - 0x00007ff89df6f000 	C:\Windows\SYSTEM32\profapi.dll
0x00007ff883390000 - 0x00007ff8833a9000 	C:\Program Files\Android\Android Studio\jbr\bin\net.dll
0x00007ff895320000 - 0x00007ff89542a000 	C:\Windows\SYSTEM32\WINHTTP.dll
0x00007ff89d6f0000 - 0x00007ff89d75a000 	C:\Windows\system32\mswsock.dll
0x00007ff883240000 - 0x00007ff883253000 	C:\Program Files\Android\Android Studio\jbr\bin\nio.dll
0x00007ff88d2a0000 - 0x00007ff88d2c7000 	C:\Users\BlackWell\.gradle\native\e1d6ef7f7dcc3fd88c89a11ec53ec762bb8ba0a96d01ffa2cd45eb1d1d8dd5c5\windows-amd64\native-platform.dll
0x00007ff88d060000 - 0x00007ff88d1a4000 	C:\Users\BlackWell\.gradle\native\0d407fdbe67a94daf76414ababcb853783967236a71b16ec16e742cd7a986fd3\windows-amd64\native-platform-file-events.dll
0x00007ff88d790000 - 0x00007ff88d79a000 	C:\Program Files\Android\Android Studio\jbr\bin\management.dll
0x00007ff88d3e0000 - 0x00007ff88d3eb000 	C:\Program Files\Android\Android Studio\jbr\bin\management_ext.dll
0x00007ff89d8e0000 - 0x00007ff89d8f8000 	C:\Windows\SYSTEM32\CRYPTSP.dll
0x00007ff89d010000 - 0x00007ff89d044000 	C:\Windows\system32\rsaenh.dll
0x00007ff89e8e0000 - 0x00007ff89e907000 	C:\Windows\System32\bcrypt.dll
0x00007ff89df10000 - 0x00007ff89df3e000 	C:\Windows\SYSTEM32\USERENV.dll
0x00007ff89d900000 - 0x00007ff89d90c000 	C:\Windows\SYSTEM32\CRYPTBASE.dll
0x00007ff89d3e0000 - 0x00007ff89d41b000 	C:\Windows\SYSTEM32\IPHLPAPI.DLL
0x00007ff89f050000 - 0x00007ff89f058000 	C:\Windows\System32\NSI.dll
0x00007ff895d90000 - 0x00007ff895da7000 	C:\Windows\SYSTEM32\dhcpcsvc6.DLL
0x00007ff896000000 - 0x00007ff89601d000 	C:\Windows\SYSTEM32\dhcpcsvc.DLL
0x00007ff89d420000 - 0x00007ff89d4eb000 	C:\Windows\SYSTEM32\DNSAPI.dll
0x00007ff845b70000 - 0x00007ff845cf4000 	C:\Program Files\Android\Android Studio\jbr\bin\awt.dll
0x00007ff8a0720000 - 0x00007ff8a07ed000 	C:\Windows\System32\OLEAUT32.dll
0x00007ff89bbe0000 - 0x00007ff89bc0f000 	C:\Windows\SYSTEM32\dwmapi.dll
0x00007ff89b820000 - 0x00007ff89b8b0000 	C:\Windows\SYSTEM32\apphelp.dll
0x00007ff89b9e0000 - 0x00007ff89ba7e000 	C:\Windows\system32\uxtheme.dll
0x00007ff89d130000 - 0x00007ff89d163000 	C:\Windows\SYSTEM32\ntmarta.dll

dbghelp: loaded successfully - version: 4.0.5 - missing functions: none
symbol engine: initialized successfully - sym options: 0x614 - pdb path: .;C:\Program Files\Android\Android Studio\jbr\bin;C:\Windows\SYSTEM32;C:\Windows\WinSxS\amd64_microsoft.windows.common-controls_6595b64144ccf1df_6.0.19041.1110_none_60b5254171f9507e;C:\Program Files\Android\Android Studio\jbr\bin\server;C:\Users\BlackWell\.gradle\native\e1d6ef7f7dcc3fd88c89a11ec53ec762bb8ba0a96d01ffa2cd45eb1d1d8dd5c5\windows-amd64;C:\Users\BlackWell\.gradle\native\0d407fdbe67a94daf76414ababcb853783967236a71b16ec16e742cd7a986fd3\windows-amd64

VM Arguments:
jvm_args: --add-opens=java.base/java.util=ALL-UNNAMED --add-opens=java.base/java.lang=ALL-UNNAMED --add-opens=java.base/java.lang.invoke=ALL-UNNAMED --add-opens=java.base/java.util=ALL-UNNAMED --add-opens=java.prefs/java.util.prefs=ALL-UNNAMED --add-opens=java.prefs/java.util.prefs=ALL-UNNAMED --add-opens=java.base/java.nio.charset=ALL-UNNAMED --add-opens=java.base/java.net=ALL-UNNAMED --add-opens=java.base/java.util.concurrent.atomic=ALL-UNNAMED -Xmx2048m -Dfile.encoding=UTF-8 -Duser.country=UA -Duser.language=uk -Duser.variant 
java_command: org.gradle.launcher.daemon.bootstrap.GradleDaemon 7.5
java_class_path (initial): C:\Users\BlackWell\.gradle\wrapper\dists\gradle-7.5-bin\f1w0cc9nuo0eivz97x2xlu9sv\gradle-7.5\lib\gradle-launcher-7.5.jar
Launcher Type: SUN_STANDARD

[Global flags]
     intx CICompilerCount                          = 4                                         {product} {ergonomic}
     uint ConcGCThreads                            = 2                                         {product} {ergonomic}
     uint G1ConcRefinementThreads                  = 8                                         {product} {ergonomic}
   size_t G1HeapRegionSize                         = 1048576                                   {product} {ergonomic}
    uintx GCDrainStackTargetSize                   = 64                                        {product} {ergonomic}
   size_t InitialHeapSize                          = 251658240                                 {product} {ergonomic}
   size_t MarkStackSize                            = 4194304                                   {product} {ergonomic}
   size_t MaxHeapSize                              = 2147483648                                {product} {command line}
   size_t MaxNewSize                               = 1287651328                                {product} {ergonomic}
   size_t MinHeapDeltaBytes                        = 1048576                                   {product} {ergonomic}
    uintx NonNMethodCodeHeapSize                   = 5836300                                {pd product} {ergonomic}
    uintx NonProfiledCodeHeapSize                  = 122910970                              {pd product} {ergonomic}
    uintx ProfiledCodeHeapSize                     = 122910970                              {pd product} {ergonomic}
    uintx ReservedCodeCacheSize                    = 251658240                              {pd product} {ergonomic}
     bool SegmentedCodeCache                       = true                                      {product} {ergonomic}
     bool UseCompressedClassPointers               = true                                 {lp64_product} {ergonomic}
     bool UseCompressedOops                        = true                                 {lp64_product} {ergonomic}
     bool UseG1GC                                  = true                                      {product} {ergonomic}
     bool UseLargePagesIndividualAllocation        = false                                  {pd product} {ergonomic}

Logging:
Log output configuration:
 #0: stdout all=warning uptime,level,tags
 #1: stderr all=off uptime,level,tags

Environment Variables:
JAVA_HOME=C:\Program Files\Java\jdk-19
PATH=C:\Python311\Scripts\;C:\Python311\;C:\Program Files\Common Files\Oracle\Java\javapath;C:\Windows\system32;C:\Windows;C:\Windows\System32\Wbem;C:\Windows\System32\WindowsPowerShell\v1.0\;C:\Windows\System32\OpenSSH\;C:\Program Files\dotnet\;C:\Program Files\nodejs\;C:\ProgramData\chocolatey\bin;C:\Program Files\Git\cmd;C:\Users\BlackWell\AppData\Local\Microsoft\WindowsApps;C:\Users\BlackWell\.dotnet\tools;C:\Users\BlackWell\AppData\Roaming\npm;C:\Users\BlackWell\AppData\Local\GitHubDesktop\bin;C:\Users\BlackWell\AppData\Local\Programs\Microsoft VS Code\bin
USERNAME=BlackWell
OS=Windows_NT
PROCESSOR_IDENTIFIER=AMD64 Family 23 Model 17 Stepping 0, AuthenticAMD



---------------  S Y S T E M  ---------------

OS: Windows 10 , 64 bit Build 19041 (10.0.19041.2546)
OS uptime: 1 days 17:11 hours

CPU:total 8 (initial active 8) (8 cores per cpu, 2 threads per core) family 23 model 17 stepping 0 microcode 0x0, cmov, cx8, fxsr, mmx, sse, sse2, sse3, ssse3, sse4.1, sse4.2, popcnt, avx, avx2, aes, clmul, mmxext, 3dnowpref, lzcnt, sse4a, ht, tsc, tscinvbit, tscinv, bmi1, bmi2, adx, sha, fma

Memory: 4k page, system-wide physical 15267M (2111M free)
TotalPageFile size 15267M (AvailPageFile size 5M)
current process WorkingSet (physical memory assigned to process): 568M, peak: 571M
current process commit charge ("private bytes"): 607M, peak: 610M

vm_info: OpenJDK 64-Bit Server VM (11.0.15+0-b2043.56-9505619) for windows-amd64 JRE (11.0.15+0-b2043.56-9505619), built on Jan 19 2023 02:48:00 by "builduser" with unknown MS VC++:1929

END.
